ERROR - 2024-08-05 14:32:02 --> mysqli_sql_exception: Unknown column 'alamat_user' in 'field list' in C:\xampp\htdocs\sobatx\system\Database\MySQLi\Connection.php:306
Stack trace:
#0 C:\xampp\htdocs\sobatx\system\Database\MySQLi\Connection.php(306): mysqli->query('INSERT INTO `tb...', 0)
#1 C:\xampp\htdocs\sobatx\system\Database\BaseConnection.php(693): CodeIgniter\Database\MySQLi\Connection->execute('INSERT INTO `tb...')
#2 C:\xampp\htdocs\sobatx\system\Database\BaseConnection.php(607): CodeIgniter\Database\BaseConnection->simpleQuery('INSERT INTO `tb...')
#3 C:\xampp\htdocs\sobatx\system\Database\BaseBuilder.php(2307): CodeIgniter\Database\BaseConnection->query('INSERT INTO `tb...', Array, false)
#4 C:\xampp\htdocs\sobatx\system\Model.php(326): CodeIgniter\Database\BaseBuilder->insert()
#5 C:\xampp\htdocs\sobatx\system\BaseModel.php(802): CodeIgniter\Model->doInsert(Array)
#6 C:\xampp\htdocs\sobatx\system\Model.php(744): CodeIgniter\BaseModel->insert(Array, false)
#7 C:\xampp\htdocs\sobatx\system\BaseModel.php(713): CodeIgniter\Model->insert(Array, false)
#8 C:\xampp\htdocs\sobatx\app\Controllers\Register.php(108): CodeIgniter\BaseModel->save(Array)
#9 C:\xampp\htdocs\sobatx\system\CodeIgniter.php(941): App\Controllers\Register->registering_account_peternak()
#10 C:\xampp\htdocs\sobatx\system\CodeIgniter.php(502): CodeIgniter\CodeIgniter->runController(Object(App\Controllers\Register))
#11 C:\xampp\htdocs\sobatx\system\CodeIgniter.php(361): CodeIgniter\CodeIgniter->handleRequest(NULL, Object(Config\Cache), false)
#12 C:\xampp\htdocs\sobatx\public\index.php(79): CodeIgniter\CodeIgniter->run()
#13 C:\xampp\htdocs\sobatx\system\Commands\Server\rewrite.php(47): require_once('C:\\xampp\\htdocs...')
#14 {main}
CRITICAL - 2024-08-05 14:32:02 --> CodeIgniter\Database\Exceptions\DatabaseException: Unknown column 'alamat_user' in 'field list'
in SYSTEMPATH\Database\BaseConnection.php on line 647.
 1 SYSTEMPATH\Database\BaseBuilder.php(2307): CodeIgniter\Database\BaseConnection->query('INSERT INTO `tbl_user` (`id_user`, `id_google`, `nama_user`, `email_user`, `alamat_user`, `no_hp`, `password`, `foto_user`, `akses_level`, `status`, `is_delete_user`, `created_at`, `updated_at`) VALUES (:id_user.1:, :id_google:, :nama_user:, :email_user:, :alamat_user:, :no_hp:, :password:, :foto_user:, :akses_level:, :status:, :is_delete_user:, :created_at:, :updated_at:)', [...], false)
 2 SYSTEMPATH\Model.php(326): CodeIgniter\Database\BaseBuilder->insert()
 3 SYSTEMPATH\BaseModel.php(802): CodeIgniter\Model->doInsert([...])
 4 SYSTEMPATH\Model.php(744): CodeIgniter\BaseModel->insert([...], false)
 5 SYSTEMPATH\BaseModel.php(713): CodeIgniter\Model->insert([...], false)
 6 APPPATH\Controllers\Register.php(108): CodeIgniter\BaseModel->save([...])
 7 SYSTEMPATH\CodeIgniter.php(941): App\Controllers\Register->registering_account_peternak()
 8 SYSTEMPATH\CodeIgniter.php(502): CodeIgniter\CodeIgniter->runController(Object(App\Controllers\Register))
 9 SYSTEMPATH\CodeIgniter.php(361): CodeIgniter\CodeIgniter->handleRequest(null, Object(Config\Cache), false)
10 FCPATH\index.php(79): CodeIgniter\CodeIgniter->run()
11 SYSTEMPATH\Commands\Server\rewrite.php(47): require_once('C:\\xampp\\htdocs\\sobatx\\public\\index.php')
CRITICAL - 2024-08-05 14:32:02 --> [Caused by] CodeIgniter\Database\Exceptions\DatabaseException: Unknown column 'alamat_user' in 'field list'
in SYSTEMPATH\Database\MySQLi\Connection.php on line 311.
 1 SYSTEMPATH\Database\BaseConnection.php(693): CodeIgniter\Database\MySQLi\Connection->execute('INSERT INTO `tbl_user` (`id_user`, `id_google`, `nama_user`, `email_user`, `alamat_user`, `no_hp`, `password`, `foto_user`, `akses_level`, `status`, `is_delete_user`, `created_at`, `updated_at`) VALUES (\'USR2408052991\', \'-\', \'Dimas Maulana\', \'dimasmaulana089@gmail.com\', \'-\', \'087879488650\', \'$2y$10$CSPSgho430kZgc42CJrhiOWq1OcMpRrGskn6oUTAQqGf4xytDydna\', \'-\', \'1\', \'0\', \'0\', \'2024-08-05 14:32:02\', \'2024-08-05 14:32:02\')')
 2 SYSTEMPATH\Database\BaseConnection.php(607): CodeIgniter\Database\BaseConnection->simpleQuery('INSERT INTO `tbl_user` (`id_user`, `id_google`, `nama_user`, `email_user`, `alamat_user`, `no_hp`, `password`, `foto_user`, `akses_level`, `status`, `is_delete_user`, `created_at`, `updated_at`) VALUES (\'USR2408052991\', \'-\', \'Dimas Maulana\', \'dimasmaulana089@gmail.com\', \'-\', \'087879488650\', \'$2y$10$CSPSgho430kZgc42CJrhiOWq1OcMpRrGskn6oUTAQqGf4xytDydna\', \'-\', \'1\', \'0\', \'0\', \'2024-08-05 14:32:02\', \'2024-08-05 14:32:02\')')
 3 SYSTEMPATH\Database\BaseBuilder.php(2307): CodeIgniter\Database\BaseConnection->query('INSERT INTO `tbl_user` (`id_user`, `id_google`, `nama_user`, `email_user`, `alamat_user`, `no_hp`, `password`, `foto_user`, `akses_level`, `status`, `is_delete_user`, `created_at`, `updated_at`) VALUES (:id_user.1:, :id_google:, :nama_user:, :email_user:, :alamat_user:, :no_hp:, :password:, :foto_user:, :akses_level:, :status:, :is_delete_user:, :created_at:, :updated_at:)', [...], false)
 4 SYSTEMPATH\Model.php(326): CodeIgniter\Database\BaseBuilder->insert()
 5 SYSTEMPATH\BaseModel.php(802): CodeIgniter\Model->doInsert([...])
 6 SYSTEMPATH\Model.php(744): CodeIgniter\BaseModel->insert([...], false)
 7 SYSTEMPATH\BaseModel.php(713): CodeIgniter\Model->insert([...], false)
 8 APPPATH\Controllers\Register.php(108): CodeIgniter\BaseModel->save([...])
 9 SYSTEMPATH\CodeIgniter.php(941): App\Controllers\Register->registering_account_peternak()
10 SYSTEMPATH\CodeIgniter.php(502): CodeIgniter\CodeIgniter->runController(Object(App\Controllers\Register))
11 SYSTEMPATH\CodeIgniter.php(361): CodeIgniter\CodeIgniter->handleRequest(null, Object(Config\Cache), false)
12 FCPATH\index.php(79): CodeIgniter\CodeIgniter->run()
13 SYSTEMPATH\Commands\Server\rewrite.php(47): require_once('C:\\xampp\\htdocs\\sobatx\\public\\index.php')
CRITICAL - 2024-08-05 14:32:02 --> [Caused by] mysqli_sql_exception: Unknown column 'alamat_user' in 'field list'
in SYSTEMPATH\Database\MySQLi\Connection.php on line 306.
 1 SYSTEMPATH\Database\MySQLi\Connection.php(306): mysqli->query('INSERT INTO `tbl_user` (`id_user`, `id_google`, `nama_user`, `email_user`, `alamat_user`, `no_hp`, `password`, `foto_user`, `akses_level`, `status`, `is_delete_user`, `created_at`, `updated_at`) VALUES (\'USR2408052991\', \'-\', \'Dimas Maulana\', \'dimasmaulana089@gmail.com\', \'-\', \'087879488650\', \'$2y$10$CSPSgho430kZgc42CJrhiOWq1OcMpRrGskn6oUTAQqGf4xytDydna\', \'-\', \'1\', \'0\', \'0\', \'2024-08-05 14:32:02\', \'2024-08-05 14:32:02\')', 0)
 2 SYSTEMPATH\Database\BaseConnection.php(693): CodeIgniter\Database\MySQLi\Connection->execute('INSERT INTO `tbl_user` (`id_user`, `id_google`, `nama_user`, `email_user`, `alamat_user`, `no_hp`, `password`, `foto_user`, `akses_level`, `status`, `is_delete_user`, `created_at`, `updated_at`) VALUES (\'USR2408052991\', \'-\', \'Dimas Maulana\', \'dimasmaulana089@gmail.com\', \'-\', \'087879488650\', \'$2y$10$CSPSgho430kZgc42CJrhiOWq1OcMpRrGskn6oUTAQqGf4xytDydna\', \'-\', \'1\', \'0\', \'0\', \'2024-08-05 14:32:02\', \'2024-08-05 14:32:02\')')
 3 SYSTEMPATH\Database\BaseConnection.php(607): CodeIgniter\Database\BaseConnection->simpleQuery('INSERT INTO `tbl_user` (`id_user`, `id_google`, `nama_user`, `email_user`, `alamat_user`, `no_hp`, `password`, `foto_user`, `akses_level`, `status`, `is_delete_user`, `created_at`, `updated_at`) VALUES (\'USR2408052991\', \'-\', \'Dimas Maulana\', \'dimasmaulana089@gmail.com\', \'-\', \'087879488650\', \'$2y$10$CSPSgho430kZgc42CJrhiOWq1OcMpRrGskn6oUTAQqGf4xytDydna\', \'-\', \'1\', \'0\', \'0\', \'2024-08-05 14:32:02\', \'2024-08-05 14:32:02\')')
 4 SYSTEMPATH\Database\BaseBuilder.php(2307): CodeIgniter\Database\BaseConnection->query('INSERT INTO `tbl_user` (`id_user`, `id_google`, `nama_user`, `email_user`, `alamat_user`, `no_hp`, `password`, `foto_user`, `akses_level`, `status`, `is_delete_user`, `created_at`, `updated_at`) VALUES (:id_user.1:, :id_google:, :nama_user:, :email_user:, :alamat_user:, :no_hp:, :password:, :foto_user:, :akses_level:, :status:, :is_delete_user:, :created_at:, :updated_at:)', [...], false)
 5 SYSTEMPATH\Model.php(326): CodeIgniter\Database\BaseBuilder->insert()
 6 SYSTEMPATH\BaseModel.php(802): CodeIgniter\Model->doInsert([...])
 7 SYSTEMPATH\Model.php(744): CodeIgniter\BaseModel->insert([...], false)
 8 SYSTEMPATH\BaseModel.php(713): CodeIgniter\Model->insert([...], false)
 9 APPPATH\Controllers\Register.php(108): CodeIgniter\BaseModel->save([...])
10 SYSTEMPATH\CodeIgniter.php(941): App\Controllers\Register->registering_account_peternak()
11 SYSTEMPATH\CodeIgniter.php(502): CodeIgniter\CodeIgniter->runController(Object(App\Controllers\Register))
12 SYSTEMPATH\CodeIgniter.php(361): CodeIgniter\CodeIgniter->handleRequest(null, Object(Config\Cache), false)
13 FCPATH\index.php(79): CodeIgniter\CodeIgniter->run()
14 SYSTEMPATH\Commands\Server\rewrite.php(47): require_once('C:\\xampp\\htdocs\\sobatx\\public\\index.php')
