ERROR - 2024-07-18 19:03:38 --> mysqli_sql_exception: Column 'id_user' in where clause is ambiguous in C:\xampp\htdocs\sobatx\system\Database\MySQLi\Connection.php:306
Stack trace:
#0 C:\xampp\htdocs\sobatx\system\Database\MySQLi\Connection.php(306): mysqli->query('SELECT *\nFROM `...', 0)
#1 C:\xampp\htdocs\sobatx\system\Database\BaseConnection.php(693): CodeIgniter\Database\MySQLi\Connection->execute('SELECT *\nFROM `...')
#2 C:\xampp\htdocs\sobatx\system\Database\BaseConnection.php(607): CodeIgniter\Database\BaseConnection->simpleQuery('SELECT *\nFROM `...')
#3 C:\xampp\htdocs\sobatx\system\Database\BaseBuilder.php(1616): CodeIgniter\Database\BaseConnection->query('SELECT *\nFROM `...', Array, false)
#4 C:\xampp\htdocs\sobatx\app\Models\M_Toko.php(39): CodeIgniter\Database\BaseBuilder->get()
#5 C:\xampp\htdocs\sobatx\app\Controllers\Peternak.php(247): App\Models\M_Toko->getDataToko(Array)
#6 C:\xampp\htdocs\sobatx\system\CodeIgniter.php(941): App\Controllers\Peternak->dashboard_peternak()
#7 C:\xampp\htdocs\sobatx\system\CodeIgniter.php(502): CodeIgniter\CodeIgniter->runController(Object(App\Controllers\Peternak))
#8 C:\xampp\htdocs\sobatx\system\CodeIgniter.php(361): CodeIgniter\CodeIgniter->handleRequest(NULL, Object(Config\Cache), false)
#9 C:\xampp\htdocs\sobatx\public\index.php(79): CodeIgniter\CodeIgniter->run()
#10 C:\xampp\htdocs\sobatx\system\Commands\Server\rewrite.php(47): require_once('C:\\xampp\\htdocs...')
#11 {main}
CRITICAL - 2024-07-18 19:03:38 --> CodeIgniter\Database\Exceptions\DatabaseException: Column 'id_user' in where clause is ambiguous
in SYSTEMPATH\Database\BaseConnection.php on line 647.
 1 SYSTEMPATH\Database\BaseBuilder.php(1616): CodeIgniter\Database\BaseConnection->query('SELECT *
FROM `tbl_toko`
LEFT JOIN `tbl_user` ON `tbl_user`.`id_user` = `tbl_toko`.`id_user`
WHERE `id_user` = :id_user:
ORDER BY `tbl_toko`.`id_user` ASC', [...], false)
 2 APPPATH\Models\M_Toko.php(39): CodeIgniter\Database\BaseBuilder->get()
 3 APPPATH\Controllers\Peternak.php(247): App\Models\M_Toko->getDataToko([...])
 4 SYSTEMPATH\CodeIgniter.php(941): App\Controllers\Peternak->dashboard_peternak()
 5 SYSTEMPATH\CodeIgniter.php(502): CodeIgniter\CodeIgniter->runController(Object(App\Controllers\Peternak))
 6 SYSTEMPATH\CodeIgniter.php(361): CodeIgniter\CodeIgniter->handleRequest(null, Object(Config\Cache), false)
 7 FCPATH\index.php(79): CodeIgniter\CodeIgniter->run()
 8 SYSTEMPATH\Commands\Server\rewrite.php(47): require_once('C:\\xampp\\htdocs\\sobatx\\public\\index.php')
CRITICAL - 2024-07-18 19:03:38 --> [Caused by] CodeIgniter\Database\Exceptions\DatabaseException: Column 'id_user' in where clause is ambiguous
in SYSTEMPATH\Database\MySQLi\Connection.php on line 311.
 1 SYSTEMPATH\Database\BaseConnection.php(693): CodeIgniter\Database\MySQLi\Connection->execute('SELECT *
FROM `tbl_toko`
LEFT JOIN `tbl_user` ON `tbl_user`.`id_user` = `tbl_toko`.`id_user`
WHERE `id_user` = \'USR2406199001\'
ORDER BY `tbl_toko`.`id_user` ASC')
 2 SYSTEMPATH\Database\BaseConnection.php(607): CodeIgniter\Database\BaseConnection->simpleQuery('SELECT *
FROM `tbl_toko`
LEFT JOIN `tbl_user` ON `tbl_user`.`id_user` = `tbl_toko`.`id_user`
WHERE `id_user` = \'USR2406199001\'
ORDER BY `tbl_toko`.`id_user` ASC')
 3 SYSTEMPATH\Database\BaseBuilder.php(1616): CodeIgniter\Database\BaseConnection->query('SELECT *
FROM `tbl_toko`
LEFT JOIN `tbl_user` ON `tbl_user`.`id_user` = `tbl_toko`.`id_user`
WHERE `id_user` = :id_user:
ORDER BY `tbl_toko`.`id_user` ASC', [...], false)
 4 APPPATH\Models\M_Toko.php(39): CodeIgniter\Database\BaseBuilder->get()
 5 APPPATH\Controllers\Peternak.php(247): App\Models\M_Toko->getDataToko([...])
 6 SYSTEMPATH\CodeIgniter.php(941): App\Controllers\Peternak->dashboard_peternak()
 7 SYSTEMPATH\CodeIgniter.php(502): CodeIgniter\CodeIgniter->runController(Object(App\Controllers\Peternak))
 8 SYSTEMPATH\CodeIgniter.php(361): CodeIgniter\CodeIgniter->handleRequest(null, Object(Config\Cache), false)
 9 FCPATH\index.php(79): CodeIgniter\CodeIgniter->run()
10 SYSTEMPATH\Commands\Server\rewrite.php(47): require_once('C:\\xampp\\htdocs\\sobatx\\public\\index.php')
CRITICAL - 2024-07-18 19:03:38 --> [Caused by] mysqli_sql_exception: Column 'id_user' in where clause is ambiguous
in SYSTEMPATH\Database\MySQLi\Connection.php on line 306.
 1 SYSTEMPATH\Database\MySQLi\Connection.php(306): mysqli->query('SELECT *
FROM `tbl_toko`
LEFT JOIN `tbl_user` ON `tbl_user`.`id_user` = `tbl_toko`.`id_user`
WHERE `id_user` = \'USR2406199001\'
ORDER BY `tbl_toko`.`id_user` ASC', 0)
 2 SYSTEMPATH\Database\BaseConnection.php(693): CodeIgniter\Database\MySQLi\Connection->execute('SELECT *
FROM `tbl_toko`
LEFT JOIN `tbl_user` ON `tbl_user`.`id_user` = `tbl_toko`.`id_user`
WHERE `id_user` = \'USR2406199001\'
ORDER BY `tbl_toko`.`id_user` ASC')
 3 SYSTEMPATH\Database\BaseConnection.php(607): CodeIgniter\Database\BaseConnection->simpleQuery('SELECT *
FROM `tbl_toko`
LEFT JOIN `tbl_user` ON `tbl_user`.`id_user` = `tbl_toko`.`id_user`
WHERE `id_user` = \'USR2406199001\'
ORDER BY `tbl_toko`.`id_user` ASC')
 4 SYSTEMPATH\Database\BaseBuilder.php(1616): CodeIgniter\Database\BaseConnection->query('SELECT *
FROM `tbl_toko`
LEFT JOIN `tbl_user` ON `tbl_user`.`id_user` = `tbl_toko`.`id_user`
WHERE `id_user` = :id_user:
ORDER BY `tbl_toko`.`id_user` ASC', [...], false)
 5 APPPATH\Models\M_Toko.php(39): CodeIgniter\Database\BaseBuilder->get()
 6 APPPATH\Controllers\Peternak.php(247): App\Models\M_Toko->getDataToko([...])
 7 SYSTEMPATH\CodeIgniter.php(941): App\Controllers\Peternak->dashboard_peternak()
 8 SYSTEMPATH\CodeIgniter.php(502): CodeIgniter\CodeIgniter->runController(Object(App\Controllers\Peternak))
 9 SYSTEMPATH\CodeIgniter.php(361): CodeIgniter\CodeIgniter->handleRequest(null, Object(Config\Cache), false)
10 FCPATH\index.php(79): CodeIgniter\CodeIgniter->run()
11 SYSTEMPATH\Commands\Server\rewrite.php(47): require_once('C:\\xampp\\htdocs\\sobatx\\public\\index.php')
CRITICAL - 2024-07-18 20:50:05 --> ErrorException: Undefined variable $data_artikel
in APPPATH\Views\Frontend\master-peternak\content\menu\tambah-produk-saya-usaha.php on line 64.
 1 APPPATH\Views\Frontend\master-peternak\content\menu\tambah-produk-saya-usaha.php(64): CodeIgniter\Debug\Exceptions->errorHandler(2, 'Undefined variable $data_artikel', 'C:\\xampp\\htdocs\\sobatx\\app\\Views\\Frontend\\master-peternak\\content\\menu\\tambah-produk-saya-usaha.php', 64)
 2 SYSTEMPATH\View\View.php(228): include('C:\\xampp\\htdocs\\sobatx\\app\\Views\\Frontend\\master-peternak\\content\\menu\\tambah-produk-saya-usaha.php')
 3 SYSTEMPATH\View\View.php(231): CodeIgniter\View\View->CodeIgniter\View\{closure}()
 4 SYSTEMPATH\Common.php(1178): CodeIgniter\View\View->render('Frontend/master-peternak/content/menu/tambah-produk-saya-usaha', [], true)
 5 APPPATH\Controllers\Peternak.php(482): view('Frontend/master-peternak/content/menu/tambah-produk-saya-usaha', [...])
 6 SYSTEMPATH\CodeIgniter.php(941): App\Controllers\Peternak->tambah_produk_saya_usaha_peternak()
 7 SYSTEMPATH\CodeIgniter.php(502): CodeIgniter\CodeIgniter->runController(Object(App\Controllers\Peternak))
 8 SYSTEMPATH\CodeIgniter.php(361): CodeIgniter\CodeIgniter->handleRequest(null, Object(Config\Cache), false)
 9 FCPATH\index.php(79): CodeIgniter\CodeIgniter->run()
10 SYSTEMPATH\Commands\Server\rewrite.php(47): require_once('C:\\xampp\\htdocs\\sobatx\\public\\index.php')
