CRITICAL - 2024-07-22 22:09:19 --> ErrorException: Undefined variable $id_produk
in APPPATH\Views\Frontend\master-peternak\content\menu\edit-produk-saya-usaha.php on line 168.
 1 APPPATH\Views\Frontend\master-peternak\content\menu\edit-produk-saya-usaha.php(168): CodeIgniter\Debug\Exceptions->errorHandler(2, 'Undefined variable $id_produk', 'C:\\xampp\\htdocs\\sobatx\\app\\Views\\Frontend\\master-peternak\\content\\menu\\edit-produk-saya-usaha.php', 168)
 2 SYSTEMPATH\View\View.php(228): include('C:\\xampp\\htdocs\\sobatx\\app\\Views\\Frontend\\master-peternak\\content\\menu\\edit-produk-saya-usaha.php')
 3 SYSTEMPATH\View\View.php(231): CodeIgniter\View\View->CodeIgniter\View\{closure}()
 4 SYSTEMPATH\Common.php(1178): CodeIgniter\View\View->render('Frontend/master-peternak/content/menu/edit-produk-saya-usaha', [], true)
 5 APPPATH\Controllers\Peternak.php(635): view('Frontend/master-peternak/content/menu/edit-produk-saya-usaha', [...])
 6 SYSTEMPATH\CodeIgniter.php(941): App\Controllers\Peternak->edit_produk_saya_usaha_peternak('PRD2024072100003')
 7 SYSTEMPATH\CodeIgniter.php(502): CodeIgniter\CodeIgniter->runController(Object(App\Controllers\Peternak))
 8 SYSTEMPATH\CodeIgniter.php(361): CodeIgniter\CodeIgniter->handleRequest(null, Object(Config\Cache), false)
 9 FCPATH\index.php(79): CodeIgniter\CodeIgniter->run()
10 SYSTEMPATH\Commands\Server\rewrite.php(47): require_once('C:\\xampp\\htdocs\\sobatx\\public\\index.php')
CRITICAL - 2024-07-22 22:09:28 --> ErrorException: Undefined variable $id_produk
in APPPATH\Views\Frontend\master-peternak\content\menu\edit-produk-saya-usaha.php on line 168.
 1 APPPATH\Views\Frontend\master-peternak\content\menu\edit-produk-saya-usaha.php(168): CodeIgniter\Debug\Exceptions->errorHandler(2, 'Undefined variable $id_produk', 'C:\\xampp\\htdocs\\sobatx\\app\\Views\\Frontend\\master-peternak\\content\\menu\\edit-produk-saya-usaha.php', 168)
 2 SYSTEMPATH\View\View.php(228): include('C:\\xampp\\htdocs\\sobatx\\app\\Views\\Frontend\\master-peternak\\content\\menu\\edit-produk-saya-usaha.php')
 3 SYSTEMPATH\View\View.php(231): CodeIgniter\View\View->CodeIgniter\View\{closure}()
 4 SYSTEMPATH\Common.php(1178): CodeIgniter\View\View->render('Frontend/master-peternak/content/menu/edit-produk-saya-usaha', [], true)
 5 APPPATH\Controllers\Peternak.php(635): view('Frontend/master-peternak/content/menu/edit-produk-saya-usaha', [...])
 6 SYSTEMPATH\CodeIgniter.php(941): App\Controllers\Peternak->edit_produk_saya_usaha_peternak('47aa14bf33a38a9c0026e4dde52c182240bb031f')
 7 SYSTEMPATH\CodeIgniter.php(502): CodeIgniter\CodeIgniter->runController(Object(App\Controllers\Peternak))
 8 SYSTEMPATH\CodeIgniter.php(361): CodeIgniter\CodeIgniter->handleRequest(null, Object(Config\Cache), false)
 9 FCPATH\index.php(79): CodeIgniter\CodeIgniter->run()
10 SYSTEMPATH\Commands\Server\rewrite.php(47): require_once('C:\\xampp\\htdocs\\sobatx\\public\\index.php')
CRITICAL - 2024-07-22 22:10:29 --> ErrorException: Undefined variable $dataToko
in APPPATH\Views\Frontend\master-peternak\content\menu\edit-produk-saya-usaha.php on line 168.
 1 APPPATH\Views\Frontend\master-peternak\content\menu\edit-produk-saya-usaha.php(168): CodeIgniter\Debug\Exceptions->errorHandler(2, 'Undefined variable $dataToko', 'C:\\xampp\\htdocs\\sobatx\\app\\Views\\Frontend\\master-peternak\\content\\menu\\edit-produk-saya-usaha.php', 168)
 2 SYSTEMPATH\View\View.php(228): include('C:\\xampp\\htdocs\\sobatx\\app\\Views\\Frontend\\master-peternak\\content\\menu\\edit-produk-saya-usaha.php')
 3 SYSTEMPATH\View\View.php(231): CodeIgniter\View\View->CodeIgniter\View\{closure}()
 4 SYSTEMPATH\Common.php(1178): CodeIgniter\View\View->render('Frontend/master-peternak/content/menu/edit-produk-saya-usaha', [], true)
 5 APPPATH\Controllers\Peternak.php(635): view('Frontend/master-peternak/content/menu/edit-produk-saya-usaha', [...])
 6 SYSTEMPATH\CodeIgniter.php(941): App\Controllers\Peternak->edit_produk_saya_usaha_peternak('47aa14bf33a38a9c0026e4dde52c182240bb031f')
 7 SYSTEMPATH\CodeIgniter.php(502): CodeIgniter\CodeIgniter->runController(Object(App\Controllers\Peternak))
 8 SYSTEMPATH\CodeIgniter.php(361): CodeIgniter\CodeIgniter->handleRequest(null, Object(Config\Cache), false)
 9 FCPATH\index.php(79): CodeIgniter\CodeIgniter->run()
10 SYSTEMPATH\Commands\Server\rewrite.php(47): require_once('C:\\xampp\\htdocs\\sobatx\\public\\index.php')
CRITICAL - 2024-07-22 22:10:40 --> ErrorException: Undefined variable $dataKategori
in APPPATH\Views\Frontend\master-peternak\content\menu\edit-produk-saya-usaha.php on line 195.
 1 APPPATH\Views\Frontend\master-peternak\content\menu\edit-produk-saya-usaha.php(195): CodeIgniter\Debug\Exceptions->errorHandler(2, 'Undefined variable $dataKategori', 'C:\\xampp\\htdocs\\sobatx\\app\\Views\\Frontend\\master-peternak\\content\\menu\\edit-produk-saya-usaha.php', 195)
 2 SYSTEMPATH\View\View.php(228): include('C:\\xampp\\htdocs\\sobatx\\app\\Views\\Frontend\\master-peternak\\content\\menu\\edit-produk-saya-usaha.php')
 3 SYSTEMPATH\View\View.php(231): CodeIgniter\View\View->CodeIgniter\View\{closure}()
 4 SYSTEMPATH\Common.php(1178): CodeIgniter\View\View->render('Frontend/master-peternak/content/menu/edit-produk-saya-usaha', [], true)
 5 APPPATH\Controllers\Peternak.php(635): view('Frontend/master-peternak/content/menu/edit-produk-saya-usaha', [...])
 6 SYSTEMPATH\CodeIgniter.php(941): App\Controllers\Peternak->edit_produk_saya_usaha_peternak('47aa14bf33a38a9c0026e4dde52c182240bb031f')
 7 SYSTEMPATH\CodeIgniter.php(502): CodeIgniter\CodeIgniter->runController(Object(App\Controllers\Peternak))
 8 SYSTEMPATH\CodeIgniter.php(361): CodeIgniter\CodeIgniter->handleRequest(null, Object(Config\Cache), false)
 9 FCPATH\index.php(79): CodeIgniter\CodeIgniter->run()
10 SYSTEMPATH\Commands\Server\rewrite.php(47): require_once('C:\\xampp\\htdocs\\sobatx\\public\\index.php')
ERROR - 2024-07-22 22:17:09 --> mysqli_sql_exception: Column 'id_produk' in where clause is ambiguous in C:\xampp\htdocs\sobatx\system\Database\MySQLi\Connection.php:306
Stack trace:
#0 C:\xampp\htdocs\sobatx\system\Database\MySQLi\Connection.php(306): mysqli->query('SELECT *\nFROM `...', 0)
#1 C:\xampp\htdocs\sobatx\system\Database\BaseConnection.php(693): CodeIgniter\Database\MySQLi\Connection->execute('SELECT *\nFROM `...')
#2 C:\xampp\htdocs\sobatx\system\Database\BaseConnection.php(607): CodeIgniter\Database\BaseConnection->simpleQuery('SELECT *\nFROM `...')
#3 C:\xampp\htdocs\sobatx\system\Database\BaseBuilder.php(1616): CodeIgniter\Database\BaseConnection->query('SELECT *\nFROM `...', Array, false)
#4 C:\xampp\htdocs\sobatx\app\Models\M_Produk.php(44): CodeIgniter\Database\BaseBuilder->get()
#5 C:\xampp\htdocs\sobatx\app\Controllers\Peternak.php(625): App\Models\M_Produk->getDataProdukJoin(Array)
#6 C:\xampp\htdocs\sobatx\system\CodeIgniter.php(941): App\Controllers\Peternak->edit_produk_saya_usaha_peternak('47aa14bf33a38a9...')
#7 C:\xampp\htdocs\sobatx\system\CodeIgniter.php(502): CodeIgniter\CodeIgniter->runController(Object(App\Controllers\Peternak))
#8 C:\xampp\htdocs\sobatx\system\CodeIgniter.php(361): CodeIgniter\CodeIgniter->handleRequest(NULL, Object(Config\Cache), false)
#9 C:\xampp\htdocs\sobatx\public\index.php(79): CodeIgniter\CodeIgniter->run()
#10 C:\xampp\htdocs\sobatx\system\Commands\Server\rewrite.php(47): require_once('C:\\xampp\\htdocs...')
#11 {main}
CRITICAL - 2024-07-22 22:17:09 --> CodeIgniter\Database\Exceptions\DatabaseException: Column 'id_produk' in where clause is ambiguous
in SYSTEMPATH\Database\BaseConnection.php on line 647.
 1 SYSTEMPATH\Database\BaseBuilder.php(1616): CodeIgniter\Database\BaseConnection->query('SELECT *
FROM `tbl_produk`
LEFT JOIN `tbl_toko` ON `tbl_toko`.`id_toko` = `tbl_produk`.`id_toko`
JOIN `tbl_foto_produk` ON `tbl_foto_produk`.`id_produk` = `tbl_produk`.`id_produk`
WHERE `id_produk` = :id_produk:', [...], false)
 2 APPPATH\Models\M_Produk.php(44): CodeIgniter\Database\BaseBuilder->get()
 3 APPPATH\Controllers\Peternak.php(625): App\Models\M_Produk->getDataProdukJoin([...])
 4 SYSTEMPATH\CodeIgniter.php(941): App\Controllers\Peternak->edit_produk_saya_usaha_peternak('47aa14bf33a38a9c0026e4dde52c182240bb031f')
 5 SYSTEMPATH\CodeIgniter.php(502): CodeIgniter\CodeIgniter->runController(Object(App\Controllers\Peternak))
 6 SYSTEMPATH\CodeIgniter.php(361): CodeIgniter\CodeIgniter->handleRequest(null, Object(Config\Cache), false)
 7 FCPATH\index.php(79): CodeIgniter\CodeIgniter->run()
 8 SYSTEMPATH\Commands\Server\rewrite.php(47): require_once('C:\\xampp\\htdocs\\sobatx\\public\\index.php')
CRITICAL - 2024-07-22 22:17:09 --> [Caused by] CodeIgniter\Database\Exceptions\DatabaseException: Column 'id_produk' in where clause is ambiguous
in SYSTEMPATH\Database\MySQLi\Connection.php on line 311.
 1 SYSTEMPATH\Database\BaseConnection.php(693): CodeIgniter\Database\MySQLi\Connection->execute('SELECT *
FROM `tbl_produk`
LEFT JOIN `tbl_toko` ON `tbl_toko`.`id_toko` = `tbl_produk`.`id_toko`
JOIN `tbl_foto_produk` ON `tbl_foto_produk`.`id_produk` = `tbl_produk`.`id_produk`
WHERE `id_produk` = \'47aa14bf33a38a9c0026e4dde52c182240bb031f\'')
 2 SYSTEMPATH\Database\BaseConnection.php(607): CodeIgniter\Database\BaseConnection->simpleQuery('SELECT *
FROM `tbl_produk`
LEFT JOIN `tbl_toko` ON `tbl_toko`.`id_toko` = `tbl_produk`.`id_toko`
JOIN `tbl_foto_produk` ON `tbl_foto_produk`.`id_produk` = `tbl_produk`.`id_produk`
WHERE `id_produk` = \'47aa14bf33a38a9c0026e4dde52c182240bb031f\'')
 3 SYSTEMPATH\Database\BaseBuilder.php(1616): CodeIgniter\Database\BaseConnection->query('SELECT *
FROM `tbl_produk`
LEFT JOIN `tbl_toko` ON `tbl_toko`.`id_toko` = `tbl_produk`.`id_toko`
JOIN `tbl_foto_produk` ON `tbl_foto_produk`.`id_produk` = `tbl_produk`.`id_produk`
WHERE `id_produk` = :id_produk:', [...], false)
 4 APPPATH\Models\M_Produk.php(44): CodeIgniter\Database\BaseBuilder->get()
 5 APPPATH\Controllers\Peternak.php(625): App\Models\M_Produk->getDataProdukJoin([...])
 6 SYSTEMPATH\CodeIgniter.php(941): App\Controllers\Peternak->edit_produk_saya_usaha_peternak('47aa14bf33a38a9c0026e4dde52c182240bb031f')
 7 SYSTEMPATH\CodeIgniter.php(502): CodeIgniter\CodeIgniter->runController(Object(App\Controllers\Peternak))
 8 SYSTEMPATH\CodeIgniter.php(361): CodeIgniter\CodeIgniter->handleRequest(null, Object(Config\Cache), false)
 9 FCPATH\index.php(79): CodeIgniter\CodeIgniter->run()
10 SYSTEMPATH\Commands\Server\rewrite.php(47): require_once('C:\\xampp\\htdocs\\sobatx\\public\\index.php')
CRITICAL - 2024-07-22 22:17:09 --> [Caused by] mysqli_sql_exception: Column 'id_produk' in where clause is ambiguous
in SYSTEMPATH\Database\MySQLi\Connection.php on line 306.
 1 SYSTEMPATH\Database\MySQLi\Connection.php(306): mysqli->query('SELECT *
FROM `tbl_produk`
LEFT JOIN `tbl_toko` ON `tbl_toko`.`id_toko` = `tbl_produk`.`id_toko`
JOIN `tbl_foto_produk` ON `tbl_foto_produk`.`id_produk` = `tbl_produk`.`id_produk`
WHERE `id_produk` = \'47aa14bf33a38a9c0026e4dde52c182240bb031f\'', 0)
 2 SYSTEMPATH\Database\BaseConnection.php(693): CodeIgniter\Database\MySQLi\Connection->execute('SELECT *
FROM `tbl_produk`
LEFT JOIN `tbl_toko` ON `tbl_toko`.`id_toko` = `tbl_produk`.`id_toko`
JOIN `tbl_foto_produk` ON `tbl_foto_produk`.`id_produk` = `tbl_produk`.`id_produk`
WHERE `id_produk` = \'47aa14bf33a38a9c0026e4dde52c182240bb031f\'')
 3 SYSTEMPATH\Database\BaseConnection.php(607): CodeIgniter\Database\BaseConnection->simpleQuery('SELECT *
FROM `tbl_produk`
LEFT JOIN `tbl_toko` ON `tbl_toko`.`id_toko` = `tbl_produk`.`id_toko`
JOIN `tbl_foto_produk` ON `tbl_foto_produk`.`id_produk` = `tbl_produk`.`id_produk`
WHERE `id_produk` = \'47aa14bf33a38a9c0026e4dde52c182240bb031f\'')
 4 SYSTEMPATH\Database\BaseBuilder.php(1616): CodeIgniter\Database\BaseConnection->query('SELECT *
FROM `tbl_produk`
LEFT JOIN `tbl_toko` ON `tbl_toko`.`id_toko` = `tbl_produk`.`id_toko`
JOIN `tbl_foto_produk` ON `tbl_foto_produk`.`id_produk` = `tbl_produk`.`id_produk`
WHERE `id_produk` = :id_produk:', [...], false)
 5 APPPATH\Models\M_Produk.php(44): CodeIgniter\Database\BaseBuilder->get()
 6 APPPATH\Controllers\Peternak.php(625): App\Models\M_Produk->getDataProdukJoin([...])
 7 SYSTEMPATH\CodeIgniter.php(941): App\Controllers\Peternak->edit_produk_saya_usaha_peternak('47aa14bf33a38a9c0026e4dde52c182240bb031f')
 8 SYSTEMPATH\CodeIgniter.php(502): CodeIgniter\CodeIgniter->runController(Object(App\Controllers\Peternak))
 9 SYSTEMPATH\CodeIgniter.php(361): CodeIgniter\CodeIgniter->handleRequest(null, Object(Config\Cache), false)
10 FCPATH\index.php(79): CodeIgniter\CodeIgniter->run()
11 SYSTEMPATH\Commands\Server\rewrite.php(47): require_once('C:\\xampp\\htdocs\\sobatx\\public\\index.php')
CRITICAL - 2024-07-22 22:28:38 --> ParseError: Unclosed '{' on line 100
in APPPATH\Views\Frontend\master-peternak\content\menu\edit-produk-saya-usaha.php on line 326.
 1 SYSTEMPATH\View\View.php(231): CodeIgniter\View\View->CodeIgniter\View\{closure}()
 2 SYSTEMPATH\Common.php(1178): CodeIgniter\View\View->render('Frontend/master-peternak/content/menu/edit-produk-saya-usaha', [], true)
 3 APPPATH\Controllers\Peternak.php(643): view('Frontend/master-peternak/content/menu/edit-produk-saya-usaha', [...])
 4 SYSTEMPATH\CodeIgniter.php(941): App\Controllers\Peternak->edit_produk_saya_usaha_peternak('47aa14bf33a38a9c0026e4dde52c182240bb031f')
 5 SYSTEMPATH\CodeIgniter.php(502): CodeIgniter\CodeIgniter->runController(Object(App\Controllers\Peternak))
 6 SYSTEMPATH\CodeIgniter.php(361): CodeIgniter\CodeIgniter->handleRequest(null, Object(Config\Cache), false)
 7 FCPATH\index.php(79): CodeIgniter\CodeIgniter->run()
 8 SYSTEMPATH\Commands\Server\rewrite.php(47): require_once('C:\\xampp\\htdocs\\sobatx\\public\\index.php')
CRITICAL - 2024-07-22 23:00:35 --> ErrorException: Undefined array key "nama_Produk"
in APPPATH\Views\Frontend\master-peternak\content\menu\edit-produk-saya-usaha.php on line 115.
 1 APPPATH\Views\Frontend\master-peternak\content\menu\edit-produk-saya-usaha.php(115): CodeIgniter\Debug\Exceptions->errorHandler(2, 'Undefined array key "nama_Produk"', 'C:\\xampp\\htdocs\\sobatx\\app\\Views\\Frontend\\master-peternak\\content\\menu\\edit-produk-saya-usaha.php', 115)
 2 SYSTEMPATH\View\View.php(228): include('C:\\xampp\\htdocs\\sobatx\\app\\Views\\Frontend\\master-peternak\\content\\menu\\edit-produk-saya-usaha.php')
 3 SYSTEMPATH\View\View.php(231): CodeIgniter\View\View->CodeIgniter\View\{closure}()
 4 SYSTEMPATH\Common.php(1178): CodeIgniter\View\View->render('Frontend/master-peternak/content/menu/edit-produk-saya-usaha', [], true)
 5 APPPATH\Controllers\Peternak.php(643): view('Frontend/master-peternak/content/menu/edit-produk-saya-usaha', [...])
 6 SYSTEMPATH\CodeIgniter.php(941): App\Controllers\Peternak->edit_produk_saya_usaha_peternak('47aa14bf33a38a9c0026e4dde52c182240bb031f')
 7 SYSTEMPATH\CodeIgniter.php(502): CodeIgniter\CodeIgniter->runController(Object(App\Controllers\Peternak))
 8 SYSTEMPATH\CodeIgniter.php(361): CodeIgniter\CodeIgniter->handleRequest(null, Object(Config\Cache), false)
 9 FCPATH\index.php(79): CodeIgniter\CodeIgniter->run()
10 SYSTEMPATH\Commands\Server\rewrite.php(47): require_once('C:\\xampp\\htdocs\\sobatx\\public\\index.php')
