ERROR - 2024-06-24 14:29:54 --> mysqli_sql_exception: Table 'sob4tx.tbl_toko' doesn't exist in C:\xampp\htdocs\sobatx\system\Database\MySQLi\Connection.php:306
Stack trace:
#0 C:\xampp\htdocs\sobatx\system\Database\MySQLi\Connection.php(306): mysqli->query('SELECT *\nFROM `...', 0)
#1 C:\xampp\htdocs\sobatx\system\Database\BaseConnection.php(693): CodeIgniter\Database\MySQLi\Connection->execute('SELECT *\nFROM `...')
#2 C:\xampp\htdocs\sobatx\system\Database\BaseConnection.php(607): CodeIgniter\Database\BaseConnection->simpleQuery('SELECT *\nFROM `...')
#3 C:\xampp\htdocs\sobatx\system\Database\BaseBuilder.php(1616): CodeIgniter\Database\BaseConnection->query('SELECT *\nFROM `...', Array, false)
#4 C:\xampp\htdocs\sobatx\app\Models\M_User.php(68): CodeIgniter\Database\BaseBuilder->get()
#5 C:\xampp\htdocs\sobatx\app\Controllers\Admin.php(76): App\Models\M_User->getDataPeternak(Array)
#6 C:\xampp\htdocs\sobatx\system\CodeIgniter.php(941): App\Controllers\Admin->master_peternak()
#7 C:\xampp\htdocs\sobatx\system\CodeIgniter.php(502): CodeIgniter\CodeIgniter->runController(Object(App\Controllers\Admin))
#8 C:\xampp\htdocs\sobatx\system\CodeIgniter.php(361): CodeIgniter\CodeIgniter->handleRequest(NULL, Object(Config\Cache), false)
#9 C:\xampp\htdocs\sobatx\public\index.php(79): CodeIgniter\CodeIgniter->run()
#10 C:\xampp\htdocs\sobatx\system\Commands\Server\rewrite.php(47): require_once('C:\\xampp\\htdocs...')
#11 {main}
CRITICAL - 2024-06-24 14:29:54 --> CodeIgniter\Database\Exceptions\DatabaseException: Table 'sob4tx.tbl_toko' doesn't exist
in SYSTEMPATH\Database\BaseConnection.php on line 647.
 1 SYSTEMPATH\Database\BaseBuilder.php(1616): CodeIgniter\Database\BaseConnection->query('SELECT *
FROM `tbl_user`
LEFT JOIN `tbl_toko` ON `tbl_toko`.`id_user` = `tbl_user`.`id_user`
WHERE `is_delete_user` = :is_delete_user:
AND `akses_level` = :akses_level:
ORDER BY `tbl_user`.`id_user` ASC', [...], false)
 2 APPPATH\Models\M_User.php(68): CodeIgniter\Database\BaseBuilder->get()
 3 APPPATH\Controllers\Admin.php(76): App\Models\M_User->getDataPeternak([...])
 4 SYSTEMPATH\CodeIgniter.php(941): App\Controllers\Admin->master_peternak()
 5 SYSTEMPATH\CodeIgniter.php(502): CodeIgniter\CodeIgniter->runController(Object(App\Controllers\Admin))
 6 SYSTEMPATH\CodeIgniter.php(361): CodeIgniter\CodeIgniter->handleRequest(null, Object(Config\Cache), false)
 7 FCPATH\index.php(79): CodeIgniter\CodeIgniter->run()
 8 SYSTEMPATH\Commands\Server\rewrite.php(47): require_once('C:\\xampp\\htdocs\\sobatx\\public\\index.php')
CRITICAL - 2024-06-24 14:29:54 --> [Caused by] CodeIgniter\Database\Exceptions\DatabaseException: Table 'sob4tx.tbl_toko' doesn't exist
in SYSTEMPATH\Database\MySQLi\Connection.php on line 311.
 1 SYSTEMPATH\Database\BaseConnection.php(693): CodeIgniter\Database\MySQLi\Connection->execute('SELECT *
FROM `tbl_user`
LEFT JOIN `tbl_toko` ON `tbl_toko`.`id_user` = `tbl_user`.`id_user`
WHERE `is_delete_user` = \'0\'
AND `akses_level` = \'1\'
ORDER BY `tbl_user`.`id_user` ASC')
 2 SYSTEMPATH\Database\BaseConnection.php(607): CodeIgniter\Database\BaseConnection->simpleQuery('SELECT *
FROM `tbl_user`
LEFT JOIN `tbl_toko` ON `tbl_toko`.`id_user` = `tbl_user`.`id_user`
WHERE `is_delete_user` = \'0\'
AND `akses_level` = \'1\'
ORDER BY `tbl_user`.`id_user` ASC')
 3 SYSTEMPATH\Database\BaseBuilder.php(1616): CodeIgniter\Database\BaseConnection->query('SELECT *
FROM `tbl_user`
LEFT JOIN `tbl_toko` ON `tbl_toko`.`id_user` = `tbl_user`.`id_user`
WHERE `is_delete_user` = :is_delete_user:
AND `akses_level` = :akses_level:
ORDER BY `tbl_user`.`id_user` ASC', [...], false)
 4 APPPATH\Models\M_User.php(68): CodeIgniter\Database\BaseBuilder->get()
 5 APPPATH\Controllers\Admin.php(76): App\Models\M_User->getDataPeternak([...])
 6 SYSTEMPATH\CodeIgniter.php(941): App\Controllers\Admin->master_peternak()
 7 SYSTEMPATH\CodeIgniter.php(502): CodeIgniter\CodeIgniter->runController(Object(App\Controllers\Admin))
 8 SYSTEMPATH\CodeIgniter.php(361): CodeIgniter\CodeIgniter->handleRequest(null, Object(Config\Cache), false)
 9 FCPATH\index.php(79): CodeIgniter\CodeIgniter->run()
10 SYSTEMPATH\Commands\Server\rewrite.php(47): require_once('C:\\xampp\\htdocs\\sobatx\\public\\index.php')
CRITICAL - 2024-06-24 14:29:54 --> [Caused by] mysqli_sql_exception: Table 'sob4tx.tbl_toko' doesn't exist
in SYSTEMPATH\Database\MySQLi\Connection.php on line 306.
 1 SYSTEMPATH\Database\MySQLi\Connection.php(306): mysqli->query('SELECT *
FROM `tbl_user`
LEFT JOIN `tbl_toko` ON `tbl_toko`.`id_user` = `tbl_user`.`id_user`
WHERE `is_delete_user` = \'0\'
AND `akses_level` = \'1\'
ORDER BY `tbl_user`.`id_user` ASC', 0)
 2 SYSTEMPATH\Database\BaseConnection.php(693): CodeIgniter\Database\MySQLi\Connection->execute('SELECT *
FROM `tbl_user`
LEFT JOIN `tbl_toko` ON `tbl_toko`.`id_user` = `tbl_user`.`id_user`
WHERE `is_delete_user` = \'0\'
AND `akses_level` = \'1\'
ORDER BY `tbl_user`.`id_user` ASC')
 3 SYSTEMPATH\Database\BaseConnection.php(607): CodeIgniter\Database\BaseConnection->simpleQuery('SELECT *
FROM `tbl_user`
LEFT JOIN `tbl_toko` ON `tbl_toko`.`id_user` = `tbl_user`.`id_user`
WHERE `is_delete_user` = \'0\'
AND `akses_level` = \'1\'
ORDER BY `tbl_user`.`id_user` ASC')
 4 SYSTEMPATH\Database\BaseBuilder.php(1616): CodeIgniter\Database\BaseConnection->query('SELECT *
FROM `tbl_user`
LEFT JOIN `tbl_toko` ON `tbl_toko`.`id_user` = `tbl_user`.`id_user`
WHERE `is_delete_user` = :is_delete_user:
AND `akses_level` = :akses_level:
ORDER BY `tbl_user`.`id_user` ASC', [...], false)
 5 APPPATH\Models\M_User.php(68): CodeIgniter\Database\BaseBuilder->get()
 6 APPPATH\Controllers\Admin.php(76): App\Models\M_User->getDataPeternak([...])
 7 SYSTEMPATH\CodeIgniter.php(941): App\Controllers\Admin->master_peternak()
 8 SYSTEMPATH\CodeIgniter.php(502): CodeIgniter\CodeIgniter->runController(Object(App\Controllers\Admin))
 9 SYSTEMPATH\CodeIgniter.php(361): CodeIgniter\CodeIgniter->handleRequest(null, Object(Config\Cache), false)
10 FCPATH\index.php(79): CodeIgniter\CodeIgniter->run()
11 SYSTEMPATH\Commands\Server\rewrite.php(47): require_once('C:\\xampp\\htdocs\\sobatx\\public\\index.php')
ERROR - 2024-06-24 14:55:13 --> mysqli_sql_exception: Table 'sob4tx.tbl_toko' doesn't exist in C:\xampp\htdocs\sobatx\system\Database\MySQLi\Connection.php:306
Stack trace:
#0 C:\xampp\htdocs\sobatx\system\Database\MySQLi\Connection.php(306): mysqli->query('SELECT *\nFROM `...', 0)
#1 C:\xampp\htdocs\sobatx\system\Database\BaseConnection.php(693): CodeIgniter\Database\MySQLi\Connection->execute('SELECT *\nFROM `...')
#2 C:\xampp\htdocs\sobatx\system\Database\BaseConnection.php(607): CodeIgniter\Database\BaseConnection->simpleQuery('SELECT *\nFROM `...')
#3 C:\xampp\htdocs\sobatx\system\Database\BaseBuilder.php(1616): CodeIgniter\Database\BaseConnection->query('SELECT *\nFROM `...', Array, false)
#4 C:\xampp\htdocs\sobatx\app\Models\M_User.php(68): CodeIgniter\Database\BaseBuilder->get()
#5 C:\xampp\htdocs\sobatx\app\Controllers\Admin.php(76): App\Models\M_User->getDataPeternak(Array)
#6 C:\xampp\htdocs\sobatx\system\CodeIgniter.php(941): App\Controllers\Admin->master_peternak()
#7 C:\xampp\htdocs\sobatx\system\CodeIgniter.php(502): CodeIgniter\CodeIgniter->runController(Object(App\Controllers\Admin))
#8 C:\xampp\htdocs\sobatx\system\CodeIgniter.php(361): CodeIgniter\CodeIgniter->handleRequest(NULL, Object(Config\Cache), false)
#9 C:\xampp\htdocs\sobatx\public\index.php(79): CodeIgniter\CodeIgniter->run()
#10 C:\xampp\htdocs\sobatx\system\Commands\Server\rewrite.php(47): require_once('C:\\xampp\\htdocs...')
#11 {main}
CRITICAL - 2024-06-24 14:55:13 --> CodeIgniter\Database\Exceptions\DatabaseException: Table 'sob4tx.tbl_toko' doesn't exist
in SYSTEMPATH\Database\BaseConnection.php on line 647.
 1 SYSTEMPATH\Database\BaseBuilder.php(1616): CodeIgniter\Database\BaseConnection->query('SELECT *
FROM `tbl_user`
LEFT JOIN `tbl_toko` ON `tbl_toko`.`id_user` = `tbl_user`.`id_user`
WHERE `is_delete_user` = :is_delete_user:
AND `akses_level` = :akses_level:
ORDER BY `tbl_user`.`id_user` ASC', [...], false)
 2 APPPATH\Models\M_User.php(68): CodeIgniter\Database\BaseBuilder->get()
 3 APPPATH\Controllers\Admin.php(76): App\Models\M_User->getDataPeternak([...])
 4 SYSTEMPATH\CodeIgniter.php(941): App\Controllers\Admin->master_peternak()
 5 SYSTEMPATH\CodeIgniter.php(502): CodeIgniter\CodeIgniter->runController(Object(App\Controllers\Admin))
 6 SYSTEMPATH\CodeIgniter.php(361): CodeIgniter\CodeIgniter->handleRequest(null, Object(Config\Cache), false)
 7 FCPATH\index.php(79): CodeIgniter\CodeIgniter->run()
 8 SYSTEMPATH\Commands\Server\rewrite.php(47): require_once('C:\\xampp\\htdocs\\sobatx\\public\\index.php')
CRITICAL - 2024-06-24 14:55:13 --> [Caused by] CodeIgniter\Database\Exceptions\DatabaseException: Table 'sob4tx.tbl_toko' doesn't exist
in SYSTEMPATH\Database\MySQLi\Connection.php on line 311.
 1 SYSTEMPATH\Database\BaseConnection.php(693): CodeIgniter\Database\MySQLi\Connection->execute('SELECT *
FROM `tbl_user`
LEFT JOIN `tbl_toko` ON `tbl_toko`.`id_user` = `tbl_user`.`id_user`
WHERE `is_delete_user` = \'0\'
AND `akses_level` = \'1\'
ORDER BY `tbl_user`.`id_user` ASC')
 2 SYSTEMPATH\Database\BaseConnection.php(607): CodeIgniter\Database\BaseConnection->simpleQuery('SELECT *
FROM `tbl_user`
LEFT JOIN `tbl_toko` ON `tbl_toko`.`id_user` = `tbl_user`.`id_user`
WHERE `is_delete_user` = \'0\'
AND `akses_level` = \'1\'
ORDER BY `tbl_user`.`id_user` ASC')
 3 SYSTEMPATH\Database\BaseBuilder.php(1616): CodeIgniter\Database\BaseConnection->query('SELECT *
FROM `tbl_user`
LEFT JOIN `tbl_toko` ON `tbl_toko`.`id_user` = `tbl_user`.`id_user`
WHERE `is_delete_user` = :is_delete_user:
AND `akses_level` = :akses_level:
ORDER BY `tbl_user`.`id_user` ASC', [...], false)
 4 APPPATH\Models\M_User.php(68): CodeIgniter\Database\BaseBuilder->get()
 5 APPPATH\Controllers\Admin.php(76): App\Models\M_User->getDataPeternak([...])
 6 SYSTEMPATH\CodeIgniter.php(941): App\Controllers\Admin->master_peternak()
 7 SYSTEMPATH\CodeIgniter.php(502): CodeIgniter\CodeIgniter->runController(Object(App\Controllers\Admin))
 8 SYSTEMPATH\CodeIgniter.php(361): CodeIgniter\CodeIgniter->handleRequest(null, Object(Config\Cache), false)
 9 FCPATH\index.php(79): CodeIgniter\CodeIgniter->run()
10 SYSTEMPATH\Commands\Server\rewrite.php(47): require_once('C:\\xampp\\htdocs\\sobatx\\public\\index.php')
CRITICAL - 2024-06-24 14:55:13 --> [Caused by] mysqli_sql_exception: Table 'sob4tx.tbl_toko' doesn't exist
in SYSTEMPATH\Database\MySQLi\Connection.php on line 306.
 1 SYSTEMPATH\Database\MySQLi\Connection.php(306): mysqli->query('SELECT *
FROM `tbl_user`
LEFT JOIN `tbl_toko` ON `tbl_toko`.`id_user` = `tbl_user`.`id_user`
WHERE `is_delete_user` = \'0\'
AND `akses_level` = \'1\'
ORDER BY `tbl_user`.`id_user` ASC', 0)
 2 SYSTEMPATH\Database\BaseConnection.php(693): CodeIgniter\Database\MySQLi\Connection->execute('SELECT *
FROM `tbl_user`
LEFT JOIN `tbl_toko` ON `tbl_toko`.`id_user` = `tbl_user`.`id_user`
WHERE `is_delete_user` = \'0\'
AND `akses_level` = \'1\'
ORDER BY `tbl_user`.`id_user` ASC')
 3 SYSTEMPATH\Database\BaseConnection.php(607): CodeIgniter\Database\BaseConnection->simpleQuery('SELECT *
FROM `tbl_user`
LEFT JOIN `tbl_toko` ON `tbl_toko`.`id_user` = `tbl_user`.`id_user`
WHERE `is_delete_user` = \'0\'
AND `akses_level` = \'1\'
ORDER BY `tbl_user`.`id_user` ASC')
 4 SYSTEMPATH\Database\BaseBuilder.php(1616): CodeIgniter\Database\BaseConnection->query('SELECT *
FROM `tbl_user`
LEFT JOIN `tbl_toko` ON `tbl_toko`.`id_user` = `tbl_user`.`id_user`
WHERE `is_delete_user` = :is_delete_user:
AND `akses_level` = :akses_level:
ORDER BY `tbl_user`.`id_user` ASC', [...], false)
 5 APPPATH\Models\M_User.php(68): CodeIgniter\Database\BaseBuilder->get()
 6 APPPATH\Controllers\Admin.php(76): App\Models\M_User->getDataPeternak([...])
 7 SYSTEMPATH\CodeIgniter.php(941): App\Controllers\Admin->master_peternak()
 8 SYSTEMPATH\CodeIgniter.php(502): CodeIgniter\CodeIgniter->runController(Object(App\Controllers\Admin))
 9 SYSTEMPATH\CodeIgniter.php(361): CodeIgniter\CodeIgniter->handleRequest(null, Object(Config\Cache), false)
10 FCPATH\index.php(79): CodeIgniter\CodeIgniter->run()
11 SYSTEMPATH\Commands\Server\rewrite.php(47): require_once('C:\\xampp\\htdocs\\sobatx\\public\\index.php')
CRITICAL - 2024-06-24 14:59:04 --> ErrorException: Undefined array key "alamat_user"
in APPPATH\Views\Backend\master-admin\pengguna\edit-pengguna.php on line 106.
 1 APPPATH\Views\Backend\master-admin\pengguna\edit-pengguna.php(106): CodeIgniter\Debug\Exceptions->errorHandler(2, 'Undefined array key "alamat_user"', 'C:\\xampp\\htdocs\\sobatx\\app\\Views\\Backend\\master-admin\\pengguna\\edit-pengguna.php', 106)
 2 SYSTEMPATH\View\View.php(228): include('C:\\xampp\\htdocs\\sobatx\\app\\Views\\Backend\\master-admin\\pengguna\\edit-pengguna.php')
 3 SYSTEMPATH\View\View.php(231): CodeIgniter\View\View->CodeIgniter\View\{closure}()
 4 SYSTEMPATH\Common.php(1178): CodeIgniter\View\View->render('Backend/master-admin/pengguna/edit-pengguna', [], true)
 5 APPPATH\Controllers\Admin.php(424): view('Backend/master-admin/pengguna/edit-pengguna', [...])
 6 SYSTEMPATH\CodeIgniter.php(941): App\Controllers\Admin->edit_pengguna('USR2406190001')
 7 SYSTEMPATH\CodeIgniter.php(502): CodeIgniter\CodeIgniter->runController(Object(App\Controllers\Admin))
 8 SYSTEMPATH\CodeIgniter.php(361): CodeIgniter\CodeIgniter->handleRequest(null, Object(Config\Cache), false)
 9 FCPATH\index.php(79): CodeIgniter\CodeIgniter->run()
10 SYSTEMPATH\Commands\Server\rewrite.php(47): require_once('C:\\xampp\\htdocs\\sobatx\\public\\index.php')
CRITICAL - 2024-06-24 15:03:24 --> ErrorException: Undefined array key "tbl_user.id_user"
in APPPATH\Views\Backend\master-admin\peternak\master-peternak.php on line 59.
 1 APPPATH\Views\Backend\master-admin\peternak\master-peternak.php(59): CodeIgniter\Debug\Exceptions->errorHandler(2, 'Undefined array key "tbl_user.id_user"', 'C:\\xampp\\htdocs\\sobatx\\app\\Views\\Backend\\master-admin\\peternak\\master-peternak.php', 59)
 2 SYSTEMPATH\View\View.php(228): include('C:\\xampp\\htdocs\\sobatx\\app\\Views\\Backend\\master-admin\\peternak\\master-peternak.php')
 3 SYSTEMPATH\View\View.php(231): CodeIgniter\View\View->CodeIgniter\View\{closure}()
 4 SYSTEMPATH\Common.php(1178): CodeIgniter\View\View->render('Backend/master-admin/peternak/master-peternak', [], true)
 5 APPPATH\Controllers\Admin.php(85): view('Backend/master-admin/peternak/master-peternak', [...])
 6 SYSTEMPATH\CodeIgniter.php(941): App\Controllers\Admin->master_peternak()
 7 SYSTEMPATH\CodeIgniter.php(502): CodeIgniter\CodeIgniter->runController(Object(App\Controllers\Admin))
 8 SYSTEMPATH\CodeIgniter.php(361): CodeIgniter\CodeIgniter->handleRequest(null, Object(Config\Cache), false)
 9 FCPATH\index.php(79): CodeIgniter\CodeIgniter->run()
10 SYSTEMPATH\Commands\Server\rewrite.php(47): require_once('C:\\xampp\\htdocs\\sobatx\\public\\index.php')
CRITICAL - 2024-06-24 15:05:31 --> ErrorException: Undefined array key "alamat_user"
in APPPATH\Views\Backend\master-admin\peternak\edit-peternak.php on line 106.
 1 APPPATH\Views\Backend\master-admin\peternak\edit-peternak.php(106): CodeIgniter\Debug\Exceptions->errorHandler(2, 'Undefined array key "alamat_user"', 'C:\\xampp\\htdocs\\sobatx\\app\\Views\\Backend\\master-admin\\peternak\\edit-peternak.php', 106)
 2 SYSTEMPATH\View\View.php(228): include('C:\\xampp\\htdocs\\sobatx\\app\\Views\\Backend\\master-admin\\peternak\\edit-peternak.php')
 3 SYSTEMPATH\View\View.php(231): CodeIgniter\View\View->CodeIgniter\View\{closure}()
 4 SYSTEMPATH\Common.php(1178): CodeIgniter\View\View->render('Backend/master-admin/peternak/edit-peternak', [], true)
 5 APPPATH\Controllers\Admin.php(133): view('Backend/master-admin/peternak/edit-peternak', [...])
 6 SYSTEMPATH\CodeIgniter.php(941): App\Controllers\Admin->edit_peternak('USR2406199001')
 7 SYSTEMPATH\CodeIgniter.php(502): CodeIgniter\CodeIgniter->runController(Object(App\Controllers\Admin))
 8 SYSTEMPATH\CodeIgniter.php(361): CodeIgniter\CodeIgniter->handleRequest(null, Object(Config\Cache), false)
 9 FCPATH\index.php(79): CodeIgniter\CodeIgniter->run()
10 SYSTEMPATH\Commands\Server\rewrite.php(47): require_once('C:\\xampp\\htdocs\\sobatx\\public\\index.php')
CRITICAL - 2024-06-24 15:07:50 --> ErrorException: Undefined array key "alamat_user"
in APPPATH\Views\Backend\master-admin\peternak\detail-peternak.php on line 102.
 1 APPPATH\Views\Backend\master-admin\peternak\detail-peternak.php(102): CodeIgniter\Debug\Exceptions->errorHandler(2, 'Undefined array key "alamat_user"', 'C:\\xampp\\htdocs\\sobatx\\app\\Views\\Backend\\master-admin\\peternak\\detail-peternak.php', 102)
 2 SYSTEMPATH\View\View.php(228): include('C:\\xampp\\htdocs\\sobatx\\app\\Views\\Backend\\master-admin\\peternak\\detail-peternak.php')
 3 SYSTEMPATH\View\View.php(231): CodeIgniter\View\View->CodeIgniter\View\{closure}()
 4 SYSTEMPATH\Common.php(1178): CodeIgniter\View\View->render('Backend/master-admin/peternak/detail-peternak', [], true)
 5 APPPATH\Controllers\Admin.php(109): view('Backend/master-admin/peternak/detail-peternak', [...])
 6 SYSTEMPATH\CodeIgniter.php(941): App\Controllers\Admin->view_peternak('USR2406199001')
 7 SYSTEMPATH\CodeIgniter.php(502): CodeIgniter\CodeIgniter->runController(Object(App\Controllers\Admin))
 8 SYSTEMPATH\CodeIgniter.php(361): CodeIgniter\CodeIgniter->handleRequest(null, Object(Config\Cache), false)
 9 FCPATH\index.php(79): CodeIgniter\CodeIgniter->run()
10 SYSTEMPATH\Commands\Server\rewrite.php(47): require_once('C:\\xampp\\htdocs\\sobatx\\public\\index.php')
CRITICAL - 2024-06-24 15:08:14 --> ErrorException: Undefined array key "alamat_user"
in APPPATH\Views\Backend\master-admin\peternak\detail-peternak.php on line 97.
 1 APPPATH\Views\Backend\master-admin\peternak\detail-peternak.php(97): CodeIgniter\Debug\Exceptions->errorHandler(2, 'Undefined array key "alamat_user"', 'C:\\xampp\\htdocs\\sobatx\\app\\Views\\Backend\\master-admin\\peternak\\detail-peternak.php', 97)
 2 SYSTEMPATH\View\View.php(228): include('C:\\xampp\\htdocs\\sobatx\\app\\Views\\Backend\\master-admin\\peternak\\detail-peternak.php')
 3 SYSTEMPATH\View\View.php(231): CodeIgniter\View\View->CodeIgniter\View\{closure}()
 4 SYSTEMPATH\Common.php(1178): CodeIgniter\View\View->render('Backend/master-admin/peternak/detail-peternak', [], true)
 5 APPPATH\Controllers\Admin.php(109): view('Backend/master-admin/peternak/detail-peternak', [...])
 6 SYSTEMPATH\CodeIgniter.php(941): App\Controllers\Admin->view_peternak('USR2406199001')
 7 SYSTEMPATH\CodeIgniter.php(502): CodeIgniter\CodeIgniter->runController(Object(App\Controllers\Admin))
 8 SYSTEMPATH\CodeIgniter.php(361): CodeIgniter\CodeIgniter->handleRequest(null, Object(Config\Cache), false)
 9 FCPATH\index.php(79): CodeIgniter\CodeIgniter->run()
10 SYSTEMPATH\Commands\Server\rewrite.php(47): require_once('C:\\xampp\\htdocs\\sobatx\\public\\index.php')
CRITICAL - 2024-06-24 15:08:36 --> ErrorException: Trying to access array offset on value of type null
in APPPATH\Views\Backend\master-admin\peternak\detail-peternak.php on line 117.
 1 APPPATH\Views\Backend\master-admin\peternak\detail-peternak.php(117): CodeIgniter\Debug\Exceptions->errorHandler(2, 'Trying to access array offset on value of type null', 'C:\\xampp\\htdocs\\sobatx\\app\\Views\\Backend\\master-admin\\peternak\\detail-peternak.php', 117)
 2 SYSTEMPATH\View\View.php(228): include('C:\\xampp\\htdocs\\sobatx\\app\\Views\\Backend\\master-admin\\peternak\\detail-peternak.php')
 3 SYSTEMPATH\View\View.php(231): CodeIgniter\View\View->CodeIgniter\View\{closure}()
 4 SYSTEMPATH\Common.php(1178): CodeIgniter\View\View->render('Backend/master-admin/peternak/detail-peternak', [], true)
 5 APPPATH\Controllers\Admin.php(109): view('Backend/master-admin/peternak/detail-peternak', [...])
 6 SYSTEMPATH\CodeIgniter.php(941): App\Controllers\Admin->view_peternak('USR2406199001')
 7 SYSTEMPATH\CodeIgniter.php(502): CodeIgniter\CodeIgniter->runController(Object(App\Controllers\Admin))
 8 SYSTEMPATH\CodeIgniter.php(361): CodeIgniter\CodeIgniter->handleRequest(null, Object(Config\Cache), false)
 9 FCPATH\index.php(79): CodeIgniter\CodeIgniter->run()
10 SYSTEMPATH\Commands\Server\rewrite.php(47): require_once('C:\\xampp\\htdocs\\sobatx\\public\\index.php')
CRITICAL - 2024-06-24 15:10:55 --> ErrorException: Trying to access array offset on value of type null
in APPPATH\Views\Backend\master-admin\peternak\detail-peternak.php on line 117.
 1 APPPATH\Views\Backend\master-admin\peternak\detail-peternak.php(117): CodeIgniter\Debug\Exceptions->errorHandler(2, 'Trying to access array offset on value of type null', 'C:\\xampp\\htdocs\\sobatx\\app\\Views\\Backend\\master-admin\\peternak\\detail-peternak.php', 117)
 2 SYSTEMPATH\View\View.php(228): include('C:\\xampp\\htdocs\\sobatx\\app\\Views\\Backend\\master-admin\\peternak\\detail-peternak.php')
 3 SYSTEMPATH\View\View.php(231): CodeIgniter\View\View->CodeIgniter\View\{closure}()
 4 SYSTEMPATH\Common.php(1178): CodeIgniter\View\View->render('Backend/master-admin/peternak/detail-peternak', [], true)
 5 APPPATH\Controllers\Admin.php(109): view('Backend/master-admin/peternak/detail-peternak', [...])
 6 SYSTEMPATH\CodeIgniter.php(941): App\Controllers\Admin->view_peternak('USR2406199001')
 7 SYSTEMPATH\CodeIgniter.php(502): CodeIgniter\CodeIgniter->runController(Object(App\Controllers\Admin))
 8 SYSTEMPATH\CodeIgniter.php(361): CodeIgniter\CodeIgniter->handleRequest(null, Object(Config\Cache), false)
 9 FCPATH\index.php(79): CodeIgniter\CodeIgniter->run()
10 SYSTEMPATH\Commands\Server\rewrite.php(47): require_once('C:\\xampp\\htdocs\\sobatx\\public\\index.php')
CRITICAL - 2024-06-24 15:11:16 --> ErrorException: Undefined array key "nama_toko"
in APPPATH\Views\Backend\master-admin\peternak\detail-peternak.php on line 138.
 1 APPPATH\Views\Backend\master-admin\peternak\detail-peternak.php(138): CodeIgniter\Debug\Exceptions->errorHandler(2, 'Undefined array key "nama_toko"', 'C:\\xampp\\htdocs\\sobatx\\app\\Views\\Backend\\master-admin\\peternak\\detail-peternak.php', 138)
 2 SYSTEMPATH\View\View.php(228): include('C:\\xampp\\htdocs\\sobatx\\app\\Views\\Backend\\master-admin\\peternak\\detail-peternak.php')
 3 SYSTEMPATH\View\View.php(231): CodeIgniter\View\View->CodeIgniter\View\{closure}()
 4 SYSTEMPATH\Common.php(1178): CodeIgniter\View\View->render('Backend/master-admin/peternak/detail-peternak', [], true)
 5 APPPATH\Controllers\Admin.php(109): view('Backend/master-admin/peternak/detail-peternak', [...])
 6 SYSTEMPATH\CodeIgniter.php(941): App\Controllers\Admin->view_peternak('USR2406199001')
 7 SYSTEMPATH\CodeIgniter.php(502): CodeIgniter\CodeIgniter->runController(Object(App\Controllers\Admin))
 8 SYSTEMPATH\CodeIgniter.php(361): CodeIgniter\CodeIgniter->handleRequest(null, Object(Config\Cache), false)
 9 FCPATH\index.php(79): CodeIgniter\CodeIgniter->run()
10 SYSTEMPATH\Commands\Server\rewrite.php(47): require_once('C:\\xampp\\htdocs\\sobatx\\public\\index.php')
