CRITICAL - 2024-10-18 01:03:37 --> ErrorException: Trying to access array offset on value of type null
in APPPATH\Views\Frontend\master-pengguna\content\marketplace\detail-pesanan-saya.php on line 59.
 1 APPPATH\Views\Frontend\master-pengguna\content\marketplace\detail-pesanan-saya.php(59): CodeIgniter\Debug\Exceptions->errorHandler(2, 'Trying to access array offset on value of type null', 'D:\\New folder\\sobatx\\app\\Views\\Frontend\\master-pengguna\\content\\marketplace\\detail-pesanan-saya.php', 59)
 2 SYSTEMPATH\View\View.php(228): include('D:\\New folder\\sobatx\\app\\Views\\Frontend\\master-pengguna\\content\\marketplace\\detail-pesanan-saya.php')
 3 SYSTEMPATH\View\View.php(231): CodeIgniter\View\View->CodeIgniter\View\{closure}()
 4 SYSTEMPATH\Common.php(1178): CodeIgniter\View\View->render('Frontend/master-pengguna/content/marketplace/detail-pesanan-saya', [], true)
 5 APPPATH\Controllers\Marketplace.php(753): view('Frontend/master-pengguna/content/marketplace/detail-pesanan-saya', [...])
 6 SYSTEMPATH\CodeIgniter.php(941): App\Controllers\Marketplace->detail_pesanan('0adbe24801dd85412adc32f9a1c3d49592380c76')
 7 SYSTEMPATH\CodeIgniter.php(502): CodeIgniter\CodeIgniter->runController(Object(App\Controllers\Marketplace))
 8 SYSTEMPATH\CodeIgniter.php(361): CodeIgniter\CodeIgniter->handleRequest(null, Object(Config\Cache), false)
 9 FCPATH\index.php(79): CodeIgniter\CodeIgniter->run()
10 SYSTEMPATH\Commands\Server\rewrite.php(47): require_once('D:\\New folder\\sobatx\\public\\index.php')
ERROR - 2024-10-18 02:01:05 --> mysqli_sql_exception: Unknown column 'alamat_user' in 'field list' in D:\New folder\sobatx\system\Database\MySQLi\Connection.php:306
Stack trace:
#0 D:\New folder\sobatx\system\Database\MySQLi\Connection.php(306): mysqli->query('INSERT INTO `tb...', 0)
#1 D:\New folder\sobatx\system\Database\BaseConnection.php(693): CodeIgniter\Database\MySQLi\Connection->execute('INSERT INTO `tb...')
#2 D:\New folder\sobatx\system\Database\BaseConnection.php(607): CodeIgniter\Database\BaseConnection->simpleQuery('INSERT INTO `tb...')
#3 D:\New folder\sobatx\system\Database\BaseBuilder.php(2307): CodeIgniter\Database\BaseConnection->query('INSERT INTO `tb...', Array, false)
#4 D:\New folder\sobatx\system\Model.php(326): CodeIgniter\Database\BaseBuilder->insert()
#5 D:\New folder\sobatx\system\BaseModel.php(802): CodeIgniter\Model->doInsert(Array)
#6 D:\New folder\sobatx\system\Model.php(744): CodeIgniter\BaseModel->insert(Array, false)
#7 D:\New folder\sobatx\system\BaseModel.php(713): CodeIgniter\Model->insert(Array, false)
#8 D:\New folder\sobatx\app\Controllers\Register.php(228): CodeIgniter\BaseModel->save(Array)
#9 D:\New folder\sobatx\system\CodeIgniter.php(941): App\Controllers\Register->registering_account_user()
#10 D:\New folder\sobatx\system\CodeIgniter.php(502): CodeIgniter\CodeIgniter->runController(Object(App\Controllers\Register))
#11 D:\New folder\sobatx\system\CodeIgniter.php(361): CodeIgniter\CodeIgniter->handleRequest(NULL, Object(Config\Cache), false)
#12 D:\New folder\sobatx\public\index.php(79): CodeIgniter\CodeIgniter->run()
#13 D:\New folder\sobatx\system\Commands\Server\rewrite.php(47): require_once('D:\\New folder\\s...')
#14 {main}
CRITICAL - 2024-10-18 02:01:05 --> CodeIgniter\Database\Exceptions\DatabaseException: Unknown column 'alamat_user' in 'field list'
in SYSTEMPATH\Database\BaseConnection.php on line 647.
 1 SYSTEMPATH\Database\BaseBuilder.php(2307): CodeIgniter\Database\BaseConnection->query('INSERT INTO `tbl_user` (`id_user`, `id_google`, `nama_user`, `email_user`, `alamat_user`, `no_hp`, `password`, `foto_user`, `akses_level`, `status`, `is_delete_user`, `created_at`, `updated_at`) VALUES (:id_user.1:, :id_google:, :nama_user:, :email_user:, :alamat_user:, :no_hp:, :password:, :foto_user:, :akses_level:, :status:, :is_delete_user:, :created_at:, :updated_at:)', [...], false)
 2 SYSTEMPATH\Model.php(326): CodeIgniter\Database\BaseBuilder->insert()
 3 SYSTEMPATH\BaseModel.php(802): CodeIgniter\Model->doInsert([...])
 4 SYSTEMPATH\Model.php(744): CodeIgniter\BaseModel->insert([...], false)
 5 SYSTEMPATH\BaseModel.php(713): CodeIgniter\Model->insert([...], false)
 6 APPPATH\Controllers\Register.php(228): CodeIgniter\BaseModel->save([...])
 7 SYSTEMPATH\CodeIgniter.php(941): App\Controllers\Register->registering_account_user()
 8 SYSTEMPATH\CodeIgniter.php(502): CodeIgniter\CodeIgniter->runController(Object(App\Controllers\Register))
 9 SYSTEMPATH\CodeIgniter.php(361): CodeIgniter\CodeIgniter->handleRequest(null, Object(Config\Cache), false)
10 FCPATH\index.php(79): CodeIgniter\CodeIgniter->run()
11 SYSTEMPATH\Commands\Server\rewrite.php(47): require_once('D:\\New folder\\sobatx\\public\\index.php')
CRITICAL - 2024-10-18 02:01:05 --> [Caused by] CodeIgniter\Database\Exceptions\DatabaseException: Unknown column 'alamat_user' in 'field list'
in SYSTEMPATH\Database\MySQLi\Connection.php on line 311.
 1 SYSTEMPATH\Database\BaseConnection.php(693): CodeIgniter\Database\MySQLi\Connection->execute('INSERT INTO `tbl_user` (`id_user`, `id_google`, `nama_user`, `email_user`, `alamat_user`, `no_hp`, `password`, `foto_user`, `akses_level`, `status`, `is_delete_user`, `created_at`, `updated_at`) VALUES (\'USR2410188776\', \'-\', \'rerol ns 07\', \'rerolns07@gmail.com\', \'-\', \'0976789987890\', \'$2y$10$2Naj0PgYlsUqK0sdjRa4qOWfB8klTxf5AKeuWc4mt1fa3MI4dkpQy\', \'-\', \'2\', \'0\', \'0\', \'2024-10-18 02:01:05\', \'2024-10-18 02:01:05\')')
 2 SYSTEMPATH\Database\BaseConnection.php(607): CodeIgniter\Database\BaseConnection->simpleQuery('INSERT INTO `tbl_user` (`id_user`, `id_google`, `nama_user`, `email_user`, `alamat_user`, `no_hp`, `password`, `foto_user`, `akses_level`, `status`, `is_delete_user`, `created_at`, `updated_at`) VALUES (\'USR2410188776\', \'-\', \'rerol ns 07\', \'rerolns07@gmail.com\', \'-\', \'0976789987890\', \'$2y$10$2Naj0PgYlsUqK0sdjRa4qOWfB8klTxf5AKeuWc4mt1fa3MI4dkpQy\', \'-\', \'2\', \'0\', \'0\', \'2024-10-18 02:01:05\', \'2024-10-18 02:01:05\')')
 3 SYSTEMPATH\Database\BaseBuilder.php(2307): CodeIgniter\Database\BaseConnection->query('INSERT INTO `tbl_user` (`id_user`, `id_google`, `nama_user`, `email_user`, `alamat_user`, `no_hp`, `password`, `foto_user`, `akses_level`, `status`, `is_delete_user`, `created_at`, `updated_at`) VALUES (:id_user.1:, :id_google:, :nama_user:, :email_user:, :alamat_user:, :no_hp:, :password:, :foto_user:, :akses_level:, :status:, :is_delete_user:, :created_at:, :updated_at:)', [...], false)
 4 SYSTEMPATH\Model.php(326): CodeIgniter\Database\BaseBuilder->insert()
 5 SYSTEMPATH\BaseModel.php(802): CodeIgniter\Model->doInsert([...])
 6 SYSTEMPATH\Model.php(744): CodeIgniter\BaseModel->insert([...], false)
 7 SYSTEMPATH\BaseModel.php(713): CodeIgniter\Model->insert([...], false)
 8 APPPATH\Controllers\Register.php(228): CodeIgniter\BaseModel->save([...])
 9 SYSTEMPATH\CodeIgniter.php(941): App\Controllers\Register->registering_account_user()
10 SYSTEMPATH\CodeIgniter.php(502): CodeIgniter\CodeIgniter->runController(Object(App\Controllers\Register))
11 SYSTEMPATH\CodeIgniter.php(361): CodeIgniter\CodeIgniter->handleRequest(null, Object(Config\Cache), false)
12 FCPATH\index.php(79): CodeIgniter\CodeIgniter->run()
13 SYSTEMPATH\Commands\Server\rewrite.php(47): require_once('D:\\New folder\\sobatx\\public\\index.php')
CRITICAL - 2024-10-18 02:01:05 --> [Caused by] mysqli_sql_exception: Unknown column 'alamat_user' in 'field list'
in SYSTEMPATH\Database\MySQLi\Connection.php on line 306.
 1 SYSTEMPATH\Database\MySQLi\Connection.php(306): mysqli->query('INSERT INTO `tbl_user` (`id_user`, `id_google`, `nama_user`, `email_user`, `alamat_user`, `no_hp`, `password`, `foto_user`, `akses_level`, `status`, `is_delete_user`, `created_at`, `updated_at`) VALUES (\'USR2410188776\', \'-\', \'rerol ns 07\', \'rerolns07@gmail.com\', \'-\', \'0976789987890\', \'$2y$10$2Naj0PgYlsUqK0sdjRa4qOWfB8klTxf5AKeuWc4mt1fa3MI4dkpQy\', \'-\', \'2\', \'0\', \'0\', \'2024-10-18 02:01:05\', \'2024-10-18 02:01:05\')', 0)
 2 SYSTEMPATH\Database\BaseConnection.php(693): CodeIgniter\Database\MySQLi\Connection->execute('INSERT INTO `tbl_user` (`id_user`, `id_google`, `nama_user`, `email_user`, `alamat_user`, `no_hp`, `password`, `foto_user`, `akses_level`, `status`, `is_delete_user`, `created_at`, `updated_at`) VALUES (\'USR2410188776\', \'-\', \'rerol ns 07\', \'rerolns07@gmail.com\', \'-\', \'0976789987890\', \'$2y$10$2Naj0PgYlsUqK0sdjRa4qOWfB8klTxf5AKeuWc4mt1fa3MI4dkpQy\', \'-\', \'2\', \'0\', \'0\', \'2024-10-18 02:01:05\', \'2024-10-18 02:01:05\')')
 3 SYSTEMPATH\Database\BaseConnection.php(607): CodeIgniter\Database\BaseConnection->simpleQuery('INSERT INTO `tbl_user` (`id_user`, `id_google`, `nama_user`, `email_user`, `alamat_user`, `no_hp`, `password`, `foto_user`, `akses_level`, `status`, `is_delete_user`, `created_at`, `updated_at`) VALUES (\'USR2410188776\', \'-\', \'rerol ns 07\', \'rerolns07@gmail.com\', \'-\', \'0976789987890\', \'$2y$10$2Naj0PgYlsUqK0sdjRa4qOWfB8klTxf5AKeuWc4mt1fa3MI4dkpQy\', \'-\', \'2\', \'0\', \'0\', \'2024-10-18 02:01:05\', \'2024-10-18 02:01:05\')')
 4 SYSTEMPATH\Database\BaseBuilder.php(2307): CodeIgniter\Database\BaseConnection->query('INSERT INTO `tbl_user` (`id_user`, `id_google`, `nama_user`, `email_user`, `alamat_user`, `no_hp`, `password`, `foto_user`, `akses_level`, `status`, `is_delete_user`, `created_at`, `updated_at`) VALUES (:id_user.1:, :id_google:, :nama_user:, :email_user:, :alamat_user:, :no_hp:, :password:, :foto_user:, :akses_level:, :status:, :is_delete_user:, :created_at:, :updated_at:)', [...], false)
 5 SYSTEMPATH\Model.php(326): CodeIgniter\Database\BaseBuilder->insert()
 6 SYSTEMPATH\BaseModel.php(802): CodeIgniter\Model->doInsert([...])
 7 SYSTEMPATH\Model.php(744): CodeIgniter\BaseModel->insert([...], false)
 8 SYSTEMPATH\BaseModel.php(713): CodeIgniter\Model->insert([...], false)
 9 APPPATH\Controllers\Register.php(228): CodeIgniter\BaseModel->save([...])
10 SYSTEMPATH\CodeIgniter.php(941): App\Controllers\Register->registering_account_user()
11 SYSTEMPATH\CodeIgniter.php(502): CodeIgniter\CodeIgniter->runController(Object(App\Controllers\Register))
12 SYSTEMPATH\CodeIgniter.php(361): CodeIgniter\CodeIgniter->handleRequest(null, Object(Config\Cache), false)
13 FCPATH\index.php(79): CodeIgniter\CodeIgniter->run()
14 SYSTEMPATH\Commands\Server\rewrite.php(47): require_once('D:\\New folder\\sobatx\\public\\index.php')
ERROR - 2024-10-18 02:01:21 --> mysqli_sql_exception: Unknown column 'alamat_user' in 'field list' in D:\New folder\sobatx\system\Database\MySQLi\Connection.php:306
Stack trace:
#0 D:\New folder\sobatx\system\Database\MySQLi\Connection.php(306): mysqli->query('INSERT INTO `tb...', 0)
#1 D:\New folder\sobatx\system\Database\BaseConnection.php(693): CodeIgniter\Database\MySQLi\Connection->execute('INSERT INTO `tb...')
#2 D:\New folder\sobatx\system\Database\BaseConnection.php(607): CodeIgniter\Database\BaseConnection->simpleQuery('INSERT INTO `tb...')
#3 D:\New folder\sobatx\system\Database\BaseBuilder.php(2307): CodeIgniter\Database\BaseConnection->query('INSERT INTO `tb...', Array, false)
#4 D:\New folder\sobatx\system\Model.php(326): CodeIgniter\Database\BaseBuilder->insert()
#5 D:\New folder\sobatx\system\BaseModel.php(802): CodeIgniter\Model->doInsert(Array)
#6 D:\New folder\sobatx\system\Model.php(744): CodeIgniter\BaseModel->insert(Array, false)
#7 D:\New folder\sobatx\system\BaseModel.php(713): CodeIgniter\Model->insert(Array, false)
#8 D:\New folder\sobatx\app\Controllers\Register.php(228): CodeIgniter\BaseModel->save(Array)
#9 D:\New folder\sobatx\system\CodeIgniter.php(941): App\Controllers\Register->registering_account_user()
#10 D:\New folder\sobatx\system\CodeIgniter.php(502): CodeIgniter\CodeIgniter->runController(Object(App\Controllers\Register))
#11 D:\New folder\sobatx\system\CodeIgniter.php(361): CodeIgniter\CodeIgniter->handleRequest(NULL, Object(Config\Cache), false)
#12 D:\New folder\sobatx\public\index.php(79): CodeIgniter\CodeIgniter->run()
#13 D:\New folder\sobatx\system\Commands\Server\rewrite.php(47): require_once('D:\\New folder\\s...')
#14 {main}
CRITICAL - 2024-10-18 02:01:21 --> CodeIgniter\Database\Exceptions\DatabaseException: Unknown column 'alamat_user' in 'field list'
in SYSTEMPATH\Database\BaseConnection.php on line 647.
 1 SYSTEMPATH\Database\BaseBuilder.php(2307): CodeIgniter\Database\BaseConnection->query('INSERT INTO `tbl_user` (`id_user`, `id_google`, `nama_user`, `email_user`, `alamat_user`, `no_hp`, `password`, `foto_user`, `akses_level`, `status`, `is_delete_user`, `created_at`, `updated_at`) VALUES (:id_user.1:, :id_google:, :nama_user:, :email_user:, :alamat_user:, :no_hp:, :password:, :foto_user:, :akses_level:, :status:, :is_delete_user:, :created_at:, :updated_at:)', [...], false)
 2 SYSTEMPATH\Model.php(326): CodeIgniter\Database\BaseBuilder->insert()
 3 SYSTEMPATH\BaseModel.php(802): CodeIgniter\Model->doInsert([...])
 4 SYSTEMPATH\Model.php(744): CodeIgniter\BaseModel->insert([...], false)
 5 SYSTEMPATH\BaseModel.php(713): CodeIgniter\Model->insert([...], false)
 6 APPPATH\Controllers\Register.php(228): CodeIgniter\BaseModel->save([...])
 7 SYSTEMPATH\CodeIgniter.php(941): App\Controllers\Register->registering_account_user()
 8 SYSTEMPATH\CodeIgniter.php(502): CodeIgniter\CodeIgniter->runController(Object(App\Controllers\Register))
 9 SYSTEMPATH\CodeIgniter.php(361): CodeIgniter\CodeIgniter->handleRequest(null, Object(Config\Cache), false)
10 FCPATH\index.php(79): CodeIgniter\CodeIgniter->run()
11 SYSTEMPATH\Commands\Server\rewrite.php(47): require_once('D:\\New folder\\sobatx\\public\\index.php')
CRITICAL - 2024-10-18 02:01:21 --> [Caused by] CodeIgniter\Database\Exceptions\DatabaseException: Unknown column 'alamat_user' in 'field list'
in SYSTEMPATH\Database\MySQLi\Connection.php on line 311.
 1 SYSTEMPATH\Database\BaseConnection.php(693): CodeIgniter\Database\MySQLi\Connection->execute('INSERT INTO `tbl_user` (`id_user`, `id_google`, `nama_user`, `email_user`, `alamat_user`, `no_hp`, `password`, `foto_user`, `akses_level`, `status`, `is_delete_user`, `created_at`, `updated_at`) VALUES (\'USR2410188776\', \'-\', \'rerol ns 07\', \'rerolns07@gmail.com\', \'-\', \'0976789987890\', \'$2y$10$Oge0Tu9qPKSLfTfY7TZGsufwXKmGJVndTbtUxcUEQYGmird0.Pz2y\', \'-\', \'2\', \'0\', \'0\', \'2024-10-18 02:01:21\', \'2024-10-18 02:01:21\')')
 2 SYSTEMPATH\Database\BaseConnection.php(607): CodeIgniter\Database\BaseConnection->simpleQuery('INSERT INTO `tbl_user` (`id_user`, `id_google`, `nama_user`, `email_user`, `alamat_user`, `no_hp`, `password`, `foto_user`, `akses_level`, `status`, `is_delete_user`, `created_at`, `updated_at`) VALUES (\'USR2410188776\', \'-\', \'rerol ns 07\', \'rerolns07@gmail.com\', \'-\', \'0976789987890\', \'$2y$10$Oge0Tu9qPKSLfTfY7TZGsufwXKmGJVndTbtUxcUEQYGmird0.Pz2y\', \'-\', \'2\', \'0\', \'0\', \'2024-10-18 02:01:21\', \'2024-10-18 02:01:21\')')
 3 SYSTEMPATH\Database\BaseBuilder.php(2307): CodeIgniter\Database\BaseConnection->query('INSERT INTO `tbl_user` (`id_user`, `id_google`, `nama_user`, `email_user`, `alamat_user`, `no_hp`, `password`, `foto_user`, `akses_level`, `status`, `is_delete_user`, `created_at`, `updated_at`) VALUES (:id_user.1:, :id_google:, :nama_user:, :email_user:, :alamat_user:, :no_hp:, :password:, :foto_user:, :akses_level:, :status:, :is_delete_user:, :created_at:, :updated_at:)', [...], false)
 4 SYSTEMPATH\Model.php(326): CodeIgniter\Database\BaseBuilder->insert()
 5 SYSTEMPATH\BaseModel.php(802): CodeIgniter\Model->doInsert([...])
 6 SYSTEMPATH\Model.php(744): CodeIgniter\BaseModel->insert([...], false)
 7 SYSTEMPATH\BaseModel.php(713): CodeIgniter\Model->insert([...], false)
 8 APPPATH\Controllers\Register.php(228): CodeIgniter\BaseModel->save([...])
 9 SYSTEMPATH\CodeIgniter.php(941): App\Controllers\Register->registering_account_user()
10 SYSTEMPATH\CodeIgniter.php(502): CodeIgniter\CodeIgniter->runController(Object(App\Controllers\Register))
11 SYSTEMPATH\CodeIgniter.php(361): CodeIgniter\CodeIgniter->handleRequest(null, Object(Config\Cache), false)
12 FCPATH\index.php(79): CodeIgniter\CodeIgniter->run()
13 SYSTEMPATH\Commands\Server\rewrite.php(47): require_once('D:\\New folder\\sobatx\\public\\index.php')
CRITICAL - 2024-10-18 02:01:21 --> [Caused by] mysqli_sql_exception: Unknown column 'alamat_user' in 'field list'
in SYSTEMPATH\Database\MySQLi\Connection.php on line 306.
 1 SYSTEMPATH\Database\MySQLi\Connection.php(306): mysqli->query('INSERT INTO `tbl_user` (`id_user`, `id_google`, `nama_user`, `email_user`, `alamat_user`, `no_hp`, `password`, `foto_user`, `akses_level`, `status`, `is_delete_user`, `created_at`, `updated_at`) VALUES (\'USR2410188776\', \'-\', \'rerol ns 07\', \'rerolns07@gmail.com\', \'-\', \'0976789987890\', \'$2y$10$Oge0Tu9qPKSLfTfY7TZGsufwXKmGJVndTbtUxcUEQYGmird0.Pz2y\', \'-\', \'2\', \'0\', \'0\', \'2024-10-18 02:01:21\', \'2024-10-18 02:01:21\')', 0)
 2 SYSTEMPATH\Database\BaseConnection.php(693): CodeIgniter\Database\MySQLi\Connection->execute('INSERT INTO `tbl_user` (`id_user`, `id_google`, `nama_user`, `email_user`, `alamat_user`, `no_hp`, `password`, `foto_user`, `akses_level`, `status`, `is_delete_user`, `created_at`, `updated_at`) VALUES (\'USR2410188776\', \'-\', \'rerol ns 07\', \'rerolns07@gmail.com\', \'-\', \'0976789987890\', \'$2y$10$Oge0Tu9qPKSLfTfY7TZGsufwXKmGJVndTbtUxcUEQYGmird0.Pz2y\', \'-\', \'2\', \'0\', \'0\', \'2024-10-18 02:01:21\', \'2024-10-18 02:01:21\')')
 3 SYSTEMPATH\Database\BaseConnection.php(607): CodeIgniter\Database\BaseConnection->simpleQuery('INSERT INTO `tbl_user` (`id_user`, `id_google`, `nama_user`, `email_user`, `alamat_user`, `no_hp`, `password`, `foto_user`, `akses_level`, `status`, `is_delete_user`, `created_at`, `updated_at`) VALUES (\'USR2410188776\', \'-\', \'rerol ns 07\', \'rerolns07@gmail.com\', \'-\', \'0976789987890\', \'$2y$10$Oge0Tu9qPKSLfTfY7TZGsufwXKmGJVndTbtUxcUEQYGmird0.Pz2y\', \'-\', \'2\', \'0\', \'0\', \'2024-10-18 02:01:21\', \'2024-10-18 02:01:21\')')
 4 SYSTEMPATH\Database\BaseBuilder.php(2307): CodeIgniter\Database\BaseConnection->query('INSERT INTO `tbl_user` (`id_user`, `id_google`, `nama_user`, `email_user`, `alamat_user`, `no_hp`, `password`, `foto_user`, `akses_level`, `status`, `is_delete_user`, `created_at`, `updated_at`) VALUES (:id_user.1:, :id_google:, :nama_user:, :email_user:, :alamat_user:, :no_hp:, :password:, :foto_user:, :akses_level:, :status:, :is_delete_user:, :created_at:, :updated_at:)', [...], false)
 5 SYSTEMPATH\Model.php(326): CodeIgniter\Database\BaseBuilder->insert()
 6 SYSTEMPATH\BaseModel.php(802): CodeIgniter\Model->doInsert([...])
 7 SYSTEMPATH\Model.php(744): CodeIgniter\BaseModel->insert([...], false)
 8 SYSTEMPATH\BaseModel.php(713): CodeIgniter\Model->insert([...], false)
 9 APPPATH\Controllers\Register.php(228): CodeIgniter\BaseModel->save([...])
10 SYSTEMPATH\CodeIgniter.php(941): App\Controllers\Register->registering_account_user()
11 SYSTEMPATH\CodeIgniter.php(502): CodeIgniter\CodeIgniter->runController(Object(App\Controllers\Register))
12 SYSTEMPATH\CodeIgniter.php(361): CodeIgniter\CodeIgniter->handleRequest(null, Object(Config\Cache), false)
13 FCPATH\index.php(79): CodeIgniter\CodeIgniter->run()
14 SYSTEMPATH\Commands\Server\rewrite.php(47): require_once('D:\\New folder\\sobatx\\public\\index.php')
CRITICAL - 2024-10-18 02:04:07 --> ErrorException: Undefined array key "alamat_user"
in APPPATH\Controllers\User.php on line 103.
 1 APPPATH\Controllers\User.php(103): CodeIgniter\Debug\Exceptions->errorHandler(2, 'Undefined array key "alamat_user"', 'D:\\New folder\\sobatx\\app\\Controllers\\User.php', 103)
 2 SYSTEMPATH\CodeIgniter.php(941): App\Controllers\User->login_checker()
 3 SYSTEMPATH\CodeIgniter.php(502): CodeIgniter\CodeIgniter->runController(Object(App\Controllers\User))
 4 SYSTEMPATH\CodeIgniter.php(361): CodeIgniter\CodeIgniter->handleRequest(null, Object(Config\Cache), false)
 5 FCPATH\index.php(79): CodeIgniter\CodeIgniter->run()
 6 SYSTEMPATH\Commands\Server\rewrite.php(47): require_once('D:\\New folder\\sobatx\\public\\index.php')
