CRITICAL - 2024-08-03 17:32:53 --> ErrorException: Undefined array key "foto_toko"
in APPPATH\Views\Frontend\master-pengguna\content\marketplace\detail-product.php on line 225.
 1 APPPATH\Views\Frontend\master-pengguna\content\marketplace\detail-product.php(225): CodeIgniter\Debug\Exceptions->errorHandler(2, 'Undefined array key "foto_toko"', 'C:\\xampp\\htdocs\\sobatx\\app\\Views\\Frontend\\master-pengguna\\content\\marketplace\\detail-product.php', 225)
 2 SYSTEMPATH\View\View.php(228): include('C:\\xampp\\htdocs\\sobatx\\app\\Views\\Frontend\\master-pengguna\\content\\marketplace\\detail-product.php')
 3 SYSTEMPATH\View\View.php(231): CodeIgniter\View\View->CodeIgniter\View\{closure}()
 4 SYSTEMPATH\Common.php(1178): CodeIgniter\View\View->render('Frontend/master-pengguna/content/marketplace/detail-product', [], true)
 5 APPPATH\Controllers\Marketplace.php(238): view('Frontend/master-pengguna/content/marketplace/detail-product', [...])
 6 SYSTEMPATH\CodeIgniter.php(941): App\Controllers\Marketplace->detail_product_marketplace('47aa14bf33a38a9c0026e4dde52c182240bb031f')
 7 SYSTEMPATH\CodeIgniter.php(502): CodeIgniter\CodeIgniter->runController(Object(App\Controllers\Marketplace))
 8 SYSTEMPATH\CodeIgniter.php(361): CodeIgniter\CodeIgniter->handleRequest(null, Object(Config\Cache), false)
 9 FCPATH\index.php(79): CodeIgniter\CodeIgniter->run()
10 SYSTEMPATH\Commands\Server\rewrite.php(47): require_once('C:\\xampp\\htdocs\\sobatx\\public\\index.php')
ERROR - 2024-08-03 19:13:50 --> mysqli_sql_exception: Cannot add or update a child row: a foreign key constraint fails (`sob4tx`.`tbl_alamat`, CONSTRAINT `tbl_alamat_ibfk_1` FOREIGN KEY (`id_user`) REFERENCES `tbl_user` (`id_user`)) in C:\xampp\htdocs\sobatx\system\Database\MySQLi\Connection.php:306
Stack trace:
#0 C:\xampp\htdocs\sobatx\system\Database\MySQLi\Connection.php(306): mysqli->query('INSERT INTO `tb...', 0)
#1 C:\xampp\htdocs\sobatx\system\Database\BaseConnection.php(693): CodeIgniter\Database\MySQLi\Connection->execute('INSERT INTO `tb...')
#2 C:\xampp\htdocs\sobatx\system\Database\BaseConnection.php(607): CodeIgniter\Database\BaseConnection->simpleQuery('INSERT INTO `tb...')
#3 C:\xampp\htdocs\sobatx\system\Database\BaseBuilder.php(2307): CodeIgniter\Database\BaseConnection->query('INSERT INTO `tb...', Array, false)
#4 C:\xampp\htdocs\sobatx\app\Models\M_Alamat.php(46): CodeIgniter\Database\BaseBuilder->insert(Array)
#5 C:\xampp\htdocs\sobatx\app\Controllers\Marketplace.php(393): App\Models\M_Alamat->saveDataAlamat(Array)
#6 C:\xampp\htdocs\sobatx\system\CodeIgniter.php(941): App\Controllers\Marketplace->save_checkout_alamat()
#7 C:\xampp\htdocs\sobatx\system\CodeIgniter.php(502): CodeIgniter\CodeIgniter->runController(Object(App\Controllers\Marketplace))
#8 C:\xampp\htdocs\sobatx\system\CodeIgniter.php(361): CodeIgniter\CodeIgniter->handleRequest(NULL, Object(Config\Cache), false)
#9 C:\xampp\htdocs\sobatx\public\index.php(79): CodeIgniter\CodeIgniter->run()
#10 C:\xampp\htdocs\sobatx\system\Commands\Server\rewrite.php(47): require_once('C:\\xampp\\htdocs...')
#11 {main}
CRITICAL - 2024-08-03 19:13:50 --> CodeIgniter\Database\Exceptions\DatabaseException: Cannot add or update a child row: a foreign key constraint fails (`sob4tx`.`tbl_alamat`, CONSTRAINT `tbl_alamat_ibfk_1` FOREIGN KEY (`id_user`) REFERENCES `tbl_user` (`id_user`))
in SYSTEMPATH\Database\BaseConnection.php on line 647.
 1 SYSTEMPATH\Database\BaseBuilder.php(2307): CodeIgniter\Database\BaseConnection->query('INSERT INTO `tbl_alamat` (`id_alamat`, `id_user`, `id_provinsi`, `id_kota`, `nama_penerima`, `kode_pos`, `alamat_lengkap`, `detail_alamat`, `no_hp`, `is_delete_alamat`, `created_at`, `updated_at`) VALUES (:id_alamat:, :id_user:, :id_provinsi:, :id_kota:, :nama_penerima:, :kode_pos:, :alamat_lengkap:, :detail_alamat:, :no_hp:, :is_delete_alamat:, :created_at:, :updated_at:)', [...], false)
 2 APPPATH\Models\M_Alamat.php(46): CodeIgniter\Database\BaseBuilder->insert([...])
 3 APPPATH\Controllers\Marketplace.php(393): App\Models\M_Alamat->saveDataAlamat([...])
 4 SYSTEMPATH\CodeIgniter.php(941): App\Controllers\Marketplace->save_checkout_alamat()
 5 SYSTEMPATH\CodeIgniter.php(502): CodeIgniter\CodeIgniter->runController(Object(App\Controllers\Marketplace))
 6 SYSTEMPATH\CodeIgniter.php(361): CodeIgniter\CodeIgniter->handleRequest(null, Object(Config\Cache), false)
 7 FCPATH\index.php(79): CodeIgniter\CodeIgniter->run()
 8 SYSTEMPATH\Commands\Server\rewrite.php(47): require_once('C:\\xampp\\htdocs\\sobatx\\public\\index.php')
CRITICAL - 2024-08-03 19:13:50 --> [Caused by] CodeIgniter\Database\Exceptions\DatabaseException: Cannot add or update a child row: a foreign key constraint fails (`sob4tx`.`tbl_alamat`, CONSTRAINT `tbl_alamat_ibfk_1` FOREIGN KEY (`id_user`) REFERENCES `tbl_user` (`id_user`))
in SYSTEMPATH\Database\MySQLi\Connection.php on line 311.
 1 SYSTEMPATH\Database\BaseConnection.php(693): CodeIgniter\Database\MySQLi\Connection->execute('INSERT INTO `tbl_alamat` (`id_alamat`, `id_user`, `id_provinsi`, `id_kota`, `nama_penerima`, `kode_pos`, `alamat_lengkap`, `detail_alamat`, `no_hp`, `is_delete_alamat`, `created_at`, `updated_at`) VALUES (\'ALT2408030001\', \'USR2406199001\', \'33\', \'316\', \'Ferdy R\', \'32382\', \'PUNCAK 4\', \'-\', \'+6289524424936\', \'0\', \'2024-08-03 19:13:50\', \'2024-08-03 19:13:50\')')
 2 SYSTEMPATH\Database\BaseConnection.php(607): CodeIgniter\Database\BaseConnection->simpleQuery('INSERT INTO `tbl_alamat` (`id_alamat`, `id_user`, `id_provinsi`, `id_kota`, `nama_penerima`, `kode_pos`, `alamat_lengkap`, `detail_alamat`, `no_hp`, `is_delete_alamat`, `created_at`, `updated_at`) VALUES (\'ALT2408030001\', \'USR2406199001\', \'33\', \'316\', \'Ferdy R\', \'32382\', \'PUNCAK 4\', \'-\', \'+6289524424936\', \'0\', \'2024-08-03 19:13:50\', \'2024-08-03 19:13:50\')')
 3 SYSTEMPATH\Database\BaseBuilder.php(2307): CodeIgniter\Database\BaseConnection->query('INSERT INTO `tbl_alamat` (`id_alamat`, `id_user`, `id_provinsi`, `id_kota`, `nama_penerima`, `kode_pos`, `alamat_lengkap`, `detail_alamat`, `no_hp`, `is_delete_alamat`, `created_at`, `updated_at`) VALUES (:id_alamat:, :id_user:, :id_provinsi:, :id_kota:, :nama_penerima:, :kode_pos:, :alamat_lengkap:, :detail_alamat:, :no_hp:, :is_delete_alamat:, :created_at:, :updated_at:)', [...], false)
 4 APPPATH\Models\M_Alamat.php(46): CodeIgniter\Database\BaseBuilder->insert([...])
 5 APPPATH\Controllers\Marketplace.php(393): App\Models\M_Alamat->saveDataAlamat([...])
 6 SYSTEMPATH\CodeIgniter.php(941): App\Controllers\Marketplace->save_checkout_alamat()
 7 SYSTEMPATH\CodeIgniter.php(502): CodeIgniter\CodeIgniter->runController(Object(App\Controllers\Marketplace))
 8 SYSTEMPATH\CodeIgniter.php(361): CodeIgniter\CodeIgniter->handleRequest(null, Object(Config\Cache), false)
 9 FCPATH\index.php(79): CodeIgniter\CodeIgniter->run()
10 SYSTEMPATH\Commands\Server\rewrite.php(47): require_once('C:\\xampp\\htdocs\\sobatx\\public\\index.php')
CRITICAL - 2024-08-03 19:13:50 --> [Caused by] mysqli_sql_exception: Cannot add or update a child row: a foreign key constraint fails (`sob4tx`.`tbl_alamat`, CONSTRAINT `tbl_alamat_ibfk_1` FOREIGN KEY (`id_user`) REFERENCES `tbl_user` (`id_user`))
in SYSTEMPATH\Database\MySQLi\Connection.php on line 306.
 1 SYSTEMPATH\Database\MySQLi\Connection.php(306): mysqli->query('INSERT INTO `tbl_alamat` (`id_alamat`, `id_user`, `id_provinsi`, `id_kota`, `nama_penerima`, `kode_pos`, `alamat_lengkap`, `detail_alamat`, `no_hp`, `is_delete_alamat`, `created_at`, `updated_at`) VALUES (\'ALT2408030001\', \'USR2406199001\', \'33\', \'316\', \'Ferdy R\', \'32382\', \'PUNCAK 4\', \'-\', \'+6289524424936\', \'0\', \'2024-08-03 19:13:50\', \'2024-08-03 19:13:50\')', 0)
 2 SYSTEMPATH\Database\BaseConnection.php(693): CodeIgniter\Database\MySQLi\Connection->execute('INSERT INTO `tbl_alamat` (`id_alamat`, `id_user`, `id_provinsi`, `id_kota`, `nama_penerima`, `kode_pos`, `alamat_lengkap`, `detail_alamat`, `no_hp`, `is_delete_alamat`, `created_at`, `updated_at`) VALUES (\'ALT2408030001\', \'USR2406199001\', \'33\', \'316\', \'Ferdy R\', \'32382\', \'PUNCAK 4\', \'-\', \'+6289524424936\', \'0\', \'2024-08-03 19:13:50\', \'2024-08-03 19:13:50\')')
 3 SYSTEMPATH\Database\BaseConnection.php(607): CodeIgniter\Database\BaseConnection->simpleQuery('INSERT INTO `tbl_alamat` (`id_alamat`, `id_user`, `id_provinsi`, `id_kota`, `nama_penerima`, `kode_pos`, `alamat_lengkap`, `detail_alamat`, `no_hp`, `is_delete_alamat`, `created_at`, `updated_at`) VALUES (\'ALT2408030001\', \'USR2406199001\', \'33\', \'316\', \'Ferdy R\', \'32382\', \'PUNCAK 4\', \'-\', \'+6289524424936\', \'0\', \'2024-08-03 19:13:50\', \'2024-08-03 19:13:50\')')
 4 SYSTEMPATH\Database\BaseBuilder.php(2307): CodeIgniter\Database\BaseConnection->query('INSERT INTO `tbl_alamat` (`id_alamat`, `id_user`, `id_provinsi`, `id_kota`, `nama_penerima`, `kode_pos`, `alamat_lengkap`, `detail_alamat`, `no_hp`, `is_delete_alamat`, `created_at`, `updated_at`) VALUES (:id_alamat:, :id_user:, :id_provinsi:, :id_kota:, :nama_penerima:, :kode_pos:, :alamat_lengkap:, :detail_alamat:, :no_hp:, :is_delete_alamat:, :created_at:, :updated_at:)', [...], false)
 5 APPPATH\Models\M_Alamat.php(46): CodeIgniter\Database\BaseBuilder->insert([...])
 6 APPPATH\Controllers\Marketplace.php(393): App\Models\M_Alamat->saveDataAlamat([...])
 7 SYSTEMPATH\CodeIgniter.php(941): App\Controllers\Marketplace->save_checkout_alamat()
 8 SYSTEMPATH\CodeIgniter.php(502): CodeIgniter\CodeIgniter->runController(Object(App\Controllers\Marketplace))
 9 SYSTEMPATH\CodeIgniter.php(361): CodeIgniter\CodeIgniter->handleRequest(null, Object(Config\Cache), false)
10 FCPATH\index.php(79): CodeIgniter\CodeIgniter->run()
11 SYSTEMPATH\Commands\Server\rewrite.php(47): require_once('C:\\xampp\\htdocs\\sobatx\\public\\index.php')
ERROR - 2024-08-03 19:15:50 --> mysqli_sql_exception: Cannot add or update a child row: a foreign key constraint fails (`sob4tx`.`tbl_alamat`, CONSTRAINT `tbl_alamat_ibfk_1` FOREIGN KEY (`id_user`) REFERENCES `tbl_user` (`id_user`)) in C:\xampp\htdocs\sobatx\system\Database\MySQLi\Connection.php:306
Stack trace:
#0 C:\xampp\htdocs\sobatx\system\Database\MySQLi\Connection.php(306): mysqli->query('INSERT INTO `tb...', 0)
#1 C:\xampp\htdocs\sobatx\system\Database\BaseConnection.php(693): CodeIgniter\Database\MySQLi\Connection->execute('INSERT INTO `tb...')
#2 C:\xampp\htdocs\sobatx\system\Database\BaseConnection.php(607): CodeIgniter\Database\BaseConnection->simpleQuery('INSERT INTO `tb...')
#3 C:\xampp\htdocs\sobatx\system\Database\BaseBuilder.php(2307): CodeIgniter\Database\BaseConnection->query('INSERT INTO `tb...', Array, false)
#4 C:\xampp\htdocs\sobatx\app\Models\M_Alamat.php(46): CodeIgniter\Database\BaseBuilder->insert(Array)
#5 C:\xampp\htdocs\sobatx\app\Controllers\Marketplace.php(393): App\Models\M_Alamat->saveDataAlamat(Array)
#6 C:\xampp\htdocs\sobatx\system\CodeIgniter.php(941): App\Controllers\Marketplace->save_checkout_alamat()
#7 C:\xampp\htdocs\sobatx\system\CodeIgniter.php(502): CodeIgniter\CodeIgniter->runController(Object(App\Controllers\Marketplace))
#8 C:\xampp\htdocs\sobatx\system\CodeIgniter.php(361): CodeIgniter\CodeIgniter->handleRequest(NULL, Object(Config\Cache), false)
#9 C:\xampp\htdocs\sobatx\public\index.php(79): CodeIgniter\CodeIgniter->run()
#10 C:\xampp\htdocs\sobatx\system\Commands\Server\rewrite.php(47): require_once('C:\\xampp\\htdocs...')
#11 {main}
CRITICAL - 2024-08-03 19:15:50 --> CodeIgniter\Database\Exceptions\DatabaseException: Cannot add or update a child row: a foreign key constraint fails (`sob4tx`.`tbl_alamat`, CONSTRAINT `tbl_alamat_ibfk_1` FOREIGN KEY (`id_user`) REFERENCES `tbl_user` (`id_user`))
in SYSTEMPATH\Database\BaseConnection.php on line 647.
 1 SYSTEMPATH\Database\BaseBuilder.php(2307): CodeIgniter\Database\BaseConnection->query('INSERT INTO `tbl_alamat` (`id_alamat`, `id_user`, `id_provinsi`, `id_kota`, `nama_penerima`, `kode_pos`, `alamat_lengkap`, `detail_alamat`, `no_hp`, `is_delete_alamat`, `created_at`, `updated_at`) VALUES (:id_alamat:, :id_user:, :id_provinsi:, :id_kota:, :nama_penerima:, :kode_pos:, :alamat_lengkap:, :detail_alamat:, :no_hp:, :is_delete_alamat:, :created_at:, :updated_at:)', [...], false)
 2 APPPATH\Models\M_Alamat.php(46): CodeIgniter\Database\BaseBuilder->insert([...])
 3 APPPATH\Controllers\Marketplace.php(393): App\Models\M_Alamat->saveDataAlamat([...])
 4 SYSTEMPATH\CodeIgniter.php(941): App\Controllers\Marketplace->save_checkout_alamat()
 5 SYSTEMPATH\CodeIgniter.php(502): CodeIgniter\CodeIgniter->runController(Object(App\Controllers\Marketplace))
 6 SYSTEMPATH\CodeIgniter.php(361): CodeIgniter\CodeIgniter->handleRequest(null, Object(Config\Cache), false)
 7 FCPATH\index.php(79): CodeIgniter\CodeIgniter->run()
 8 SYSTEMPATH\Commands\Server\rewrite.php(47): require_once('C:\\xampp\\htdocs\\sobatx\\public\\index.php')
CRITICAL - 2024-08-03 19:15:50 --> [Caused by] CodeIgniter\Database\Exceptions\DatabaseException: Cannot add or update a child row: a foreign key constraint fails (`sob4tx`.`tbl_alamat`, CONSTRAINT `tbl_alamat_ibfk_1` FOREIGN KEY (`id_user`) REFERENCES `tbl_user` (`id_user`))
in SYSTEMPATH\Database\MySQLi\Connection.php on line 311.
 1 SYSTEMPATH\Database\BaseConnection.php(693): CodeIgniter\Database\MySQLi\Connection->execute('INSERT INTO `tbl_alamat` (`id_alamat`, `id_user`, `id_provinsi`, `id_kota`, `nama_penerima`, `kode_pos`, `alamat_lengkap`, `detail_alamat`, `no_hp`, `is_delete_alamat`, `created_at`, `updated_at`) VALUES (\'ALT2408030001\', \'USR2406199001\', \'33\', \'316\', \'Ferdy R\', \'32382\', \'PUNCAK 4\', \'-\', \'+6289524424936\', \'0\', \'2024-08-03 19:15:50\', \'2024-08-03 19:15:50\')')
 2 SYSTEMPATH\Database\BaseConnection.php(607): CodeIgniter\Database\BaseConnection->simpleQuery('INSERT INTO `tbl_alamat` (`id_alamat`, `id_user`, `id_provinsi`, `id_kota`, `nama_penerima`, `kode_pos`, `alamat_lengkap`, `detail_alamat`, `no_hp`, `is_delete_alamat`, `created_at`, `updated_at`) VALUES (\'ALT2408030001\', \'USR2406199001\', \'33\', \'316\', \'Ferdy R\', \'32382\', \'PUNCAK 4\', \'-\', \'+6289524424936\', \'0\', \'2024-08-03 19:15:50\', \'2024-08-03 19:15:50\')')
 3 SYSTEMPATH\Database\BaseBuilder.php(2307): CodeIgniter\Database\BaseConnection->query('INSERT INTO `tbl_alamat` (`id_alamat`, `id_user`, `id_provinsi`, `id_kota`, `nama_penerima`, `kode_pos`, `alamat_lengkap`, `detail_alamat`, `no_hp`, `is_delete_alamat`, `created_at`, `updated_at`) VALUES (:id_alamat:, :id_user:, :id_provinsi:, :id_kota:, :nama_penerima:, :kode_pos:, :alamat_lengkap:, :detail_alamat:, :no_hp:, :is_delete_alamat:, :created_at:, :updated_at:)', [...], false)
 4 APPPATH\Models\M_Alamat.php(46): CodeIgniter\Database\BaseBuilder->insert([...])
 5 APPPATH\Controllers\Marketplace.php(393): App\Models\M_Alamat->saveDataAlamat([...])
 6 SYSTEMPATH\CodeIgniter.php(941): App\Controllers\Marketplace->save_checkout_alamat()
 7 SYSTEMPATH\CodeIgniter.php(502): CodeIgniter\CodeIgniter->runController(Object(App\Controllers\Marketplace))
 8 SYSTEMPATH\CodeIgniter.php(361): CodeIgniter\CodeIgniter->handleRequest(null, Object(Config\Cache), false)
 9 FCPATH\index.php(79): CodeIgniter\CodeIgniter->run()
10 SYSTEMPATH\Commands\Server\rewrite.php(47): require_once('C:\\xampp\\htdocs\\sobatx\\public\\index.php')
CRITICAL - 2024-08-03 19:15:50 --> [Caused by] mysqli_sql_exception: Cannot add or update a child row: a foreign key constraint fails (`sob4tx`.`tbl_alamat`, CONSTRAINT `tbl_alamat_ibfk_1` FOREIGN KEY (`id_user`) REFERENCES `tbl_user` (`id_user`))
in SYSTEMPATH\Database\MySQLi\Connection.php on line 306.
 1 SYSTEMPATH\Database\MySQLi\Connection.php(306): mysqli->query('INSERT INTO `tbl_alamat` (`id_alamat`, `id_user`, `id_provinsi`, `id_kota`, `nama_penerima`, `kode_pos`, `alamat_lengkap`, `detail_alamat`, `no_hp`, `is_delete_alamat`, `created_at`, `updated_at`) VALUES (\'ALT2408030001\', \'USR2406199001\', \'33\', \'316\', \'Ferdy R\', \'32382\', \'PUNCAK 4\', \'-\', \'+6289524424936\', \'0\', \'2024-08-03 19:15:50\', \'2024-08-03 19:15:50\')', 0)
 2 SYSTEMPATH\Database\BaseConnection.php(693): CodeIgniter\Database\MySQLi\Connection->execute('INSERT INTO `tbl_alamat` (`id_alamat`, `id_user`, `id_provinsi`, `id_kota`, `nama_penerima`, `kode_pos`, `alamat_lengkap`, `detail_alamat`, `no_hp`, `is_delete_alamat`, `created_at`, `updated_at`) VALUES (\'ALT2408030001\', \'USR2406199001\', \'33\', \'316\', \'Ferdy R\', \'32382\', \'PUNCAK 4\', \'-\', \'+6289524424936\', \'0\', \'2024-08-03 19:15:50\', \'2024-08-03 19:15:50\')')
 3 SYSTEMPATH\Database\BaseConnection.php(607): CodeIgniter\Database\BaseConnection->simpleQuery('INSERT INTO `tbl_alamat` (`id_alamat`, `id_user`, `id_provinsi`, `id_kota`, `nama_penerima`, `kode_pos`, `alamat_lengkap`, `detail_alamat`, `no_hp`, `is_delete_alamat`, `created_at`, `updated_at`) VALUES (\'ALT2408030001\', \'USR2406199001\', \'33\', \'316\', \'Ferdy R\', \'32382\', \'PUNCAK 4\', \'-\', \'+6289524424936\', \'0\', \'2024-08-03 19:15:50\', \'2024-08-03 19:15:50\')')
 4 SYSTEMPATH\Database\BaseBuilder.php(2307): CodeIgniter\Database\BaseConnection->query('INSERT INTO `tbl_alamat` (`id_alamat`, `id_user`, `id_provinsi`, `id_kota`, `nama_penerima`, `kode_pos`, `alamat_lengkap`, `detail_alamat`, `no_hp`, `is_delete_alamat`, `created_at`, `updated_at`) VALUES (:id_alamat:, :id_user:, :id_provinsi:, :id_kota:, :nama_penerima:, :kode_pos:, :alamat_lengkap:, :detail_alamat:, :no_hp:, :is_delete_alamat:, :created_at:, :updated_at:)', [...], false)
 5 APPPATH\Models\M_Alamat.php(46): CodeIgniter\Database\BaseBuilder->insert([...])
 6 APPPATH\Controllers\Marketplace.php(393): App\Models\M_Alamat->saveDataAlamat([...])
 7 SYSTEMPATH\CodeIgniter.php(941): App\Controllers\Marketplace->save_checkout_alamat()
 8 SYSTEMPATH\CodeIgniter.php(502): CodeIgniter\CodeIgniter->runController(Object(App\Controllers\Marketplace))
 9 SYSTEMPATH\CodeIgniter.php(361): CodeIgniter\CodeIgniter->handleRequest(null, Object(Config\Cache), false)
10 FCPATH\index.php(79): CodeIgniter\CodeIgniter->run()
11 SYSTEMPATH\Commands\Server\rewrite.php(47): require_once('C:\\xampp\\htdocs\\sobatx\\public\\index.php')
ERROR - 2024-08-03 19:17:45 --> mysqli_sql_exception: Cannot add or update a child row: a foreign key constraint fails (`sob4tx`.`tbl_alamat`, CONSTRAINT `tbl_alamat_ibfk_1` FOREIGN KEY (`id_user`) REFERENCES `tbl_user` (`id_user`)) in C:\xampp\htdocs\sobatx\system\Database\MySQLi\Connection.php:306
Stack trace:
#0 C:\xampp\htdocs\sobatx\system\Database\MySQLi\Connection.php(306): mysqli->query('INSERT INTO `tb...', 0)
#1 C:\xampp\htdocs\sobatx\system\Database\BaseConnection.php(693): CodeIgniter\Database\MySQLi\Connection->execute('INSERT INTO `tb...')
#2 C:\xampp\htdocs\sobatx\system\Database\BaseConnection.php(607): CodeIgniter\Database\BaseConnection->simpleQuery('INSERT INTO `tb...')
#3 C:\xampp\htdocs\sobatx\system\Database\BaseBuilder.php(2307): CodeIgniter\Database\BaseConnection->query('INSERT INTO `tb...', Array, false)
#4 C:\xampp\htdocs\sobatx\app\Models\M_Alamat.php(46): CodeIgniter\Database\BaseBuilder->insert(Array)
#5 C:\xampp\htdocs\sobatx\app\Controllers\Marketplace.php(393): App\Models\M_Alamat->saveDataAlamat(Array)
#6 C:\xampp\htdocs\sobatx\system\CodeIgniter.php(941): App\Controllers\Marketplace->save_checkout_alamat()
#7 C:\xampp\htdocs\sobatx\system\CodeIgniter.php(502): CodeIgniter\CodeIgniter->runController(Object(App\Controllers\Marketplace))
#8 C:\xampp\htdocs\sobatx\system\CodeIgniter.php(361): CodeIgniter\CodeIgniter->handleRequest(NULL, Object(Config\Cache), false)
#9 C:\xampp\htdocs\sobatx\public\index.php(79): CodeIgniter\CodeIgniter->run()
#10 C:\xampp\htdocs\sobatx\system\Commands\Server\rewrite.php(47): require_once('C:\\xampp\\htdocs...')
#11 {main}
CRITICAL - 2024-08-03 19:17:45 --> CodeIgniter\Database\Exceptions\DatabaseException: Cannot add or update a child row: a foreign key constraint fails (`sob4tx`.`tbl_alamat`, CONSTRAINT `tbl_alamat_ibfk_1` FOREIGN KEY (`id_user`) REFERENCES `tbl_user` (`id_user`))
in SYSTEMPATH\Database\BaseConnection.php on line 647.
 1 SYSTEMPATH\Database\BaseBuilder.php(2307): CodeIgniter\Database\BaseConnection->query('INSERT INTO `tbl_alamat` (`id_alamat`, `id_user`, `id_provinsi`, `id_kota`, `nama_penerima`, `kode_pos`, `alamat_lengkap`, `detail_alamat`, `no_hp`, `is_delete_alamat`, `created_at`, `updated_at`) VALUES (:id_alamat:, :id_user:, :id_provinsi:, :id_kota:, :nama_penerima:, :kode_pos:, :alamat_lengkap:, :detail_alamat:, :no_hp:, :is_delete_alamat:, :created_at:, :updated_at:)', [...], false)
 2 APPPATH\Models\M_Alamat.php(46): CodeIgniter\Database\BaseBuilder->insert([...])
 3 APPPATH\Controllers\Marketplace.php(393): App\Models\M_Alamat->saveDataAlamat([...])
 4 SYSTEMPATH\CodeIgniter.php(941): App\Controllers\Marketplace->save_checkout_alamat()
 5 SYSTEMPATH\CodeIgniter.php(502): CodeIgniter\CodeIgniter->runController(Object(App\Controllers\Marketplace))
 6 SYSTEMPATH\CodeIgniter.php(361): CodeIgniter\CodeIgniter->handleRequest(null, Object(Config\Cache), false)
 7 FCPATH\index.php(79): CodeIgniter\CodeIgniter->run()
 8 SYSTEMPATH\Commands\Server\rewrite.php(47): require_once('C:\\xampp\\htdocs\\sobatx\\public\\index.php')
CRITICAL - 2024-08-03 19:17:45 --> [Caused by] CodeIgniter\Database\Exceptions\DatabaseException: Cannot add or update a child row: a foreign key constraint fails (`sob4tx`.`tbl_alamat`, CONSTRAINT `tbl_alamat_ibfk_1` FOREIGN KEY (`id_user`) REFERENCES `tbl_user` (`id_user`))
in SYSTEMPATH\Database\MySQLi\Connection.php on line 311.
 1 SYSTEMPATH\Database\BaseConnection.php(693): CodeIgniter\Database\MySQLi\Connection->execute('INSERT INTO `tbl_alamat` (`id_alamat`, `id_user`, `id_provinsi`, `id_kota`, `nama_penerima`, `kode_pos`, `alamat_lengkap`, `detail_alamat`, `no_hp`, `is_delete_alamat`, `created_at`, `updated_at`) VALUES (\'ALT2408030001\', \'USR2406199001\', \'33\', \'316\', \'Ferdy R\', \'32382\', \'PUNCAK 4\', \'-\', \'+6289524424936\', \'0\', \'2024-08-03 19:17:45\', \'2024-08-03 19:17:45\')')
 2 SYSTEMPATH\Database\BaseConnection.php(607): CodeIgniter\Database\BaseConnection->simpleQuery('INSERT INTO `tbl_alamat` (`id_alamat`, `id_user`, `id_provinsi`, `id_kota`, `nama_penerima`, `kode_pos`, `alamat_lengkap`, `detail_alamat`, `no_hp`, `is_delete_alamat`, `created_at`, `updated_at`) VALUES (\'ALT2408030001\', \'USR2406199001\', \'33\', \'316\', \'Ferdy R\', \'32382\', \'PUNCAK 4\', \'-\', \'+6289524424936\', \'0\', \'2024-08-03 19:17:45\', \'2024-08-03 19:17:45\')')
 3 SYSTEMPATH\Database\BaseBuilder.php(2307): CodeIgniter\Database\BaseConnection->query('INSERT INTO `tbl_alamat` (`id_alamat`, `id_user`, `id_provinsi`, `id_kota`, `nama_penerima`, `kode_pos`, `alamat_lengkap`, `detail_alamat`, `no_hp`, `is_delete_alamat`, `created_at`, `updated_at`) VALUES (:id_alamat:, :id_user:, :id_provinsi:, :id_kota:, :nama_penerima:, :kode_pos:, :alamat_lengkap:, :detail_alamat:, :no_hp:, :is_delete_alamat:, :created_at:, :updated_at:)', [...], false)
 4 APPPATH\Models\M_Alamat.php(46): CodeIgniter\Database\BaseBuilder->insert([...])
 5 APPPATH\Controllers\Marketplace.php(393): App\Models\M_Alamat->saveDataAlamat([...])
 6 SYSTEMPATH\CodeIgniter.php(941): App\Controllers\Marketplace->save_checkout_alamat()
 7 SYSTEMPATH\CodeIgniter.php(502): CodeIgniter\CodeIgniter->runController(Object(App\Controllers\Marketplace))
 8 SYSTEMPATH\CodeIgniter.php(361): CodeIgniter\CodeIgniter->handleRequest(null, Object(Config\Cache), false)
 9 FCPATH\index.php(79): CodeIgniter\CodeIgniter->run()
10 SYSTEMPATH\Commands\Server\rewrite.php(47): require_once('C:\\xampp\\htdocs\\sobatx\\public\\index.php')
CRITICAL - 2024-08-03 19:17:45 --> [Caused by] mysqli_sql_exception: Cannot add or update a child row: a foreign key constraint fails (`sob4tx`.`tbl_alamat`, CONSTRAINT `tbl_alamat_ibfk_1` FOREIGN KEY (`id_user`) REFERENCES `tbl_user` (`id_user`))
in SYSTEMPATH\Database\MySQLi\Connection.php on line 306.
 1 SYSTEMPATH\Database\MySQLi\Connection.php(306): mysqli->query('INSERT INTO `tbl_alamat` (`id_alamat`, `id_user`, `id_provinsi`, `id_kota`, `nama_penerima`, `kode_pos`, `alamat_lengkap`, `detail_alamat`, `no_hp`, `is_delete_alamat`, `created_at`, `updated_at`) VALUES (\'ALT2408030001\', \'USR2406199001\', \'33\', \'316\', \'Ferdy R\', \'32382\', \'PUNCAK 4\', \'-\', \'+6289524424936\', \'0\', \'2024-08-03 19:17:45\', \'2024-08-03 19:17:45\')', 0)
 2 SYSTEMPATH\Database\BaseConnection.php(693): CodeIgniter\Database\MySQLi\Connection->execute('INSERT INTO `tbl_alamat` (`id_alamat`, `id_user`, `id_provinsi`, `id_kota`, `nama_penerima`, `kode_pos`, `alamat_lengkap`, `detail_alamat`, `no_hp`, `is_delete_alamat`, `created_at`, `updated_at`) VALUES (\'ALT2408030001\', \'USR2406199001\', \'33\', \'316\', \'Ferdy R\', \'32382\', \'PUNCAK 4\', \'-\', \'+6289524424936\', \'0\', \'2024-08-03 19:17:45\', \'2024-08-03 19:17:45\')')
 3 SYSTEMPATH\Database\BaseConnection.php(607): CodeIgniter\Database\BaseConnection->simpleQuery('INSERT INTO `tbl_alamat` (`id_alamat`, `id_user`, `id_provinsi`, `id_kota`, `nama_penerima`, `kode_pos`, `alamat_lengkap`, `detail_alamat`, `no_hp`, `is_delete_alamat`, `created_at`, `updated_at`) VALUES (\'ALT2408030001\', \'USR2406199001\', \'33\', \'316\', \'Ferdy R\', \'32382\', \'PUNCAK 4\', \'-\', \'+6289524424936\', \'0\', \'2024-08-03 19:17:45\', \'2024-08-03 19:17:45\')')
 4 SYSTEMPATH\Database\BaseBuilder.php(2307): CodeIgniter\Database\BaseConnection->query('INSERT INTO `tbl_alamat` (`id_alamat`, `id_user`, `id_provinsi`, `id_kota`, `nama_penerima`, `kode_pos`, `alamat_lengkap`, `detail_alamat`, `no_hp`, `is_delete_alamat`, `created_at`, `updated_at`) VALUES (:id_alamat:, :id_user:, :id_provinsi:, :id_kota:, :nama_penerima:, :kode_pos:, :alamat_lengkap:, :detail_alamat:, :no_hp:, :is_delete_alamat:, :created_at:, :updated_at:)', [...], false)
 5 APPPATH\Models\M_Alamat.php(46): CodeIgniter\Database\BaseBuilder->insert([...])
 6 APPPATH\Controllers\Marketplace.php(393): App\Models\M_Alamat->saveDataAlamat([...])
 7 SYSTEMPATH\CodeIgniter.php(941): App\Controllers\Marketplace->save_checkout_alamat()
 8 SYSTEMPATH\CodeIgniter.php(502): CodeIgniter\CodeIgniter->runController(Object(App\Controllers\Marketplace))
 9 SYSTEMPATH\CodeIgniter.php(361): CodeIgniter\CodeIgniter->handleRequest(null, Object(Config\Cache), false)
10 FCPATH\index.php(79): CodeIgniter\CodeIgniter->run()
11 SYSTEMPATH\Commands\Server\rewrite.php(47): require_once('C:\\xampp\\htdocs\\sobatx\\public\\index.php')
ERROR - 2024-08-03 19:33:23 --> mysqli_sql_exception: Unknown column 'tbl_tralamatd_user' in 'on clause' in C:\xampp\htdocs\sobatx\system\Database\MySQLi\Connection.php:306
Stack trace:
#0 C:\xampp\htdocs\sobatx\system\Database\MySQLi\Connection.php(306): mysqli->query('SELECT *\nFROM `...', 0)
#1 C:\xampp\htdocs\sobatx\system\Database\BaseConnection.php(693): CodeIgniter\Database\MySQLi\Connection->execute('SELECT *\nFROM `...')
#2 C:\xampp\htdocs\sobatx\system\Database\BaseConnection.php(607): CodeIgniter\Database\BaseConnection->simpleQuery('SELECT *\nFROM `...')
#3 C:\xampp\htdocs\sobatx\system\Database\BaseBuilder.php(1616): CodeIgniter\Database\BaseConnection->query('SELECT *\nFROM `...', Array, false)
#4 C:\xampp\htdocs\sobatx\app\Models\M_Alamat.php(40): CodeIgniter\Database\BaseBuilder->get()
#5 C:\xampp\htdocs\sobatx\app\Controllers\Marketplace.php(324): App\Models\M_Alamat->getDataAlamatJoin(Array)
#6 C:\xampp\htdocs\sobatx\system\CodeIgniter.php(941): App\Controllers\Marketplace->checkout_alamat()
#7 C:\xampp\htdocs\sobatx\system\CodeIgniter.php(502): CodeIgniter\CodeIgniter->runController(Object(App\Controllers\Marketplace))
#8 C:\xampp\htdocs\sobatx\system\CodeIgniter.php(361): CodeIgniter\CodeIgniter->handleRequest(NULL, Object(Config\Cache), false)
#9 C:\xampp\htdocs\sobatx\public\index.php(79): CodeIgniter\CodeIgniter->run()
#10 C:\xampp\htdocs\sobatx\system\Commands\Server\rewrite.php(47): require_once('C:\\xampp\\htdocs...')
#11 {main}
CRITICAL - 2024-08-03 19:33:23 --> CodeIgniter\Database\Exceptions\DatabaseException: Unknown column 'tbl_tralamatd_user' in 'on clause'
in SYSTEMPATH\Database\BaseConnection.php on line 647.
 1 SYSTEMPATH\Database\BaseBuilder.php(1616): CodeIgniter\Database\BaseConnection->query('SELECT *
FROM `tbl_alamat`
LEFT JOIN `tbl_user` ON `tbl_user`.`id_user` = `tbl_tralamatd_user`
WHERE `tbl_alamat`.`id_user` = :tbl_alamat.id_user:
ORDER BY `id_alamat` ASC', [...], false)
 2 APPPATH\Models\M_Alamat.php(40): CodeIgniter\Database\BaseBuilder->get()
 3 APPPATH\Controllers\Marketplace.php(324): App\Models\M_Alamat->getDataAlamatJoin([...])
 4 SYSTEMPATH\CodeIgniter.php(941): App\Controllers\Marketplace->checkout_alamat()
 5 SYSTEMPATH\CodeIgniter.php(502): CodeIgniter\CodeIgniter->runController(Object(App\Controllers\Marketplace))
 6 SYSTEMPATH\CodeIgniter.php(361): CodeIgniter\CodeIgniter->handleRequest(null, Object(Config\Cache), false)
 7 FCPATH\index.php(79): CodeIgniter\CodeIgniter->run()
 8 SYSTEMPATH\Commands\Server\rewrite.php(47): require_once('C:\\xampp\\htdocs\\sobatx\\public\\index.php')
CRITICAL - 2024-08-03 19:33:23 --> [Caused by] CodeIgniter\Database\Exceptions\DatabaseException: Unknown column 'tbl_tralamatd_user' in 'on clause'
in SYSTEMPATH\Database\MySQLi\Connection.php on line 311.
 1 SYSTEMPATH\Database\BaseConnection.php(693): CodeIgniter\Database\MySQLi\Connection->execute('SELECT *
FROM `tbl_alamat`
LEFT JOIN `tbl_user` ON `tbl_user`.`id_user` = `tbl_tralamatd_user`
WHERE `tbl_alamat`.`id_user` = \'USR2406199001\'
ORDER BY `id_alamat` ASC')
 2 SYSTEMPATH\Database\BaseConnection.php(607): CodeIgniter\Database\BaseConnection->simpleQuery('SELECT *
FROM `tbl_alamat`
LEFT JOIN `tbl_user` ON `tbl_user`.`id_user` = `tbl_tralamatd_user`
WHERE `tbl_alamat`.`id_user` = \'USR2406199001\'
ORDER BY `id_alamat` ASC')
 3 SYSTEMPATH\Database\BaseBuilder.php(1616): CodeIgniter\Database\BaseConnection->query('SELECT *
FROM `tbl_alamat`
LEFT JOIN `tbl_user` ON `tbl_user`.`id_user` = `tbl_tralamatd_user`
WHERE `tbl_alamat`.`id_user` = :tbl_alamat.id_user:
ORDER BY `id_alamat` ASC', [...], false)
 4 APPPATH\Models\M_Alamat.php(40): CodeIgniter\Database\BaseBuilder->get()
 5 APPPATH\Controllers\Marketplace.php(324): App\Models\M_Alamat->getDataAlamatJoin([...])
 6 SYSTEMPATH\CodeIgniter.php(941): App\Controllers\Marketplace->checkout_alamat()
 7 SYSTEMPATH\CodeIgniter.php(502): CodeIgniter\CodeIgniter->runController(Object(App\Controllers\Marketplace))
 8 SYSTEMPATH\CodeIgniter.php(361): CodeIgniter\CodeIgniter->handleRequest(null, Object(Config\Cache), false)
 9 FCPATH\index.php(79): CodeIgniter\CodeIgniter->run()
10 SYSTEMPATH\Commands\Server\rewrite.php(47): require_once('C:\\xampp\\htdocs\\sobatx\\public\\index.php')
CRITICAL - 2024-08-03 19:33:23 --> [Caused by] mysqli_sql_exception: Unknown column 'tbl_tralamatd_user' in 'on clause'
in SYSTEMPATH\Database\MySQLi\Connection.php on line 306.
 1 SYSTEMPATH\Database\MySQLi\Connection.php(306): mysqli->query('SELECT *
FROM `tbl_alamat`
LEFT JOIN `tbl_user` ON `tbl_user`.`id_user` = `tbl_tralamatd_user`
WHERE `tbl_alamat`.`id_user` = \'USR2406199001\'
ORDER BY `id_alamat` ASC', 0)
 2 SYSTEMPATH\Database\BaseConnection.php(693): CodeIgniter\Database\MySQLi\Connection->execute('SELECT *
FROM `tbl_alamat`
LEFT JOIN `tbl_user` ON `tbl_user`.`id_user` = `tbl_tralamatd_user`
WHERE `tbl_alamat`.`id_user` = \'USR2406199001\'
ORDER BY `id_alamat` ASC')
 3 SYSTEMPATH\Database\BaseConnection.php(607): CodeIgniter\Database\BaseConnection->simpleQuery('SELECT *
FROM `tbl_alamat`
LEFT JOIN `tbl_user` ON `tbl_user`.`id_user` = `tbl_tralamatd_user`
WHERE `tbl_alamat`.`id_user` = \'USR2406199001\'
ORDER BY `id_alamat` ASC')
 4 SYSTEMPATH\Database\BaseBuilder.php(1616): CodeIgniter\Database\BaseConnection->query('SELECT *
FROM `tbl_alamat`
LEFT JOIN `tbl_user` ON `tbl_user`.`id_user` = `tbl_tralamatd_user`
WHERE `tbl_alamat`.`id_user` = :tbl_alamat.id_user:
ORDER BY `id_alamat` ASC', [...], false)
 5 APPPATH\Models\M_Alamat.php(40): CodeIgniter\Database\BaseBuilder->get()
 6 APPPATH\Controllers\Marketplace.php(324): App\Models\M_Alamat->getDataAlamatJoin([...])
 7 SYSTEMPATH\CodeIgniter.php(941): App\Controllers\Marketplace->checkout_alamat()
 8 SYSTEMPATH\CodeIgniter.php(502): CodeIgniter\CodeIgniter->runController(Object(App\Controllers\Marketplace))
 9 SYSTEMPATH\CodeIgniter.php(361): CodeIgniter\CodeIgniter->handleRequest(null, Object(Config\Cache), false)
10 FCPATH\index.php(79): CodeIgniter\CodeIgniter->run()
11 SYSTEMPATH\Commands\Server\rewrite.php(47): require_once('C:\\xampp\\htdocs\\sobatx\\public\\index.php')
CRITICAL - 2024-08-03 19:36:21 --> ErrorException: Undefined array key "no__hp"
in APPPATH\Views\Frontend\master-pengguna\content\marketplace\alamat.php on line 69.
 1 APPPATH\Views\Frontend\master-pengguna\content\marketplace\alamat.php(69): CodeIgniter\Debug\Exceptions->errorHandler(2, 'Undefined array key "no__hp"', 'C:\\xampp\\htdocs\\sobatx\\app\\Views\\Frontend\\master-pengguna\\content\\marketplace\\alamat.php', 69)
 2 SYSTEMPATH\View\View.php(228): include('C:\\xampp\\htdocs\\sobatx\\app\\Views\\Frontend\\master-pengguna\\content\\marketplace\\alamat.php')
 3 SYSTEMPATH\View\View.php(231): CodeIgniter\View\View->CodeIgniter\View\{closure}()
 4 SYSTEMPATH\Common.php(1178): CodeIgniter\View\View->render('Frontend/master-pengguna/content/marketplace/alamat', [], true)
 5 APPPATH\Controllers\Marketplace.php(403): view('Frontend/master-pengguna/content/marketplace/alamat', [...])
 6 SYSTEMPATH\CodeIgniter.php(941): App\Controllers\Marketplace->checkout_alamat()
 7 SYSTEMPATH\CodeIgniter.php(502): CodeIgniter\CodeIgniter->runController(Object(App\Controllers\Marketplace))
 8 SYSTEMPATH\CodeIgniter.php(361): CodeIgniter\CodeIgniter->handleRequest(null, Object(Config\Cache), false)
 9 FCPATH\index.php(79): CodeIgniter\CodeIgniter->run()
10 SYSTEMPATH\Commands\Server\rewrite.php(47): require_once('C:\\xampp\\htdocs\\sobatx\\public\\index.php')
CRITICAL - 2024-08-03 19:51:44 --> ErrorException: foreach() argument must be of type array|object, string given
in APPPATH\Views\Frontend\master-pengguna\content\marketplace\alamat.php on line 73.
 1 APPPATH\Views\Frontend\master-pengguna\content\marketplace\alamat.php(73): CodeIgniter\Debug\Exceptions->errorHandler(2, 'foreach() argument must be of type array|object, string given', 'C:\\xampp\\htdocs\\sobatx\\app\\Views\\Frontend\\master-pengguna\\content\\marketplace\\alamat.php', 73)
 2 SYSTEMPATH\View\View.php(228): include('C:\\xampp\\htdocs\\sobatx\\app\\Views\\Frontend\\master-pengguna\\content\\marketplace\\alamat.php')
 3 SYSTEMPATH\View\View.php(231): CodeIgniter\View\View->CodeIgniter\View\{closure}()
 4 SYSTEMPATH\Common.php(1178): CodeIgniter\View\View->render('Frontend/master-pengguna/content/marketplace/alamat', [], true)
 5 APPPATH\Controllers\Marketplace.php(407): view('Frontend/master-pengguna/content/marketplace/alamat', [...])
 6 SYSTEMPATH\CodeIgniter.php(941): App\Controllers\Marketplace->checkout_alamat()
 7 SYSTEMPATH\CodeIgniter.php(502): CodeIgniter\CodeIgniter->runController(Object(App\Controllers\Marketplace))
 8 SYSTEMPATH\CodeIgniter.php(361): CodeIgniter\CodeIgniter->handleRequest(null, Object(Config\Cache), false)
 9 FCPATH\index.php(79): CodeIgniter\CodeIgniter->run()
10 SYSTEMPATH\Commands\Server\rewrite.php(47): require_once('C:\\xampp\\htdocs\\sobatx\\public\\index.php')
CRITICAL - 2024-08-03 19:52:37 --> ErrorException: foreach() argument must be of type array|object, string given
in APPPATH\Views\Frontend\master-pengguna\content\marketplace\alamat.php on line 73.
 1 APPPATH\Views\Frontend\master-pengguna\content\marketplace\alamat.php(73): CodeIgniter\Debug\Exceptions->errorHandler(2, 'foreach() argument must be of type array|object, string given', 'C:\\xampp\\htdocs\\sobatx\\app\\Views\\Frontend\\master-pengguna\\content\\marketplace\\alamat.php', 73)
 2 SYSTEMPATH\View\View.php(228): include('C:\\xampp\\htdocs\\sobatx\\app\\Views\\Frontend\\master-pengguna\\content\\marketplace\\alamat.php')
 3 SYSTEMPATH\View\View.php(231): CodeIgniter\View\View->CodeIgniter\View\{closure}()
 4 SYSTEMPATH\Common.php(1178): CodeIgniter\View\View->render('Frontend/master-pengguna/content/marketplace/alamat', [], true)
 5 APPPATH\Controllers\Marketplace.php(407): view('Frontend/master-pengguna/content/marketplace/alamat', [...])
 6 SYSTEMPATH\CodeIgniter.php(941): App\Controllers\Marketplace->checkout_alamat()
 7 SYSTEMPATH\CodeIgniter.php(502): CodeIgniter\CodeIgniter->runController(Object(App\Controllers\Marketplace))
 8 SYSTEMPATH\CodeIgniter.php(361): CodeIgniter\CodeIgniter->handleRequest(null, Object(Config\Cache), false)
 9 FCPATH\index.php(79): CodeIgniter\CodeIgniter->run()
10 SYSTEMPATH\Commands\Server\rewrite.php(47): require_once('C:\\xampp\\htdocs\\sobatx\\public\\index.php')
CRITICAL - 2024-08-03 19:52:50 --> ErrorException: foreach() argument must be of type array|object, string given
in APPPATH\Views\Frontend\master-pengguna\content\marketplace\alamat.php on line 73.
 1 APPPATH\Views\Frontend\master-pengguna\content\marketplace\alamat.php(73): CodeIgniter\Debug\Exceptions->errorHandler(2, 'foreach() argument must be of type array|object, string given', 'C:\\xampp\\htdocs\\sobatx\\app\\Views\\Frontend\\master-pengguna\\content\\marketplace\\alamat.php', 73)
 2 SYSTEMPATH\View\View.php(228): include('C:\\xampp\\htdocs\\sobatx\\app\\Views\\Frontend\\master-pengguna\\content\\marketplace\\alamat.php')
 3 SYSTEMPATH\View\View.php(231): CodeIgniter\View\View->CodeIgniter\View\{closure}()
 4 SYSTEMPATH\Common.php(1178): CodeIgniter\View\View->render('Frontend/master-pengguna/content/marketplace/alamat', [], true)
 5 APPPATH\Controllers\Marketplace.php(407): view('Frontend/master-pengguna/content/marketplace/alamat', [...])
 6 SYSTEMPATH\CodeIgniter.php(941): App\Controllers\Marketplace->checkout_alamat()
 7 SYSTEMPATH\CodeIgniter.php(502): CodeIgniter\CodeIgniter->runController(Object(App\Controllers\Marketplace))
 8 SYSTEMPATH\CodeIgniter.php(361): CodeIgniter\CodeIgniter->handleRequest(null, Object(Config\Cache), false)
 9 FCPATH\index.php(79): CodeIgniter\CodeIgniter->run()
10 SYSTEMPATH\Commands\Server\rewrite.php(47): require_once('C:\\xampp\\htdocs\\sobatx\\public\\index.php')
CRITICAL - 2024-08-03 19:53:26 --> ErrorException: foreach() argument must be of type array|object, string given
in APPPATH\Views\Frontend\master-pengguna\content\marketplace\alamat.php on line 73.
 1 APPPATH\Views\Frontend\master-pengguna\content\marketplace\alamat.php(73): CodeIgniter\Debug\Exceptions->errorHandler(2, 'foreach() argument must be of type array|object, string given', 'C:\\xampp\\htdocs\\sobatx\\app\\Views\\Frontend\\master-pengguna\\content\\marketplace\\alamat.php', 73)
 2 SYSTEMPATH\View\View.php(228): include('C:\\xampp\\htdocs\\sobatx\\app\\Views\\Frontend\\master-pengguna\\content\\marketplace\\alamat.php')
 3 SYSTEMPATH\View\View.php(231): CodeIgniter\View\View->CodeIgniter\View\{closure}()
 4 SYSTEMPATH\Common.php(1178): CodeIgniter\View\View->render('Frontend/master-pengguna/content/marketplace/alamat', [], true)
 5 APPPATH\Controllers\Marketplace.php(407): view('Frontend/master-pengguna/content/marketplace/alamat', [...])
 6 SYSTEMPATH\CodeIgniter.php(941): App\Controllers\Marketplace->checkout_alamat()
 7 SYSTEMPATH\CodeIgniter.php(502): CodeIgniter\CodeIgniter->runController(Object(App\Controllers\Marketplace))
 8 SYSTEMPATH\CodeIgniter.php(361): CodeIgniter\CodeIgniter->handleRequest(null, Object(Config\Cache), false)
 9 FCPATH\index.php(79): CodeIgniter\CodeIgniter->run()
10 SYSTEMPATH\Commands\Server\rewrite.php(47): require_once('C:\\xampp\\htdocs\\sobatx\\public\\index.php')
CRITICAL - 2024-08-03 19:58:59 --> ErrorException: foreach() argument must be of type array|object, string given
in APPPATH\Views\Frontend\master-pengguna\content\marketplace\alamat.php on line 73.
 1 APPPATH\Views\Frontend\master-pengguna\content\marketplace\alamat.php(73): CodeIgniter\Debug\Exceptions->errorHandler(2, 'foreach() argument must be of type array|object, string given', 'C:\\xampp\\htdocs\\sobatx\\app\\Views\\Frontend\\master-pengguna\\content\\marketplace\\alamat.php', 73)
 2 SYSTEMPATH\View\View.php(228): include('C:\\xampp\\htdocs\\sobatx\\app\\Views\\Frontend\\master-pengguna\\content\\marketplace\\alamat.php')
 3 SYSTEMPATH\View\View.php(231): CodeIgniter\View\View->CodeIgniter\View\{closure}()
 4 SYSTEMPATH\Common.php(1178): CodeIgniter\View\View->render('Frontend/master-pengguna/content/marketplace/alamat', [], true)
 5 APPPATH\Controllers\Marketplace.php(407): view('Frontend/master-pengguna/content/marketplace/alamat', [...])
 6 SYSTEMPATH\CodeIgniter.php(941): App\Controllers\Marketplace->checkout_alamat()
 7 SYSTEMPATH\CodeIgniter.php(502): CodeIgniter\CodeIgniter->runController(Object(App\Controllers\Marketplace))
 8 SYSTEMPATH\CodeIgniter.php(361): CodeIgniter\CodeIgniter->handleRequest(null, Object(Config\Cache), false)
 9 FCPATH\index.php(79): CodeIgniter\CodeIgniter->run()
10 SYSTEMPATH\Commands\Server\rewrite.php(47): require_once('C:\\xampp\\htdocs\\sobatx\\public\\index.php')
CRITICAL - 2024-08-03 20:01:58 --> ErrorException: Array to string conversion
in APPPATH\Views\Frontend\master-pengguna\content\marketplace\alamat.php on line 86.
 1 APPPATH\Views\Frontend\master-pengguna\content\marketplace\alamat.php(86): CodeIgniter\Debug\Exceptions->errorHandler(2, 'Array to string conversion', 'C:\\xampp\\htdocs\\sobatx\\app\\Views\\Frontend\\master-pengguna\\content\\marketplace\\alamat.php', 86)
 2 SYSTEMPATH\View\View.php(228): include('C:\\xampp\\htdocs\\sobatx\\app\\Views\\Frontend\\master-pengguna\\content\\marketplace\\alamat.php')
 3 SYSTEMPATH\View\View.php(231): CodeIgniter\View\View->CodeIgniter\View\{closure}()
 4 SYSTEMPATH\Common.php(1178): CodeIgniter\View\View->render('Frontend/master-pengguna/content/marketplace/alamat', [], true)
 5 APPPATH\Controllers\Marketplace.php(407): view('Frontend/master-pengguna/content/marketplace/alamat', [...])
 6 SYSTEMPATH\CodeIgniter.php(941): App\Controllers\Marketplace->checkout_alamat()
 7 SYSTEMPATH\CodeIgniter.php(502): CodeIgniter\CodeIgniter->runController(Object(App\Controllers\Marketplace))
 8 SYSTEMPATH\CodeIgniter.php(361): CodeIgniter\CodeIgniter->handleRequest(null, Object(Config\Cache), false)
 9 FCPATH\index.php(79): CodeIgniter\CodeIgniter->run()
10 SYSTEMPATH\Commands\Server\rewrite.php(47): require_once('C:\\xampp\\htdocs\\sobatx\\public\\index.php')
CRITICAL - 2024-08-03 20:02:29 --> ErrorException: Array to string conversion
in APPPATH\Views\Frontend\master-pengguna\content\marketplace\alamat.php on line 86.
 1 APPPATH\Views\Frontend\master-pengguna\content\marketplace\alamat.php(86): CodeIgniter\Debug\Exceptions->errorHandler(2, 'Array to string conversion', 'C:\\xampp\\htdocs\\sobatx\\app\\Views\\Frontend\\master-pengguna\\content\\marketplace\\alamat.php', 86)
 2 SYSTEMPATH\View\View.php(228): include('C:\\xampp\\htdocs\\sobatx\\app\\Views\\Frontend\\master-pengguna\\content\\marketplace\\alamat.php')
 3 SYSTEMPATH\View\View.php(231): CodeIgniter\View\View->CodeIgniter\View\{closure}()
 4 SYSTEMPATH\Common.php(1178): CodeIgniter\View\View->render('Frontend/master-pengguna/content/marketplace/alamat', [], true)
 5 APPPATH\Controllers\Marketplace.php(407): view('Frontend/master-pengguna/content/marketplace/alamat', [...])
 6 SYSTEMPATH\CodeIgniter.php(941): App\Controllers\Marketplace->checkout_alamat()
 7 SYSTEMPATH\CodeIgniter.php(502): CodeIgniter\CodeIgniter->runController(Object(App\Controllers\Marketplace))
 8 SYSTEMPATH\CodeIgniter.php(361): CodeIgniter\CodeIgniter->handleRequest(null, Object(Config\Cache), false)
 9 FCPATH\index.php(79): CodeIgniter\CodeIgniter->run()
10 SYSTEMPATH\Commands\Server\rewrite.php(47): require_once('C:\\xampp\\htdocs\\sobatx\\public\\index.php')
CRITICAL - 2024-08-03 20:03:22 --> ErrorException: foreach() argument must be of type array|object, string given
in APPPATH\Views\Frontend\master-pengguna\content\marketplace\alamat.php on line 74.
 1 APPPATH\Views\Frontend\master-pengguna\content\marketplace\alamat.php(74): CodeIgniter\Debug\Exceptions->errorHandler(2, 'foreach() argument must be of type array|object, string given', 'C:\\xampp\\htdocs\\sobatx\\app\\Views\\Frontend\\master-pengguna\\content\\marketplace\\alamat.php', 74)
 2 SYSTEMPATH\View\View.php(228): include('C:\\xampp\\htdocs\\sobatx\\app\\Views\\Frontend\\master-pengguna\\content\\marketplace\\alamat.php')
 3 SYSTEMPATH\View\View.php(231): CodeIgniter\View\View->CodeIgniter\View\{closure}()
 4 SYSTEMPATH\Common.php(1178): CodeIgniter\View\View->render('Frontend/master-pengguna/content/marketplace/alamat', [], true)
 5 APPPATH\Controllers\Marketplace.php(407): view('Frontend/master-pengguna/content/marketplace/alamat', [...])
 6 SYSTEMPATH\CodeIgniter.php(941): App\Controllers\Marketplace->checkout_alamat()
 7 SYSTEMPATH\CodeIgniter.php(502): CodeIgniter\CodeIgniter->runController(Object(App\Controllers\Marketplace))
 8 SYSTEMPATH\CodeIgniter.php(361): CodeIgniter\CodeIgniter->handleRequest(null, Object(Config\Cache), false)
 9 FCPATH\index.php(79): CodeIgniter\CodeIgniter->run()
10 SYSTEMPATH\Commands\Server\rewrite.php(47): require_once('C:\\xampp\\htdocs\\sobatx\\public\\index.php')
CRITICAL - 2024-08-03 20:03:48 --> ErrorException: foreach() argument must be of type array|object, string given
in APPPATH\Views\Frontend\master-pengguna\content\marketplace\alamat.php on line 75.
 1 APPPATH\Views\Frontend\master-pengguna\content\marketplace\alamat.php(75): CodeIgniter\Debug\Exceptions->errorHandler(2, 'foreach() argument must be of type array|object, string given', 'C:\\xampp\\htdocs\\sobatx\\app\\Views\\Frontend\\master-pengguna\\content\\marketplace\\alamat.php', 75)
 2 SYSTEMPATH\View\View.php(228): include('C:\\xampp\\htdocs\\sobatx\\app\\Views\\Frontend\\master-pengguna\\content\\marketplace\\alamat.php')
 3 SYSTEMPATH\View\View.php(231): CodeIgniter\View\View->CodeIgniter\View\{closure}()
 4 SYSTEMPATH\Common.php(1178): CodeIgniter\View\View->render('Frontend/master-pengguna/content/marketplace/alamat', [], true)
 5 APPPATH\Controllers\Marketplace.php(407): view('Frontend/master-pengguna/content/marketplace/alamat', [...])
 6 SYSTEMPATH\CodeIgniter.php(941): App\Controllers\Marketplace->checkout_alamat()
 7 SYSTEMPATH\CodeIgniter.php(502): CodeIgniter\CodeIgniter->runController(Object(App\Controllers\Marketplace))
 8 SYSTEMPATH\CodeIgniter.php(361): CodeIgniter\CodeIgniter->handleRequest(null, Object(Config\Cache), false)
 9 FCPATH\index.php(79): CodeIgniter\CodeIgniter->run()
10 SYSTEMPATH\Commands\Server\rewrite.php(47): require_once('C:\\xampp\\htdocs\\sobatx\\public\\index.php')
CRITICAL - 2024-08-03 20:12:04 --> ErrorException: Undefined array key "city_id"
in APPPATH\Views\Frontend\master-pengguna\content\marketplace\alamat.php on line 75.
 1 APPPATH\Views\Frontend\master-pengguna\content\marketplace\alamat.php(75): CodeIgniter\Debug\Exceptions->errorHandler(2, 'Undefined array key "city_id"', 'C:\\xampp\\htdocs\\sobatx\\app\\Views\\Frontend\\master-pengguna\\content\\marketplace\\alamat.php', 75)
 2 SYSTEMPATH\View\View.php(228): include('C:\\xampp\\htdocs\\sobatx\\app\\Views\\Frontend\\master-pengguna\\content\\marketplace\\alamat.php')
 3 SYSTEMPATH\View\View.php(231): CodeIgniter\View\View->CodeIgniter\View\{closure}()
 4 SYSTEMPATH\Common.php(1178): CodeIgniter\View\View->render('Frontend/master-pengguna/content/marketplace/alamat', [], true)
 5 APPPATH\Controllers\Marketplace.php(408): view('Frontend/master-pengguna/content/marketplace/alamat', [...])
 6 SYSTEMPATH\CodeIgniter.php(941): App\Controllers\Marketplace->checkout_alamat()
 7 SYSTEMPATH\CodeIgniter.php(502): CodeIgniter\CodeIgniter->runController(Object(App\Controllers\Marketplace))
 8 SYSTEMPATH\CodeIgniter.php(361): CodeIgniter\CodeIgniter->handleRequest(null, Object(Config\Cache), false)
 9 FCPATH\index.php(79): CodeIgniter\CodeIgniter->run()
10 SYSTEMPATH\Commands\Server\rewrite.php(47): require_once('C:\\xampp\\htdocs\\sobatx\\public\\index.php')
CRITICAL - 2024-08-03 20:14:14 --> ErrorException: foreach() argument must be of type array|object, string given
in APPPATH\Views\Frontend\master-pengguna\content\marketplace\alamat.php on line 73.
 1 APPPATH\Views\Frontend\master-pengguna\content\marketplace\alamat.php(73): CodeIgniter\Debug\Exceptions->errorHandler(2, 'foreach() argument must be of type array|object, string given', 'C:\\xampp\\htdocs\\sobatx\\app\\Views\\Frontend\\master-pengguna\\content\\marketplace\\alamat.php', 73)
 2 SYSTEMPATH\View\View.php(228): include('C:\\xampp\\htdocs\\sobatx\\app\\Views\\Frontend\\master-pengguna\\content\\marketplace\\alamat.php')
 3 SYSTEMPATH\View\View.php(231): CodeIgniter\View\View->CodeIgniter\View\{closure}()
 4 SYSTEMPATH\Common.php(1178): CodeIgniter\View\View->render('Frontend/master-pengguna/content/marketplace/alamat', [], true)
 5 APPPATH\Controllers\Marketplace.php(408): view('Frontend/master-pengguna/content/marketplace/alamat', [...])
 6 SYSTEMPATH\CodeIgniter.php(941): App\Controllers\Marketplace->checkout_alamat()
 7 SYSTEMPATH\CodeIgniter.php(502): CodeIgniter\CodeIgniter->runController(Object(App\Controllers\Marketplace))
 8 SYSTEMPATH\CodeIgniter.php(361): CodeIgniter\CodeIgniter->handleRequest(null, Object(Config\Cache), false)
 9 FCPATH\index.php(79): CodeIgniter\CodeIgniter->run()
10 SYSTEMPATH\Commands\Server\rewrite.php(47): require_once('C:\\xampp\\htdocs\\sobatx\\public\\index.php')
CRITICAL - 2024-08-03 20:20:48 --> ErrorException: Undefined property: CodeIgniter\Database\MySQLi\Result::$getRowArray
in APPPATH\Controllers\Marketplace.php on line 307.
 1 APPPATH\Controllers\Marketplace.php(307): CodeIgniter\Debug\Exceptions->errorHandler(2, 'Undefined property: CodeIgniter\\Database\\MySQLi\\Result::$getRowArray', 'C:\\xampp\\htdocs\\sobatx\\app\\Controllers\\Marketplace.php', 307)
 2 SYSTEMPATH\CodeIgniter.php(941): App\Controllers\Marketplace->checkout_product_marketplace('f34ad4036e090fd768102023760678c0bdfa8a49')
 3 SYSTEMPATH\CodeIgniter.php(502): CodeIgniter\CodeIgniter->runController(Object(App\Controllers\Marketplace))
 4 SYSTEMPATH\CodeIgniter.php(361): CodeIgniter\CodeIgniter->handleRequest(null, Object(Config\Cache), false)
 5 FCPATH\index.php(79): CodeIgniter\CodeIgniter->run()
 6 SYSTEMPATH\Commands\Server\rewrite.php(47): require_once('C:\\xampp\\htdocs\\sobatx\\public\\index.php')
