CRITICAL - 2024-09-07 11:54:15 --> ErrorException: Undefined array key "
            id_transaksi "
in APPPATH\Views\Frontend\master-pengguna\content\marketplace\checkout.php on line 247.
 1 APPPATH\Views\Frontend\master-pengguna\content\marketplace\checkout.php(247): CodeIgniter\Debug\Exceptions->errorHandler(2, 'Undefined array key "
            id_transaksi "', 'E:\\Project\\sobatx\\app\\Views\\Frontend\\master-pengguna\\content\\marketplace\\checkout.php', 247)
 2 SYSTEMPATH\View\View.php(228): include('E:\\Project\\sobatx\\app\\Views\\Frontend\\master-pengguna\\content\\marketplace\\checkout.php')
 3 SYSTEMPATH\View\View.php(231): CodeIgniter\View\View->CodeIgniter\View\{closure}()
 4 SYSTEMPATH\Common.php(1178): CodeIgniter\View\View->render('Frontend/master-pengguna/content/marketplace/checkout', [], true)
 5 APPPATH\Controllers\Marketplace.php(601): view('Frontend/master-pengguna/content/marketplace/checkout', [...])
 6 SYSTEMPATH\CodeIgniter.php(941): App\Controllers\Marketplace->checkout_product_marketplace('aa52d93801a700f25001723ad03518df57fea127')
 7 SYSTEMPATH\CodeIgniter.php(502): CodeIgniter\CodeIgniter->runController(Object(App\Controllers\Marketplace))
 8 SYSTEMPATH\CodeIgniter.php(361): CodeIgniter\CodeIgniter->handleRequest(null, Object(Config\Cache), false)
 9 FCPATH\index.php(79): CodeIgniter\CodeIgniter->run()
10 SYSTEMPATH\Commands\Server\rewrite.php(47): require_once('E:\\Project\\sobatx\\public\\index.php')
CRITICAL - 2024-09-07 11:54:21 --> ErrorException: Undefined array key "
            id_transaksi "
in APPPATH\Views\Frontend\master-pengguna\content\marketplace\checkout.php on line 247.
 1 APPPATH\Views\Frontend\master-pengguna\content\marketplace\checkout.php(247): CodeIgniter\Debug\Exceptions->errorHandler(2, 'Undefined array key "
            id_transaksi "', 'E:\\Project\\sobatx\\app\\Views\\Frontend\\master-pengguna\\content\\marketplace\\checkout.php', 247)
 2 SYSTEMPATH\View\View.php(228): include('E:\\Project\\sobatx\\app\\Views\\Frontend\\master-pengguna\\content\\marketplace\\checkout.php')
 3 SYSTEMPATH\View\View.php(231): CodeIgniter\View\View->CodeIgniter\View\{closure}()
 4 SYSTEMPATH\Common.php(1178): CodeIgniter\View\View->render('Frontend/master-pengguna/content/marketplace/checkout', [], true)
 5 APPPATH\Controllers\Marketplace.php(601): view('Frontend/master-pengguna/content/marketplace/checkout', [...])
 6 SYSTEMPATH\CodeIgniter.php(941): App\Controllers\Marketplace->checkout_product_marketplace('aa52d93801a700f25001723ad03518df57fea127')
 7 SYSTEMPATH\CodeIgniter.php(502): CodeIgniter\CodeIgniter->runController(Object(App\Controllers\Marketplace))
 8 SYSTEMPATH\CodeIgniter.php(361): CodeIgniter\CodeIgniter->handleRequest(null, Object(Config\Cache), false)
 9 FCPATH\index.php(79): CodeIgniter\CodeIgniter->run()
10 SYSTEMPATH\Commands\Server\rewrite.php(47): require_once('E:\\Project\\sobatx\\public\\index.php')
CRITICAL - 2024-09-07 11:55:11 --> ErrorException: Undefined array key "id_transaksi "
in APPPATH\Views\Frontend\master-pengguna\content\marketplace\checkout.php on line 247.
 1 APPPATH\Views\Frontend\master-pengguna\content\marketplace\checkout.php(247): CodeIgniter\Debug\Exceptions->errorHandler(2, 'Undefined array key "id_transaksi "', 'E:\\Project\\sobatx\\app\\Views\\Frontend\\master-pengguna\\content\\marketplace\\checkout.php', 247)
 2 SYSTEMPATH\View\View.php(228): include('E:\\Project\\sobatx\\app\\Views\\Frontend\\master-pengguna\\content\\marketplace\\checkout.php')
 3 SYSTEMPATH\View\View.php(231): CodeIgniter\View\View->CodeIgniter\View\{closure}()
 4 SYSTEMPATH\Common.php(1178): CodeIgniter\View\View->render('Frontend/master-pengguna/content/marketplace/checkout', [], true)
 5 APPPATH\Controllers\Marketplace.php(601): view('Frontend/master-pengguna/content/marketplace/checkout', [...])
 6 SYSTEMPATH\CodeIgniter.php(941): App\Controllers\Marketplace->checkout_product_marketplace('aa52d93801a700f25001723ad03518df57fea127')
 7 SYSTEMPATH\CodeIgniter.php(502): CodeIgniter\CodeIgniter->runController(Object(App\Controllers\Marketplace))
 8 SYSTEMPATH\CodeIgniter.php(361): CodeIgniter\CodeIgniter->handleRequest(null, Object(Config\Cache), false)
 9 FCPATH\index.php(79): CodeIgniter\CodeIgniter->run()
10 SYSTEMPATH\Commands\Server\rewrite.php(47): require_once('E:\\Project\\sobatx\\public\\index.php')
CRITICAL - 2024-09-07 11:56:30 --> ErrorException: Undefined array key "id_transaksi "
in APPPATH\Views\Frontend\master-pengguna\content\marketplace\checkout.php on line 247.
 1 APPPATH\Views\Frontend\master-pengguna\content\marketplace\checkout.php(247): CodeIgniter\Debug\Exceptions->errorHandler(2, 'Undefined array key "id_transaksi "', 'E:\\Project\\sobatx\\app\\Views\\Frontend\\master-pengguna\\content\\marketplace\\checkout.php', 247)
 2 SYSTEMPATH\View\View.php(228): include('E:\\Project\\sobatx\\app\\Views\\Frontend\\master-pengguna\\content\\marketplace\\checkout.php')
 3 SYSTEMPATH\View\View.php(231): CodeIgniter\View\View->CodeIgniter\View\{closure}()
 4 SYSTEMPATH\Common.php(1178): CodeIgniter\View\View->render('Frontend/master-pengguna/content/marketplace/checkout', [], true)
 5 APPPATH\Controllers\Marketplace.php(601): view('Frontend/master-pengguna/content/marketplace/checkout', [...])
 6 SYSTEMPATH\CodeIgniter.php(941): App\Controllers\Marketplace->checkout_product_marketplace('21e71f988c1e9fbb356a972d408630eec74448f9')
 7 SYSTEMPATH\CodeIgniter.php(502): CodeIgniter\CodeIgniter->runController(Object(App\Controllers\Marketplace))
 8 SYSTEMPATH\CodeIgniter.php(361): CodeIgniter\CodeIgniter->handleRequest(null, Object(Config\Cache), false)
 9 FCPATH\index.php(79): CodeIgniter\CodeIgniter->run()
10 SYSTEMPATH\Commands\Server\rewrite.php(47): require_once('E:\\Project\\sobatx\\public\\index.php')
