ERROR - 2024-07-26 20:16:57 --> mysqli_sql_exception: Unknown column 'tbl_favorite.deleted_at' in 'where clause' in C:\xampp\htdocs\sobatx\system\Database\MySQLi\Connection.php:306
Stack trace:
#0 C:\xampp\htdocs\sobatx\system\Database\MySQLi\Connection.php(306): mysqli->query('SELECT *\nFROM `...', 0)
#1 C:\xampp\htdocs\sobatx\system\Database\BaseConnection.php(693): CodeIgniter\Database\MySQLi\Connection->execute('SELECT *\nFROM `...')
#2 C:\xampp\htdocs\sobatx\system\Database\BaseConnection.php(607): CodeIgniter\Database\BaseConnection->simpleQuery('SELECT *\nFROM `...')
#3 C:\xampp\htdocs\sobatx\system\Database\BaseBuilder.php(1616): CodeIgniter\Database\BaseConnection->query('SELECT *\nFROM `...', Array, false)
#4 C:\xampp\htdocs\sobatx\system\Model.php(202): CodeIgniter\Database\BaseBuilder->get()
#5 C:\xampp\htdocs\sobatx\system\BaseModel.php(577): CodeIgniter\Model->doFind(false, NULL)
#6 C:\xampp\htdocs\sobatx\app\Controllers\Marketplace.php(128): CodeIgniter\BaseModel->find()
#7 C:\xampp\htdocs\sobatx\system\CodeIgniter.php(941): App\Controllers\Marketplace->add_favorite()
#8 C:\xampp\htdocs\sobatx\system\CodeIgniter.php(502): CodeIgniter\CodeIgniter->runController(Object(App\Controllers\Marketplace))
#9 C:\xampp\htdocs\sobatx\system\CodeIgniter.php(361): CodeIgniter\CodeIgniter->handleRequest(NULL, Object(Config\Cache), false)
#10 C:\xampp\htdocs\sobatx\public\index.php(79): CodeIgniter\CodeIgniter->run()
#11 C:\xampp\htdocs\sobatx\system\Commands\Server\rewrite.php(47): require_once('C:\\xampp\\htdocs...')
#12 {main}
CRITICAL - 2024-07-26 20:16:57 --> CodeIgniter\Database\Exceptions\DatabaseException: Unknown column 'tbl_favorite.deleted_at' in 'where clause'
in SYSTEMPATH\Database\BaseConnection.php on line 647.
 1 SYSTEMPATH\Database\BaseBuilder.php(1616): CodeIgniter\Database\BaseConnection->query('SELECT *
FROM `tbl_favorite`
WHERE `id_produk` = :id_produk:
AND `tbl_favorite`.`deleted_at` IS NULL', [...], false)
 2 SYSTEMPATH\Model.php(202): CodeIgniter\Database\BaseBuilder->get()
 3 SYSTEMPATH\BaseModel.php(577): CodeIgniter\Model->doFind(false, null)
 4 APPPATH\Controllers\Marketplace.php(128): CodeIgniter\BaseModel->find()
 5 SYSTEMPATH\CodeIgniter.php(941): App\Controllers\Marketplace->add_favorite()
 6 SYSTEMPATH\CodeIgniter.php(502): CodeIgniter\CodeIgniter->runController(Object(App\Controllers\Marketplace))
 7 SYSTEMPATH\CodeIgniter.php(361): CodeIgniter\CodeIgniter->handleRequest(null, Object(Config\Cache), false)
 8 FCPATH\index.php(79): CodeIgniter\CodeIgniter->run()
 9 SYSTEMPATH\Commands\Server\rewrite.php(47): require_once('C:\\xampp\\htdocs\\sobatx\\public\\index.php')
CRITICAL - 2024-07-26 20:16:57 --> [Caused by] CodeIgniter\Database\Exceptions\DatabaseException: Unknown column 'tbl_favorite.deleted_at' in 'where clause'
in SYSTEMPATH\Database\MySQLi\Connection.php on line 311.
 1 SYSTEMPATH\Database\BaseConnection.php(693): CodeIgniter\Database\MySQLi\Connection->execute('SELECT *
FROM `tbl_favorite`
WHERE `id_produk` = (\'240726\')
AND `tbl_favorite`.`deleted_at` IS NULL')
 2 SYSTEMPATH\Database\BaseConnection.php(607): CodeIgniter\Database\BaseConnection->simpleQuery('SELECT *
FROM `tbl_favorite`
WHERE `id_produk` = (\'240726\')
AND `tbl_favorite`.`deleted_at` IS NULL')
 3 SYSTEMPATH\Database\BaseBuilder.php(1616): CodeIgniter\Database\BaseConnection->query('SELECT *
FROM `tbl_favorite`
WHERE `id_produk` = :id_produk:
AND `tbl_favorite`.`deleted_at` IS NULL', [...], false)
 4 SYSTEMPATH\Model.php(202): CodeIgniter\Database\BaseBuilder->get()
 5 SYSTEMPATH\BaseModel.php(577): CodeIgniter\Model->doFind(false, null)
 6 APPPATH\Controllers\Marketplace.php(128): CodeIgniter\BaseModel->find()
 7 SYSTEMPATH\CodeIgniter.php(941): App\Controllers\Marketplace->add_favorite()
 8 SYSTEMPATH\CodeIgniter.php(502): CodeIgniter\CodeIgniter->runController(Object(App\Controllers\Marketplace))
 9 SYSTEMPATH\CodeIgniter.php(361): CodeIgniter\CodeIgniter->handleRequest(null, Object(Config\Cache), false)
10 FCPATH\index.php(79): CodeIgniter\CodeIgniter->run()
11 SYSTEMPATH\Commands\Server\rewrite.php(47): require_once('C:\\xampp\\htdocs\\sobatx\\public\\index.php')
CRITICAL - 2024-07-26 20:16:57 --> [Caused by] mysqli_sql_exception: Unknown column 'tbl_favorite.deleted_at' in 'where clause'
in SYSTEMPATH\Database\MySQLi\Connection.php on line 306.
 1 SYSTEMPATH\Database\MySQLi\Connection.php(306): mysqli->query('SELECT *
FROM `tbl_favorite`
WHERE `id_produk` = (\'240726\')
AND `tbl_favorite`.`deleted_at` IS NULL', 0)
 2 SYSTEMPATH\Database\BaseConnection.php(693): CodeIgniter\Database\MySQLi\Connection->execute('SELECT *
FROM `tbl_favorite`
WHERE `id_produk` = (\'240726\')
AND `tbl_favorite`.`deleted_at` IS NULL')
 3 SYSTEMPATH\Database\BaseConnection.php(607): CodeIgniter\Database\BaseConnection->simpleQuery('SELECT *
FROM `tbl_favorite`
WHERE `id_produk` = (\'240726\')
AND `tbl_favorite`.`deleted_at` IS NULL')
 4 SYSTEMPATH\Database\BaseBuilder.php(1616): CodeIgniter\Database\BaseConnection->query('SELECT *
FROM `tbl_favorite`
WHERE `id_produk` = :id_produk:
AND `tbl_favorite`.`deleted_at` IS NULL', [...], false)
 5 SYSTEMPATH\Model.php(202): CodeIgniter\Database\BaseBuilder->get()
 6 SYSTEMPATH\BaseModel.php(577): CodeIgniter\Model->doFind(false, null)
 7 APPPATH\Controllers\Marketplace.php(128): CodeIgniter\BaseModel->find()
 8 SYSTEMPATH\CodeIgniter.php(941): App\Controllers\Marketplace->add_favorite()
 9 SYSTEMPATH\CodeIgniter.php(502): CodeIgniter\CodeIgniter->runController(Object(App\Controllers\Marketplace))
10 SYSTEMPATH\CodeIgniter.php(361): CodeIgniter\CodeIgniter->handleRequest(null, Object(Config\Cache), false)
11 FCPATH\index.php(79): CodeIgniter\CodeIgniter->run()
12 SYSTEMPATH\Commands\Server\rewrite.php(47): require_once('C:\\xampp\\htdocs\\sobatx\\public\\index.php')
ERROR - 2024-07-26 20:17:10 --> mysqli_sql_exception: Unknown column 'tbl_favorite.deleted_at' in 'where clause' in C:\xampp\htdocs\sobatx\system\Database\MySQLi\Connection.php:306
Stack trace:
#0 C:\xampp\htdocs\sobatx\system\Database\MySQLi\Connection.php(306): mysqli->query('SELECT *\nFROM `...', 0)
#1 C:\xampp\htdocs\sobatx\system\Database\BaseConnection.php(693): CodeIgniter\Database\MySQLi\Connection->execute('SELECT *\nFROM `...')
#2 C:\xampp\htdocs\sobatx\system\Database\BaseConnection.php(607): CodeIgniter\Database\BaseConnection->simpleQuery('SELECT *\nFROM `...')
#3 C:\xampp\htdocs\sobatx\system\Database\BaseBuilder.php(1616): CodeIgniter\Database\BaseConnection->query('SELECT *\nFROM `...', Array, false)
#4 C:\xampp\htdocs\sobatx\system\Model.php(202): CodeIgniter\Database\BaseBuilder->get()
#5 C:\xampp\htdocs\sobatx\system\BaseModel.php(577): CodeIgniter\Model->doFind(false, NULL)
#6 C:\xampp\htdocs\sobatx\app\Controllers\Marketplace.php(128): CodeIgniter\BaseModel->find()
#7 C:\xampp\htdocs\sobatx\system\CodeIgniter.php(941): App\Controllers\Marketplace->add_favorite()
#8 C:\xampp\htdocs\sobatx\system\CodeIgniter.php(502): CodeIgniter\CodeIgniter->runController(Object(App\Controllers\Marketplace))
#9 C:\xampp\htdocs\sobatx\system\CodeIgniter.php(361): CodeIgniter\CodeIgniter->handleRequest(NULL, Object(Config\Cache), false)
#10 C:\xampp\htdocs\sobatx\public\index.php(79): CodeIgniter\CodeIgniter->run()
#11 C:\xampp\htdocs\sobatx\system\Commands\Server\rewrite.php(47): require_once('C:\\xampp\\htdocs...')
#12 {main}
CRITICAL - 2024-07-26 20:17:10 --> CodeIgniter\Database\Exceptions\DatabaseException: Unknown column 'tbl_favorite.deleted_at' in 'where clause'
in SYSTEMPATH\Database\BaseConnection.php on line 647.
 1 SYSTEMPATH\Database\BaseBuilder.php(1616): CodeIgniter\Database\BaseConnection->query('SELECT *
FROM `tbl_favorite`
WHERE `id_produk` = :id_produk:
AND `tbl_favorite`.`deleted_at` IS NULL', [...], false)
 2 SYSTEMPATH\Model.php(202): CodeIgniter\Database\BaseBuilder->get()
 3 SYSTEMPATH\BaseModel.php(577): CodeIgniter\Model->doFind(false, null)
 4 APPPATH\Controllers\Marketplace.php(128): CodeIgniter\BaseModel->find()
 5 SYSTEMPATH\CodeIgniter.php(941): App\Controllers\Marketplace->add_favorite()
 6 SYSTEMPATH\CodeIgniter.php(502): CodeIgniter\CodeIgniter->runController(Object(App\Controllers\Marketplace))
 7 SYSTEMPATH\CodeIgniter.php(361): CodeIgniter\CodeIgniter->handleRequest(null, Object(Config\Cache), false)
 8 FCPATH\index.php(79): CodeIgniter\CodeIgniter->run()
 9 SYSTEMPATH\Commands\Server\rewrite.php(47): require_once('C:\\xampp\\htdocs\\sobatx\\public\\index.php')
CRITICAL - 2024-07-26 20:17:10 --> [Caused by] CodeIgniter\Database\Exceptions\DatabaseException: Unknown column 'tbl_favorite.deleted_at' in 'where clause'
in SYSTEMPATH\Database\MySQLi\Connection.php on line 311.
 1 SYSTEMPATH\Database\BaseConnection.php(693): CodeIgniter\Database\MySQLi\Connection->execute('SELECT *
FROM `tbl_favorite`
WHERE `id_produk` = (\'240726\')
AND `tbl_favorite`.`deleted_at` IS NULL')
 2 SYSTEMPATH\Database\BaseConnection.php(607): CodeIgniter\Database\BaseConnection->simpleQuery('SELECT *
FROM `tbl_favorite`
WHERE `id_produk` = (\'240726\')
AND `tbl_favorite`.`deleted_at` IS NULL')
 3 SYSTEMPATH\Database\BaseBuilder.php(1616): CodeIgniter\Database\BaseConnection->query('SELECT *
FROM `tbl_favorite`
WHERE `id_produk` = :id_produk:
AND `tbl_favorite`.`deleted_at` IS NULL', [...], false)
 4 SYSTEMPATH\Model.php(202): CodeIgniter\Database\BaseBuilder->get()
 5 SYSTEMPATH\BaseModel.php(577): CodeIgniter\Model->doFind(false, null)
 6 APPPATH\Controllers\Marketplace.php(128): CodeIgniter\BaseModel->find()
 7 SYSTEMPATH\CodeIgniter.php(941): App\Controllers\Marketplace->add_favorite()
 8 SYSTEMPATH\CodeIgniter.php(502): CodeIgniter\CodeIgniter->runController(Object(App\Controllers\Marketplace))
 9 SYSTEMPATH\CodeIgniter.php(361): CodeIgniter\CodeIgniter->handleRequest(null, Object(Config\Cache), false)
10 FCPATH\index.php(79): CodeIgniter\CodeIgniter->run()
11 SYSTEMPATH\Commands\Server\rewrite.php(47): require_once('C:\\xampp\\htdocs\\sobatx\\public\\index.php')
CRITICAL - 2024-07-26 20:17:10 --> [Caused by] mysqli_sql_exception: Unknown column 'tbl_favorite.deleted_at' in 'where clause'
in SYSTEMPATH\Database\MySQLi\Connection.php on line 306.
 1 SYSTEMPATH\Database\MySQLi\Connection.php(306): mysqli->query('SELECT *
FROM `tbl_favorite`
WHERE `id_produk` = (\'240726\')
AND `tbl_favorite`.`deleted_at` IS NULL', 0)
 2 SYSTEMPATH\Database\BaseConnection.php(693): CodeIgniter\Database\MySQLi\Connection->execute('SELECT *
FROM `tbl_favorite`
WHERE `id_produk` = (\'240726\')
AND `tbl_favorite`.`deleted_at` IS NULL')
 3 SYSTEMPATH\Database\BaseConnection.php(607): CodeIgniter\Database\BaseConnection->simpleQuery('SELECT *
FROM `tbl_favorite`
WHERE `id_produk` = (\'240726\')
AND `tbl_favorite`.`deleted_at` IS NULL')
 4 SYSTEMPATH\Database\BaseBuilder.php(1616): CodeIgniter\Database\BaseConnection->query('SELECT *
FROM `tbl_favorite`
WHERE `id_produk` = :id_produk:
AND `tbl_favorite`.`deleted_at` IS NULL', [...], false)
 5 SYSTEMPATH\Model.php(202): CodeIgniter\Database\BaseBuilder->get()
 6 SYSTEMPATH\BaseModel.php(577): CodeIgniter\Model->doFind(false, null)
 7 APPPATH\Controllers\Marketplace.php(128): CodeIgniter\BaseModel->find()
 8 SYSTEMPATH\CodeIgniter.php(941): App\Controllers\Marketplace->add_favorite()
 9 SYSTEMPATH\CodeIgniter.php(502): CodeIgniter\CodeIgniter->runController(Object(App\Controllers\Marketplace))
10 SYSTEMPATH\CodeIgniter.php(361): CodeIgniter\CodeIgniter->handleRequest(null, Object(Config\Cache), false)
11 FCPATH\index.php(79): CodeIgniter\CodeIgniter->run()
12 SYSTEMPATH\Commands\Server\rewrite.php(47): require_once('C:\\xampp\\htdocs\\sobatx\\public\\index.php')
ERROR - 2024-07-26 20:18:31 --> mysqli_sql_exception: Unknown column 'tbl_favorite.deleted_at' in 'where clause' in C:\xampp\htdocs\sobatx\system\Database\MySQLi\Connection.php:306
Stack trace:
#0 C:\xampp\htdocs\sobatx\system\Database\MySQLi\Connection.php(306): mysqli->query('SELECT COUNT(*)...', 0)
#1 C:\xampp\htdocs\sobatx\system\Database\BaseConnection.php(693): CodeIgniter\Database\MySQLi\Connection->execute('SELECT COUNT(*)...')
#2 C:\xampp\htdocs\sobatx\system\Database\BaseConnection.php(607): CodeIgniter\Database\BaseConnection->simpleQuery('SELECT COUNT(*)...')
#3 C:\xampp\htdocs\sobatx\system\Database\BaseBuilder.php(1700): CodeIgniter\Database\BaseConnection->query('SELECT COUNT(*)...', Array, false)
#4 C:\xampp\htdocs\sobatx\system\Model.php(624): CodeIgniter\Database\BaseBuilder->countAllResults(true)
#5 C:\xampp\htdocs\sobatx\system\Model.php(714): CodeIgniter\Model->countAllResults()
#6 C:\xampp\htdocs\sobatx\system\BaseModel.php(710): CodeIgniter\Model->shouldUpdate(Array)
#7 C:\xampp\htdocs\sobatx\app\Controllers\Marketplace.php(133): CodeIgniter\BaseModel->save(Array)
#8 C:\xampp\htdocs\sobatx\system\CodeIgniter.php(941): App\Controllers\Marketplace->add_favorite()
#9 C:\xampp\htdocs\sobatx\system\CodeIgniter.php(502): CodeIgniter\CodeIgniter->runController(Object(App\Controllers\Marketplace))
#10 C:\xampp\htdocs\sobatx\system\CodeIgniter.php(361): CodeIgniter\CodeIgniter->handleRequest(NULL, Object(Config\Cache), false)
#11 C:\xampp\htdocs\sobatx\public\index.php(79): CodeIgniter\CodeIgniter->run()
#12 C:\xampp\htdocs\sobatx\system\Commands\Server\rewrite.php(47): require_once('C:\\xampp\\htdocs...')
#13 {main}
CRITICAL - 2024-07-26 20:18:31 --> CodeIgniter\Database\Exceptions\DatabaseException: Unknown column 'tbl_favorite.deleted_at' in 'where clause'
in SYSTEMPATH\Database\BaseConnection.php on line 647.
 1 SYSTEMPATH\Database\BaseBuilder.php(1700): CodeIgniter\Database\BaseConnection->query('SELECT COUNT(*) AS `numrows`
FROM `tbl_favorite`
WHERE `id_favorite` = :id_favorite:
AND `tbl_favorite`.`deleted_at` IS NULL', [...], false)
 2 SYSTEMPATH\Model.php(624): CodeIgniter\Database\BaseBuilder->countAllResults(true)
 3 SYSTEMPATH\Model.php(714): CodeIgniter\Model->countAllResults()
 4 SYSTEMPATH\BaseModel.php(710): CodeIgniter\Model->shouldUpdate([...])
 5 APPPATH\Controllers\Marketplace.php(133): CodeIgniter\BaseModel->save([...])
 6 SYSTEMPATH\CodeIgniter.php(941): App\Controllers\Marketplace->add_favorite()
 7 SYSTEMPATH\CodeIgniter.php(502): CodeIgniter\CodeIgniter->runController(Object(App\Controllers\Marketplace))
 8 SYSTEMPATH\CodeIgniter.php(361): CodeIgniter\CodeIgniter->handleRequest(null, Object(Config\Cache), false)
 9 FCPATH\index.php(79): CodeIgniter\CodeIgniter->run()
10 SYSTEMPATH\Commands\Server\rewrite.php(47): require_once('C:\\xampp\\htdocs\\sobatx\\public\\index.php')
CRITICAL - 2024-07-26 20:18:31 --> [Caused by] CodeIgniter\Database\Exceptions\DatabaseException: Unknown column 'tbl_favorite.deleted_at' in 'where clause'
in SYSTEMPATH\Database\MySQLi\Connection.php on line 311.
 1 SYSTEMPATH\Database\BaseConnection.php(693): CodeIgniter\Database\MySQLi\Connection->execute('SELECT COUNT(*) AS `numrows`
FROM `tbl_favorite`
WHERE `id_favorite` = \'1\'
AND `tbl_favorite`.`deleted_at` IS NULL')
 2 SYSTEMPATH\Database\BaseConnection.php(607): CodeIgniter\Database\BaseConnection->simpleQuery('SELECT COUNT(*) AS `numrows`
FROM `tbl_favorite`
WHERE `id_favorite` = \'1\'
AND `tbl_favorite`.`deleted_at` IS NULL')
 3 SYSTEMPATH\Database\BaseBuilder.php(1700): CodeIgniter\Database\BaseConnection->query('SELECT COUNT(*) AS `numrows`
FROM `tbl_favorite`
WHERE `id_favorite` = :id_favorite:
AND `tbl_favorite`.`deleted_at` IS NULL', [...], false)
 4 SYSTEMPATH\Model.php(624): CodeIgniter\Database\BaseBuilder->countAllResults(true)
 5 SYSTEMPATH\Model.php(714): CodeIgniter\Model->countAllResults()
 6 SYSTEMPATH\BaseModel.php(710): CodeIgniter\Model->shouldUpdate([...])
 7 APPPATH\Controllers\Marketplace.php(133): CodeIgniter\BaseModel->save([...])
 8 SYSTEMPATH\CodeIgniter.php(941): App\Controllers\Marketplace->add_favorite()
 9 SYSTEMPATH\CodeIgniter.php(502): CodeIgniter\CodeIgniter->runController(Object(App\Controllers\Marketplace))
10 SYSTEMPATH\CodeIgniter.php(361): CodeIgniter\CodeIgniter->handleRequest(null, Object(Config\Cache), false)
11 FCPATH\index.php(79): CodeIgniter\CodeIgniter->run()
12 SYSTEMPATH\Commands\Server\rewrite.php(47): require_once('C:\\xampp\\htdocs\\sobatx\\public\\index.php')
CRITICAL - 2024-07-26 20:18:31 --> [Caused by] mysqli_sql_exception: Unknown column 'tbl_favorite.deleted_at' in 'where clause'
in SYSTEMPATH\Database\MySQLi\Connection.php on line 306.
 1 SYSTEMPATH\Database\MySQLi\Connection.php(306): mysqli->query('SELECT COUNT(*) AS `numrows`
FROM `tbl_favorite`
WHERE `id_favorite` = \'1\'
AND `tbl_favorite`.`deleted_at` IS NULL', 0)
 2 SYSTEMPATH\Database\BaseConnection.php(693): CodeIgniter\Database\MySQLi\Connection->execute('SELECT COUNT(*) AS `numrows`
FROM `tbl_favorite`
WHERE `id_favorite` = \'1\'
AND `tbl_favorite`.`deleted_at` IS NULL')
 3 SYSTEMPATH\Database\BaseConnection.php(607): CodeIgniter\Database\BaseConnection->simpleQuery('SELECT COUNT(*) AS `numrows`
FROM `tbl_favorite`
WHERE `id_favorite` = \'1\'
AND `tbl_favorite`.`deleted_at` IS NULL')
 4 SYSTEMPATH\Database\BaseBuilder.php(1700): CodeIgniter\Database\BaseConnection->query('SELECT COUNT(*) AS `numrows`
FROM `tbl_favorite`
WHERE `id_favorite` = :id_favorite:
AND `tbl_favorite`.`deleted_at` IS NULL', [...], false)
 5 SYSTEMPATH\Model.php(624): CodeIgniter\Database\BaseBuilder->countAllResults(true)
 6 SYSTEMPATH\Model.php(714): CodeIgniter\Model->countAllResults()
 7 SYSTEMPATH\BaseModel.php(710): CodeIgniter\Model->shouldUpdate([...])
 8 APPPATH\Controllers\Marketplace.php(133): CodeIgniter\BaseModel->save([...])
 9 SYSTEMPATH\CodeIgniter.php(941): App\Controllers\Marketplace->add_favorite()
10 SYSTEMPATH\CodeIgniter.php(502): CodeIgniter\CodeIgniter->runController(Object(App\Controllers\Marketplace))
11 SYSTEMPATH\CodeIgniter.php(361): CodeIgniter\CodeIgniter->handleRequest(null, Object(Config\Cache), false)
12 FCPATH\index.php(79): CodeIgniter\CodeIgniter->run()
13 SYSTEMPATH\Commands\Server\rewrite.php(47): require_once('C:\\xampp\\htdocs\\sobatx\\public\\index.php')
ERROR - 2024-07-26 20:20:55 --> mysqli_sql_exception: Unknown column 'tbl_favorite.deleted_at' in 'where clause' in C:\xampp\htdocs\sobatx\system\Database\MySQLi\Connection.php:306
Stack trace:
#0 C:\xampp\htdocs\sobatx\system\Database\MySQLi\Connection.php(306): mysqli->query('SELECT COUNT(*)...', 0)
#1 C:\xampp\htdocs\sobatx\system\Database\BaseConnection.php(693): CodeIgniter\Database\MySQLi\Connection->execute('SELECT COUNT(*)...')
#2 C:\xampp\htdocs\sobatx\system\Database\BaseConnection.php(607): CodeIgniter\Database\BaseConnection->simpleQuery('SELECT COUNT(*)...')
#3 C:\xampp\htdocs\sobatx\system\Database\BaseBuilder.php(1700): CodeIgniter\Database\BaseConnection->query('SELECT COUNT(*)...', Array, false)
#4 C:\xampp\htdocs\sobatx\system\Model.php(624): CodeIgniter\Database\BaseBuilder->countAllResults(true)
#5 C:\xampp\htdocs\sobatx\system\Model.php(714): CodeIgniter\Model->countAllResults()
#6 C:\xampp\htdocs\sobatx\system\BaseModel.php(710): CodeIgniter\Model->shouldUpdate(Array)
#7 C:\xampp\htdocs\sobatx\app\Controllers\Marketplace.php(133): CodeIgniter\BaseModel->save(Array)
#8 C:\xampp\htdocs\sobatx\system\CodeIgniter.php(941): App\Controllers\Marketplace->add_favorite()
#9 C:\xampp\htdocs\sobatx\system\CodeIgniter.php(502): CodeIgniter\CodeIgniter->runController(Object(App\Controllers\Marketplace))
#10 C:\xampp\htdocs\sobatx\system\CodeIgniter.php(361): CodeIgniter\CodeIgniter->handleRequest(NULL, Object(Config\Cache), false)
#11 C:\xampp\htdocs\sobatx\public\index.php(79): CodeIgniter\CodeIgniter->run()
#12 C:\xampp\htdocs\sobatx\system\Commands\Server\rewrite.php(47): require_once('C:\\xampp\\htdocs...')
#13 {main}
CRITICAL - 2024-07-26 20:20:55 --> CodeIgniter\Database\Exceptions\DatabaseException: Unknown column 'tbl_favorite.deleted_at' in 'where clause'
in SYSTEMPATH\Database\BaseConnection.php on line 647.
 1 SYSTEMPATH\Database\BaseBuilder.php(1700): CodeIgniter\Database\BaseConnection->query('SELECT COUNT(*) AS `numrows`
FROM `tbl_favorite`
WHERE `id_favorite` = :id_favorite:
AND `tbl_favorite`.`deleted_at` IS NULL', [...], false)
 2 SYSTEMPATH\Model.php(624): CodeIgniter\Database\BaseBuilder->countAllResults(true)
 3 SYSTEMPATH\Model.php(714): CodeIgniter\Model->countAllResults()
 4 SYSTEMPATH\BaseModel.php(710): CodeIgniter\Model->shouldUpdate([...])
 5 APPPATH\Controllers\Marketplace.php(133): CodeIgniter\BaseModel->save([...])
 6 SYSTEMPATH\CodeIgniter.php(941): App\Controllers\Marketplace->add_favorite()
 7 SYSTEMPATH\CodeIgniter.php(502): CodeIgniter\CodeIgniter->runController(Object(App\Controllers\Marketplace))
 8 SYSTEMPATH\CodeIgniter.php(361): CodeIgniter\CodeIgniter->handleRequest(null, Object(Config\Cache), false)
 9 FCPATH\index.php(79): CodeIgniter\CodeIgniter->run()
10 SYSTEMPATH\Commands\Server\rewrite.php(47): require_once('C:\\xampp\\htdocs\\sobatx\\public\\index.php')
CRITICAL - 2024-07-26 20:20:55 --> [Caused by] CodeIgniter\Database\Exceptions\DatabaseException: Unknown column 'tbl_favorite.deleted_at' in 'where clause'
in SYSTEMPATH\Database\MySQLi\Connection.php on line 311.
 1 SYSTEMPATH\Database\BaseConnection.php(693): CodeIgniter\Database\MySQLi\Connection->execute('SELECT COUNT(*) AS `numrows`
FROM `tbl_favorite`
WHERE `id_favorite` = \'1\'
AND `tbl_favorite`.`deleted_at` IS NULL')
 2 SYSTEMPATH\Database\BaseConnection.php(607): CodeIgniter\Database\BaseConnection->simpleQuery('SELECT COUNT(*) AS `numrows`
FROM `tbl_favorite`
WHERE `id_favorite` = \'1\'
AND `tbl_favorite`.`deleted_at` IS NULL')
 3 SYSTEMPATH\Database\BaseBuilder.php(1700): CodeIgniter\Database\BaseConnection->query('SELECT COUNT(*) AS `numrows`
FROM `tbl_favorite`
WHERE `id_favorite` = :id_favorite:
AND `tbl_favorite`.`deleted_at` IS NULL', [...], false)
 4 SYSTEMPATH\Model.php(624): CodeIgniter\Database\BaseBuilder->countAllResults(true)
 5 SYSTEMPATH\Model.php(714): CodeIgniter\Model->countAllResults()
 6 SYSTEMPATH\BaseModel.php(710): CodeIgniter\Model->shouldUpdate([...])
 7 APPPATH\Controllers\Marketplace.php(133): CodeIgniter\BaseModel->save([...])
 8 SYSTEMPATH\CodeIgniter.php(941): App\Controllers\Marketplace->add_favorite()
 9 SYSTEMPATH\CodeIgniter.php(502): CodeIgniter\CodeIgniter->runController(Object(App\Controllers\Marketplace))
10 SYSTEMPATH\CodeIgniter.php(361): CodeIgniter\CodeIgniter->handleRequest(null, Object(Config\Cache), false)
11 FCPATH\index.php(79): CodeIgniter\CodeIgniter->run()
12 SYSTEMPATH\Commands\Server\rewrite.php(47): require_once('C:\\xampp\\htdocs\\sobatx\\public\\index.php')
CRITICAL - 2024-07-26 20:20:55 --> [Caused by] mysqli_sql_exception: Unknown column 'tbl_favorite.deleted_at' in 'where clause'
in SYSTEMPATH\Database\MySQLi\Connection.php on line 306.
 1 SYSTEMPATH\Database\MySQLi\Connection.php(306): mysqli->query('SELECT COUNT(*) AS `numrows`
FROM `tbl_favorite`
WHERE `id_favorite` = \'1\'
AND `tbl_favorite`.`deleted_at` IS NULL', 0)
 2 SYSTEMPATH\Database\BaseConnection.php(693): CodeIgniter\Database\MySQLi\Connection->execute('SELECT COUNT(*) AS `numrows`
FROM `tbl_favorite`
WHERE `id_favorite` = \'1\'
AND `tbl_favorite`.`deleted_at` IS NULL')
 3 SYSTEMPATH\Database\BaseConnection.php(607): CodeIgniter\Database\BaseConnection->simpleQuery('SELECT COUNT(*) AS `numrows`
FROM `tbl_favorite`
WHERE `id_favorite` = \'1\'
AND `tbl_favorite`.`deleted_at` IS NULL')
 4 SYSTEMPATH\Database\BaseBuilder.php(1700): CodeIgniter\Database\BaseConnection->query('SELECT COUNT(*) AS `numrows`
FROM `tbl_favorite`
WHERE `id_favorite` = :id_favorite:
AND `tbl_favorite`.`deleted_at` IS NULL', [...], false)
 5 SYSTEMPATH\Model.php(624): CodeIgniter\Database\BaseBuilder->countAllResults(true)
 6 SYSTEMPATH\Model.php(714): CodeIgniter\Model->countAllResults()
 7 SYSTEMPATH\BaseModel.php(710): CodeIgniter\Model->shouldUpdate([...])
 8 APPPATH\Controllers\Marketplace.php(133): CodeIgniter\BaseModel->save([...])
 9 SYSTEMPATH\CodeIgniter.php(941): App\Controllers\Marketplace->add_favorite()
10 SYSTEMPATH\CodeIgniter.php(502): CodeIgniter\CodeIgniter->runController(Object(App\Controllers\Marketplace))
11 SYSTEMPATH\CodeIgniter.php(361): CodeIgniter\CodeIgniter->handleRequest(null, Object(Config\Cache), false)
12 FCPATH\index.php(79): CodeIgniter\CodeIgniter->run()
13 SYSTEMPATH\Commands\Server\rewrite.php(47): require_once('C:\\xampp\\htdocs\\sobatx\\public\\index.php')
CRITICAL - 2024-07-26 23:46:56 --> ErrorException: Undefined array key "success"
in APPPATH\Views\Frontend\template\footer.php on line 63.
 1 APPPATH\Views\Frontend\template\footer.php(63): CodeIgniter\Debug\Exceptions->errorHandler(2, 'Undefined array key "success"', 'C:\\xampp\\htdocs\\sobatx\\app\\Views\\Frontend\\template\\footer.php', 63)
 2 SYSTEMPATH\View\View.php(228): include('C:\\xampp\\htdocs\\sobatx\\app\\Views\\Frontend\\template\\footer.php')
 3 SYSTEMPATH\View\View.php(231): CodeIgniter\View\View->CodeIgniter\View\{closure}()
 4 SYSTEMPATH\Common.php(1178): CodeIgniter\View\View->render('Frontend/template/footer', [], true)
 5 APPPATH\Controllers\Marketplace.php(165): view('Frontend/template/footer', [...])
 6 SYSTEMPATH\CodeIgniter.php(941): App\Controllers\Marketplace->detail_product_marketplace('47aa14bf33a38a9c0026e4dde52c182240bb031f')
 7 SYSTEMPATH\CodeIgniter.php(502): CodeIgniter\CodeIgniter->runController(Object(App\Controllers\Marketplace))
 8 SYSTEMPATH\CodeIgniter.php(361): CodeIgniter\CodeIgniter->handleRequest(null, Object(Config\Cache), false)
 9 FCPATH\index.php(79): CodeIgniter\CodeIgniter->run()
10 SYSTEMPATH\Commands\Server\rewrite.php(47): require_once('C:\\xampp\\htdocs\\sobatx\\public\\index.php')
CRITICAL - 2024-07-26 23:47:50 --> ErrorException: Undefined array key "success"
in APPPATH\Views\Frontend\template\footer.php on line 63.
 1 APPPATH\Views\Frontend\template\footer.php(63): CodeIgniter\Debug\Exceptions->errorHandler(2, 'Undefined array key "success"', 'C:\\xampp\\htdocs\\sobatx\\app\\Views\\Frontend\\template\\footer.php', 63)
 2 SYSTEMPATH\View\View.php(228): include('C:\\xampp\\htdocs\\sobatx\\app\\Views\\Frontend\\template\\footer.php')
 3 SYSTEMPATH\View\View.php(231): CodeIgniter\View\View->CodeIgniter\View\{closure}()
 4 SYSTEMPATH\Common.php(1178): CodeIgniter\View\View->render('Frontend/template/footer', [], true)
 5 APPPATH\Controllers\Marketplace.php(165): view('Frontend/template/footer', [...])
 6 SYSTEMPATH\CodeIgniter.php(941): App\Controllers\Marketplace->detail_product_marketplace('47aa14bf33a38a9c0026e4dde52c182240bb031f')
 7 SYSTEMPATH\CodeIgniter.php(502): CodeIgniter\CodeIgniter->runController(Object(App\Controllers\Marketplace))
 8 SYSTEMPATH\CodeIgniter.php(361): CodeIgniter\CodeIgniter->handleRequest(null, Object(Config\Cache), false)
 9 FCPATH\index.php(79): CodeIgniter\CodeIgniter->run()
10 SYSTEMPATH\Commands\Server\rewrite.php(47): require_once('C:\\xampp\\htdocs\\sobatx\\public\\index.php')
CRITICAL - 2024-07-26 23:57:04 --> ErrorException: Undefined array key "success"
in APPPATH\Views\Frontend\master-pengguna\content\marketplace\detail-product.php on line 259.
 1 APPPATH\Views\Frontend\master-pengguna\content\marketplace\detail-product.php(259): CodeIgniter\Debug\Exceptions->errorHandler(2, 'Undefined array key "success"', 'C:\\xampp\\htdocs\\sobatx\\app\\Views\\Frontend\\master-pengguna\\content\\marketplace\\detail-product.php', 259)
 2 SYSTEMPATH\View\View.php(228): include('C:\\xampp\\htdocs\\sobatx\\app\\Views\\Frontend\\master-pengguna\\content\\marketplace\\detail-product.php')
 3 SYSTEMPATH\View\View.php(231): CodeIgniter\View\View->CodeIgniter\View\{closure}()
 4 SYSTEMPATH\Common.php(1178): CodeIgniter\View\View->render('Frontend/master-pengguna/content/marketplace/detail-product', [], true)
 5 APPPATH\Controllers\Marketplace.php(163): view('Frontend/master-pengguna/content/marketplace/detail-product', [...])
 6 SYSTEMPATH\CodeIgniter.php(941): App\Controllers\Marketplace->detail_product_marketplace('47aa14bf33a38a9c0026e4dde52c182240bb031f')
 7 SYSTEMPATH\CodeIgniter.php(502): CodeIgniter\CodeIgniter->runController(Object(App\Controllers\Marketplace))
 8 SYSTEMPATH\CodeIgniter.php(361): CodeIgniter\CodeIgniter->handleRequest(null, Object(Config\Cache), false)
 9 FCPATH\index.php(79): CodeIgniter\CodeIgniter->run()
10 SYSTEMPATH\Commands\Server\rewrite.php(47): require_once('C:\\xampp\\htdocs\\sobatx\\public\\index.php')
CRITICAL - 2024-07-26 23:57:12 --> ErrorException: Undefined array key "success"
in APPPATH\Views\Frontend\master-pengguna\content\marketplace\detail-product.php on line 259.
 1 APPPATH\Views\Frontend\master-pengguna\content\marketplace\detail-product.php(259): CodeIgniter\Debug\Exceptions->errorHandler(2, 'Undefined array key "success"', 'C:\\xampp\\htdocs\\sobatx\\app\\Views\\Frontend\\master-pengguna\\content\\marketplace\\detail-product.php', 259)
 2 SYSTEMPATH\View\View.php(228): include('C:\\xampp\\htdocs\\sobatx\\app\\Views\\Frontend\\master-pengguna\\content\\marketplace\\detail-product.php')
 3 SYSTEMPATH\View\View.php(231): CodeIgniter\View\View->CodeIgniter\View\{closure}()
 4 SYSTEMPATH\Common.php(1178): CodeIgniter\View\View->render('Frontend/master-pengguna/content/marketplace/detail-product', [], true)
 5 APPPATH\Controllers\Marketplace.php(163): view('Frontend/master-pengguna/content/marketplace/detail-product', [...])
 6 SYSTEMPATH\CodeIgniter.php(941): App\Controllers\Marketplace->detail_product_marketplace('47aa14bf33a38a9c0026e4dde52c182240bb031f')
 7 SYSTEMPATH\CodeIgniter.php(502): CodeIgniter\CodeIgniter->runController(Object(App\Controllers\Marketplace))
 8 SYSTEMPATH\CodeIgniter.php(361): CodeIgniter\CodeIgniter->handleRequest(null, Object(Config\Cache), false)
 9 FCPATH\index.php(79): CodeIgniter\CodeIgniter->run()
10 SYSTEMPATH\Commands\Server\rewrite.php(47): require_once('C:\\xampp\\htdocs\\sobatx\\public\\index.php')
CRITICAL - 2024-07-26 23:57:14 --> ErrorException: Undefined array key "success"
in APPPATH\Views\Frontend\master-pengguna\content\marketplace\detail-product.php on line 259.
 1 APPPATH\Views\Frontend\master-pengguna\content\marketplace\detail-product.php(259): CodeIgniter\Debug\Exceptions->errorHandler(2, 'Undefined array key "success"', 'C:\\xampp\\htdocs\\sobatx\\app\\Views\\Frontend\\master-pengguna\\content\\marketplace\\detail-product.php', 259)
 2 SYSTEMPATH\View\View.php(228): include('C:\\xampp\\htdocs\\sobatx\\app\\Views\\Frontend\\master-pengguna\\content\\marketplace\\detail-product.php')
 3 SYSTEMPATH\View\View.php(231): CodeIgniter\View\View->CodeIgniter\View\{closure}()
 4 SYSTEMPATH\Common.php(1178): CodeIgniter\View\View->render('Frontend/master-pengguna/content/marketplace/detail-product', [], true)
 5 APPPATH\Controllers\Marketplace.php(163): view('Frontend/master-pengguna/content/marketplace/detail-product', [...])
 6 SYSTEMPATH\CodeIgniter.php(941): App\Controllers\Marketplace->detail_product_marketplace('47aa14bf33a38a9c0026e4dde52c182240bb031f')
 7 SYSTEMPATH\CodeIgniter.php(502): CodeIgniter\CodeIgniter->runController(Object(App\Controllers\Marketplace))
 8 SYSTEMPATH\CodeIgniter.php(361): CodeIgniter\CodeIgniter->handleRequest(null, Object(Config\Cache), false)
 9 FCPATH\index.php(79): CodeIgniter\CodeIgniter->run()
10 SYSTEMPATH\Commands\Server\rewrite.php(47): require_once('C:\\xampp\\htdocs\\sobatx\\public\\index.php')
CRITICAL - 2024-07-26 23:57:14 --> ErrorException: Undefined array key "success"
in APPPATH\Views\Frontend\master-pengguna\content\marketplace\detail-product.php on line 259.
 1 APPPATH\Views\Frontend\master-pengguna\content\marketplace\detail-product.php(259): CodeIgniter\Debug\Exceptions->errorHandler(2, 'Undefined array key "success"', 'C:\\xampp\\htdocs\\sobatx\\app\\Views\\Frontend\\master-pengguna\\content\\marketplace\\detail-product.php', 259)
 2 SYSTEMPATH\View\View.php(228): include('C:\\xampp\\htdocs\\sobatx\\app\\Views\\Frontend\\master-pengguna\\content\\marketplace\\detail-product.php')
 3 SYSTEMPATH\View\View.php(231): CodeIgniter\View\View->CodeIgniter\View\{closure}()
 4 SYSTEMPATH\Common.php(1178): CodeIgniter\View\View->render('Frontend/master-pengguna/content/marketplace/detail-product', [], true)
 5 APPPATH\Controllers\Marketplace.php(163): view('Frontend/master-pengguna/content/marketplace/detail-product', [...])
 6 SYSTEMPATH\CodeIgniter.php(941): App\Controllers\Marketplace->detail_product_marketplace('47aa14bf33a38a9c0026e4dde52c182240bb031f')
 7 SYSTEMPATH\CodeIgniter.php(502): CodeIgniter\CodeIgniter->runController(Object(App\Controllers\Marketplace))
 8 SYSTEMPATH\CodeIgniter.php(361): CodeIgniter\CodeIgniter->handleRequest(null, Object(Config\Cache), false)
 9 FCPATH\index.php(79): CodeIgniter\CodeIgniter->run()
10 SYSTEMPATH\Commands\Server\rewrite.php(47): require_once('C:\\xampp\\htdocs\\sobatx\\public\\index.php')
CRITICAL - 2024-07-26 23:59:29 --> ErrorException: Undefined array key "success"
in APPPATH\Views\Frontend\template\footer.php on line 63.
 1 APPPATH\Views\Frontend\template\footer.php(63): CodeIgniter\Debug\Exceptions->errorHandler(2, 'Undefined array key "success"', 'C:\\xampp\\htdocs\\sobatx\\app\\Views\\Frontend\\template\\footer.php', 63)
 2 SYSTEMPATH\View\View.php(228): include('C:\\xampp\\htdocs\\sobatx\\app\\Views\\Frontend\\template\\footer.php')
 3 SYSTEMPATH\View\View.php(231): CodeIgniter\View\View->CodeIgniter\View\{closure}()
 4 SYSTEMPATH\Common.php(1178): CodeIgniter\View\View->render('Frontend/template/footer', [], true)
 5 APPPATH\Controllers\Marketplace.php(165): view('Frontend/template/footer', [...])
 6 SYSTEMPATH\CodeIgniter.php(941): App\Controllers\Marketplace->detail_product_marketplace('47aa14bf33a38a9c0026e4dde52c182240bb031f')
 7 SYSTEMPATH\CodeIgniter.php(502): CodeIgniter\CodeIgniter->runController(Object(App\Controllers\Marketplace))
 8 SYSTEMPATH\CodeIgniter.php(361): CodeIgniter\CodeIgniter->handleRequest(null, Object(Config\Cache), false)
 9 FCPATH\index.php(79): CodeIgniter\CodeIgniter->run()
10 SYSTEMPATH\Commands\Server\rewrite.php(47): require_once('C:\\xampp\\htdocs\\sobatx\\public\\index.php')
ERROR - 2024-07-26 23:59:37 --> mysqli_sql_exception: Duplicate entry '1' for key 'PRIMARY' in C:\xampp\htdocs\sobatx\system\Database\MySQLi\Connection.php:306
Stack trace:
#0 C:\xampp\htdocs\sobatx\system\Database\MySQLi\Connection.php(306): mysqli->query('INSERT INTO `tb...', 0)
#1 C:\xampp\htdocs\sobatx\system\Database\BaseConnection.php(693): CodeIgniter\Database\MySQLi\Connection->execute('INSERT INTO `tb...')
#2 C:\xampp\htdocs\sobatx\system\Database\BaseConnection.php(607): CodeIgniter\Database\BaseConnection->simpleQuery('INSERT INTO `tb...')
#3 C:\xampp\htdocs\sobatx\system\Database\BaseBuilder.php(2307): CodeIgniter\Database\BaseConnection->query('INSERT INTO `tb...', Array, false)
#4 C:\xampp\htdocs\sobatx\app\Models\FavoriteModel.php(29): CodeIgniter\Database\BaseBuilder->insert(Array)
#5 C:\xampp\htdocs\sobatx\app\Controllers\Marketplace.php(133): App\Models\FavoriteModel->saveFavorite(Array)
#6 C:\xampp\htdocs\sobatx\system\CodeIgniter.php(941): App\Controllers\Marketplace->add_favorite()
#7 C:\xampp\htdocs\sobatx\system\CodeIgniter.php(502): CodeIgniter\CodeIgniter->runController(Object(App\Controllers\Marketplace))
#8 C:\xampp\htdocs\sobatx\system\CodeIgniter.php(361): CodeIgniter\CodeIgniter->handleRequest(NULL, Object(Config\Cache), false)
#9 C:\xampp\htdocs\sobatx\public\index.php(79): CodeIgniter\CodeIgniter->run()
#10 C:\xampp\htdocs\sobatx\system\Commands\Server\rewrite.php(47): require_once('C:\\xampp\\htdocs...')
#11 {main}
CRITICAL - 2024-07-26 23:59:37 --> CodeIgniter\Database\Exceptions\DatabaseException: Duplicate entry '1' for key 'PRIMARY'
in SYSTEMPATH\Database\BaseConnection.php on line 647.
 1 SYSTEMPATH\Database\BaseBuilder.php(2307): CodeIgniter\Database\BaseConnection->query('INSERT INTO `tbl_favorite` (`id_favorite`, `id_produk`, `id_user`) VALUES (:id_favorite:, :id_produk:, :id_user:)', [...], false)
 2 APPPATH\Models\FavoriteModel.php(29): CodeIgniter\Database\BaseBuilder->insert([...])
 3 APPPATH\Controllers\Marketplace.php(133): App\Models\FavoriteModel->saveFavorite([...])
 4 SYSTEMPATH\CodeIgniter.php(941): App\Controllers\Marketplace->add_favorite()
 5 SYSTEMPATH\CodeIgniter.php(502): CodeIgniter\CodeIgniter->runController(Object(App\Controllers\Marketplace))
 6 SYSTEMPATH\CodeIgniter.php(361): CodeIgniter\CodeIgniter->handleRequest(null, Object(Config\Cache), false)
 7 FCPATH\index.php(79): CodeIgniter\CodeIgniter->run()
 8 SYSTEMPATH\Commands\Server\rewrite.php(47): require_once('C:\\xampp\\htdocs\\sobatx\\public\\index.php')
CRITICAL - 2024-07-26 23:59:37 --> [Caused by] CodeIgniter\Database\Exceptions\DatabaseException: Duplicate entry '1' for key 'PRIMARY'
in SYSTEMPATH\Database\MySQLi\Connection.php on line 311.
 1 SYSTEMPATH\Database\BaseConnection.php(693): CodeIgniter\Database\MySQLi\Connection->execute('INSERT INTO `tbl_favorite` (`id_favorite`, `id_produk`, `id_user`) VALUES (\'1\', \'PRD2024072100003\', \'USR2406199001\')')
 2 SYSTEMPATH\Database\BaseConnection.php(607): CodeIgniter\Database\BaseConnection->simpleQuery('INSERT INTO `tbl_favorite` (`id_favorite`, `id_produk`, `id_user`) VALUES (\'1\', \'PRD2024072100003\', \'USR2406199001\')')
 3 SYSTEMPATH\Database\BaseBuilder.php(2307): CodeIgniter\Database\BaseConnection->query('INSERT INTO `tbl_favorite` (`id_favorite`, `id_produk`, `id_user`) VALUES (:id_favorite:, :id_produk:, :id_user:)', [...], false)
 4 APPPATH\Models\FavoriteModel.php(29): CodeIgniter\Database\BaseBuilder->insert([...])
 5 APPPATH\Controllers\Marketplace.php(133): App\Models\FavoriteModel->saveFavorite([...])
 6 SYSTEMPATH\CodeIgniter.php(941): App\Controllers\Marketplace->add_favorite()
 7 SYSTEMPATH\CodeIgniter.php(502): CodeIgniter\CodeIgniter->runController(Object(App\Controllers\Marketplace))
 8 SYSTEMPATH\CodeIgniter.php(361): CodeIgniter\CodeIgniter->handleRequest(null, Object(Config\Cache), false)
 9 FCPATH\index.php(79): CodeIgniter\CodeIgniter->run()
10 SYSTEMPATH\Commands\Server\rewrite.php(47): require_once('C:\\xampp\\htdocs\\sobatx\\public\\index.php')
CRITICAL - 2024-07-26 23:59:37 --> [Caused by] mysqli_sql_exception: Duplicate entry '1' for key 'PRIMARY'
in SYSTEMPATH\Database\MySQLi\Connection.php on line 306.
 1 SYSTEMPATH\Database\MySQLi\Connection.php(306): mysqli->query('INSERT INTO `tbl_favorite` (`id_favorite`, `id_produk`, `id_user`) VALUES (\'1\', \'PRD2024072100003\', \'USR2406199001\')', 0)
 2 SYSTEMPATH\Database\BaseConnection.php(693): CodeIgniter\Database\MySQLi\Connection->execute('INSERT INTO `tbl_favorite` (`id_favorite`, `id_produk`, `id_user`) VALUES (\'1\', \'PRD2024072100003\', \'USR2406199001\')')
 3 SYSTEMPATH\Database\BaseConnection.php(607): CodeIgniter\Database\BaseConnection->simpleQuery('INSERT INTO `tbl_favorite` (`id_favorite`, `id_produk`, `id_user`) VALUES (\'1\', \'PRD2024072100003\', \'USR2406199001\')')
 4 SYSTEMPATH\Database\BaseBuilder.php(2307): CodeIgniter\Database\BaseConnection->query('INSERT INTO `tbl_favorite` (`id_favorite`, `id_produk`, `id_user`) VALUES (:id_favorite:, :id_produk:, :id_user:)', [...], false)
 5 APPPATH\Models\FavoriteModel.php(29): CodeIgniter\Database\BaseBuilder->insert([...])
 6 APPPATH\Controllers\Marketplace.php(133): App\Models\FavoriteModel->saveFavorite([...])
 7 SYSTEMPATH\CodeIgniter.php(941): App\Controllers\Marketplace->add_favorite()
 8 SYSTEMPATH\CodeIgniter.php(502): CodeIgniter\CodeIgniter->runController(Object(App\Controllers\Marketplace))
 9 SYSTEMPATH\CodeIgniter.php(361): CodeIgniter\CodeIgniter->handleRequest(null, Object(Config\Cache), false)
10 FCPATH\index.php(79): CodeIgniter\CodeIgniter->run()
11 SYSTEMPATH\Commands\Server\rewrite.php(47): require_once('C:\\xampp\\htdocs\\sobatx\\public\\index.php')
