CRITICAL - 2024-08-02 09:03:20 --> ErrorException: Undefined array key "result"
in APPPATH\Controllers\RajaOngkir.php on line 45.
 1 APPPATH\Controllers\RajaOngkir.php(45): CodeIgniter\Debug\Exceptions->errorHandler(2, 'Undefined array key "result"', 'C:\\xampp\\htdocs\\sobatx\\app\\Controllers\\RajaOngkir.php', 45)
 2 SYSTEMPATH\CodeIgniter.php(941): App\Controllers\RajaOngkir->provinsi()
 3 SYSTEMPATH\CodeIgniter.php(502): CodeIgniter\CodeIgniter->runController(Object(App\Controllers\RajaOngkir))
 4 SYSTEMPATH\CodeIgniter.php(361): CodeIgniter\CodeIgniter->handleRequest(null, Object(Config\Cache), false)
 5 FCPATH\index.php(79): CodeIgniter\CodeIgniter->run()
 6 SYSTEMPATH\Commands\Server\rewrite.php(47): require_once('C:\\xampp\\htdocs\\sobatx\\public\\index.php')
CRITICAL - 2024-08-02 10:05:22 --> ErrorException: Undefined property: App\Controllers\RajaOngkir::$input
in APPPATH\Controllers\RajaOngkir.php on line 55.
 1 APPPATH\Controllers\RajaOngkir.php(55): CodeIgniter\Debug\Exceptions->errorHandler(2, 'Undefined property: App\\Controllers\\RajaOngkir::$input', 'C:\\xampp\\htdocs\\sobatx\\app\\Controllers\\RajaOngkir.php', 55)
 2 SYSTEMPATH\CodeIgniter.php(941): App\Controllers\RajaOngkir->kota()
 3 SYSTEMPATH\CodeIgniter.php(502): CodeIgniter\CodeIgniter->runController(Object(App\Controllers\RajaOngkir))
 4 SYSTEMPATH\CodeIgniter.php(361): CodeIgniter\CodeIgniter->handleRequest(null, Object(Config\Cache), false)
 5 FCPATH\index.php(79): CodeIgniter\CodeIgniter->run()
 6 SYSTEMPATH\Commands\Server\rewrite.php(47): require_once('C:\\xampp\\htdocs\\sobatx\\public\\index.php')
CRITICAL - 2024-08-02 10:07:06 --> ErrorException: Undefined property: App\Controllers\RajaOngkir::$input
in APPPATH\Controllers\RajaOngkir.php on line 55.
 1 APPPATH\Controllers\RajaOngkir.php(55): CodeIgniter\Debug\Exceptions->errorHandler(2, 'Undefined property: App\\Controllers\\RajaOngkir::$input', 'C:\\xampp\\htdocs\\sobatx\\app\\Controllers\\RajaOngkir.php', 55)
 2 SYSTEMPATH\CodeIgniter.php(941): App\Controllers\RajaOngkir->kota()
 3 SYSTEMPATH\CodeIgniter.php(502): CodeIgniter\CodeIgniter->runController(Object(App\Controllers\RajaOngkir))
 4 SYSTEMPATH\CodeIgniter.php(361): CodeIgniter\CodeIgniter->handleRequest(null, Object(Config\Cache), false)
 5 FCPATH\index.php(79): CodeIgniter\CodeIgniter->run()
 6 SYSTEMPATH\Commands\Server\rewrite.php(47): require_once('C:\\xampp\\htdocs\\sobatx\\public\\index.php')
ERROR - 2024-08-02 10:42:22 --> mysqli_sql_exception: Column 'id_provinsi' cannot be null in C:\xampp\htdocs\sobatx\system\Database\MySQLi\Connection.php:306
Stack trace:
#0 C:\xampp\htdocs\sobatx\system\Database\MySQLi\Connection.php(306): mysqli->query('INSERT INTO `tb...', 0)
#1 C:\xampp\htdocs\sobatx\system\Database\BaseConnection.php(693): CodeIgniter\Database\MySQLi\Connection->execute('INSERT INTO `tb...')
#2 C:\xampp\htdocs\sobatx\system\Database\BaseConnection.php(607): CodeIgniter\Database\BaseConnection->simpleQuery('INSERT INTO `tb...')
#3 C:\xampp\htdocs\sobatx\system\Database\BaseBuilder.php(2307): CodeIgniter\Database\BaseConnection->query('INSERT INTO `tb...', Array, false)
#4 C:\xampp\htdocs\sobatx\app\Models\M_Toko.php(51): CodeIgniter\Database\BaseBuilder->insert(Array)
#5 C:\xampp\htdocs\sobatx\app\Controllers\Peternak.php(830): App\Models\M_Toko->saveDataToko(Array)
#6 C:\xampp\htdocs\sobatx\system\CodeIgniter.php(941): App\Controllers\Peternak->buat_toko_peternak()
#7 C:\xampp\htdocs\sobatx\system\CodeIgniter.php(502): CodeIgniter\CodeIgniter->runController(Object(App\Controllers\Peternak))
#8 C:\xampp\htdocs\sobatx\system\CodeIgniter.php(361): CodeIgniter\CodeIgniter->handleRequest(NULL, Object(Config\Cache), false)
#9 C:\xampp\htdocs\sobatx\public\index.php(79): CodeIgniter\CodeIgniter->run()
#10 C:\xampp\htdocs\sobatx\system\Commands\Server\rewrite.php(47): require_once('C:\\xampp\\htdocs...')
#11 {main}
CRITICAL - 2024-08-02 10:42:22 --> CodeIgniter\Database\Exceptions\DatabaseException: Column 'id_provinsi' cannot be null
in SYSTEMPATH\Database\BaseConnection.php on line 647.
 1 SYSTEMPATH\Database\BaseBuilder.php(2307): CodeIgniter\Database\BaseConnection->query('INSERT INTO `tbl_toko` (`id_toko`, `id_user`, `nama_toko`, `id_provinsi`, `id_kota`, `alamat_toko`, `status_toko`, `foto_toko`, `is_delete_toko`, `created_at`, `updated_at`) VALUES (:id_toko:, :id_user:, :nama_toko:, :id_provinsi:, :id_kota:, :alamat_toko:, :status_toko:, :foto_toko:, :is_delete_toko:, :created_at:, :updated_at:)', [...], false)
 2 APPPATH\Models\M_Toko.php(51): CodeIgniter\Database\BaseBuilder->insert([...])
 3 APPPATH\Controllers\Peternak.php(830): App\Models\M_Toko->saveDataToko([...])
 4 SYSTEMPATH\CodeIgniter.php(941): App\Controllers\Peternak->buat_toko_peternak()
 5 SYSTEMPATH\CodeIgniter.php(502): CodeIgniter\CodeIgniter->runController(Object(App\Controllers\Peternak))
 6 SYSTEMPATH\CodeIgniter.php(361): CodeIgniter\CodeIgniter->handleRequest(null, Object(Config\Cache), false)
 7 FCPATH\index.php(79): CodeIgniter\CodeIgniter->run()
 8 SYSTEMPATH\Commands\Server\rewrite.php(47): require_once('C:\\xampp\\htdocs\\sobatx\\public\\index.php')
CRITICAL - 2024-08-02 10:42:22 --> [Caused by] CodeIgniter\Database\Exceptions\DatabaseException: Column 'id_provinsi' cannot be null
in SYSTEMPATH\Database\MySQLi\Connection.php on line 311.
 1 SYSTEMPATH\Database\BaseConnection.php(693): CodeIgniter\Database\MySQLi\Connection->execute('INSERT INTO `tbl_toko` (`id_toko`, `id_user`, `nama_toko`, `id_provinsi`, `id_kota`, `alamat_toko`, `status_toko`, `foto_toko`, `is_delete_toko`, `created_at`, `updated_at`) VALUES (\'TKO0001\', \'USR2406199001\', \'SobatX\', NULL, NULL, \'Pamulang Park Residence, Tangerang Selatan 15435, Indonesia\', \'0\', \'FTK240802104222.png\', \'0\', \'2024-08-02 10:42:22\', \'2024-08-02 10:42:22\')')
 2 SYSTEMPATH\Database\BaseConnection.php(607): CodeIgniter\Database\BaseConnection->simpleQuery('INSERT INTO `tbl_toko` (`id_toko`, `id_user`, `nama_toko`, `id_provinsi`, `id_kota`, `alamat_toko`, `status_toko`, `foto_toko`, `is_delete_toko`, `created_at`, `updated_at`) VALUES (\'TKO0001\', \'USR2406199001\', \'SobatX\', NULL, NULL, \'Pamulang Park Residence, Tangerang Selatan 15435, Indonesia\', \'0\', \'FTK240802104222.png\', \'0\', \'2024-08-02 10:42:22\', \'2024-08-02 10:42:22\')')
 3 SYSTEMPATH\Database\BaseBuilder.php(2307): CodeIgniter\Database\BaseConnection->query('INSERT INTO `tbl_toko` (`id_toko`, `id_user`, `nama_toko`, `id_provinsi`, `id_kota`, `alamat_toko`, `status_toko`, `foto_toko`, `is_delete_toko`, `created_at`, `updated_at`) VALUES (:id_toko:, :id_user:, :nama_toko:, :id_provinsi:, :id_kota:, :alamat_toko:, :status_toko:, :foto_toko:, :is_delete_toko:, :created_at:, :updated_at:)', [...], false)
 4 APPPATH\Models\M_Toko.php(51): CodeIgniter\Database\BaseBuilder->insert([...])
 5 APPPATH\Controllers\Peternak.php(830): App\Models\M_Toko->saveDataToko([...])
 6 SYSTEMPATH\CodeIgniter.php(941): App\Controllers\Peternak->buat_toko_peternak()
 7 SYSTEMPATH\CodeIgniter.php(502): CodeIgniter\CodeIgniter->runController(Object(App\Controllers\Peternak))
 8 SYSTEMPATH\CodeIgniter.php(361): CodeIgniter\CodeIgniter->handleRequest(null, Object(Config\Cache), false)
 9 FCPATH\index.php(79): CodeIgniter\CodeIgniter->run()
10 SYSTEMPATH\Commands\Server\rewrite.php(47): require_once('C:\\xampp\\htdocs\\sobatx\\public\\index.php')
CRITICAL - 2024-08-02 10:42:22 --> [Caused by] mysqli_sql_exception: Column 'id_provinsi' cannot be null
in SYSTEMPATH\Database\MySQLi\Connection.php on line 306.
 1 SYSTEMPATH\Database\MySQLi\Connection.php(306): mysqli->query('INSERT INTO `tbl_toko` (`id_toko`, `id_user`, `nama_toko`, `id_provinsi`, `id_kota`, `alamat_toko`, `status_toko`, `foto_toko`, `is_delete_toko`, `created_at`, `updated_at`) VALUES (\'TKO0001\', \'USR2406199001\', \'SobatX\', NULL, NULL, \'Pamulang Park Residence, Tangerang Selatan 15435, Indonesia\', \'0\', \'FTK240802104222.png\', \'0\', \'2024-08-02 10:42:22\', \'2024-08-02 10:42:22\')', 0)
 2 SYSTEMPATH\Database\BaseConnection.php(693): CodeIgniter\Database\MySQLi\Connection->execute('INSERT INTO `tbl_toko` (`id_toko`, `id_user`, `nama_toko`, `id_provinsi`, `id_kota`, `alamat_toko`, `status_toko`, `foto_toko`, `is_delete_toko`, `created_at`, `updated_at`) VALUES (\'TKO0001\', \'USR2406199001\', \'SobatX\', NULL, NULL, \'Pamulang Park Residence, Tangerang Selatan 15435, Indonesia\', \'0\', \'FTK240802104222.png\', \'0\', \'2024-08-02 10:42:22\', \'2024-08-02 10:42:22\')')
 3 SYSTEMPATH\Database\BaseConnection.php(607): CodeIgniter\Database\BaseConnection->simpleQuery('INSERT INTO `tbl_toko` (`id_toko`, `id_user`, `nama_toko`, `id_provinsi`, `id_kota`, `alamat_toko`, `status_toko`, `foto_toko`, `is_delete_toko`, `created_at`, `updated_at`) VALUES (\'TKO0001\', \'USR2406199001\', \'SobatX\', NULL, NULL, \'Pamulang Park Residence, Tangerang Selatan 15435, Indonesia\', \'0\', \'FTK240802104222.png\', \'0\', \'2024-08-02 10:42:22\', \'2024-08-02 10:42:22\')')
 4 SYSTEMPATH\Database\BaseBuilder.php(2307): CodeIgniter\Database\BaseConnection->query('INSERT INTO `tbl_toko` (`id_toko`, `id_user`, `nama_toko`, `id_provinsi`, `id_kota`, `alamat_toko`, `status_toko`, `foto_toko`, `is_delete_toko`, `created_at`, `updated_at`) VALUES (:id_toko:, :id_user:, :nama_toko:, :id_provinsi:, :id_kota:, :alamat_toko:, :status_toko:, :foto_toko:, :is_delete_toko:, :created_at:, :updated_at:)', [...], false)
 5 APPPATH\Models\M_Toko.php(51): CodeIgniter\Database\BaseBuilder->insert([...])
 6 APPPATH\Controllers\Peternak.php(830): App\Models\M_Toko->saveDataToko([...])
 7 SYSTEMPATH\CodeIgniter.php(941): App\Controllers\Peternak->buat_toko_peternak()
 8 SYSTEMPATH\CodeIgniter.php(502): CodeIgniter\CodeIgniter->runController(Object(App\Controllers\Peternak))
 9 SYSTEMPATH\CodeIgniter.php(361): CodeIgniter\CodeIgniter->handleRequest(null, Object(Config\Cache), false)
10 FCPATH\index.php(79): CodeIgniter\CodeIgniter->run()
11 SYSTEMPATH\Commands\Server\rewrite.php(47): require_once('C:\\xampp\\htdocs\\sobatx\\public\\index.php')
