CRITICAL - 2024-07-24 12:31:08 --> ErrorException: Undefined variable $activity
in APPPATH\Views\Frontend\master-pengguna\content\marketplace\featured-product.php on line 1.
 1 APPPATH\Views\Frontend\master-pengguna\content\marketplace\featured-product.php(1): CodeIgniter\Debug\Exceptions->errorHandler(2, 'Undefined variable $activity', 'C:\\xampp\\htdocs\\sobatx\\app\\Views\\Frontend\\master-pengguna\\content\\marketplace\\featured-product.php', 1)
 2 SYSTEMPATH\View\View.php(228): include('C:\\xampp\\htdocs\\sobatx\\app\\Views\\Frontend\\master-pengguna\\content\\marketplace\\featured-product.php')
 3 SYSTEMPATH\View\View.php(231): CodeIgniter\View\View->CodeIgniter\View\{closure}()
 4 SYSTEMPATH\Common.php(1178): CodeIgniter\View\View->render('Frontend/master-pengguna/content/marketplace/featured-product', [], true)
 5 APPPATH\Controllers\Marketplace.php(63): view('Frontend/master-pengguna/content/marketplace/featured-product', [...])
 6 SYSTEMPATH\CodeIgniter.php(941): App\Controllers\Marketplace->load_product()
 7 SYSTEMPATH\CodeIgniter.php(502): CodeIgniter\CodeIgniter->runController(Object(App\Controllers\Marketplace))
 8 SYSTEMPATH\CodeIgniter.php(361): CodeIgniter\CodeIgniter->handleRequest(null, Object(Config\Cache), false)
 9 FCPATH\index.php(79): CodeIgniter\CodeIgniter->run()
10 SYSTEMPATH\Commands\Server\rewrite.php(47): require_once('C:\\xampp\\htdocs\\sobatx\\public\\index.php')
CRITICAL - 2024-07-24 12:31:44 --> ErrorException: Undefined variable $activity
in APPPATH\Views\Frontend\master-pengguna\content\marketplace\featured-product.php on line 1.
 1 APPPATH\Views\Frontend\master-pengguna\content\marketplace\featured-product.php(1): CodeIgniter\Debug\Exceptions->errorHandler(2, 'Undefined variable $activity', 'C:\\xampp\\htdocs\\sobatx\\app\\Views\\Frontend\\master-pengguna\\content\\marketplace\\featured-product.php', 1)
 2 SYSTEMPATH\View\View.php(228): include('C:\\xampp\\htdocs\\sobatx\\app\\Views\\Frontend\\master-pengguna\\content\\marketplace\\featured-product.php')
 3 SYSTEMPATH\View\View.php(231): CodeIgniter\View\View->CodeIgniter\View\{closure}()
 4 SYSTEMPATH\Common.php(1178): CodeIgniter\View\View->render('Frontend/master-pengguna/content/marketplace/featured-product', [], true)
 5 APPPATH\Controllers\Marketplace.php(63): view('Frontend/master-pengguna/content/marketplace/featured-product', [...])
 6 SYSTEMPATH\CodeIgniter.php(941): App\Controllers\Marketplace->load_product()
 7 SYSTEMPATH\CodeIgniter.php(502): CodeIgniter\CodeIgniter->runController(Object(App\Controllers\Marketplace))
 8 SYSTEMPATH\CodeIgniter.php(361): CodeIgniter\CodeIgniter->handleRequest(null, Object(Config\Cache), false)
 9 FCPATH\index.php(79): CodeIgniter\CodeIgniter->run()
10 SYSTEMPATH\Commands\Server\rewrite.php(47): require_once('C:\\xampp\\htdocs\\sobatx\\public\\index.php')
CRITICAL - 2024-07-24 13:06:10 --> ErrorException: Undefined variable $activity
in APPPATH\Views\Frontend\template\header-marketplace.php on line 79.
 1 APPPATH\Views\Frontend\template\header-marketplace.php(79): CodeIgniter\Debug\Exceptions->errorHandler(2, 'Undefined variable $activity', 'C:\\xampp\\htdocs\\sobatx\\app\\Views\\Frontend\\template\\header-marketplace.php', 79)
 2 SYSTEMPATH\View\View.php(228): include('C:\\xampp\\htdocs\\sobatx\\app\\Views\\Frontend\\template\\header-marketplace.php')
 3 SYSTEMPATH\View\View.php(231): CodeIgniter\View\View->CodeIgniter\View\{closure}()
 4 SYSTEMPATH\Common.php(1178): CodeIgniter\View\View->render('Frontend/template/header-marketplace', [], true)
 5 APPPATH\Controllers\Marketplace.php(124): view('Frontend/template/header-marketplace', [...])
 6 SYSTEMPATH\CodeIgniter.php(941): App\Controllers\Marketplace->detail_product_marketplace()
 7 SYSTEMPATH\CodeIgniter.php(502): CodeIgniter\CodeIgniter->runController(Object(App\Controllers\Marketplace))
 8 SYSTEMPATH\CodeIgniter.php(361): CodeIgniter\CodeIgniter->handleRequest(null, Object(Config\Cache), false)
 9 FCPATH\index.php(79): CodeIgniter\CodeIgniter->run()
10 SYSTEMPATH\Commands\Server\rewrite.php(47): require_once('C:\\xampp\\htdocs\\sobatx\\public\\index.php')
CRITICAL - 2024-07-24 13:33:19 --> ErrorException: Undefined variable $dataProduk
in APPPATH\Views\Frontend\master-pengguna\content\marketplace\detail-product.php on line 56.
 1 APPPATH\Views\Frontend\master-pengguna\content\marketplace\detail-product.php(56): CodeIgniter\Debug\Exceptions->errorHandler(2, 'Undefined variable $dataProduk', 'C:\\xampp\\htdocs\\sobatx\\app\\Views\\Frontend\\master-pengguna\\content\\marketplace\\detail-product.php', 56)
 2 SYSTEMPATH\View\View.php(228): include('C:\\xampp\\htdocs\\sobatx\\app\\Views\\Frontend\\master-pengguna\\content\\marketplace\\detail-product.php')
 3 SYSTEMPATH\View\View.php(231): CodeIgniter\View\View->CodeIgniter\View\{closure}()
 4 SYSTEMPATH\Common.php(1178): CodeIgniter\View\View->render('Frontend/master-pengguna/content/marketplace/detail-product', [], true)
 5 APPPATH\Controllers\Marketplace.php(136): view('Frontend/master-pengguna/content/marketplace/detail-product')
 6 SYSTEMPATH\CodeIgniter.php(941): App\Controllers\Marketplace->detail_product_marketplace()
 7 SYSTEMPATH\CodeIgniter.php(502): CodeIgniter\CodeIgniter->runController(Object(App\Controllers\Marketplace))
 8 SYSTEMPATH\CodeIgniter.php(361): CodeIgniter\CodeIgniter->handleRequest(null, Object(Config\Cache), false)
 9 FCPATH\index.php(79): CodeIgniter\CodeIgniter->run()
10 SYSTEMPATH\Commands\Server\rewrite.php(47): require_once('C:\\xampp\\htdocs\\sobatx\\public\\index.php')
CRITICAL - 2024-07-24 13:35:05 --> ErrorException: Undefined variable $dataProduk
in APPPATH\Views\Frontend\master-pengguna\content\marketplace\detail-product.php on line 56.
 1 APPPATH\Views\Frontend\master-pengguna\content\marketplace\detail-product.php(56): CodeIgniter\Debug\Exceptions->errorHandler(2, 'Undefined variable $dataProduk', 'C:\\xampp\\htdocs\\sobatx\\app\\Views\\Frontend\\master-pengguna\\content\\marketplace\\detail-product.php', 56)
 2 SYSTEMPATH\View\View.php(228): include('C:\\xampp\\htdocs\\sobatx\\app\\Views\\Frontend\\master-pengguna\\content\\marketplace\\detail-product.php')
 3 SYSTEMPATH\View\View.php(231): CodeIgniter\View\View->CodeIgniter\View\{closure}()
 4 SYSTEMPATH\Common.php(1178): CodeIgniter\View\View->render('Frontend/master-pengguna/content/marketplace/detail-product', [], true)
 5 APPPATH\Controllers\Marketplace.php(136): view('Frontend/master-pengguna/content/marketplace/detail-product')
 6 SYSTEMPATH\CodeIgniter.php(941): App\Controllers\Marketplace->detail_product_marketplace('47aa14bf33a38a9c0026e4dde52c182240bb031f')
 7 SYSTEMPATH\CodeIgniter.php(502): CodeIgniter\CodeIgniter->runController(Object(App\Controllers\Marketplace))
 8 SYSTEMPATH\CodeIgniter.php(361): CodeIgniter\CodeIgniter->handleRequest(null, Object(Config\Cache), false)
 9 FCPATH\index.php(79): CodeIgniter\CodeIgniter->run()
10 SYSTEMPATH\Commands\Server\rewrite.php(47): require_once('C:\\xampp\\htdocs\\sobatx\\public\\index.php')
CRITICAL - 2024-07-24 13:35:13 --> ErrorException: Undefined variable $dataProduk
in APPPATH\Views\Frontend\master-pengguna\content\marketplace\detail-product.php on line 56.
 1 APPPATH\Views\Frontend\master-pengguna\content\marketplace\detail-product.php(56): CodeIgniter\Debug\Exceptions->errorHandler(2, 'Undefined variable $dataProduk', 'C:\\xampp\\htdocs\\sobatx\\app\\Views\\Frontend\\master-pengguna\\content\\marketplace\\detail-product.php', 56)
 2 SYSTEMPATH\View\View.php(228): include('C:\\xampp\\htdocs\\sobatx\\app\\Views\\Frontend\\master-pengguna\\content\\marketplace\\detail-product.php')
 3 SYSTEMPATH\View\View.php(231): CodeIgniter\View\View->CodeIgniter\View\{closure}()
 4 SYSTEMPATH\Common.php(1178): CodeIgniter\View\View->render('Frontend/master-pengguna/content/marketplace/detail-product', [], true)
 5 APPPATH\Controllers\Marketplace.php(136): view('Frontend/master-pengguna/content/marketplace/detail-product')
 6 SYSTEMPATH\CodeIgniter.php(941): App\Controllers\Marketplace->detail_product_marketplace('47aa14bf33a38a9c0026e4dde52c182240bb031f')
 7 SYSTEMPATH\CodeIgniter.php(502): CodeIgniter\CodeIgniter->runController(Object(App\Controllers\Marketplace))
 8 SYSTEMPATH\CodeIgniter.php(361): CodeIgniter\CodeIgniter->handleRequest(null, Object(Config\Cache), false)
 9 FCPATH\index.php(79): CodeIgniter\CodeIgniter->run()
10 SYSTEMPATH\Commands\Server\rewrite.php(47): require_once('C:\\xampp\\htdocs\\sobatx\\public\\index.php')
ERROR - 2024-07-24 13:37:53 --> mysqli_sql_exception: Column 'id_produk' in where clause is ambiguous in C:\xampp\htdocs\sobatx\system\Database\MySQLi\Connection.php:306
Stack trace:
#0 C:\xampp\htdocs\sobatx\system\Database\MySQLi\Connection.php(306): mysqli->query('SELECT *\nFROM `...', 0)
#1 C:\xampp\htdocs\sobatx\system\Database\BaseConnection.php(693): CodeIgniter\Database\MySQLi\Connection->execute('SELECT *\nFROM `...')
#2 C:\xampp\htdocs\sobatx\system\Database\BaseConnection.php(607): CodeIgniter\Database\BaseConnection->simpleQuery('SELECT *\nFROM `...')
#3 C:\xampp\htdocs\sobatx\system\Database\BaseBuilder.php(1616): CodeIgniter\Database\BaseConnection->query('SELECT *\nFROM `...', Array, false)
#4 C:\xampp\htdocs\sobatx\app\Models\M_Produk.php(82): CodeIgniter\Database\BaseBuilder->get()
#5 C:\xampp\htdocs\sobatx\app\Controllers\Marketplace.php(122): App\Models\M_Produk->getDataProdukJoinAll(Array)
#6 C:\xampp\htdocs\sobatx\system\CodeIgniter.php(941): App\Controllers\Marketplace->detail_product_marketplace('47aa14bf33a38a9...')
#7 C:\xampp\htdocs\sobatx\system\CodeIgniter.php(502): CodeIgniter\CodeIgniter->runController(Object(App\Controllers\Marketplace))
#8 C:\xampp\htdocs\sobatx\system\CodeIgniter.php(361): CodeIgniter\CodeIgniter->handleRequest(NULL, Object(Config\Cache), false)
#9 C:\xampp\htdocs\sobatx\public\index.php(79): CodeIgniter\CodeIgniter->run()
#10 C:\xampp\htdocs\sobatx\system\Commands\Server\rewrite.php(47): require_once('C:\\xampp\\htdocs...')
#11 {main}
CRITICAL - 2024-07-24 13:37:54 --> CodeIgniter\Database\Exceptions\DatabaseException: Column 'id_produk' in where clause is ambiguous
in SYSTEMPATH\Database\BaseConnection.php on line 647.
 1 SYSTEMPATH\Database\BaseBuilder.php(1616): CodeIgniter\Database\BaseConnection->query('SELECT *
FROM `tbl_produk`
LEFT JOIN `tbl_toko` ON `tbl_toko`.`id_toko` = `tbl_produk`.`id_toko`
JOIN `tbl_foto_produk` ON `tbl_foto_produk`.`id_produk` = `tbl_produk`.`id_produk`
LEFT JOIN `tbl_kategori` ON `tbl_kategori`.`id_kategori` = `tbl_produk`.`id_kategori`
WHERE sha1(id_produk) = :sha1(id_produk):', [...], false)
 2 APPPATH\Models\M_Produk.php(82): CodeIgniter\Database\BaseBuilder->get()
 3 APPPATH\Controllers\Marketplace.php(122): App\Models\M_Produk->getDataProdukJoinAll([...])
 4 SYSTEMPATH\CodeIgniter.php(941): App\Controllers\Marketplace->detail_product_marketplace('47aa14bf33a38a9c0026e4dde52c182240bb031f')
 5 SYSTEMPATH\CodeIgniter.php(502): CodeIgniter\CodeIgniter->runController(Object(App\Controllers\Marketplace))
 6 SYSTEMPATH\CodeIgniter.php(361): CodeIgniter\CodeIgniter->handleRequest(null, Object(Config\Cache), false)
 7 FCPATH\index.php(79): CodeIgniter\CodeIgniter->run()
 8 SYSTEMPATH\Commands\Server\rewrite.php(47): require_once('C:\\xampp\\htdocs\\sobatx\\public\\index.php')
CRITICAL - 2024-07-24 13:37:54 --> [Caused by] CodeIgniter\Database\Exceptions\DatabaseException: Column 'id_produk' in where clause is ambiguous
in SYSTEMPATH\Database\MySQLi\Connection.php on line 311.
 1 SYSTEMPATH\Database\BaseConnection.php(693): CodeIgniter\Database\MySQLi\Connection->execute('SELECT *
FROM `tbl_produk`
LEFT JOIN `tbl_toko` ON `tbl_toko`.`id_toko` = `tbl_produk`.`id_toko`
JOIN `tbl_foto_produk` ON `tbl_foto_produk`.`id_produk` = `tbl_produk`.`id_produk`
LEFT JOIN `tbl_kategori` ON `tbl_kategori`.`id_kategori` = `tbl_produk`.`id_kategori`
WHERE sha1(id_produk) = \'47aa14bf33a38a9c0026e4dde52c182240bb031f\'')
 2 SYSTEMPATH\Database\BaseConnection.php(607): CodeIgniter\Database\BaseConnection->simpleQuery('SELECT *
FROM `tbl_produk`
LEFT JOIN `tbl_toko` ON `tbl_toko`.`id_toko` = `tbl_produk`.`id_toko`
JOIN `tbl_foto_produk` ON `tbl_foto_produk`.`id_produk` = `tbl_produk`.`id_produk`
LEFT JOIN `tbl_kategori` ON `tbl_kategori`.`id_kategori` = `tbl_produk`.`id_kategori`
WHERE sha1(id_produk) = \'47aa14bf33a38a9c0026e4dde52c182240bb031f\'')
 3 SYSTEMPATH\Database\BaseBuilder.php(1616): CodeIgniter\Database\BaseConnection->query('SELECT *
FROM `tbl_produk`
LEFT JOIN `tbl_toko` ON `tbl_toko`.`id_toko` = `tbl_produk`.`id_toko`
JOIN `tbl_foto_produk` ON `tbl_foto_produk`.`id_produk` = `tbl_produk`.`id_produk`
LEFT JOIN `tbl_kategori` ON `tbl_kategori`.`id_kategori` = `tbl_produk`.`id_kategori`
WHERE sha1(id_produk) = :sha1(id_produk):', [...], false)
 4 APPPATH\Models\M_Produk.php(82): CodeIgniter\Database\BaseBuilder->get()
 5 APPPATH\Controllers\Marketplace.php(122): App\Models\M_Produk->getDataProdukJoinAll([...])
 6 SYSTEMPATH\CodeIgniter.php(941): App\Controllers\Marketplace->detail_product_marketplace('47aa14bf33a38a9c0026e4dde52c182240bb031f')
 7 SYSTEMPATH\CodeIgniter.php(502): CodeIgniter\CodeIgniter->runController(Object(App\Controllers\Marketplace))
 8 SYSTEMPATH\CodeIgniter.php(361): CodeIgniter\CodeIgniter->handleRequest(null, Object(Config\Cache), false)
 9 FCPATH\index.php(79): CodeIgniter\CodeIgniter->run()
10 SYSTEMPATH\Commands\Server\rewrite.php(47): require_once('C:\\xampp\\htdocs\\sobatx\\public\\index.php')
CRITICAL - 2024-07-24 13:37:54 --> [Caused by] mysqli_sql_exception: Column 'id_produk' in where clause is ambiguous
in SYSTEMPATH\Database\MySQLi\Connection.php on line 306.
 1 SYSTEMPATH\Database\MySQLi\Connection.php(306): mysqli->query('SELECT *
FROM `tbl_produk`
LEFT JOIN `tbl_toko` ON `tbl_toko`.`id_toko` = `tbl_produk`.`id_toko`
JOIN `tbl_foto_produk` ON `tbl_foto_produk`.`id_produk` = `tbl_produk`.`id_produk`
LEFT JOIN `tbl_kategori` ON `tbl_kategori`.`id_kategori` = `tbl_produk`.`id_kategori`
WHERE sha1(id_produk) = \'47aa14bf33a38a9c0026e4dde52c182240bb031f\'', 0)
 2 SYSTEMPATH\Database\BaseConnection.php(693): CodeIgniter\Database\MySQLi\Connection->execute('SELECT *
FROM `tbl_produk`
LEFT JOIN `tbl_toko` ON `tbl_toko`.`id_toko` = `tbl_produk`.`id_toko`
JOIN `tbl_foto_produk` ON `tbl_foto_produk`.`id_produk` = `tbl_produk`.`id_produk`
LEFT JOIN `tbl_kategori` ON `tbl_kategori`.`id_kategori` = `tbl_produk`.`id_kategori`
WHERE sha1(id_produk) = \'47aa14bf33a38a9c0026e4dde52c182240bb031f\'')
 3 SYSTEMPATH\Database\BaseConnection.php(607): CodeIgniter\Database\BaseConnection->simpleQuery('SELECT *
FROM `tbl_produk`
LEFT JOIN `tbl_toko` ON `tbl_toko`.`id_toko` = `tbl_produk`.`id_toko`
JOIN `tbl_foto_produk` ON `tbl_foto_produk`.`id_produk` = `tbl_produk`.`id_produk`
LEFT JOIN `tbl_kategori` ON `tbl_kategori`.`id_kategori` = `tbl_produk`.`id_kategori`
WHERE sha1(id_produk) = \'47aa14bf33a38a9c0026e4dde52c182240bb031f\'')
 4 SYSTEMPATH\Database\BaseBuilder.php(1616): CodeIgniter\Database\BaseConnection->query('SELECT *
FROM `tbl_produk`
LEFT JOIN `tbl_toko` ON `tbl_toko`.`id_toko` = `tbl_produk`.`id_toko`
JOIN `tbl_foto_produk` ON `tbl_foto_produk`.`id_produk` = `tbl_produk`.`id_produk`
LEFT JOIN `tbl_kategori` ON `tbl_kategori`.`id_kategori` = `tbl_produk`.`id_kategori`
WHERE sha1(id_produk) = :sha1(id_produk):', [...], false)
 5 APPPATH\Models\M_Produk.php(82): CodeIgniter\Database\BaseBuilder->get()
 6 APPPATH\Controllers\Marketplace.php(122): App\Models\M_Produk->getDataProdukJoinAll([...])
 7 SYSTEMPATH\CodeIgniter.php(941): App\Controllers\Marketplace->detail_product_marketplace('47aa14bf33a38a9c0026e4dde52c182240bb031f')
 8 SYSTEMPATH\CodeIgniter.php(502): CodeIgniter\CodeIgniter->runController(Object(App\Controllers\Marketplace))
 9 SYSTEMPATH\CodeIgniter.php(361): CodeIgniter\CodeIgniter->handleRequest(null, Object(Config\Cache), false)
10 FCPATH\index.php(79): CodeIgniter\CodeIgniter->run()
11 SYSTEMPATH\Commands\Server\rewrite.php(47): require_once('C:\\xampp\\htdocs\\sobatx\\public\\index.php')
