CRITICAL - 2024-06-27 10:36:49 --> CodeIgniter\HTTP\Exceptions\HTTPException: Could not move file "php814D.tmp" to "Assets/img/profile/". Reason: Return type of Google_Collection::count() should either be compatible with Countable::count(): int, or the #[\ReturnTypeWillChange] attribute should be used to temporarily suppress the notice
in SYSTEMPATH\HTTP\Files\UploadedFile.php on line 158.
 1 SYSTEMPATH\HTTP\Files\UploadedFile.php(158): CodeIgniter\HTTP\Exceptions\HTTPException::forMoveFailed('php814D.tmp', 'Assets/img/profile/', 'Return type of Google_Collection::count() should either be compatible with Countable::count(): int, or the #[\\ReturnTypeWillChange] attribute should be used to temporarily suppress the notice')
 2 APPPATH\Controllers\Admin.php(160): CodeIgniter\HTTP\Files\UploadedFile->move('Assets/img/profile/', 'https://lh3.googleusercontent.com/a/ACg8ocJYsmIejUvJJLayNIX0PvDyVwWRKP43QOP8zQaDluTCEmRapw=s96-c', true)
 3 SYSTEMPATH\CodeIgniter.php(941): App\Controllers\Admin->update_peternak()
 4 SYSTEMPATH\CodeIgniter.php(502): CodeIgniter\CodeIgniter->runController(Object(App\Controllers\Admin))
 5 SYSTEMPATH\CodeIgniter.php(361): CodeIgniter\CodeIgniter->handleRequest(null, Object(Config\Cache), false)
 6 FCPATH\index.php(79): CodeIgniter\CodeIgniter->run()
 7 SYSTEMPATH\Commands\Server\rewrite.php(47): require_once('C:\\xampp\\htdocs\\sobatx\\public\\index.php')
CRITICAL - 2024-06-27 10:40:16 --> CodeIgniter\HTTP\Exceptions\HTTPException: Could not move file "phpABBB.tmp" to "Assets/img/profile/". Reason: Return type of Google_Collection::count() should either be compatible with Countable::count(): int, or the #[\ReturnTypeWillChange] attribute should be used to temporarily suppress the notice
in SYSTEMPATH\HTTP\Files\UploadedFile.php on line 158.
 1 SYSTEMPATH\HTTP\Files\UploadedFile.php(158): CodeIgniter\HTTP\Exceptions\HTTPException::forMoveFailed('phpABBB.tmp', 'Assets/img/profile/', 'Return type of Google_Collection::count() should either be compatible with Countable::count(): int, or the #[\\ReturnTypeWillChange] attribute should be used to temporarily suppress the notice')
 2 APPPATH\Controllers\Admin.php(160): CodeIgniter\HTTP\Files\UploadedFile->move('Assets/img/profile/', 'https://lh3.googleusercontent.com/a/ACg8ocJYsmIejUvJJLayNIX0PvDyVwWRKP43QOP8zQaDluTCEmRapw=s96-c', true)
 3 SYSTEMPATH\CodeIgniter.php(941): App\Controllers\Admin->update_peternak()
 4 SYSTEMPATH\CodeIgniter.php(502): CodeIgniter\CodeIgniter->runController(Object(App\Controllers\Admin))
 5 SYSTEMPATH\CodeIgniter.php(361): CodeIgniter\CodeIgniter->handleRequest(null, Object(Config\Cache), false)
 6 FCPATH\index.php(79): CodeIgniter\CodeIgniter->run()
 7 SYSTEMPATH\Commands\Server\rewrite.php(47): require_once('C:\\xampp\\htdocs\\sobatx\\public\\index.php')
CRITICAL - 2024-06-27 10:44:57 --> CodeIgniter\HTTP\Exceptions\HTTPException: Could not move file "phpF5B2.tmp" to "Assets/img/profile/". Reason: Return type of Google_Collection::count() should either be compatible with Countable::count(): int, or the #[\ReturnTypeWillChange] attribute should be used to temporarily suppress the notice
in SYSTEMPATH\HTTP\Files\UploadedFile.php on line 158.
 1 SYSTEMPATH\HTTP\Files\UploadedFile.php(158): CodeIgniter\HTTP\Exceptions\HTTPException::forMoveFailed('phpF5B2.tmp', 'Assets/img/profile/', 'Return type of Google_Collection::count() should either be compatible with Countable::count(): int, or the #[\\ReturnTypeWillChange] attribute should be used to temporarily suppress the notice')
 2 APPPATH\Controllers\Admin.php(160): CodeIgniter\HTTP\Files\UploadedFile->move('Assets/img/profile/', 'https://lh3.googleusercontent.com/a/ACg8ocJYsmIejUvJJLayNIX0PvDyVwWRKP43QOP8zQaDluTCEmRapw=s96-c', true)
 3 SYSTEMPATH\CodeIgniter.php(941): App\Controllers\Admin->update_peternak()
 4 SYSTEMPATH\CodeIgniter.php(502): CodeIgniter\CodeIgniter->runController(Object(App\Controllers\Admin))
 5 SYSTEMPATH\CodeIgniter.php(361): CodeIgniter\CodeIgniter->handleRequest(null, Object(Config\Cache), false)
 6 FCPATH\index.php(79): CodeIgniter\CodeIgniter->run()
 7 SYSTEMPATH\Commands\Server\rewrite.php(47): require_once('C:\\xampp\\htdocs\\sobatx\\public\\index.php')
CRITICAL - 2024-06-27 11:35:33 --> Error: Call to undefined function file_exist()
in APPPATH\Views\Backend\master-admin\peternak\edit-peternak.php on line 36.
 1 SYSTEMPATH\View\View.php(228): include()
 2 SYSTEMPATH\View\View.php(231): CodeIgniter\View\View->CodeIgniter\View\{closure}()
 3 SYSTEMPATH\Common.php(1178): CodeIgniter\View\View->render('Backend/master-admin/peternak/edit-peternak', [], true)
 4 APPPATH\Controllers\Admin.php(133): view('Backend/master-admin/peternak/edit-peternak', [...])
 5 SYSTEMPATH\CodeIgniter.php(941): App\Controllers\Admin->edit_peternak('USR2406199001')
 6 SYSTEMPATH\CodeIgniter.php(502): CodeIgniter\CodeIgniter->runController(Object(App\Controllers\Admin))
 7 SYSTEMPATH\CodeIgniter.php(361): CodeIgniter\CodeIgniter->handleRequest(null, Object(Config\Cache), false)
 8 FCPATH\index.php(79): CodeIgniter\CodeIgniter->run()
 9 SYSTEMPATH\Commands\Server\rewrite.php(47): require_once('C:\\xampp\\htdocs\\sobatx\\public\\index.php')
CRITICAL - 2024-06-27 11:41:22 --> CodeIgniter\HTTP\Exceptions\HTTPException: Could not move file "php9CC8.tmp" to "Assets/img/profile/". Reason: Return type of Google_Collection::count() should either be compatible with Countable::count(): int, or the #[\ReturnTypeWillChange] attribute should be used to temporarily suppress the notice
in SYSTEMPATH\HTTP\Files\UploadedFile.php on line 158.
 1 SYSTEMPATH\HTTP\Files\UploadedFile.php(158): CodeIgniter\HTTP\Exceptions\HTTPException::forMoveFailed('php9CC8.tmp', 'Assets/img/profile/', 'Return type of Google_Collection::count() should either be compatible with Countable::count(): int, or the #[\\ReturnTypeWillChange] attribute should be used to temporarily suppress the notice')
 2 APPPATH\Controllers\Admin.php(161): CodeIgniter\HTTP\Files\UploadedFile->move('Assets/img/profile/', 'PP2024-06-27 11:41:22png')
 3 SYSTEMPATH\CodeIgniter.php(941): App\Controllers\Admin->update_peternak()
 4 SYSTEMPATH\CodeIgniter.php(502): CodeIgniter\CodeIgniter->runController(Object(App\Controllers\Admin))
 5 SYSTEMPATH\CodeIgniter.php(361): CodeIgniter\CodeIgniter->handleRequest(null, Object(Config\Cache), false)
 6 FCPATH\index.php(79): CodeIgniter\CodeIgniter->run()
 7 SYSTEMPATH\Commands\Server\rewrite.php(47): require_once('C:\\xampp\\htdocs\\sobatx\\public\\index.php')
CRITICAL - 2024-06-27 11:52:14 --> ErrorException: Trying to access array offset on value of type null
in APPPATH\Controllers\Admin.php on line 124.
 1 APPPATH\Controllers\Admin.php(124): CodeIgniter\Debug\Exceptions->errorHandler(2, 'Trying to access array offset on value of type null', 'C:\\xampp\\htdocs\\sobatx\\app\\Controllers\\Admin.php', 124)
 2 SYSTEMPATH\CodeIgniter.php(941): App\Controllers\Admin->edit_peternak('USR2406199001')
 3 SYSTEMPATH\CodeIgniter.php(502): CodeIgniter\CodeIgniter->runController(Object(App\Controllers\Admin))
 4 SYSTEMPATH\CodeIgniter.php(361): CodeIgniter\CodeIgniter->handleRequest(null, Object(Config\Cache), false)
 5 FCPATH\index.php(79): CodeIgniter\CodeIgniter->run()
 6 SYSTEMPATH\Commands\Server\rewrite.php(47): require_once('C:\\xampp\\htdocs\\sobatx\\public\\index.php')
CRITICAL - 2024-06-27 11:57:43 --> Error: Class "App\Controllers\UserModel" not found
in APPPATH\Controllers\Admin.php on line 141.
 1 SYSTEMPATH\CodeIgniter.php(941): App\Controllers\Admin->update_peternak()
 2 SYSTEMPATH\CodeIgniter.php(502): CodeIgniter\CodeIgniter->runController(Object(App\Controllers\Admin))
 3 SYSTEMPATH\CodeIgniter.php(361): CodeIgniter\CodeIgniter->handleRequest(null, Object(Config\Cache), false)
 4 FCPATH\index.php(79): CodeIgniter\CodeIgniter->run()
 5 SYSTEMPATH\Commands\Server\rewrite.php(47): require_once('C:\\xampp\\htdocs\\sobatx\\public\\index.php')
CRITICAL - 2024-06-27 11:58:10 --> ParseError: syntax error, unexpected token "class", expecting "," or ";"
in APPPATH\Controllers\Admin.php on line 9.
 1 SYSTEMPATH\Autoloader\Autoloader.php(290): CodeIgniter\Autoloader\Autoloader->includeFile('C:\\xampp\\htdocs\\sobatx\\app\\Controllers\\Admin.php')
 2 SYSTEMPATH\Autoloader\Autoloader.php(266): CodeIgniter\Autoloader\Autoloader->loadInNamespace('App\\Controllers\\Admin')
 3 [internal function]: CodeIgniter\Autoloader\Autoloader->loadClass('App\\Controllers\\Admin')
 4 SYSTEMPATH\CodeIgniter.php(899): class_exists('\\App\\Controllers\\Admin', true)
 5 SYSTEMPATH\CodeIgniter.php(489): CodeIgniter\CodeIgniter->startController()
 6 SYSTEMPATH\CodeIgniter.php(361): CodeIgniter\CodeIgniter->handleRequest(null, Object(Config\Cache), false)
 7 FCPATH\index.php(79): CodeIgniter\CodeIgniter->run()
 8 SYSTEMPATH\Commands\Server\rewrite.php(47): require_once('C:\\xampp\\htdocs\\sobatx\\public\\index.php')
CRITICAL - 2024-06-27 12:41:57 --> ErrorException: Undefined array key "alamat_user"
in APPPATH\Controllers\Peternak.php on line 200.
 1 APPPATH\Controllers\Peternak.php(200): CodeIgniter\Debug\Exceptions->errorHandler(2, 'Undefined array key "alamat_user"', 'C:\\xampp\\htdocs\\sobatx\\app\\Controllers\\Peternak.php', 200)
 2 SYSTEMPATH\CodeIgniter.php(941): App\Controllers\Peternak->login_checker_google()
 3 SYSTEMPATH\CodeIgniter.php(502): CodeIgniter\CodeIgniter->runController(Object(App\Controllers\Peternak))
 4 SYSTEMPATH\CodeIgniter.php(361): CodeIgniter\CodeIgniter->handleRequest(null, Object(Config\Cache), false)
 5 FCPATH\index.php(79): CodeIgniter\CodeIgniter->run()
 6 SYSTEMPATH\Commands\Server\rewrite.php(47): require_once('C:\\xampp\\htdocs\\sobatx\\public\\index.php')
CRITICAL - 2024-06-27 12:43:27 --> ErrorException: Undefined variable $cekUser
in APPPATH\Controllers\Peternak.php on line 202.
 1 APPPATH\Controllers\Peternak.php(202): CodeIgniter\Debug\Exceptions->errorHandler(2, 'Undefined variable $cekUser', 'C:\\xampp\\htdocs\\sobatx\\app\\Controllers\\Peternak.php', 202)
 2 SYSTEMPATH\CodeIgniter.php(941): App\Controllers\Peternak->login_checker_google()
 3 SYSTEMPATH\CodeIgniter.php(502): CodeIgniter\CodeIgniter->runController(Object(App\Controllers\Peternak))
 4 SYSTEMPATH\CodeIgniter.php(361): CodeIgniter\CodeIgniter->handleRequest(null, Object(Config\Cache), false)
 5 FCPATH\index.php(79): CodeIgniter\CodeIgniter->run()
 6 SYSTEMPATH\Commands\Server\rewrite.php(47): require_once('C:\\xampp\\htdocs\\sobatx\\public\\index.php')
CRITICAL - 2024-06-27 12:50:13 --> ErrorException: Undefined variable $menu
in APPPATH\Views\Frontend\template\header.php on line 84.
 1 APPPATH\Views\Frontend\template\header.php(84): CodeIgniter\Debug\Exceptions->errorHandler(2, 'Undefined variable $menu', 'C:\\xampp\\htdocs\\sobatx\\app\\Views\\Frontend\\template\\header.php', 84)
 2 SYSTEMPATH\View\View.php(228): include('C:\\xampp\\htdocs\\sobatx\\app\\Views\\Frontend\\template\\header.php')
 3 SYSTEMPATH\View\View.php(231): CodeIgniter\View\View->CodeIgniter\View\{closure}()
 4 SYSTEMPATH\Common.php(1178): CodeIgniter\View\View->render('Frontend/template/header', [], true)
 5 APPPATH\Controllers\Peternak.php(266): view('Frontend/template/header')
 6 SYSTEMPATH\CodeIgniter.php(941): App\Controllers\Peternak->pemberitahuan_peternak()
 7 SYSTEMPATH\CodeIgniter.php(502): CodeIgniter\CodeIgniter->runController(Object(App\Controllers\Peternak))
 8 SYSTEMPATH\CodeIgniter.php(361): CodeIgniter\CodeIgniter->handleRequest(null, Object(Config\Cache), false)
 9 FCPATH\index.php(79): CodeIgniter\CodeIgniter->run()
10 SYSTEMPATH\Commands\Server\rewrite.php(47): require_once('C:\\xampp\\htdocs\\sobatx\\public\\index.php')
ERROR - 2024-06-27 13:02:30 --> mysqli_sql_exception: Unknown column 'USR2406199001' in 'where clause' in C:\xampp\htdocs\sobatx\system\Database\MySQLi\Connection.php:306
Stack trace:
#0 C:\xampp\htdocs\sobatx\system\Database\MySQLi\Connection.php(306): mysqli->query('DELETE FROM `tb...', 0)
#1 C:\xampp\htdocs\sobatx\system\Database\BaseConnection.php(693): CodeIgniter\Database\MySQLi\Connection->execute('DELETE FROM `tb...')
#2 C:\xampp\htdocs\sobatx\system\Database\BaseConnection.php(607): CodeIgniter\Database\BaseConnection->simpleQuery('DELETE FROM `tb...')
#3 C:\xampp\htdocs\sobatx\system\Database\BaseBuilder.php(2787): CodeIgniter\Database\BaseConnection->query('DELETE FROM `tb...', Array, false)
#4 C:\xampp\htdocs\sobatx\app\Models\M_User.php(80): CodeIgniter\Database\BaseBuilder->delete()
#5 C:\xampp\htdocs\sobatx\app\Controllers\Peternak.php(220): App\Models\M_User->hapusNotif('USR2406199001')
#6 C:\xampp\htdocs\sobatx\system\CodeIgniter.php(941): App\Controllers\Peternak->logout()
#7 C:\xampp\htdocs\sobatx\system\CodeIgniter.php(502): CodeIgniter\CodeIgniter->runController(Object(App\Controllers\Peternak))
#8 C:\xampp\htdocs\sobatx\system\CodeIgniter.php(361): CodeIgniter\CodeIgniter->handleRequest(NULL, Object(Config\Cache), false)
#9 C:\xampp\htdocs\sobatx\public\index.php(79): CodeIgniter\CodeIgniter->run()
#10 C:\xampp\htdocs\sobatx\system\Commands\Server\rewrite.php(47): require_once('C:\\xampp\\htdocs...')
#11 {main}
CRITICAL - 2024-06-27 13:02:30 --> CodeIgniter\Database\Exceptions\DatabaseException: Unknown column 'USR2406199001' in 'where clause'
in SYSTEMPATH\Database\BaseConnection.php on line 647.
 1 SYSTEMPATH\Database\BaseBuilder.php(2787): CodeIgniter\Database\BaseConnection->query('DELETE FROM `tbl_notif`
WHERE `USR2406199001` IS NULL', [], false)
 2 APPPATH\Models\M_User.php(80): CodeIgniter\Database\BaseBuilder->delete()
 3 APPPATH\Controllers\Peternak.php(220): App\Models\M_User->hapusNotif('USR2406199001')
 4 SYSTEMPATH\CodeIgniter.php(941): App\Controllers\Peternak->logout()
 5 SYSTEMPATH\CodeIgniter.php(502): CodeIgniter\CodeIgniter->runController(Object(App\Controllers\Peternak))
 6 SYSTEMPATH\CodeIgniter.php(361): CodeIgniter\CodeIgniter->handleRequest(null, Object(Config\Cache), false)
 7 FCPATH\index.php(79): CodeIgniter\CodeIgniter->run()
 8 SYSTEMPATH\Commands\Server\rewrite.php(47): require_once('C:\\xampp\\htdocs\\sobatx\\public\\index.php')
CRITICAL - 2024-06-27 13:02:30 --> [Caused by] CodeIgniter\Database\Exceptions\DatabaseException: Unknown column 'USR2406199001' in 'where clause'
in SYSTEMPATH\Database\MySQLi\Connection.php on line 311.
 1 SYSTEMPATH\Database\BaseConnection.php(693): CodeIgniter\Database\MySQLi\Connection->execute('DELETE FROM `tbl_notif`
WHERE `USR2406199001` IS NULL')
 2 SYSTEMPATH\Database\BaseConnection.php(607): CodeIgniter\Database\BaseConnection->simpleQuery('DELETE FROM `tbl_notif`
WHERE `USR2406199001` IS NULL')
 3 SYSTEMPATH\Database\BaseBuilder.php(2787): CodeIgniter\Database\BaseConnection->query('DELETE FROM `tbl_notif`
WHERE `USR2406199001` IS NULL', [], false)
 4 APPPATH\Models\M_User.php(80): CodeIgniter\Database\BaseBuilder->delete()
 5 APPPATH\Controllers\Peternak.php(220): App\Models\M_User->hapusNotif('USR2406199001')
 6 SYSTEMPATH\CodeIgniter.php(941): App\Controllers\Peternak->logout()
 7 SYSTEMPATH\CodeIgniter.php(502): CodeIgniter\CodeIgniter->runController(Object(App\Controllers\Peternak))
 8 SYSTEMPATH\CodeIgniter.php(361): CodeIgniter\CodeIgniter->handleRequest(null, Object(Config\Cache), false)
 9 FCPATH\index.php(79): CodeIgniter\CodeIgniter->run()
10 SYSTEMPATH\Commands\Server\rewrite.php(47): require_once('C:\\xampp\\htdocs\\sobatx\\public\\index.php')
CRITICAL - 2024-06-27 13:02:30 --> [Caused by] mysqli_sql_exception: Unknown column 'USR2406199001' in 'where clause'
in SYSTEMPATH\Database\MySQLi\Connection.php on line 306.
 1 SYSTEMPATH\Database\MySQLi\Connection.php(306): mysqli->query('DELETE FROM `tbl_notif`
WHERE `USR2406199001` IS NULL', 0)
 2 SYSTEMPATH\Database\BaseConnection.php(693): CodeIgniter\Database\MySQLi\Connection->execute('DELETE FROM `tbl_notif`
WHERE `USR2406199001` IS NULL')
 3 SYSTEMPATH\Database\BaseConnection.php(607): CodeIgniter\Database\BaseConnection->simpleQuery('DELETE FROM `tbl_notif`
WHERE `USR2406199001` IS NULL')
 4 SYSTEMPATH\Database\BaseBuilder.php(2787): CodeIgniter\Database\BaseConnection->query('DELETE FROM `tbl_notif`
WHERE `USR2406199001` IS NULL', [], false)
 5 APPPATH\Models\M_User.php(80): CodeIgniter\Database\BaseBuilder->delete()
 6 APPPATH\Controllers\Peternak.php(220): App\Models\M_User->hapusNotif('USR2406199001')
 7 SYSTEMPATH\CodeIgniter.php(941): App\Controllers\Peternak->logout()
 8 SYSTEMPATH\CodeIgniter.php(502): CodeIgniter\CodeIgniter->runController(Object(App\Controllers\Peternak))
 9 SYSTEMPATH\CodeIgniter.php(361): CodeIgniter\CodeIgniter->handleRequest(null, Object(Config\Cache), false)
10 FCPATH\index.php(79): CodeIgniter\CodeIgniter->run()
11 SYSTEMPATH\Commands\Server\rewrite.php(47): require_once('C:\\xampp\\htdocs\\sobatx\\public\\index.php')
CRITICAL - 2024-06-27 13:04:56 --> ErrorException: Undefined variable $jumlahNotif
in APPPATH\Views\Frontend\template\navigation.php on line 20.
 1 APPPATH\Views\Frontend\template\navigation.php(20): CodeIgniter\Debug\Exceptions->errorHandler(2, 'Undefined variable $jumlahNotif', 'C:\\xampp\\htdocs\\sobatx\\app\\Views\\Frontend\\template\\navigation.php', 20)
 2 SYSTEMPATH\View\View.php(228): include('C:\\xampp\\htdocs\\sobatx\\app\\Views\\Frontend\\template\\navigation.php')
 3 SYSTEMPATH\View\View.php(231): CodeIgniter\View\View->CodeIgniter\View\{closure}()
 4 SYSTEMPATH\Common.php(1178): CodeIgniter\View\View->render('Frontend/template/navigation', [], true)
 5 APPPATH\Controllers\Peternak.php(240): view('Frontend/template/navigation')
 6 SYSTEMPATH\CodeIgniter.php(941): App\Controllers\Peternak->dashboard_peternak()
 7 SYSTEMPATH\CodeIgniter.php(502): CodeIgniter\CodeIgniter->runController(Object(App\Controllers\Peternak))
 8 SYSTEMPATH\CodeIgniter.php(361): CodeIgniter\CodeIgniter->handleRequest(null, Object(Config\Cache), false)
 9 FCPATH\index.php(79): CodeIgniter\CodeIgniter->run()
10 SYSTEMPATH\Commands\Server\rewrite.php(47): require_once('C:\\xampp\\htdocs\\sobatx\\public\\index.php')
CRITICAL - 2024-06-27 13:29:09 --> CodeIgniter\HTTP\Exceptions\HTTPException: Could not move file "php4A6A.tmp" to "Assets/img/profile/". Reason: Return type of Google_Collection::count() should either be compatible with Countable::count(): int, or the #[\ReturnTypeWillChange] attribute should be used to temporarily suppress the notice
in SYSTEMPATH\HTTP\Files\UploadedFile.php on line 158.
 1 SYSTEMPATH\HTTP\Files\UploadedFile.php(158): CodeIgniter\HTTP\Exceptions\HTTPException::forMoveFailed('php4A6A.tmp', 'Assets/img/profile/', 'Return type of Google_Collection::count() should either be compatible with Countable::count(): int, or the #[\\ReturnTypeWillChange] attribute should be used to temporarily suppress the notice')
 2 APPPATH\Controllers\Admin.php(168): CodeIgniter\HTTP\Files\UploadedFile->move('Assets/img/profile/', '', true)
 3 SYSTEMPATH\CodeIgniter.php(941): App\Controllers\Admin->update_peternak()
 4 SYSTEMPATH\CodeIgniter.php(502): CodeIgniter\CodeIgniter->runController(Object(App\Controllers\Admin))
 5 SYSTEMPATH\CodeIgniter.php(361): CodeIgniter\CodeIgniter->handleRequest(null, Object(Config\Cache), false)
 6 FCPATH\index.php(79): CodeIgniter\CodeIgniter->run()
 7 SYSTEMPATH\Commands\Server\rewrite.php(47): require_once('C:\\xampp\\htdocs\\sobatx\\public\\index.php')
CRITICAL - 2024-06-27 13:32:20 --> ErrorException: Undefined variable $status
in APPPATH\Controllers\Admin.php on line 180.
 1 APPPATH\Controllers\Admin.php(180): CodeIgniter\Debug\Exceptions->errorHandler(2, 'Undefined variable $status', 'C:\\xampp\\htdocs\\sobatx\\app\\Controllers\\Admin.php', 180)
 2 SYSTEMPATH\CodeIgniter.php(941): App\Controllers\Admin->update_peternak()
 3 SYSTEMPATH\CodeIgniter.php(502): CodeIgniter\CodeIgniter->runController(Object(App\Controllers\Admin))
 4 SYSTEMPATH\CodeIgniter.php(361): CodeIgniter\CodeIgniter->handleRequest(null, Object(Config\Cache), false)
 5 FCPATH\index.php(79): CodeIgniter\CodeIgniter->run()
 6 SYSTEMPATH\Commands\Server\rewrite.php(47): require_once('C:\\xampp\\htdocs\\sobatx\\public\\index.php')
CRITICAL - 2024-06-27 13:39:37 --> ErrorException: Undefined variable $jumlahNotif
in APPPATH\Views\Frontend\template\navigation.php on line 20.
 1 APPPATH\Views\Frontend\template\navigation.php(20): CodeIgniter\Debug\Exceptions->errorHandler(2, 'Undefined variable $jumlahNotif', 'C:\\xampp\\htdocs\\sobatx\\app\\Views\\Frontend\\template\\navigation.php', 20)
 2 SYSTEMPATH\View\View.php(228): include('C:\\xampp\\htdocs\\sobatx\\app\\Views\\Frontend\\template\\navigation.php')
 3 SYSTEMPATH\View\View.php(231): CodeIgniter\View\View->CodeIgniter\View\{closure}()
 4 SYSTEMPATH\Common.php(1178): CodeIgniter\View\View->render('Frontend/template/navigation', [], true)
 5 APPPATH\Controllers\Peternak.php(310): view('Frontend/template/navigation', [...])
 6 SYSTEMPATH\CodeIgniter.php(941): App\Controllers\Peternak->mulai_usaha_peternak()
 7 SYSTEMPATH\CodeIgniter.php(502): CodeIgniter\CodeIgniter->runController(Object(App\Controllers\Peternak))
 8 SYSTEMPATH\CodeIgniter.php(361): CodeIgniter\CodeIgniter->handleRequest(null, Object(Config\Cache), false)
 9 FCPATH\index.php(79): CodeIgniter\CodeIgniter->run()
10 SYSTEMPATH\Commands\Server\rewrite.php(47): require_once('C:\\xampp\\htdocs\\sobatx\\public\\index.php')
CRITICAL - 2024-06-27 20:34:25 --> ErrorException: Undefined variable $detail_peternak
in APPPATH\Views\Backend\master-admin\paket\input-paket.php on line 31.
 1 APPPATH\Views\Backend\master-admin\paket\input-paket.php(31): CodeIgniter\Debug\Exceptions->errorHandler(2, 'Undefined variable $detail_peternak', 'C:\\xampp\\htdocs\\sobatx\\app\\Views\\Backend\\master-admin\\paket\\input-paket.php', 31)
 2 SYSTEMPATH\View\View.php(228): include('C:\\xampp\\htdocs\\sobatx\\app\\Views\\Backend\\master-admin\\paket\\input-paket.php')
 3 SYSTEMPATH\View\View.php(231): CodeIgniter\View\View->CodeIgniter\View\{closure}()
 4 SYSTEMPATH\Common.php(1178): CodeIgniter\View\View->render('Backend/master-admin/paket/input-paket', [], true)
 5 APPPATH\Controllers\Admin.php(532): view('Backend/master-admin/paket/input-paket')
 6 SYSTEMPATH\CodeIgniter.php(941): App\Controllers\Admin->input_data_paket()
 7 SYSTEMPATH\CodeIgniter.php(502): CodeIgniter\CodeIgniter->runController(Object(App\Controllers\Admin))
 8 SYSTEMPATH\CodeIgniter.php(361): CodeIgniter\CodeIgniter->handleRequest(null, Object(Config\Cache), false)
 9 FCPATH\index.php(79): CodeIgniter\CodeIgniter->run()
10 SYSTEMPATH\Commands\Server\rewrite.php(47): require_once('C:\\xampp\\htdocs\\sobatx\\public\\index.php')
