ERROR - 2024-08-01 20:35:33 --> Error connecting to the database: mysqli_sql_exception: Unknown database 'sob4tx' in C:\xampp\htdocs\sobatx\system\Database\MySQLi\Connection.php:184
Stack trace:
#0 C:\xampp\htdocs\sobatx\system\Database\MySQLi\Connection.php(184): mysqli->real_connect('localhost', 'root', Object(SensitiveParameterValue), 'sob4tx', 3306, '', 0)
#1 C:\xampp\htdocs\sobatx\system\Database\BaseConnection.php(392): CodeIgniter\Database\MySQLi\Connection->connect(false)
#2 C:\xampp\htdocs\sobatx\system\Database\BaseConnection.php(575): CodeIgniter\Database\BaseConnection->initialize()
#3 C:\xampp\htdocs\sobatx\system\Database\BaseBuilder.php(1616): CodeIgniter\Database\BaseConnection->query('SELECT *\nFROM `...', Array, false)
#4 C:\xampp\htdocs\sobatx\app\Models\M_User.php(23): CodeIgniter\Database\BaseBuilder->get()
#5 C:\xampp\htdocs\sobatx\app\Controllers\Peternak.php(150): App\Models\M_User->getDataUser(Array)
#6 C:\xampp\htdocs\sobatx\system\CodeIgniter.php(941): App\Controllers\Peternak->login_checker_google()
#7 C:\xampp\htdocs\sobatx\system\CodeIgniter.php(502): CodeIgniter\CodeIgniter->runController(Object(App\Controllers\Peternak))
#8 C:\xampp\htdocs\sobatx\system\CodeIgniter.php(361): CodeIgniter\CodeIgniter->handleRequest(NULL, Object(Config\Cache), false)
#9 C:\xampp\htdocs\sobatx\public\index.php(79): CodeIgniter\CodeIgniter->run()
#10 C:\xampp\htdocs\sobatx\system\Commands\Server\rewrite.php(47): require_once('C:\\xampp\\htdocs...')
#11 {main}

Next CodeIgniter\Database\Exceptions\DatabaseException: Unknown database 'sob4tx' in C:\xampp\htdocs\sobatx\system\Database\MySQLi\Connection.php:229
Stack trace:
#0 C:\xampp\htdocs\sobatx\system\Database\BaseConnection.php(392): CodeIgniter\Database\MySQLi\Connection->connect(false)
#1 C:\xampp\htdocs\sobatx\system\Database\BaseConnection.php(575): CodeIgniter\Database\BaseConnection->initialize()
#2 C:\xampp\htdocs\sobatx\system\Database\BaseBuilder.php(1616): CodeIgniter\Database\BaseConnection->query('SELECT *\nFROM `...', Array, false)
#3 C:\xampp\htdocs\sobatx\app\Models\M_User.php(23): CodeIgniter\Database\BaseBuilder->get()
#4 C:\xampp\htdocs\sobatx\app\Controllers\Peternak.php(150): App\Models\M_User->getDataUser(Array)
#5 C:\xampp\htdocs\sobatx\system\CodeIgniter.php(941): App\Controllers\Peternak->login_checker_google()
#6 C:\xampp\htdocs\sobatx\system\CodeIgniter.php(502): CodeIgniter\CodeIgniter->runController(Object(App\Controllers\Peternak))
#7 C:\xampp\htdocs\sobatx\system\CodeIgniter.php(361): CodeIgniter\CodeIgniter->handleRequest(NULL, Object(Config\Cache), false)
#8 C:\xampp\htdocs\sobatx\public\index.php(79): CodeIgniter\CodeIgniter->run()
#9 C:\xampp\htdocs\sobatx\system\Commands\Server\rewrite.php(47): require_once('C:\\xampp\\htdocs...')
#10 {main}
CRITICAL - 2024-08-01 20:35:33 --> CodeIgniter\Database\Exceptions\DatabaseException: Unable to connect to the database.
Main connection [MySQLi]: Unknown database 'sob4tx'
in SYSTEMPATH\Database\BaseConnection.php on line 428.
 1 SYSTEMPATH\Database\BaseConnection.php(575): CodeIgniter\Database\BaseConnection->initialize()
 2 SYSTEMPATH\Database\BaseBuilder.php(1616): CodeIgniter\Database\BaseConnection->query('SELECT *
FROM `tbl_user`
WHERE `email_user` = :email_user:
ORDER BY `id_user` ASC', [...], false)
 3 APPPATH\Models\M_User.php(23): CodeIgniter\Database\BaseBuilder->get()
 4 APPPATH\Controllers\Peternak.php(150): App\Models\M_User->getDataUser([...])
 5 SYSTEMPATH\CodeIgniter.php(941): App\Controllers\Peternak->login_checker_google()
 6 SYSTEMPATH\CodeIgniter.php(502): CodeIgniter\CodeIgniter->runController(Object(App\Controllers\Peternak))
 7 SYSTEMPATH\CodeIgniter.php(361): CodeIgniter\CodeIgniter->handleRequest(null, Object(Config\Cache), false)
 8 FCPATH\index.php(79): CodeIgniter\CodeIgniter->run()
 9 SYSTEMPATH\Commands\Server\rewrite.php(47): require_once('C:\\xampp\\htdocs\\sobatx\\public\\index.php')
CRITICAL - 2024-08-01 20:39:36 --> GuzzleHttp\Exception\ClientException: Client error: `POST https://oauth2.googleapis.com/token` resulted in a `400 Bad Request` response:
{
  "error": "invalid_grant",
  "error_description": "Bad Request"
}

in VENDORPATH\guzzlehttp\guzzle\src\Exception\RequestException.php on line 113.
 1 VENDORPATH\guzzlehttp\guzzle\src\Middleware.php(72): GuzzleHttp\Exception\RequestException::create(Object(GuzzleHttp\Psr7\Request), Object(GuzzleHttp\Psr7\Response), null, [], null)
 2 VENDORPATH\guzzlehttp\promises\src\Promise.php(209): GuzzleHttp\Middleware::GuzzleHttp\{closure}(Object(GuzzleHttp\Psr7\Response))
 3 VENDORPATH\guzzlehttp\promises\src\Promise.php(158): GuzzleHttp\Promise\Promise::callHandler(1, Object(GuzzleHttp\Psr7\Response), null)
 4 VENDORPATH\guzzlehttp\promises\src\TaskQueue.php(52): GuzzleHttp\Promise\Promise::GuzzleHttp\Promise\{closure}()
 5 VENDORPATH\guzzlehttp\promises\src\Promise.php(251): GuzzleHttp\Promise\TaskQueue->run(true)
 6 VENDORPATH\guzzlehttp\promises\src\Promise.php(227): GuzzleHttp\Promise\Promise->invokeWaitFn()
 7 VENDORPATH\guzzlehttp\promises\src\Promise.php(272): GuzzleHttp\Promise\Promise->waitIfPending()
 8 VENDORPATH\guzzlehttp\promises\src\Promise.php(229): GuzzleHttp\Promise\Promise->invokeWaitList()
 9 VENDORPATH\guzzlehttp\promises\src\Promise.php(69): GuzzleHttp\Promise\Promise->waitIfPending()
10 VENDORPATH\guzzlehttp\guzzle\src\Client.php(124): GuzzleHttp\Promise\Promise->wait()
11 VENDORPATH\google\auth\src\HttpHandler\Guzzle6HttpHandler.php(47): GuzzleHttp\Client->send(Object(GuzzleHttp\Psr7\Request), [...])
12 VENDORPATH\google\auth\src\OAuth2.php(551): Google\Auth\HttpHandler\Guzzle6HttpHandler->__invoke(Object(GuzzleHttp\Psr7\Request))
13 VENDORPATH\google\apiclient\src\Google\Client.php(215): Google\Auth\OAuth2->fetchAuthToken(Object(Google\Auth\HttpHandler\Guzzle7HttpHandler))
14 APPPATH\Controllers\Peternak.php(143): Google_Client->fetchAccessTokenWithAuthCode('4/0AcvDMrADuFMyrGEmaQHRbYZ6EhQD614C0fNRnf4QPTCkAk83I-xYCQ0qhXUYix4XFfGr4w')
15 SYSTEMPATH\CodeIgniter.php(941): App\Controllers\Peternak->login_checker_google()
16 SYSTEMPATH\CodeIgniter.php(502): CodeIgniter\CodeIgniter->runController(Object(App\Controllers\Peternak))
17 SYSTEMPATH\CodeIgniter.php(361): CodeIgniter\CodeIgniter->handleRequest(null, Object(Config\Cache), false)
18 FCPATH\index.php(79): CodeIgniter\CodeIgniter->run()
19 SYSTEMPATH\Commands\Server\rewrite.php(47): require_once('C:\\xampp\\htdocs\\sobatx\\public\\index.php')
ERROR - 2024-08-01 21:46:59 --> mysqli_sql_exception: Column 'id_produk' in where clause is ambiguous in C:\xampp\htdocs\sobatx\system\Database\MySQLi\Connection.php:306
Stack trace:
#0 C:\xampp\htdocs\sobatx\system\Database\MySQLi\Connection.php(306): mysqli->query('SELECT *\nFROM `...', 0)
#1 C:\xampp\htdocs\sobatx\system\Database\BaseConnection.php(693): CodeIgniter\Database\MySQLi\Connection->execute('SELECT *\nFROM `...')
#2 C:\xampp\htdocs\sobatx\system\Database\BaseConnection.php(607): CodeIgniter\Database\BaseConnection->simpleQuery('SELECT *\nFROM `...')
#3 C:\xampp\htdocs\sobatx\system\Database\BaseBuilder.php(1616): CodeIgniter\Database\BaseConnection->query('SELECT *\nFROM `...', Array, false)
#4 C:\xampp\htdocs\sobatx\app\Models\M_Produk.php(82): CodeIgniter\Database\BaseBuilder->get()
#5 C:\xampp\htdocs\sobatx\app\Controllers\Marketplace.php(134): App\Models\M_Produk->getDataProdukJoinAll(Array)
#6 C:\xampp\htdocs\sobatx\system\CodeIgniter.php(941): App\Controllers\Marketplace->add_favorite('47aa14bf33a38a9...')
#7 C:\xampp\htdocs\sobatx\system\CodeIgniter.php(502): CodeIgniter\CodeIgniter->runController(Object(App\Controllers\Marketplace))
#8 C:\xampp\htdocs\sobatx\system\CodeIgniter.php(361): CodeIgniter\CodeIgniter->handleRequest(NULL, Object(Config\Cache), false)
#9 C:\xampp\htdocs\sobatx\public\index.php(79): CodeIgniter\CodeIgniter->run()
#10 C:\xampp\htdocs\sobatx\system\Commands\Server\rewrite.php(47): require_once('C:\\xampp\\htdocs...')
#11 {main}
CRITICAL - 2024-08-01 21:46:59 --> CodeIgniter\Database\Exceptions\DatabaseException: Column 'id_produk' in where clause is ambiguous
in SYSTEMPATH\Database\BaseConnection.php on line 647.
 1 SYSTEMPATH\Database\BaseBuilder.php(1616): CodeIgniter\Database\BaseConnection->query('SELECT *
FROM `tbl_produk`
LEFT JOIN `tbl_toko` ON `tbl_toko`.`id_toko` = `tbl_produk`.`id_toko`
JOIN `tbl_foto_produk` ON `tbl_foto_produk`.`id_produk` = `tbl_produk`.`id_produk`
LEFT JOIN `tbl_kategori` ON `tbl_kategori`.`id_kategori` = `tbl_produk`.`id_kategori`
WHERE sha1(id_produk) = :sha1(id_produk):', [...], false)
 2 APPPATH\Models\M_Produk.php(82): CodeIgniter\Database\BaseBuilder->get()
 3 APPPATH\Controllers\Marketplace.php(134): App\Models\M_Produk->getDataProdukJoinAll([...])
 4 SYSTEMPATH\CodeIgniter.php(941): App\Controllers\Marketplace->add_favorite('47aa14bf33a38a9c0026e4dde52c182240bb031f')
 5 SYSTEMPATH\CodeIgniter.php(502): CodeIgniter\CodeIgniter->runController(Object(App\Controllers\Marketplace))
 6 SYSTEMPATH\CodeIgniter.php(361): CodeIgniter\CodeIgniter->handleRequest(null, Object(Config\Cache), false)
 7 FCPATH\index.php(79): CodeIgniter\CodeIgniter->run()
 8 SYSTEMPATH\Commands\Server\rewrite.php(47): require_once('C:\\xampp\\htdocs\\sobatx\\public\\index.php')
CRITICAL - 2024-08-01 21:46:59 --> [Caused by] CodeIgniter\Database\Exceptions\DatabaseException: Column 'id_produk' in where clause is ambiguous
in SYSTEMPATH\Database\MySQLi\Connection.php on line 311.
 1 SYSTEMPATH\Database\BaseConnection.php(693): CodeIgniter\Database\MySQLi\Connection->execute('SELECT *
FROM `tbl_produk`
LEFT JOIN `tbl_toko` ON `tbl_toko`.`id_toko` = `tbl_produk`.`id_toko`
JOIN `tbl_foto_produk` ON `tbl_foto_produk`.`id_produk` = `tbl_produk`.`id_produk`
LEFT JOIN `tbl_kategori` ON `tbl_kategori`.`id_kategori` = `tbl_produk`.`id_kategori`
WHERE sha1(id_produk) = \'47aa14bf33a38a9c0026e4dde52c182240bb031f\'')
 2 SYSTEMPATH\Database\BaseConnection.php(607): CodeIgniter\Database\BaseConnection->simpleQuery('SELECT *
FROM `tbl_produk`
LEFT JOIN `tbl_toko` ON `tbl_toko`.`id_toko` = `tbl_produk`.`id_toko`
JOIN `tbl_foto_produk` ON `tbl_foto_produk`.`id_produk` = `tbl_produk`.`id_produk`
LEFT JOIN `tbl_kategori` ON `tbl_kategori`.`id_kategori` = `tbl_produk`.`id_kategori`
WHERE sha1(id_produk) = \'47aa14bf33a38a9c0026e4dde52c182240bb031f\'')
 3 SYSTEMPATH\Database\BaseBuilder.php(1616): CodeIgniter\Database\BaseConnection->query('SELECT *
FROM `tbl_produk`
LEFT JOIN `tbl_toko` ON `tbl_toko`.`id_toko` = `tbl_produk`.`id_toko`
JOIN `tbl_foto_produk` ON `tbl_foto_produk`.`id_produk` = `tbl_produk`.`id_produk`
LEFT JOIN `tbl_kategori` ON `tbl_kategori`.`id_kategori` = `tbl_produk`.`id_kategori`
WHERE sha1(id_produk) = :sha1(id_produk):', [...], false)
 4 APPPATH\Models\M_Produk.php(82): CodeIgniter\Database\BaseBuilder->get()
 5 APPPATH\Controllers\Marketplace.php(134): App\Models\M_Produk->getDataProdukJoinAll([...])
 6 SYSTEMPATH\CodeIgniter.php(941): App\Controllers\Marketplace->add_favorite('47aa14bf33a38a9c0026e4dde52c182240bb031f')
 7 SYSTEMPATH\CodeIgniter.php(502): CodeIgniter\CodeIgniter->runController(Object(App\Controllers\Marketplace))
 8 SYSTEMPATH\CodeIgniter.php(361): CodeIgniter\CodeIgniter->handleRequest(null, Object(Config\Cache), false)
 9 FCPATH\index.php(79): CodeIgniter\CodeIgniter->run()
10 SYSTEMPATH\Commands\Server\rewrite.php(47): require_once('C:\\xampp\\htdocs\\sobatx\\public\\index.php')
CRITICAL - 2024-08-01 21:46:59 --> [Caused by] mysqli_sql_exception: Column 'id_produk' in where clause is ambiguous
in SYSTEMPATH\Database\MySQLi\Connection.php on line 306.
 1 SYSTEMPATH\Database\MySQLi\Connection.php(306): mysqli->query('SELECT *
FROM `tbl_produk`
LEFT JOIN `tbl_toko` ON `tbl_toko`.`id_toko` = `tbl_produk`.`id_toko`
JOIN `tbl_foto_produk` ON `tbl_foto_produk`.`id_produk` = `tbl_produk`.`id_produk`
LEFT JOIN `tbl_kategori` ON `tbl_kategori`.`id_kategori` = `tbl_produk`.`id_kategori`
WHERE sha1(id_produk) = \'47aa14bf33a38a9c0026e4dde52c182240bb031f\'', 0)
 2 SYSTEMPATH\Database\BaseConnection.php(693): CodeIgniter\Database\MySQLi\Connection->execute('SELECT *
FROM `tbl_produk`
LEFT JOIN `tbl_toko` ON `tbl_toko`.`id_toko` = `tbl_produk`.`id_toko`
JOIN `tbl_foto_produk` ON `tbl_foto_produk`.`id_produk` = `tbl_produk`.`id_produk`
LEFT JOIN `tbl_kategori` ON `tbl_kategori`.`id_kategori` = `tbl_produk`.`id_kategori`
WHERE sha1(id_produk) = \'47aa14bf33a38a9c0026e4dde52c182240bb031f\'')
 3 SYSTEMPATH\Database\BaseConnection.php(607): CodeIgniter\Database\BaseConnection->simpleQuery('SELECT *
FROM `tbl_produk`
LEFT JOIN `tbl_toko` ON `tbl_toko`.`id_toko` = `tbl_produk`.`id_toko`
JOIN `tbl_foto_produk` ON `tbl_foto_produk`.`id_produk` = `tbl_produk`.`id_produk`
LEFT JOIN `tbl_kategori` ON `tbl_kategori`.`id_kategori` = `tbl_produk`.`id_kategori`
WHERE sha1(id_produk) = \'47aa14bf33a38a9c0026e4dde52c182240bb031f\'')
 4 SYSTEMPATH\Database\BaseBuilder.php(1616): CodeIgniter\Database\BaseConnection->query('SELECT *
FROM `tbl_produk`
LEFT JOIN `tbl_toko` ON `tbl_toko`.`id_toko` = `tbl_produk`.`id_toko`
JOIN `tbl_foto_produk` ON `tbl_foto_produk`.`id_produk` = `tbl_produk`.`id_produk`
LEFT JOIN `tbl_kategori` ON `tbl_kategori`.`id_kategori` = `tbl_produk`.`id_kategori`
WHERE sha1(id_produk) = :sha1(id_produk):', [...], false)
 5 APPPATH\Models\M_Produk.php(82): CodeIgniter\Database\BaseBuilder->get()
 6 APPPATH\Controllers\Marketplace.php(134): App\Models\M_Produk->getDataProdukJoinAll([...])
 7 SYSTEMPATH\CodeIgniter.php(941): App\Controllers\Marketplace->add_favorite('47aa14bf33a38a9c0026e4dde52c182240bb031f')
 8 SYSTEMPATH\CodeIgniter.php(502): CodeIgniter\CodeIgniter->runController(Object(App\Controllers\Marketplace))
 9 SYSTEMPATH\CodeIgniter.php(361): CodeIgniter\CodeIgniter->handleRequest(null, Object(Config\Cache), false)
10 FCPATH\index.php(79): CodeIgniter\CodeIgniter->run()
11 SYSTEMPATH\Commands\Server\rewrite.php(47): require_once('C:\\xampp\\htdocs\\sobatx\\public\\index.php')
ERROR - 2024-08-01 23:21:53 --> mysqli_sql_exception: Column 'id_produk' in order clause is ambiguous in C:\xampp\htdocs\sobatx\system\Database\MySQLi\Connection.php:306
Stack trace:
#0 C:\xampp\htdocs\sobatx\system\Database\MySQLi\Connection.php(306): mysqli->query('SELECT *\nFROM `...', 0)
#1 C:\xampp\htdocs\sobatx\system\Database\BaseConnection.php(693): CodeIgniter\Database\MySQLi\Connection->execute('SELECT *\nFROM `...')
#2 C:\xampp\htdocs\sobatx\system\Database\BaseConnection.php(607): CodeIgniter\Database\BaseConnection->simpleQuery('SELECT *\nFROM `...')
#3 C:\xampp\htdocs\sobatx\system\Database\BaseBuilder.php(1616): CodeIgniter\Database\BaseConnection->query('SELECT *\nFROM `...', Array, false)
#4 C:\xampp\htdocs\sobatx\app\Models\M_Transaksi.php(42): CodeIgniter\Database\BaseBuilder->get()
#5 C:\xampp\htdocs\sobatx\app\Controllers\Marketplace.php(263): App\Models\M_Transaksi->getDataTempJoin(Array)
#6 C:\xampp\htdocs\sobatx\system\CodeIgniter.php(941): App\Controllers\Marketplace->checkout_product_marketplace('912c1bf609aaf07...')
#7 C:\xampp\htdocs\sobatx\system\CodeIgniter.php(502): CodeIgniter\CodeIgniter->runController(Object(App\Controllers\Marketplace))
#8 C:\xampp\htdocs\sobatx\system\CodeIgniter.php(361): CodeIgniter\CodeIgniter->handleRequest(NULL, Object(Config\Cache), false)
#9 C:\xampp\htdocs\sobatx\public\index.php(79): CodeIgniter\CodeIgniter->run()
#10 C:\xampp\htdocs\sobatx\system\Commands\Server\rewrite.php(47): require_once('C:\\xampp\\htdocs...')
#11 {main}
CRITICAL - 2024-08-01 23:21:53 --> CodeIgniter\Database\Exceptions\DatabaseException: Column 'id_produk' in order clause is ambiguous
in SYSTEMPATH\Database\BaseConnection.php on line 647.
 1 SYSTEMPATH\Database\BaseBuilder.php(1616): CodeIgniter\Database\BaseConnection->query('SELECT *
FROM `tbl_transaksi_temp`
LEFT JOIN `tbl_produk` ON `tbl_produk`.`id_produk` = `tbl_transaksi_temp`.`id_produk`
LEFT JOIN `tbl_user` ON `tbl_user`.`id_user` = `tbl_transaksi_temp`.`id_user`
WHERE sha1(id_transaksi) = :sha1(id_transaksi):
ORDER BY `id_produk` ASC', [...], false)
 2 APPPATH\Models\M_Transaksi.php(42): CodeIgniter\Database\BaseBuilder->get()
 3 APPPATH\Controllers\Marketplace.php(263): App\Models\M_Transaksi->getDataTempJoin([...])
 4 SYSTEMPATH\CodeIgniter.php(941): App\Controllers\Marketplace->checkout_product_marketplace('912c1bf609aaf07984c27d993f04271f305d727a')
 5 SYSTEMPATH\CodeIgniter.php(502): CodeIgniter\CodeIgniter->runController(Object(App\Controllers\Marketplace))
 6 SYSTEMPATH\CodeIgniter.php(361): CodeIgniter\CodeIgniter->handleRequest(null, Object(Config\Cache), false)
 7 FCPATH\index.php(79): CodeIgniter\CodeIgniter->run()
 8 SYSTEMPATH\Commands\Server\rewrite.php(47): require_once('C:\\xampp\\htdocs\\sobatx\\public\\index.php')
CRITICAL - 2024-08-01 23:21:53 --> [Caused by] CodeIgniter\Database\Exceptions\DatabaseException: Column 'id_produk' in order clause is ambiguous
in SYSTEMPATH\Database\MySQLi\Connection.php on line 311.
 1 SYSTEMPATH\Database\BaseConnection.php(693): CodeIgniter\Database\MySQLi\Connection->execute('SELECT *
FROM `tbl_transaksi_temp`
LEFT JOIN `tbl_produk` ON `tbl_produk`.`id_produk` = `tbl_transaksi_temp`.`id_produk`
LEFT JOIN `tbl_user` ON `tbl_user`.`id_user` = `tbl_transaksi_temp`.`id_user`
WHERE sha1(id_transaksi) = \'912c1bf609aaf07984c27d993f04271f305d727a\'
ORDER BY `id_produk` ASC')
 2 SYSTEMPATH\Database\BaseConnection.php(607): CodeIgniter\Database\BaseConnection->simpleQuery('SELECT *
FROM `tbl_transaksi_temp`
LEFT JOIN `tbl_produk` ON `tbl_produk`.`id_produk` = `tbl_transaksi_temp`.`id_produk`
LEFT JOIN `tbl_user` ON `tbl_user`.`id_user` = `tbl_transaksi_temp`.`id_user`
WHERE sha1(id_transaksi) = \'912c1bf609aaf07984c27d993f04271f305d727a\'
ORDER BY `id_produk` ASC')
 3 SYSTEMPATH\Database\BaseBuilder.php(1616): CodeIgniter\Database\BaseConnection->query('SELECT *
FROM `tbl_transaksi_temp`
LEFT JOIN `tbl_produk` ON `tbl_produk`.`id_produk` = `tbl_transaksi_temp`.`id_produk`
LEFT JOIN `tbl_user` ON `tbl_user`.`id_user` = `tbl_transaksi_temp`.`id_user`
WHERE sha1(id_transaksi) = :sha1(id_transaksi):
ORDER BY `id_produk` ASC', [...], false)
 4 APPPATH\Models\M_Transaksi.php(42): CodeIgniter\Database\BaseBuilder->get()
 5 APPPATH\Controllers\Marketplace.php(263): App\Models\M_Transaksi->getDataTempJoin([...])
 6 SYSTEMPATH\CodeIgniter.php(941): App\Controllers\Marketplace->checkout_product_marketplace('912c1bf609aaf07984c27d993f04271f305d727a')
 7 SYSTEMPATH\CodeIgniter.php(502): CodeIgniter\CodeIgniter->runController(Object(App\Controllers\Marketplace))
 8 SYSTEMPATH\CodeIgniter.php(361): CodeIgniter\CodeIgniter->handleRequest(null, Object(Config\Cache), false)
 9 FCPATH\index.php(79): CodeIgniter\CodeIgniter->run()
10 SYSTEMPATH\Commands\Server\rewrite.php(47): require_once('C:\\xampp\\htdocs\\sobatx\\public\\index.php')
CRITICAL - 2024-08-01 23:21:53 --> [Caused by] mysqli_sql_exception: Column 'id_produk' in order clause is ambiguous
in SYSTEMPATH\Database\MySQLi\Connection.php on line 306.
 1 SYSTEMPATH\Database\MySQLi\Connection.php(306): mysqli->query('SELECT *
FROM `tbl_transaksi_temp`
LEFT JOIN `tbl_produk` ON `tbl_produk`.`id_produk` = `tbl_transaksi_temp`.`id_produk`
LEFT JOIN `tbl_user` ON `tbl_user`.`id_user` = `tbl_transaksi_temp`.`id_user`
WHERE sha1(id_transaksi) = \'912c1bf609aaf07984c27d993f04271f305d727a\'
ORDER BY `id_produk` ASC', 0)
 2 SYSTEMPATH\Database\BaseConnection.php(693): CodeIgniter\Database\MySQLi\Connection->execute('SELECT *
FROM `tbl_transaksi_temp`
LEFT JOIN `tbl_produk` ON `tbl_produk`.`id_produk` = `tbl_transaksi_temp`.`id_produk`
LEFT JOIN `tbl_user` ON `tbl_user`.`id_user` = `tbl_transaksi_temp`.`id_user`
WHERE sha1(id_transaksi) = \'912c1bf609aaf07984c27d993f04271f305d727a\'
ORDER BY `id_produk` ASC')
 3 SYSTEMPATH\Database\BaseConnection.php(607): CodeIgniter\Database\BaseConnection->simpleQuery('SELECT *
FROM `tbl_transaksi_temp`
LEFT JOIN `tbl_produk` ON `tbl_produk`.`id_produk` = `tbl_transaksi_temp`.`id_produk`
LEFT JOIN `tbl_user` ON `tbl_user`.`id_user` = `tbl_transaksi_temp`.`id_user`
WHERE sha1(id_transaksi) = \'912c1bf609aaf07984c27d993f04271f305d727a\'
ORDER BY `id_produk` ASC')
 4 SYSTEMPATH\Database\BaseBuilder.php(1616): CodeIgniter\Database\BaseConnection->query('SELECT *
FROM `tbl_transaksi_temp`
LEFT JOIN `tbl_produk` ON `tbl_produk`.`id_produk` = `tbl_transaksi_temp`.`id_produk`
LEFT JOIN `tbl_user` ON `tbl_user`.`id_user` = `tbl_transaksi_temp`.`id_user`
WHERE sha1(id_transaksi) = :sha1(id_transaksi):
ORDER BY `id_produk` ASC', [...], false)
 5 APPPATH\Models\M_Transaksi.php(42): CodeIgniter\Database\BaseBuilder->get()
 6 APPPATH\Controllers\Marketplace.php(263): App\Models\M_Transaksi->getDataTempJoin([...])
 7 SYSTEMPATH\CodeIgniter.php(941): App\Controllers\Marketplace->checkout_product_marketplace('912c1bf609aaf07984c27d993f04271f305d727a')
 8 SYSTEMPATH\CodeIgniter.php(502): CodeIgniter\CodeIgniter->runController(Object(App\Controllers\Marketplace))
 9 SYSTEMPATH\CodeIgniter.php(361): CodeIgniter\CodeIgniter->handleRequest(null, Object(Config\Cache), false)
10 FCPATH\index.php(79): CodeIgniter\CodeIgniter->run()
11 SYSTEMPATH\Commands\Server\rewrite.php(47): require_once('C:\\xampp\\htdocs\\sobatx\\public\\index.php')
ERROR - 2024-08-01 23:22:55 --> mysqli_sql_exception: Column 'id_produk' in order clause is ambiguous in C:\xampp\htdocs\sobatx\system\Database\MySQLi\Connection.php:306
Stack trace:
#0 C:\xampp\htdocs\sobatx\system\Database\MySQLi\Connection.php(306): mysqli->query('SELECT *\nFROM `...', 0)
#1 C:\xampp\htdocs\sobatx\system\Database\BaseConnection.php(693): CodeIgniter\Database\MySQLi\Connection->execute('SELECT *\nFROM `...')
#2 C:\xampp\htdocs\sobatx\system\Database\BaseConnection.php(607): CodeIgniter\Database\BaseConnection->simpleQuery('SELECT *\nFROM `...')
#3 C:\xampp\htdocs\sobatx\system\Database\BaseBuilder.php(1616): CodeIgniter\Database\BaseConnection->query('SELECT *\nFROM `...', Array, false)
#4 C:\xampp\htdocs\sobatx\app\Models\M_Transaksi.php(42): CodeIgniter\Database\BaseBuilder->get()
#5 C:\xampp\htdocs\sobatx\app\Controllers\Marketplace.php(263): App\Models\M_Transaksi->getDataTempJoin(Array)
#6 C:\xampp\htdocs\sobatx\system\CodeIgniter.php(941): App\Controllers\Marketplace->checkout_product_marketplace('912c1bf609aaf07...')
#7 C:\xampp\htdocs\sobatx\system\CodeIgniter.php(502): CodeIgniter\CodeIgniter->runController(Object(App\Controllers\Marketplace))
#8 C:\xampp\htdocs\sobatx\system\CodeIgniter.php(361): CodeIgniter\CodeIgniter->handleRequest(NULL, Object(Config\Cache), false)
#9 C:\xampp\htdocs\sobatx\public\index.php(79): CodeIgniter\CodeIgniter->run()
#10 C:\xampp\htdocs\sobatx\system\Commands\Server\rewrite.php(47): require_once('C:\\xampp\\htdocs...')
#11 {main}
CRITICAL - 2024-08-01 23:22:55 --> CodeIgniter\Database\Exceptions\DatabaseException: Column 'id_produk' in order clause is ambiguous
in SYSTEMPATH\Database\BaseConnection.php on line 647.
 1 SYSTEMPATH\Database\BaseBuilder.php(1616): CodeIgniter\Database\BaseConnection->query('SELECT *
FROM `tbl_transaksi_temp`
LEFT JOIN `tbl_produk` ON `tbl_produk`.`id_produk` = `tbl_transaksi_temp`.`id_produk`
LEFT JOIN `tbl_user` ON `tbl_user`.`id_user` = `tbl_transaksi_temp`.`id_user`
WHERE sha1(tbl_transaksi_temp.id_transaksi) = :sha1(tbl_transaksi_temp.id_transaksi):
ORDER BY `id_produk` ASC', [...], false)
 2 APPPATH\Models\M_Transaksi.php(42): CodeIgniter\Database\BaseBuilder->get()
 3 APPPATH\Controllers\Marketplace.php(263): App\Models\M_Transaksi->getDataTempJoin([...])
 4 SYSTEMPATH\CodeIgniter.php(941): App\Controllers\Marketplace->checkout_product_marketplace('912c1bf609aaf07984c27d993f04271f305d727a')
 5 SYSTEMPATH\CodeIgniter.php(502): CodeIgniter\CodeIgniter->runController(Object(App\Controllers\Marketplace))
 6 SYSTEMPATH\CodeIgniter.php(361): CodeIgniter\CodeIgniter->handleRequest(null, Object(Config\Cache), false)
 7 FCPATH\index.php(79): CodeIgniter\CodeIgniter->run()
 8 SYSTEMPATH\Commands\Server\rewrite.php(47): require_once('C:\\xampp\\htdocs\\sobatx\\public\\index.php')
CRITICAL - 2024-08-01 23:22:55 --> [Caused by] CodeIgniter\Database\Exceptions\DatabaseException: Column 'id_produk' in order clause is ambiguous
in SYSTEMPATH\Database\MySQLi\Connection.php on line 311.
 1 SYSTEMPATH\Database\BaseConnection.php(693): CodeIgniter\Database\MySQLi\Connection->execute('SELECT *
FROM `tbl_transaksi_temp`
LEFT JOIN `tbl_produk` ON `tbl_produk`.`id_produk` = `tbl_transaksi_temp`.`id_produk`
LEFT JOIN `tbl_user` ON `tbl_user`.`id_user` = `tbl_transaksi_temp`.`id_user`
WHERE sha1(tbl_transaksi_temp.id_transaksi) = \'912c1bf609aaf07984c27d993f04271f305d727a\'
ORDER BY `id_produk` ASC')
 2 SYSTEMPATH\Database\BaseConnection.php(607): CodeIgniter\Database\BaseConnection->simpleQuery('SELECT *
FROM `tbl_transaksi_temp`
LEFT JOIN `tbl_produk` ON `tbl_produk`.`id_produk` = `tbl_transaksi_temp`.`id_produk`
LEFT JOIN `tbl_user` ON `tbl_user`.`id_user` = `tbl_transaksi_temp`.`id_user`
WHERE sha1(tbl_transaksi_temp.id_transaksi) = \'912c1bf609aaf07984c27d993f04271f305d727a\'
ORDER BY `id_produk` ASC')
 3 SYSTEMPATH\Database\BaseBuilder.php(1616): CodeIgniter\Database\BaseConnection->query('SELECT *
FROM `tbl_transaksi_temp`
LEFT JOIN `tbl_produk` ON `tbl_produk`.`id_produk` = `tbl_transaksi_temp`.`id_produk`
LEFT JOIN `tbl_user` ON `tbl_user`.`id_user` = `tbl_transaksi_temp`.`id_user`
WHERE sha1(tbl_transaksi_temp.id_transaksi) = :sha1(tbl_transaksi_temp.id_transaksi):
ORDER BY `id_produk` ASC', [...], false)
 4 APPPATH\Models\M_Transaksi.php(42): CodeIgniter\Database\BaseBuilder->get()
 5 APPPATH\Controllers\Marketplace.php(263): App\Models\M_Transaksi->getDataTempJoin([...])
 6 SYSTEMPATH\CodeIgniter.php(941): App\Controllers\Marketplace->checkout_product_marketplace('912c1bf609aaf07984c27d993f04271f305d727a')
 7 SYSTEMPATH\CodeIgniter.php(502): CodeIgniter\CodeIgniter->runController(Object(App\Controllers\Marketplace))
 8 SYSTEMPATH\CodeIgniter.php(361): CodeIgniter\CodeIgniter->handleRequest(null, Object(Config\Cache), false)
 9 FCPATH\index.php(79): CodeIgniter\CodeIgniter->run()
10 SYSTEMPATH\Commands\Server\rewrite.php(47): require_once('C:\\xampp\\htdocs\\sobatx\\public\\index.php')
CRITICAL - 2024-08-01 23:22:55 --> [Caused by] mysqli_sql_exception: Column 'id_produk' in order clause is ambiguous
in SYSTEMPATH\Database\MySQLi\Connection.php on line 306.
 1 SYSTEMPATH\Database\MySQLi\Connection.php(306): mysqli->query('SELECT *
FROM `tbl_transaksi_temp`
LEFT JOIN `tbl_produk` ON `tbl_produk`.`id_produk` = `tbl_transaksi_temp`.`id_produk`
LEFT JOIN `tbl_user` ON `tbl_user`.`id_user` = `tbl_transaksi_temp`.`id_user`
WHERE sha1(tbl_transaksi_temp.id_transaksi) = \'912c1bf609aaf07984c27d993f04271f305d727a\'
ORDER BY `id_produk` ASC', 0)
 2 SYSTEMPATH\Database\BaseConnection.php(693): CodeIgniter\Database\MySQLi\Connection->execute('SELECT *
FROM `tbl_transaksi_temp`
LEFT JOIN `tbl_produk` ON `tbl_produk`.`id_produk` = `tbl_transaksi_temp`.`id_produk`
LEFT JOIN `tbl_user` ON `tbl_user`.`id_user` = `tbl_transaksi_temp`.`id_user`
WHERE sha1(tbl_transaksi_temp.id_transaksi) = \'912c1bf609aaf07984c27d993f04271f305d727a\'
ORDER BY `id_produk` ASC')
 3 SYSTEMPATH\Database\BaseConnection.php(607): CodeIgniter\Database\BaseConnection->simpleQuery('SELECT *
FROM `tbl_transaksi_temp`
LEFT JOIN `tbl_produk` ON `tbl_produk`.`id_produk` = `tbl_transaksi_temp`.`id_produk`
LEFT JOIN `tbl_user` ON `tbl_user`.`id_user` = `tbl_transaksi_temp`.`id_user`
WHERE sha1(tbl_transaksi_temp.id_transaksi) = \'912c1bf609aaf07984c27d993f04271f305d727a\'
ORDER BY `id_produk` ASC')
 4 SYSTEMPATH\Database\BaseBuilder.php(1616): CodeIgniter\Database\BaseConnection->query('SELECT *
FROM `tbl_transaksi_temp`
LEFT JOIN `tbl_produk` ON `tbl_produk`.`id_produk` = `tbl_transaksi_temp`.`id_produk`
LEFT JOIN `tbl_user` ON `tbl_user`.`id_user` = `tbl_transaksi_temp`.`id_user`
WHERE sha1(tbl_transaksi_temp.id_transaksi) = :sha1(tbl_transaksi_temp.id_transaksi):
ORDER BY `id_produk` ASC', [...], false)
 5 APPPATH\Models\M_Transaksi.php(42): CodeIgniter\Database\BaseBuilder->get()
 6 APPPATH\Controllers\Marketplace.php(263): App\Models\M_Transaksi->getDataTempJoin([...])
 7 SYSTEMPATH\CodeIgniter.php(941): App\Controllers\Marketplace->checkout_product_marketplace('912c1bf609aaf07984c27d993f04271f305d727a')
 8 SYSTEMPATH\CodeIgniter.php(502): CodeIgniter\CodeIgniter->runController(Object(App\Controllers\Marketplace))
 9 SYSTEMPATH\CodeIgniter.php(361): CodeIgniter\CodeIgniter->handleRequest(null, Object(Config\Cache), false)
10 FCPATH\index.php(79): CodeIgniter\CodeIgniter->run()
11 SYSTEMPATH\Commands\Server\rewrite.php(47): require_once('C:\\xampp\\htdocs\\sobatx\\public\\index.php')
CRITICAL - 2024-08-01 23:31:47 --> Error: Call to undefined function money_format()
in APPPATH\Views\Frontend\master-pengguna\content\marketplace\checkout.php on line 92.
 1 SYSTEMPATH\View\View.php(228): include()
 2 SYSTEMPATH\View\View.php(231): CodeIgniter\View\View->CodeIgniter\View\{closure}()
 3 SYSTEMPATH\Common.php(1178): CodeIgniter\View\View->render('Frontend/master-pengguna/content/marketplace/checkout', [], true)
 4 APPPATH\Controllers\Marketplace.php(276): view('Frontend/master-pengguna/content/marketplace/checkout', [...])
 5 SYSTEMPATH\CodeIgniter.php(941): App\Controllers\Marketplace->checkout_product_marketplace('d8953eb3e88e085dc22bc7e4f4abf62b312444b9')
 6 SYSTEMPATH\CodeIgniter.php(502): CodeIgniter\CodeIgniter->runController(Object(App\Controllers\Marketplace))
 7 SYSTEMPATH\CodeIgniter.php(361): CodeIgniter\CodeIgniter->handleRequest(null, Object(Config\Cache), false)
 8 FCPATH\index.php(79): CodeIgniter\CodeIgniter->run()
 9 SYSTEMPATH\Commands\Server\rewrite.php(47): require_once('C:\\xampp\\htdocs\\sobatx\\public\\index.php')
CRITICAL - 2024-08-01 23:34:04 --> Error: Call to undefined function money_format()
in APPPATH\Views\Frontend\master-pengguna\content\marketplace\checkout.php on line 92.
 1 SYSTEMPATH\View\View.php(228): include()
 2 SYSTEMPATH\View\View.php(231): CodeIgniter\View\View->CodeIgniter\View\{closure}()
 3 SYSTEMPATH\Common.php(1178): CodeIgniter\View\View->render('Frontend/master-pengguna/content/marketplace/checkout', [], true)
 4 APPPATH\Controllers\Marketplace.php(276): view('Frontend/master-pengguna/content/marketplace/checkout', [...])
 5 SYSTEMPATH\CodeIgniter.php(941): App\Controllers\Marketplace->checkout_product_marketplace('d8953eb3e88e085dc22bc7e4f4abf62b312444b9')
 6 SYSTEMPATH\CodeIgniter.php(502): CodeIgniter\CodeIgniter->runController(Object(App\Controllers\Marketplace))
 7 SYSTEMPATH\CodeIgniter.php(361): CodeIgniter\CodeIgniter->handleRequest(null, Object(Config\Cache), false)
 8 FCPATH\index.php(79): CodeIgniter\CodeIgniter->run()
 9 SYSTEMPATH\Commands\Server\rewrite.php(47): require_once('C:\\xampp\\htdocs\\sobatx\\public\\index.php')
CRITICAL - 2024-08-01 23:35:59 --> TypeError: number_format(): Argument #1 ($num) must be of type float, string given
in APPPATH\Views\Frontend\master-pengguna\content\marketplace\checkout.php on line 92.
 1 APPPATH\Views\Frontend\master-pengguna\content\marketplace\checkout.php(92): number_format('1.000.005', 2, ',', '.')
 2 SYSTEMPATH\View\View.php(228): include('C:\\xampp\\htdocs\\sobatx\\app\\Views\\Frontend\\master-pengguna\\content\\marketplace\\checkout.php')
 3 SYSTEMPATH\View\View.php(231): CodeIgniter\View\View->CodeIgniter\View\{closure}()
 4 SYSTEMPATH\Common.php(1178): CodeIgniter\View\View->render('Frontend/master-pengguna/content/marketplace/checkout', [], true)
 5 APPPATH\Controllers\Marketplace.php(276): view('Frontend/master-pengguna/content/marketplace/checkout', [...])
 6 SYSTEMPATH\CodeIgniter.php(941): App\Controllers\Marketplace->checkout_product_marketplace('d8953eb3e88e085dc22bc7e4f4abf62b312444b9')
 7 SYSTEMPATH\CodeIgniter.php(502): CodeIgniter\CodeIgniter->runController(Object(App\Controllers\Marketplace))
 8 SYSTEMPATH\CodeIgniter.php(361): CodeIgniter\CodeIgniter->handleRequest(null, Object(Config\Cache), false)
 9 FCPATH\index.php(79): CodeIgniter\CodeIgniter->run()
10 SYSTEMPATH\Commands\Server\rewrite.php(47): require_once('C:\\xampp\\htdocs\\sobatx\\public\\index.php')
CRITICAL - 2024-08-01 23:36:49 --> TypeError: number_format(): Argument #1 ($num) must be of type float, string given
in APPPATH\Views\Frontend\master-pengguna\content\marketplace\checkout.php on line 93.
 1 APPPATH\Views\Frontend\master-pengguna\content\marketplace\checkout.php(93): number_format('1.000.005', 2, ',', '.')
 2 SYSTEMPATH\View\View.php(228): include('C:\\xampp\\htdocs\\sobatx\\app\\Views\\Frontend\\master-pengguna\\content\\marketplace\\checkout.php')
 3 SYSTEMPATH\View\View.php(231): CodeIgniter\View\View->CodeIgniter\View\{closure}()
 4 SYSTEMPATH\Common.php(1178): CodeIgniter\View\View->render('Frontend/master-pengguna/content/marketplace/checkout', [], true)
 5 APPPATH\Controllers\Marketplace.php(276): view('Frontend/master-pengguna/content/marketplace/checkout', [...])
 6 SYSTEMPATH\CodeIgniter.php(941): App\Controllers\Marketplace->checkout_product_marketplace('d8953eb3e88e085dc22bc7e4f4abf62b312444b9')
 7 SYSTEMPATH\CodeIgniter.php(502): CodeIgniter\CodeIgniter->runController(Object(App\Controllers\Marketplace))
 8 SYSTEMPATH\CodeIgniter.php(361): CodeIgniter\CodeIgniter->handleRequest(null, Object(Config\Cache), false)
 9 FCPATH\index.php(79): CodeIgniter\CodeIgniter->run()
10 SYSTEMPATH\Commands\Server\rewrite.php(47): require_once('C:\\xampp\\htdocs\\sobatx\\public\\index.php')
