CRITICAL - 2024-10-13 00:35:28 --> ErrorException: Undefined variable $dataKota
in APPPATH\Views\Frontend\master-pengguna\content\marketplace\detail-buat-pesanan.php on line 95.
 1 APPPATH\Views\Frontend\master-pengguna\content\marketplace\detail-buat-pesanan.php(95): CodeIgniter\Debug\Exceptions->errorHandler(2, 'Undefined variable $dataKota', 'E:\\Project\\sobatx\\app\\Views\\Frontend\\master-pengguna\\content\\marketplace\\detail-buat-pesanan.php', 95)
 2 SYSTEMPATH\View\View.php(228): include('E:\\Project\\sobatx\\app\\Views\\Frontend\\master-pengguna\\content\\marketplace\\detail-buat-pesanan.php')
 3 SYSTEMPATH\View\View.php(231): CodeIgniter\View\View->CodeIgniter\View\{closure}()
 4 SYSTEMPATH\Common.php(1178): CodeIgniter\View\View->render('Frontend/master-pengguna/content/marketplace/detail-buat-pesanan', [], true)
 5 APPPATH\Controllers\Marketplace.php(675): view('Frontend/master-pengguna/content/marketplace/detail-buat-pesanan', [...])
 6 SYSTEMPATH\CodeIgniter.php(941): App\Controllers\Marketplace->buat_pesanan('ef30b7d8b2948cc22dc9478ad3dc6e54f6272425')
 7 SYSTEMPATH\CodeIgniter.php(502): CodeIgniter\CodeIgniter->runController(Object(App\Controllers\Marketplace))
 8 SYSTEMPATH\CodeIgniter.php(361): CodeIgniter\CodeIgniter->handleRequest(null, Object(Config\Cache), false)
 9 FCPATH\index.php(79): CodeIgniter\CodeIgniter->run()
10 SYSTEMPATH\Commands\Server\rewrite.php(47): require_once('E:\\Project\\sobatx\\public\\index.php')
CRITICAL - 2024-10-13 00:35:29 --> ErrorException: Undefined variable $dataKota
in APPPATH\Views\Frontend\master-pengguna\content\marketplace\detail-buat-pesanan.php on line 95.
 1 APPPATH\Views\Frontend\master-pengguna\content\marketplace\detail-buat-pesanan.php(95): CodeIgniter\Debug\Exceptions->errorHandler(2, 'Undefined variable $dataKota', 'E:\\Project\\sobatx\\app\\Views\\Frontend\\master-pengguna\\content\\marketplace\\detail-buat-pesanan.php', 95)
 2 SYSTEMPATH\View\View.php(228): include('E:\\Project\\sobatx\\app\\Views\\Frontend\\master-pengguna\\content\\marketplace\\detail-buat-pesanan.php')
 3 SYSTEMPATH\View\View.php(231): CodeIgniter\View\View->CodeIgniter\View\{closure}()
 4 SYSTEMPATH\Common.php(1178): CodeIgniter\View\View->render('Frontend/master-pengguna/content/marketplace/detail-buat-pesanan', [], true)
 5 APPPATH\Controllers\Marketplace.php(675): view('Frontend/master-pengguna/content/marketplace/detail-buat-pesanan', [...])
 6 SYSTEMPATH\CodeIgniter.php(941): App\Controllers\Marketplace->buat_pesanan('ef30b7d8b2948cc22dc9478ad3dc6e54f6272425')
 7 SYSTEMPATH\CodeIgniter.php(502): CodeIgniter\CodeIgniter->runController(Object(App\Controllers\Marketplace))
 8 SYSTEMPATH\CodeIgniter.php(361): CodeIgniter\CodeIgniter->handleRequest(null, Object(Config\Cache), false)
 9 FCPATH\index.php(79): CodeIgniter\CodeIgniter->run()
10 SYSTEMPATH\Commands\Server\rewrite.php(47): require_once('E:\\Project\\sobatx\\public\\index.php')
CRITICAL - 2024-10-13 01:15:15 --> ErrorException: Undefined variable $dataTransaksi
in APPPATH\Views\Frontend\master-pengguna\content\marketplace\detail-buat-pesanan.php on line 101.
 1 APPPATH\Views\Frontend\master-pengguna\content\marketplace\detail-buat-pesanan.php(101): CodeIgniter\Debug\Exceptions->errorHandler(2, 'Undefined variable $dataTransaksi', 'E:\\Project\\sobatx\\app\\Views\\Frontend\\master-pengguna\\content\\marketplace\\detail-buat-pesanan.php', 101)
 2 SYSTEMPATH\View\View.php(228): include('E:\\Project\\sobatx\\app\\Views\\Frontend\\master-pengguna\\content\\marketplace\\detail-buat-pesanan.php')
 3 SYSTEMPATH\View\View.php(231): CodeIgniter\View\View->CodeIgniter\View\{closure}()
 4 SYSTEMPATH\Common.php(1178): CodeIgniter\View\View->render('Frontend/master-pengguna/content/marketplace/detail-buat-pesanan', [], true)
 5 APPPATH\Controllers\Marketplace.php(675): view('Frontend/master-pengguna/content/marketplace/detail-buat-pesanan', [...])
 6 SYSTEMPATH\CodeIgniter.php(941): App\Controllers\Marketplace->buat_pesanan('ef30b7d8b2948cc22dc9478ad3dc6e54f6272425')
 7 SYSTEMPATH\CodeIgniter.php(502): CodeIgniter\CodeIgniter->runController(Object(App\Controllers\Marketplace))
 8 SYSTEMPATH\CodeIgniter.php(361): CodeIgniter\CodeIgniter->handleRequest(null, Object(Config\Cache), false)
 9 FCPATH\index.php(79): CodeIgniter\CodeIgniter->run()
10 SYSTEMPATH\Commands\Server\rewrite.php(47): require_once('E:\\Project\\sobatx\\public\\index.php')
CRITICAL - 2024-10-13 01:15:15 --> ErrorException: Undefined variable $dataTransaksi
in APPPATH\Views\Frontend\master-pengguna\content\marketplace\detail-buat-pesanan.php on line 101.
 1 APPPATH\Views\Frontend\master-pengguna\content\marketplace\detail-buat-pesanan.php(101): CodeIgniter\Debug\Exceptions->errorHandler(2, 'Undefined variable $dataTransaksi', 'E:\\Project\\sobatx\\app\\Views\\Frontend\\master-pengguna\\content\\marketplace\\detail-buat-pesanan.php', 101)
 2 SYSTEMPATH\View\View.php(228): include('E:\\Project\\sobatx\\app\\Views\\Frontend\\master-pengguna\\content\\marketplace\\detail-buat-pesanan.php')
 3 SYSTEMPATH\View\View.php(231): CodeIgniter\View\View->CodeIgniter\View\{closure}()
 4 SYSTEMPATH\Common.php(1178): CodeIgniter\View\View->render('Frontend/master-pengguna/content/marketplace/detail-buat-pesanan', [], true)
 5 APPPATH\Controllers\Marketplace.php(675): view('Frontend/master-pengguna/content/marketplace/detail-buat-pesanan', [...])
 6 SYSTEMPATH\CodeIgniter.php(941): App\Controllers\Marketplace->buat_pesanan('ef30b7d8b2948cc22dc9478ad3dc6e54f6272425')
 7 SYSTEMPATH\CodeIgniter.php(502): CodeIgniter\CodeIgniter->runController(Object(App\Controllers\Marketplace))
 8 SYSTEMPATH\CodeIgniter.php(361): CodeIgniter\CodeIgniter->handleRequest(null, Object(Config\Cache), false)
 9 FCPATH\index.php(79): CodeIgniter\CodeIgniter->run()
10 SYSTEMPATH\Commands\Server\rewrite.php(47): require_once('E:\\Project\\sobatx\\public\\index.php')
CRITICAL - 2024-10-13 01:28:52 --> ErrorException: Undefined array key "nama_toko"
in APPPATH\Views\Frontend\master-pengguna\content\marketplace\detail-buat-pesanan.php on line 105.
 1 APPPATH\Views\Frontend\master-pengguna\content\marketplace\detail-buat-pesanan.php(105): CodeIgniter\Debug\Exceptions->errorHandler(2, 'Undefined array key "nama_toko"', 'E:\\Project\\sobatx\\app\\Views\\Frontend\\master-pengguna\\content\\marketplace\\detail-buat-pesanan.php', 105)
 2 SYSTEMPATH\View\View.php(228): include('E:\\Project\\sobatx\\app\\Views\\Frontend\\master-pengguna\\content\\marketplace\\detail-buat-pesanan.php')
 3 SYSTEMPATH\View\View.php(231): CodeIgniter\View\View->CodeIgniter\View\{closure}()
 4 SYSTEMPATH\Common.php(1178): CodeIgniter\View\View->render('Frontend/master-pengguna/content/marketplace/detail-buat-pesanan', [], true)
 5 APPPATH\Controllers\Marketplace.php(675): view('Frontend/master-pengguna/content/marketplace/detail-buat-pesanan', [...])
 6 SYSTEMPATH\CodeIgniter.php(941): App\Controllers\Marketplace->buat_pesanan('ef30b7d8b2948cc22dc9478ad3dc6e54f6272425')
 7 SYSTEMPATH\CodeIgniter.php(502): CodeIgniter\CodeIgniter->runController(Object(App\Controllers\Marketplace))
 8 SYSTEMPATH\CodeIgniter.php(361): CodeIgniter\CodeIgniter->handleRequest(null, Object(Config\Cache), false)
 9 FCPATH\index.php(79): CodeIgniter\CodeIgniter->run()
10 SYSTEMPATH\Commands\Server\rewrite.php(47): require_once('E:\\Project\\sobatx\\public\\index.php')
CRITICAL - 2024-10-13 01:28:53 --> ErrorException: Undefined array key "nama_toko"
in APPPATH\Views\Frontend\master-pengguna\content\marketplace\detail-buat-pesanan.php on line 105.
 1 APPPATH\Views\Frontend\master-pengguna\content\marketplace\detail-buat-pesanan.php(105): CodeIgniter\Debug\Exceptions->errorHandler(2, 'Undefined array key "nama_toko"', 'E:\\Project\\sobatx\\app\\Views\\Frontend\\master-pengguna\\content\\marketplace\\detail-buat-pesanan.php', 105)
 2 SYSTEMPATH\View\View.php(228): include('E:\\Project\\sobatx\\app\\Views\\Frontend\\master-pengguna\\content\\marketplace\\detail-buat-pesanan.php')
 3 SYSTEMPATH\View\View.php(231): CodeIgniter\View\View->CodeIgniter\View\{closure}()
 4 SYSTEMPATH\Common.php(1178): CodeIgniter\View\View->render('Frontend/master-pengguna/content/marketplace/detail-buat-pesanan', [], true)
 5 APPPATH\Controllers\Marketplace.php(675): view('Frontend/master-pengguna/content/marketplace/detail-buat-pesanan', [...])
 6 SYSTEMPATH\CodeIgniter.php(941): App\Controllers\Marketplace->buat_pesanan('ef30b7d8b2948cc22dc9478ad3dc6e54f6272425')
 7 SYSTEMPATH\CodeIgniter.php(502): CodeIgniter\CodeIgniter->runController(Object(App\Controllers\Marketplace))
 8 SYSTEMPATH\CodeIgniter.php(361): CodeIgniter\CodeIgniter->handleRequest(null, Object(Config\Cache), false)
 9 FCPATH\index.php(79): CodeIgniter\CodeIgniter->run()
10 SYSTEMPATH\Commands\Server\rewrite.php(47): require_once('E:\\Project\\sobatx\\public\\index.php')
CRITICAL - 2024-10-13 01:54:15 --> ErrorException: Undefined array key "total_harga"
in APPPATH\Views\Frontend\master-pengguna\content\marketplace\detail-buat-pesanan.php on line 123.
 1 APPPATH\Views\Frontend\master-pengguna\content\marketplace\detail-buat-pesanan.php(123): CodeIgniter\Debug\Exceptions->errorHandler(2, 'Undefined array key "total_harga"', 'E:\\Project\\sobatx\\app\\Views\\Frontend\\master-pengguna\\content\\marketplace\\detail-buat-pesanan.php', 123)
 2 SYSTEMPATH\View\View.php(228): include('E:\\Project\\sobatx\\app\\Views\\Frontend\\master-pengguna\\content\\marketplace\\detail-buat-pesanan.php')
 3 SYSTEMPATH\View\View.php(231): CodeIgniter\View\View->CodeIgniter\View\{closure}()
 4 SYSTEMPATH\Common.php(1178): CodeIgniter\View\View->render('Frontend/master-pengguna/content/marketplace/detail-buat-pesanan', [], true)
 5 APPPATH\Controllers\Marketplace.php(675): view('Frontend/master-pengguna/content/marketplace/detail-buat-pesanan', [...])
 6 SYSTEMPATH\CodeIgniter.php(941): App\Controllers\Marketplace->buat_pesanan('ef30b7d8b2948cc22dc9478ad3dc6e54f6272425')
 7 SYSTEMPATH\CodeIgniter.php(502): CodeIgniter\CodeIgniter->runController(Object(App\Controllers\Marketplace))
 8 SYSTEMPATH\CodeIgniter.php(361): CodeIgniter\CodeIgniter->handleRequest(null, Object(Config\Cache), false)
 9 FCPATH\index.php(79): CodeIgniter\CodeIgniter->run()
10 SYSTEMPATH\Commands\Server\rewrite.php(47): require_once('E:\\Project\\sobatx\\public\\index.php')
CRITICAL - 2024-10-13 01:54:16 --> ErrorException: Undefined array key "total_harga"
in APPPATH\Views\Frontend\master-pengguna\content\marketplace\detail-buat-pesanan.php on line 123.
 1 APPPATH\Views\Frontend\master-pengguna\content\marketplace\detail-buat-pesanan.php(123): CodeIgniter\Debug\Exceptions->errorHandler(2, 'Undefined array key "total_harga"', 'E:\\Project\\sobatx\\app\\Views\\Frontend\\master-pengguna\\content\\marketplace\\detail-buat-pesanan.php', 123)
 2 SYSTEMPATH\View\View.php(228): include('E:\\Project\\sobatx\\app\\Views\\Frontend\\master-pengguna\\content\\marketplace\\detail-buat-pesanan.php')
 3 SYSTEMPATH\View\View.php(231): CodeIgniter\View\View->CodeIgniter\View\{closure}()
 4 SYSTEMPATH\Common.php(1178): CodeIgniter\View\View->render('Frontend/master-pengguna/content/marketplace/detail-buat-pesanan', [], true)
 5 APPPATH\Controllers\Marketplace.php(675): view('Frontend/master-pengguna/content/marketplace/detail-buat-pesanan', [...])
 6 SYSTEMPATH\CodeIgniter.php(941): App\Controllers\Marketplace->buat_pesanan('ef30b7d8b2948cc22dc9478ad3dc6e54f6272425')
 7 SYSTEMPATH\CodeIgniter.php(502): CodeIgniter\CodeIgniter->runController(Object(App\Controllers\Marketplace))
 8 SYSTEMPATH\CodeIgniter.php(361): CodeIgniter\CodeIgniter->handleRequest(null, Object(Config\Cache), false)
 9 FCPATH\index.php(79): CodeIgniter\CodeIgniter->run()
10 SYSTEMPATH\Commands\Server\rewrite.php(47): require_once('E:\\Project\\sobatx\\public\\index.php')
CRITICAL - 2024-10-13 19:38:12 --> ErrorException: Undefined array key "metode"
in APPPATH\Views\Frontend\master-pengguna\content\marketplace\pesanan-saya.php on line 87.
 1 APPPATH\Views\Frontend\master-pengguna\content\marketplace\pesanan-saya.php(87): CodeIgniter\Debug\Exceptions->errorHandler(2, 'Undefined array key "metode"', 'E:\\Project\\sobatx\\app\\Views\\Frontend\\master-pengguna\\content\\marketplace\\pesanan-saya.php', 87)
 2 SYSTEMPATH\View\View.php(228): include('E:\\Project\\sobatx\\app\\Views\\Frontend\\master-pengguna\\content\\marketplace\\pesanan-saya.php')
 3 SYSTEMPATH\View\View.php(231): CodeIgniter\View\View->CodeIgniter\View\{closure}()
 4 SYSTEMPATH\Common.php(1178): CodeIgniter\View\View->render('Frontend/master-pengguna/content/marketplace/pesanan-saya', [], true)
 5 APPPATH\Controllers\Marketplace.php(724): view('Frontend/master-pengguna/content/marketplace/pesanan-saya', [...])
 6 SYSTEMPATH\CodeIgniter.php(941): App\Controllers\Marketplace->pesanan_saya('e2057534fe0726cf9ba2fa61246e66980d1aa1b0')
 7 SYSTEMPATH\CodeIgniter.php(502): CodeIgniter\CodeIgniter->runController(Object(App\Controllers\Marketplace))
 8 SYSTEMPATH\CodeIgniter.php(361): CodeIgniter\CodeIgniter->handleRequest(null, Object(Config\Cache), false)
 9 FCPATH\index.php(79): CodeIgniter\CodeIgniter->run()
10 SYSTEMPATH\Commands\Server\rewrite.php(47): require_once('E:\\Project\\sobatx\\public\\index.php')
CRITICAL - 2024-10-13 20:38:34 --> ErrorException: Undefined array key "nama_toko"
in APPPATH\Views\Frontend\master-pengguna\content\marketplace\pesanan-saya.php on line 60.
 1 APPPATH\Views\Frontend\master-pengguna\content\marketplace\pesanan-saya.php(60): CodeIgniter\Debug\Exceptions->errorHandler(2, 'Undefined array key "nama_toko"', 'E:\\Project\\sobatx\\app\\Views\\Frontend\\master-pengguna\\content\\marketplace\\pesanan-saya.php', 60)
 2 SYSTEMPATH\View\View.php(228): include('E:\\Project\\sobatx\\app\\Views\\Frontend\\master-pengguna\\content\\marketplace\\pesanan-saya.php')
 3 SYSTEMPATH\View\View.php(231): CodeIgniter\View\View->CodeIgniter\View\{closure}()
 4 SYSTEMPATH\Common.php(1178): CodeIgniter\View\View->render('Frontend/master-pengguna/content/marketplace/pesanan-saya', [], true)
 5 APPPATH\Controllers\Marketplace.php(724): view('Frontend/master-pengguna/content/marketplace/pesanan-saya', [...])
 6 SYSTEMPATH\CodeIgniter.php(941): App\Controllers\Marketplace->pesanan_saya('e2057534fe0726cf9ba2fa61246e66980d1aa1b0')
 7 SYSTEMPATH\CodeIgniter.php(502): CodeIgniter\CodeIgniter->runController(Object(App\Controllers\Marketplace))
 8 SYSTEMPATH\CodeIgniter.php(361): CodeIgniter\CodeIgniter->handleRequest(null, Object(Config\Cache), false)
 9 FCPATH\index.php(79): CodeIgniter\CodeIgniter->run()
10 SYSTEMPATH\Commands\Server\rewrite.php(47): require_once('E:\\Project\\sobatx\\public\\index.php')
CRITICAL - 2024-10-13 20:38:35 --> ErrorException: Undefined array key "nama_toko"
in APPPATH\Views\Frontend\master-pengguna\content\marketplace\pesanan-saya.php on line 60.
 1 APPPATH\Views\Frontend\master-pengguna\content\marketplace\pesanan-saya.php(60): CodeIgniter\Debug\Exceptions->errorHandler(2, 'Undefined array key "nama_toko"', 'E:\\Project\\sobatx\\app\\Views\\Frontend\\master-pengguna\\content\\marketplace\\pesanan-saya.php', 60)
 2 SYSTEMPATH\View\View.php(228): include('E:\\Project\\sobatx\\app\\Views\\Frontend\\master-pengguna\\content\\marketplace\\pesanan-saya.php')
 3 SYSTEMPATH\View\View.php(231): CodeIgniter\View\View->CodeIgniter\View\{closure}()
 4 SYSTEMPATH\Common.php(1178): CodeIgniter\View\View->render('Frontend/master-pengguna/content/marketplace/pesanan-saya', [], true)
 5 APPPATH\Controllers\Marketplace.php(724): view('Frontend/master-pengguna/content/marketplace/pesanan-saya', [...])
 6 SYSTEMPATH\CodeIgniter.php(941): App\Controllers\Marketplace->pesanan_saya('e2057534fe0726cf9ba2fa61246e66980d1aa1b0')
 7 SYSTEMPATH\CodeIgniter.php(502): CodeIgniter\CodeIgniter->runController(Object(App\Controllers\Marketplace))
 8 SYSTEMPATH\CodeIgniter.php(361): CodeIgniter\CodeIgniter->handleRequest(null, Object(Config\Cache), false)
 9 FCPATH\index.php(79): CodeIgniter\CodeIgniter->run()
10 SYSTEMPATH\Commands\Server\rewrite.php(47): require_once('E:\\Project\\sobatx\\public\\index.php')
CRITICAL - 2024-10-13 20:45:12 --> ErrorException: Undefined array key "nama_toko"
in APPPATH\Views\Frontend\master-pengguna\content\marketplace\pesanan-saya.php on line 60.
 1 APPPATH\Views\Frontend\master-pengguna\content\marketplace\pesanan-saya.php(60): CodeIgniter\Debug\Exceptions->errorHandler(2, 'Undefined array key "nama_toko"', 'E:\\Project\\sobatx\\app\\Views\\Frontend\\master-pengguna\\content\\marketplace\\pesanan-saya.php', 60)
 2 SYSTEMPATH\View\View.php(228): include('E:\\Project\\sobatx\\app\\Views\\Frontend\\master-pengguna\\content\\marketplace\\pesanan-saya.php')
 3 SYSTEMPATH\View\View.php(231): CodeIgniter\View\View->CodeIgniter\View\{closure}()
 4 SYSTEMPATH\Common.php(1178): CodeIgniter\View\View->render('Frontend/master-pengguna/content/marketplace/pesanan-saya', [], true)
 5 APPPATH\Controllers\Marketplace.php(724): view('Frontend/master-pengguna/content/marketplace/pesanan-saya', [...])
 6 SYSTEMPATH\CodeIgniter.php(941): App\Controllers\Marketplace->pesanan_saya('e2057534fe0726cf9ba2fa61246e66980d1aa1b0')
 7 SYSTEMPATH\CodeIgniter.php(502): CodeIgniter\CodeIgniter->runController(Object(App\Controllers\Marketplace))
 8 SYSTEMPATH\CodeIgniter.php(361): CodeIgniter\CodeIgniter->handleRequest(null, Object(Config\Cache), false)
 9 FCPATH\index.php(79): CodeIgniter\CodeIgniter->run()
10 SYSTEMPATH\Commands\Server\rewrite.php(47): require_once('E:\\Project\\sobatx\\public\\index.php')
CRITICAL - 2024-10-13 20:45:12 --> ErrorException: Undefined array key "nama_toko"
in APPPATH\Views\Frontend\master-pengguna\content\marketplace\pesanan-saya.php on line 60.
 1 APPPATH\Views\Frontend\master-pengguna\content\marketplace\pesanan-saya.php(60): CodeIgniter\Debug\Exceptions->errorHandler(2, 'Undefined array key "nama_toko"', 'E:\\Project\\sobatx\\app\\Views\\Frontend\\master-pengguna\\content\\marketplace\\pesanan-saya.php', 60)
 2 SYSTEMPATH\View\View.php(228): include('E:\\Project\\sobatx\\app\\Views\\Frontend\\master-pengguna\\content\\marketplace\\pesanan-saya.php')
 3 SYSTEMPATH\View\View.php(231): CodeIgniter\View\View->CodeIgniter\View\{closure}()
 4 SYSTEMPATH\Common.php(1178): CodeIgniter\View\View->render('Frontend/master-pengguna/content/marketplace/pesanan-saya', [], true)
 5 APPPATH\Controllers\Marketplace.php(724): view('Frontend/master-pengguna/content/marketplace/pesanan-saya', [...])
 6 SYSTEMPATH\CodeIgniter.php(941): App\Controllers\Marketplace->pesanan_saya('e2057534fe0726cf9ba2fa61246e66980d1aa1b0')
 7 SYSTEMPATH\CodeIgniter.php(502): CodeIgniter\CodeIgniter->runController(Object(App\Controllers\Marketplace))
 8 SYSTEMPATH\CodeIgniter.php(361): CodeIgniter\CodeIgniter->handleRequest(null, Object(Config\Cache), false)
 9 FCPATH\index.php(79): CodeIgniter\CodeIgniter->run()
10 SYSTEMPATH\Commands\Server\rewrite.php(47): require_once('E:\\Project\\sobatx\\public\\index.php')
ERROR - 2024-10-13 20:45:41 --> mysqli_sql_exception: Column 'id_user' in where clause is ambiguous in E:\Project\sobatx\system\Database\MySQLi\Connection.php:306
Stack trace:
#0 E:\Project\sobatx\system\Database\MySQLi\Connection.php(306): mysqli->query('SELECT *\nFROM `...', 0)
#1 E:\Project\sobatx\system\Database\BaseConnection.php(693): CodeIgniter\Database\MySQLi\Connection->execute('SELECT *\nFROM `...')
#2 E:\Project\sobatx\system\Database\BaseConnection.php(607): CodeIgniter\Database\BaseConnection->simpleQuery('SELECT *\nFROM `...')
#3 E:\Project\sobatx\system\Database\BaseBuilder.php(1616): CodeIgniter\Database\BaseConnection->query('SELECT *\nFROM `...', Array, false)
#4 E:\Project\sobatx\app\Models\M_Pesanan.php(49): CodeIgniter\Database\BaseBuilder->get()
#5 E:\Project\sobatx\app\Controllers\Marketplace.php(710): App\Models\M_Pesanan->getDataPesananJoin(Array)
#6 E:\Project\sobatx\system\CodeIgniter.php(941): App\Controllers\Marketplace->pesanan_saya('e2057534fe0726c...')
#7 E:\Project\sobatx\system\CodeIgniter.php(502): CodeIgniter\CodeIgniter->runController(Object(App\Controllers\Marketplace))
#8 E:\Project\sobatx\system\CodeIgniter.php(361): CodeIgniter\CodeIgniter->handleRequest(NULL, Object(Config\Cache), false)
#9 E:\Project\sobatx\public\index.php(79): CodeIgniter\CodeIgniter->run()
#10 E:\Project\sobatx\system\Commands\Server\rewrite.php(47): require_once('E:\\Project\\soba...')
#11 {main}
CRITICAL - 2024-10-13 20:45:41 --> CodeIgniter\Database\Exceptions\DatabaseException: Column 'id_user' in where clause is ambiguous
in SYSTEMPATH\Database\BaseConnection.php on line 647.
 1 SYSTEMPATH\Database\BaseBuilder.php(1616): CodeIgniter\Database\BaseConnection->query('SELECT *
FROM `tbl_pesanan`
LEFT JOIN `tbl_produk` ON `tbl_produk`.`id_produk` = `tbl_pesanan`.`id_produk`
LEFT JOIN `tbl_user` ON `tbl_user`.`id_user` = `tbl_pesanan`.`id_user`
LEFT JOIN `tbl_alamat` ON `tbl_alamat`.`id_alamat` = `tbl_pesanan`.`id_alamat`
LEFT JOIN `tbl_toko` ON `tbl_toko`.`id_toko` = `tbl_pesanan`.`id_toko`
LEFT JOIN `tbl_transaksi_temp` ON sha1(tbl_transaksi_temp.id_transaksi) = tbl_pesanan.id_pesanan
WHERE sha1(id_user) = :sha1(id_user):
ORDER BY `tbl_pesanan`.`id_produk` ASC', [...], false)
 2 APPPATH\Models\M_Pesanan.php(49): CodeIgniter\Database\BaseBuilder->get()
 3 APPPATH\Controllers\Marketplace.php(710): App\Models\M_Pesanan->getDataPesananJoin([...])
 4 SYSTEMPATH\CodeIgniter.php(941): App\Controllers\Marketplace->pesanan_saya('e2057534fe0726cf9ba2fa61246e66980d1aa1b0')
 5 SYSTEMPATH\CodeIgniter.php(502): CodeIgniter\CodeIgniter->runController(Object(App\Controllers\Marketplace))
 6 SYSTEMPATH\CodeIgniter.php(361): CodeIgniter\CodeIgniter->handleRequest(null, Object(Config\Cache), false)
 7 FCPATH\index.php(79): CodeIgniter\CodeIgniter->run()
 8 SYSTEMPATH\Commands\Server\rewrite.php(47): require_once('E:\\Project\\sobatx\\public\\index.php')
CRITICAL - 2024-10-13 20:45:41 --> [Caused by] CodeIgniter\Database\Exceptions\DatabaseException: Column 'id_user' in where clause is ambiguous
in SYSTEMPATH\Database\MySQLi\Connection.php on line 311.
 1 SYSTEMPATH\Database\BaseConnection.php(693): CodeIgniter\Database\MySQLi\Connection->execute('SELECT *
FROM `tbl_pesanan`
LEFT JOIN `tbl_produk` ON `tbl_produk`.`id_produk` = `tbl_pesanan`.`id_produk`
LEFT JOIN `tbl_user` ON `tbl_user`.`id_user` = `tbl_pesanan`.`id_user`
LEFT JOIN `tbl_alamat` ON `tbl_alamat`.`id_alamat` = `tbl_pesanan`.`id_alamat`
LEFT JOIN `tbl_toko` ON `tbl_toko`.`id_toko` = `tbl_pesanan`.`id_toko`
LEFT JOIN `tbl_transaksi_temp` ON sha1(tbl_transaksi_temp.id_transaksi) = tbl_pesanan.id_pesanan
WHERE sha1(id_user) = \'e2057534fe0726cf9ba2fa61246e66980d1aa1b0\'
ORDER BY `tbl_pesanan`.`id_produk` ASC')
 2 SYSTEMPATH\Database\BaseConnection.php(607): CodeIgniter\Database\BaseConnection->simpleQuery('SELECT *
FROM `tbl_pesanan`
LEFT JOIN `tbl_produk` ON `tbl_produk`.`id_produk` = `tbl_pesanan`.`id_produk`
LEFT JOIN `tbl_user` ON `tbl_user`.`id_user` = `tbl_pesanan`.`id_user`
LEFT JOIN `tbl_alamat` ON `tbl_alamat`.`id_alamat` = `tbl_pesanan`.`id_alamat`
LEFT JOIN `tbl_toko` ON `tbl_toko`.`id_toko` = `tbl_pesanan`.`id_toko`
LEFT JOIN `tbl_transaksi_temp` ON sha1(tbl_transaksi_temp.id_transaksi) = tbl_pesanan.id_pesanan
WHERE sha1(id_user) = \'e2057534fe0726cf9ba2fa61246e66980d1aa1b0\'
ORDER BY `tbl_pesanan`.`id_produk` ASC')
 3 SYSTEMPATH\Database\BaseBuilder.php(1616): CodeIgniter\Database\BaseConnection->query('SELECT *
FROM `tbl_pesanan`
LEFT JOIN `tbl_produk` ON `tbl_produk`.`id_produk` = `tbl_pesanan`.`id_produk`
LEFT JOIN `tbl_user` ON `tbl_user`.`id_user` = `tbl_pesanan`.`id_user`
LEFT JOIN `tbl_alamat` ON `tbl_alamat`.`id_alamat` = `tbl_pesanan`.`id_alamat`
LEFT JOIN `tbl_toko` ON `tbl_toko`.`id_toko` = `tbl_pesanan`.`id_toko`
LEFT JOIN `tbl_transaksi_temp` ON sha1(tbl_transaksi_temp.id_transaksi) = tbl_pesanan.id_pesanan
WHERE sha1(id_user) = :sha1(id_user):
ORDER BY `tbl_pesanan`.`id_produk` ASC', [...], false)
 4 APPPATH\Models\M_Pesanan.php(49): CodeIgniter\Database\BaseBuilder->get()
 5 APPPATH\Controllers\Marketplace.php(710): App\Models\M_Pesanan->getDataPesananJoin([...])
 6 SYSTEMPATH\CodeIgniter.php(941): App\Controllers\Marketplace->pesanan_saya('e2057534fe0726cf9ba2fa61246e66980d1aa1b0')
 7 SYSTEMPATH\CodeIgniter.php(502): CodeIgniter\CodeIgniter->runController(Object(App\Controllers\Marketplace))
 8 SYSTEMPATH\CodeIgniter.php(361): CodeIgniter\CodeIgniter->handleRequest(null, Object(Config\Cache), false)
 9 FCPATH\index.php(79): CodeIgniter\CodeIgniter->run()
10 SYSTEMPATH\Commands\Server\rewrite.php(47): require_once('E:\\Project\\sobatx\\public\\index.php')
CRITICAL - 2024-10-13 20:45:41 --> [Caused by] mysqli_sql_exception: Column 'id_user' in where clause is ambiguous
in SYSTEMPATH\Database\MySQLi\Connection.php on line 306.
 1 SYSTEMPATH\Database\MySQLi\Connection.php(306): mysqli->query('SELECT *
FROM `tbl_pesanan`
LEFT JOIN `tbl_produk` ON `tbl_produk`.`id_produk` = `tbl_pesanan`.`id_produk`
LEFT JOIN `tbl_user` ON `tbl_user`.`id_user` = `tbl_pesanan`.`id_user`
LEFT JOIN `tbl_alamat` ON `tbl_alamat`.`id_alamat` = `tbl_pesanan`.`id_alamat`
LEFT JOIN `tbl_toko` ON `tbl_toko`.`id_toko` = `tbl_pesanan`.`id_toko`
LEFT JOIN `tbl_transaksi_temp` ON sha1(tbl_transaksi_temp.id_transaksi) = tbl_pesanan.id_pesanan
WHERE sha1(id_user) = \'e2057534fe0726cf9ba2fa61246e66980d1aa1b0\'
ORDER BY `tbl_pesanan`.`id_produk` ASC', 0)
 2 SYSTEMPATH\Database\BaseConnection.php(693): CodeIgniter\Database\MySQLi\Connection->execute('SELECT *
FROM `tbl_pesanan`
LEFT JOIN `tbl_produk` ON `tbl_produk`.`id_produk` = `tbl_pesanan`.`id_produk`
LEFT JOIN `tbl_user` ON `tbl_user`.`id_user` = `tbl_pesanan`.`id_user`
LEFT JOIN `tbl_alamat` ON `tbl_alamat`.`id_alamat` = `tbl_pesanan`.`id_alamat`
LEFT JOIN `tbl_toko` ON `tbl_toko`.`id_toko` = `tbl_pesanan`.`id_toko`
LEFT JOIN `tbl_transaksi_temp` ON sha1(tbl_transaksi_temp.id_transaksi) = tbl_pesanan.id_pesanan
WHERE sha1(id_user) = \'e2057534fe0726cf9ba2fa61246e66980d1aa1b0\'
ORDER BY `tbl_pesanan`.`id_produk` ASC')
 3 SYSTEMPATH\Database\BaseConnection.php(607): CodeIgniter\Database\BaseConnection->simpleQuery('SELECT *
FROM `tbl_pesanan`
LEFT JOIN `tbl_produk` ON `tbl_produk`.`id_produk` = `tbl_pesanan`.`id_produk`
LEFT JOIN `tbl_user` ON `tbl_user`.`id_user` = `tbl_pesanan`.`id_user`
LEFT JOIN `tbl_alamat` ON `tbl_alamat`.`id_alamat` = `tbl_pesanan`.`id_alamat`
LEFT JOIN `tbl_toko` ON `tbl_toko`.`id_toko` = `tbl_pesanan`.`id_toko`
LEFT JOIN `tbl_transaksi_temp` ON sha1(tbl_transaksi_temp.id_transaksi) = tbl_pesanan.id_pesanan
WHERE sha1(id_user) = \'e2057534fe0726cf9ba2fa61246e66980d1aa1b0\'
ORDER BY `tbl_pesanan`.`id_produk` ASC')
 4 SYSTEMPATH\Database\BaseBuilder.php(1616): CodeIgniter\Database\BaseConnection->query('SELECT *
FROM `tbl_pesanan`
LEFT JOIN `tbl_produk` ON `tbl_produk`.`id_produk` = `tbl_pesanan`.`id_produk`
LEFT JOIN `tbl_user` ON `tbl_user`.`id_user` = `tbl_pesanan`.`id_user`
LEFT JOIN `tbl_alamat` ON `tbl_alamat`.`id_alamat` = `tbl_pesanan`.`id_alamat`
LEFT JOIN `tbl_toko` ON `tbl_toko`.`id_toko` = `tbl_pesanan`.`id_toko`
LEFT JOIN `tbl_transaksi_temp` ON sha1(tbl_transaksi_temp.id_transaksi) = tbl_pesanan.id_pesanan
WHERE sha1(id_user) = :sha1(id_user):
ORDER BY `tbl_pesanan`.`id_produk` ASC', [...], false)
 5 APPPATH\Models\M_Pesanan.php(49): CodeIgniter\Database\BaseBuilder->get()
 6 APPPATH\Controllers\Marketplace.php(710): App\Models\M_Pesanan->getDataPesananJoin([...])
 7 SYSTEMPATH\CodeIgniter.php(941): App\Controllers\Marketplace->pesanan_saya('e2057534fe0726cf9ba2fa61246e66980d1aa1b0')
 8 SYSTEMPATH\CodeIgniter.php(502): CodeIgniter\CodeIgniter->runController(Object(App\Controllers\Marketplace))
 9 SYSTEMPATH\CodeIgniter.php(361): CodeIgniter\CodeIgniter->handleRequest(null, Object(Config\Cache), false)
10 FCPATH\index.php(79): CodeIgniter\CodeIgniter->run()
11 SYSTEMPATH\Commands\Server\rewrite.php(47): require_once('E:\\Project\\sobatx\\public\\index.php')
ERROR - 2024-10-13 20:45:42 --> mysqli_sql_exception: Column 'id_user' in where clause is ambiguous in E:\Project\sobatx\system\Database\MySQLi\Connection.php:306
Stack trace:
#0 E:\Project\sobatx\system\Database\MySQLi\Connection.php(306): mysqli->query('SELECT *\nFROM `...', 0)
#1 E:\Project\sobatx\system\Database\BaseConnection.php(693): CodeIgniter\Database\MySQLi\Connection->execute('SELECT *\nFROM `...')
#2 E:\Project\sobatx\system\Database\BaseConnection.php(607): CodeIgniter\Database\BaseConnection->simpleQuery('SELECT *\nFROM `...')
#3 E:\Project\sobatx\system\Database\BaseBuilder.php(1616): CodeIgniter\Database\BaseConnection->query('SELECT *\nFROM `...', Array, false)
#4 E:\Project\sobatx\app\Models\M_Pesanan.php(49): CodeIgniter\Database\BaseBuilder->get()
#5 E:\Project\sobatx\app\Controllers\Marketplace.php(710): App\Models\M_Pesanan->getDataPesananJoin(Array)
#6 E:\Project\sobatx\system\CodeIgniter.php(941): App\Controllers\Marketplace->pesanan_saya('e2057534fe0726c...')
#7 E:\Project\sobatx\system\CodeIgniter.php(502): CodeIgniter\CodeIgniter->runController(Object(App\Controllers\Marketplace))
#8 E:\Project\sobatx\system\CodeIgniter.php(361): CodeIgniter\CodeIgniter->handleRequest(NULL, Object(Config\Cache), false)
#9 E:\Project\sobatx\public\index.php(79): CodeIgniter\CodeIgniter->run()
#10 E:\Project\sobatx\system\Commands\Server\rewrite.php(47): require_once('E:\\Project\\soba...')
#11 {main}
CRITICAL - 2024-10-13 20:45:42 --> CodeIgniter\Database\Exceptions\DatabaseException: Column 'id_user' in where clause is ambiguous
in SYSTEMPATH\Database\BaseConnection.php on line 647.
 1 SYSTEMPATH\Database\BaseBuilder.php(1616): CodeIgniter\Database\BaseConnection->query('SELECT *
FROM `tbl_pesanan`
LEFT JOIN `tbl_produk` ON `tbl_produk`.`id_produk` = `tbl_pesanan`.`id_produk`
LEFT JOIN `tbl_user` ON `tbl_user`.`id_user` = `tbl_pesanan`.`id_user`
LEFT JOIN `tbl_alamat` ON `tbl_alamat`.`id_alamat` = `tbl_pesanan`.`id_alamat`
LEFT JOIN `tbl_toko` ON `tbl_toko`.`id_toko` = `tbl_pesanan`.`id_toko`
LEFT JOIN `tbl_transaksi_temp` ON sha1(tbl_transaksi_temp.id_transaksi) = tbl_pesanan.id_pesanan
WHERE sha1(id_user) = :sha1(id_user):
ORDER BY `tbl_pesanan`.`id_produk` ASC', [...], false)
 2 APPPATH\Models\M_Pesanan.php(49): CodeIgniter\Database\BaseBuilder->get()
 3 APPPATH\Controllers\Marketplace.php(710): App\Models\M_Pesanan->getDataPesananJoin([...])
 4 SYSTEMPATH\CodeIgniter.php(941): App\Controllers\Marketplace->pesanan_saya('e2057534fe0726cf9ba2fa61246e66980d1aa1b0')
 5 SYSTEMPATH\CodeIgniter.php(502): CodeIgniter\CodeIgniter->runController(Object(App\Controllers\Marketplace))
 6 SYSTEMPATH\CodeIgniter.php(361): CodeIgniter\CodeIgniter->handleRequest(null, Object(Config\Cache), false)
 7 FCPATH\index.php(79): CodeIgniter\CodeIgniter->run()
 8 SYSTEMPATH\Commands\Server\rewrite.php(47): require_once('E:\\Project\\sobatx\\public\\index.php')
CRITICAL - 2024-10-13 20:45:42 --> [Caused by] CodeIgniter\Database\Exceptions\DatabaseException: Column 'id_user' in where clause is ambiguous
in SYSTEMPATH\Database\MySQLi\Connection.php on line 311.
 1 SYSTEMPATH\Database\BaseConnection.php(693): CodeIgniter\Database\MySQLi\Connection->execute('SELECT *
FROM `tbl_pesanan`
LEFT JOIN `tbl_produk` ON `tbl_produk`.`id_produk` = `tbl_pesanan`.`id_produk`
LEFT JOIN `tbl_user` ON `tbl_user`.`id_user` = `tbl_pesanan`.`id_user`
LEFT JOIN `tbl_alamat` ON `tbl_alamat`.`id_alamat` = `tbl_pesanan`.`id_alamat`
LEFT JOIN `tbl_toko` ON `tbl_toko`.`id_toko` = `tbl_pesanan`.`id_toko`
LEFT JOIN `tbl_transaksi_temp` ON sha1(tbl_transaksi_temp.id_transaksi) = tbl_pesanan.id_pesanan
WHERE sha1(id_user) = \'e2057534fe0726cf9ba2fa61246e66980d1aa1b0\'
ORDER BY `tbl_pesanan`.`id_produk` ASC')
 2 SYSTEMPATH\Database\BaseConnection.php(607): CodeIgniter\Database\BaseConnection->simpleQuery('SELECT *
FROM `tbl_pesanan`
LEFT JOIN `tbl_produk` ON `tbl_produk`.`id_produk` = `tbl_pesanan`.`id_produk`
LEFT JOIN `tbl_user` ON `tbl_user`.`id_user` = `tbl_pesanan`.`id_user`
LEFT JOIN `tbl_alamat` ON `tbl_alamat`.`id_alamat` = `tbl_pesanan`.`id_alamat`
LEFT JOIN `tbl_toko` ON `tbl_toko`.`id_toko` = `tbl_pesanan`.`id_toko`
LEFT JOIN `tbl_transaksi_temp` ON sha1(tbl_transaksi_temp.id_transaksi) = tbl_pesanan.id_pesanan
WHERE sha1(id_user) = \'e2057534fe0726cf9ba2fa61246e66980d1aa1b0\'
ORDER BY `tbl_pesanan`.`id_produk` ASC')
 3 SYSTEMPATH\Database\BaseBuilder.php(1616): CodeIgniter\Database\BaseConnection->query('SELECT *
FROM `tbl_pesanan`
LEFT JOIN `tbl_produk` ON `tbl_produk`.`id_produk` = `tbl_pesanan`.`id_produk`
LEFT JOIN `tbl_user` ON `tbl_user`.`id_user` = `tbl_pesanan`.`id_user`
LEFT JOIN `tbl_alamat` ON `tbl_alamat`.`id_alamat` = `tbl_pesanan`.`id_alamat`
LEFT JOIN `tbl_toko` ON `tbl_toko`.`id_toko` = `tbl_pesanan`.`id_toko`
LEFT JOIN `tbl_transaksi_temp` ON sha1(tbl_transaksi_temp.id_transaksi) = tbl_pesanan.id_pesanan
WHERE sha1(id_user) = :sha1(id_user):
ORDER BY `tbl_pesanan`.`id_produk` ASC', [...], false)
 4 APPPATH\Models\M_Pesanan.php(49): CodeIgniter\Database\BaseBuilder->get()
 5 APPPATH\Controllers\Marketplace.php(710): App\Models\M_Pesanan->getDataPesananJoin([...])
 6 SYSTEMPATH\CodeIgniter.php(941): App\Controllers\Marketplace->pesanan_saya('e2057534fe0726cf9ba2fa61246e66980d1aa1b0')
 7 SYSTEMPATH\CodeIgniter.php(502): CodeIgniter\CodeIgniter->runController(Object(App\Controllers\Marketplace))
 8 SYSTEMPATH\CodeIgniter.php(361): CodeIgniter\CodeIgniter->handleRequest(null, Object(Config\Cache), false)
 9 FCPATH\index.php(79): CodeIgniter\CodeIgniter->run()
10 SYSTEMPATH\Commands\Server\rewrite.php(47): require_once('E:\\Project\\sobatx\\public\\index.php')
CRITICAL - 2024-10-13 20:45:42 --> [Caused by] mysqli_sql_exception: Column 'id_user' in where clause is ambiguous
in SYSTEMPATH\Database\MySQLi\Connection.php on line 306.
 1 SYSTEMPATH\Database\MySQLi\Connection.php(306): mysqli->query('SELECT *
FROM `tbl_pesanan`
LEFT JOIN `tbl_produk` ON `tbl_produk`.`id_produk` = `tbl_pesanan`.`id_produk`
LEFT JOIN `tbl_user` ON `tbl_user`.`id_user` = `tbl_pesanan`.`id_user`
LEFT JOIN `tbl_alamat` ON `tbl_alamat`.`id_alamat` = `tbl_pesanan`.`id_alamat`
LEFT JOIN `tbl_toko` ON `tbl_toko`.`id_toko` = `tbl_pesanan`.`id_toko`
LEFT JOIN `tbl_transaksi_temp` ON sha1(tbl_transaksi_temp.id_transaksi) = tbl_pesanan.id_pesanan
WHERE sha1(id_user) = \'e2057534fe0726cf9ba2fa61246e66980d1aa1b0\'
ORDER BY `tbl_pesanan`.`id_produk` ASC', 0)
 2 SYSTEMPATH\Database\BaseConnection.php(693): CodeIgniter\Database\MySQLi\Connection->execute('SELECT *
FROM `tbl_pesanan`
LEFT JOIN `tbl_produk` ON `tbl_produk`.`id_produk` = `tbl_pesanan`.`id_produk`
LEFT JOIN `tbl_user` ON `tbl_user`.`id_user` = `tbl_pesanan`.`id_user`
LEFT JOIN `tbl_alamat` ON `tbl_alamat`.`id_alamat` = `tbl_pesanan`.`id_alamat`
LEFT JOIN `tbl_toko` ON `tbl_toko`.`id_toko` = `tbl_pesanan`.`id_toko`
LEFT JOIN `tbl_transaksi_temp` ON sha1(tbl_transaksi_temp.id_transaksi) = tbl_pesanan.id_pesanan
WHERE sha1(id_user) = \'e2057534fe0726cf9ba2fa61246e66980d1aa1b0\'
ORDER BY `tbl_pesanan`.`id_produk` ASC')
 3 SYSTEMPATH\Database\BaseConnection.php(607): CodeIgniter\Database\BaseConnection->simpleQuery('SELECT *
FROM `tbl_pesanan`
LEFT JOIN `tbl_produk` ON `tbl_produk`.`id_produk` = `tbl_pesanan`.`id_produk`
LEFT JOIN `tbl_user` ON `tbl_user`.`id_user` = `tbl_pesanan`.`id_user`
LEFT JOIN `tbl_alamat` ON `tbl_alamat`.`id_alamat` = `tbl_pesanan`.`id_alamat`
LEFT JOIN `tbl_toko` ON `tbl_toko`.`id_toko` = `tbl_pesanan`.`id_toko`
LEFT JOIN `tbl_transaksi_temp` ON sha1(tbl_transaksi_temp.id_transaksi) = tbl_pesanan.id_pesanan
WHERE sha1(id_user) = \'e2057534fe0726cf9ba2fa61246e66980d1aa1b0\'
ORDER BY `tbl_pesanan`.`id_produk` ASC')
 4 SYSTEMPATH\Database\BaseBuilder.php(1616): CodeIgniter\Database\BaseConnection->query('SELECT *
FROM `tbl_pesanan`
LEFT JOIN `tbl_produk` ON `tbl_produk`.`id_produk` = `tbl_pesanan`.`id_produk`
LEFT JOIN `tbl_user` ON `tbl_user`.`id_user` = `tbl_pesanan`.`id_user`
LEFT JOIN `tbl_alamat` ON `tbl_alamat`.`id_alamat` = `tbl_pesanan`.`id_alamat`
LEFT JOIN `tbl_toko` ON `tbl_toko`.`id_toko` = `tbl_pesanan`.`id_toko`
LEFT JOIN `tbl_transaksi_temp` ON sha1(tbl_transaksi_temp.id_transaksi) = tbl_pesanan.id_pesanan
WHERE sha1(id_user) = :sha1(id_user):
ORDER BY `tbl_pesanan`.`id_produk` ASC', [...], false)
 5 APPPATH\Models\M_Pesanan.php(49): CodeIgniter\Database\BaseBuilder->get()
 6 APPPATH\Controllers\Marketplace.php(710): App\Models\M_Pesanan->getDataPesananJoin([...])
 7 SYSTEMPATH\CodeIgniter.php(941): App\Controllers\Marketplace->pesanan_saya('e2057534fe0726cf9ba2fa61246e66980d1aa1b0')
 8 SYSTEMPATH\CodeIgniter.php(502): CodeIgniter\CodeIgniter->runController(Object(App\Controllers\Marketplace))
 9 SYSTEMPATH\CodeIgniter.php(361): CodeIgniter\CodeIgniter->handleRequest(null, Object(Config\Cache), false)
10 FCPATH\index.php(79): CodeIgniter\CodeIgniter->run()
11 SYSTEMPATH\Commands\Server\rewrite.php(47): require_once('E:\\Project\\sobatx\\public\\index.php')
CRITICAL - 2024-10-13 20:46:16 --> ErrorException: Undefined array key "nama_toko"
in APPPATH\Views\Frontend\master-pengguna\content\marketplace\pesanan-saya.php on line 60.
 1 APPPATH\Views\Frontend\master-pengguna\content\marketplace\pesanan-saya.php(60): CodeIgniter\Debug\Exceptions->errorHandler(2, 'Undefined array key "nama_toko"', 'E:\\Project\\sobatx\\app\\Views\\Frontend\\master-pengguna\\content\\marketplace\\pesanan-saya.php', 60)
 2 SYSTEMPATH\View\View.php(228): include('E:\\Project\\sobatx\\app\\Views\\Frontend\\master-pengguna\\content\\marketplace\\pesanan-saya.php')
 3 SYSTEMPATH\View\View.php(231): CodeIgniter\View\View->CodeIgniter\View\{closure}()
 4 SYSTEMPATH\Common.php(1178): CodeIgniter\View\View->render('Frontend/master-pengguna/content/marketplace/pesanan-saya', [], true)
 5 APPPATH\Controllers\Marketplace.php(724): view('Frontend/master-pengguna/content/marketplace/pesanan-saya', [...])
 6 SYSTEMPATH\CodeIgniter.php(941): App\Controllers\Marketplace->pesanan_saya('e2057534fe0726cf9ba2fa61246e66980d1aa1b0')
 7 SYSTEMPATH\CodeIgniter.php(502): CodeIgniter\CodeIgniter->runController(Object(App\Controllers\Marketplace))
 8 SYSTEMPATH\CodeIgniter.php(361): CodeIgniter\CodeIgniter->handleRequest(null, Object(Config\Cache), false)
 9 FCPATH\index.php(79): CodeIgniter\CodeIgniter->run()
10 SYSTEMPATH\Commands\Server\rewrite.php(47): require_once('E:\\Project\\sobatx\\public\\index.php')
CRITICAL - 2024-10-13 20:46:17 --> ErrorException: Undefined array key "nama_toko"
in APPPATH\Views\Frontend\master-pengguna\content\marketplace\pesanan-saya.php on line 60.
 1 APPPATH\Views\Frontend\master-pengguna\content\marketplace\pesanan-saya.php(60): CodeIgniter\Debug\Exceptions->errorHandler(2, 'Undefined array key "nama_toko"', 'E:\\Project\\sobatx\\app\\Views\\Frontend\\master-pengguna\\content\\marketplace\\pesanan-saya.php', 60)
 2 SYSTEMPATH\View\View.php(228): include('E:\\Project\\sobatx\\app\\Views\\Frontend\\master-pengguna\\content\\marketplace\\pesanan-saya.php')
 3 SYSTEMPATH\View\View.php(231): CodeIgniter\View\View->CodeIgniter\View\{closure}()
 4 SYSTEMPATH\Common.php(1178): CodeIgniter\View\View->render('Frontend/master-pengguna/content/marketplace/pesanan-saya', [], true)
 5 APPPATH\Controllers\Marketplace.php(724): view('Frontend/master-pengguna/content/marketplace/pesanan-saya', [...])
 6 SYSTEMPATH\CodeIgniter.php(941): App\Controllers\Marketplace->pesanan_saya('e2057534fe0726cf9ba2fa61246e66980d1aa1b0')
 7 SYSTEMPATH\CodeIgniter.php(502): CodeIgniter\CodeIgniter->runController(Object(App\Controllers\Marketplace))
 8 SYSTEMPATH\CodeIgniter.php(361): CodeIgniter\CodeIgniter->handleRequest(null, Object(Config\Cache), false)
 9 FCPATH\index.php(79): CodeIgniter\CodeIgniter->run()
10 SYSTEMPATH\Commands\Server\rewrite.php(47): require_once('E:\\Project\\sobatx\\public\\index.php')
CRITICAL - 2024-10-13 20:48:39 --> ErrorException: Undefined array key "nama_toko"
in APPPATH\Views\Frontend\master-pengguna\content\marketplace\pesanan-saya.php on line 63.
 1 APPPATH\Views\Frontend\master-pengguna\content\marketplace\pesanan-saya.php(63): CodeIgniter\Debug\Exceptions->errorHandler(2, 'Undefined array key "nama_toko"', 'E:\\Project\\sobatx\\app\\Views\\Frontend\\master-pengguna\\content\\marketplace\\pesanan-saya.php', 63)
 2 SYSTEMPATH\View\View.php(228): include('E:\\Project\\sobatx\\app\\Views\\Frontend\\master-pengguna\\content\\marketplace\\pesanan-saya.php')
 3 SYSTEMPATH\View\View.php(231): CodeIgniter\View\View->CodeIgniter\View\{closure}()
 4 SYSTEMPATH\Common.php(1178): CodeIgniter\View\View->render('Frontend/master-pengguna/content/marketplace/pesanan-saya', [], true)
 5 APPPATH\Controllers\Marketplace.php(724): view('Frontend/master-pengguna/content/marketplace/pesanan-saya', [...])
 6 SYSTEMPATH\CodeIgniter.php(941): App\Controllers\Marketplace->pesanan_saya('e2057534fe0726cf9ba2fa61246e66980d1aa1b0')
 7 SYSTEMPATH\CodeIgniter.php(502): CodeIgniter\CodeIgniter->runController(Object(App\Controllers\Marketplace))
 8 SYSTEMPATH\CodeIgniter.php(361): CodeIgniter\CodeIgniter->handleRequest(null, Object(Config\Cache), false)
 9 FCPATH\index.php(79): CodeIgniter\CodeIgniter->run()
10 SYSTEMPATH\Commands\Server\rewrite.php(47): require_once('E:\\Project\\sobatx\\public\\index.php')
CRITICAL - 2024-10-13 20:48:40 --> ErrorException: Undefined array key "nama_toko"
in APPPATH\Views\Frontend\master-pengguna\content\marketplace\pesanan-saya.php on line 63.
 1 APPPATH\Views\Frontend\master-pengguna\content\marketplace\pesanan-saya.php(63): CodeIgniter\Debug\Exceptions->errorHandler(2, 'Undefined array key "nama_toko"', 'E:\\Project\\sobatx\\app\\Views\\Frontend\\master-pengguna\\content\\marketplace\\pesanan-saya.php', 63)
 2 SYSTEMPATH\View\View.php(228): include('E:\\Project\\sobatx\\app\\Views\\Frontend\\master-pengguna\\content\\marketplace\\pesanan-saya.php')
 3 SYSTEMPATH\View\View.php(231): CodeIgniter\View\View->CodeIgniter\View\{closure}()
 4 SYSTEMPATH\Common.php(1178): CodeIgniter\View\View->render('Frontend/master-pengguna/content/marketplace/pesanan-saya', [], true)
 5 APPPATH\Controllers\Marketplace.php(724): view('Frontend/master-pengguna/content/marketplace/pesanan-saya', [...])
 6 SYSTEMPATH\CodeIgniter.php(941): App\Controllers\Marketplace->pesanan_saya('e2057534fe0726cf9ba2fa61246e66980d1aa1b0')
 7 SYSTEMPATH\CodeIgniter.php(502): CodeIgniter\CodeIgniter->runController(Object(App\Controllers\Marketplace))
 8 SYSTEMPATH\CodeIgniter.php(361): CodeIgniter\CodeIgniter->handleRequest(null, Object(Config\Cache), false)
 9 FCPATH\index.php(79): CodeIgniter\CodeIgniter->run()
10 SYSTEMPATH\Commands\Server\rewrite.php(47): require_once('E:\\Project\\sobatx\\public\\index.php')
CRITICAL - 2024-10-13 21:18:58 --> ErrorException: Undefined variable $dataa
in APPPATH\Views\Frontend\master-pengguna\content\marketplace\pesanan-saya.php on line 62.
 1 APPPATH\Views\Frontend\master-pengguna\content\marketplace\pesanan-saya.php(62): CodeIgniter\Debug\Exceptions->errorHandler(2, 'Undefined variable $dataa', 'E:\\Project\\sobatx\\app\\Views\\Frontend\\master-pengguna\\content\\marketplace\\pesanan-saya.php', 62)
 2 SYSTEMPATH\View\View.php(228): include('E:\\Project\\sobatx\\app\\Views\\Frontend\\master-pengguna\\content\\marketplace\\pesanan-saya.php')
 3 SYSTEMPATH\View\View.php(231): CodeIgniter\View\View->CodeIgniter\View\{closure}()
 4 SYSTEMPATH\Common.php(1178): CodeIgniter\View\View->render('Frontend/master-pengguna/content/marketplace/pesanan-saya', [], true)
 5 APPPATH\Controllers\Marketplace.php(724): view('Frontend/master-pengguna/content/marketplace/pesanan-saya', [...])
 6 SYSTEMPATH\CodeIgniter.php(941): App\Controllers\Marketplace->pesanan_saya('e2057534fe0726cf9ba2fa61246e66980d1aa1b0')
 7 SYSTEMPATH\CodeIgniter.php(502): CodeIgniter\CodeIgniter->runController(Object(App\Controllers\Marketplace))
 8 SYSTEMPATH\CodeIgniter.php(361): CodeIgniter\CodeIgniter->handleRequest(null, Object(Config\Cache), false)
 9 FCPATH\index.php(79): CodeIgniter\CodeIgniter->run()
10 SYSTEMPATH\Commands\Server\rewrite.php(47): require_once('E:\\Project\\sobatx\\public\\index.php')
CRITICAL - 2024-10-13 21:19:00 --> ErrorException: Undefined variable $dataa
in APPPATH\Views\Frontend\master-pengguna\content\marketplace\pesanan-saya.php on line 62.
 1 APPPATH\Views\Frontend\master-pengguna\content\marketplace\pesanan-saya.php(62): CodeIgniter\Debug\Exceptions->errorHandler(2, 'Undefined variable $dataa', 'E:\\Project\\sobatx\\app\\Views\\Frontend\\master-pengguna\\content\\marketplace\\pesanan-saya.php', 62)
 2 SYSTEMPATH\View\View.php(228): include('E:\\Project\\sobatx\\app\\Views\\Frontend\\master-pengguna\\content\\marketplace\\pesanan-saya.php')
 3 SYSTEMPATH\View\View.php(231): CodeIgniter\View\View->CodeIgniter\View\{closure}()
 4 SYSTEMPATH\Common.php(1178): CodeIgniter\View\View->render('Frontend/master-pengguna/content/marketplace/pesanan-saya', [], true)
 5 APPPATH\Controllers\Marketplace.php(724): view('Frontend/master-pengguna/content/marketplace/pesanan-saya', [...])
 6 SYSTEMPATH\CodeIgniter.php(941): App\Controllers\Marketplace->pesanan_saya('e2057534fe0726cf9ba2fa61246e66980d1aa1b0')
 7 SYSTEMPATH\CodeIgniter.php(502): CodeIgniter\CodeIgniter->runController(Object(App\Controllers\Marketplace))
 8 SYSTEMPATH\CodeIgniter.php(361): CodeIgniter\CodeIgniter->handleRequest(null, Object(Config\Cache), false)
 9 FCPATH\index.php(79): CodeIgniter\CodeIgniter->run()
10 SYSTEMPATH\Commands\Server\rewrite.php(47): require_once('E:\\Project\\sobatx\\public\\index.php')
