CRITICAL - 2024-08-06 21:05:23 --> InvalidArgumentException: Invalid code
in VENDORPATH\google\apiclient\src\Google\Client.php on line 207.
 1 APPPATH\Controllers\Peternak.php(143): Google_Client->fetchAccessTokenWithAuthCode(null)
 2 SYSTEMPATH\CodeIgniter.php(941): App\Controllers\Peternak->login_checker_google()
 3 SYSTEMPATH\CodeIgniter.php(502): CodeIgniter\CodeIgniter->runController(Object(App\Controllers\Peternak))
 4 SYSTEMPATH\CodeIgniter.php(361): CodeIgniter\CodeIgniter->handleRequest(null, Object(Config\Cache), false)
 5 FCPATH\index.php(79): CodeIgniter\CodeIgniter->run()
 6 SYSTEMPATH\Commands\Server\rewrite.php(47): require_once('C:\\xampp\\htdocs\\sobatx\\public\\index.php')
CRITICAL - 2024-08-06 21:07:33 --> InvalidArgumentException: Invalid code
in VENDORPATH\google\apiclient\src\Google\Client.php on line 207.
 1 APPPATH\Controllers\Peternak.php(143): Google_Client->fetchAccessTokenWithAuthCode(null)
 2 SYSTEMPATH\CodeIgniter.php(941): App\Controllers\Peternak->login_checker_google()
 3 SYSTEMPATH\CodeIgniter.php(502): CodeIgniter\CodeIgniter->runController(Object(App\Controllers\Peternak))
 4 SYSTEMPATH\CodeIgniter.php(361): CodeIgniter\CodeIgniter->handleRequest(null, Object(Config\Cache), false)
 5 FCPATH\index.php(79): CodeIgniter\CodeIgniter->run()
 6 SYSTEMPATH\Commands\Server\rewrite.php(47): require_once('C:\\xampp\\htdocs\\sobatx\\public\\index.php')
CRITICAL - 2024-08-06 21:07:45 --> ErrorException: Trying to access array offset on value of type null
in APPPATH\Views\Frontend\template\head-content.php on line 17.
 1 APPPATH\Views\Frontend\template\head-content.php(17): CodeIgniter\Debug\Exceptions->errorHandler(2, 'Trying to access array offset on value of type null', 'C:\\xampp\\htdocs\\sobatx\\app\\Views\\Frontend\\template\\head-content.php', 17)
 2 SYSTEMPATH\View\View.php(228): include('C:\\xampp\\htdocs\\sobatx\\app\\Views\\Frontend\\template\\head-content.php')
 3 SYSTEMPATH\View\View.php(231): CodeIgniter\View\View->CodeIgniter\View\{closure}()
 4 SYSTEMPATH\Common.php(1178): CodeIgniter\View\View->render('Frontend/template/head-content', [], true)
 5 APPPATH\Controllers\Peternak.php(260): view('Frontend/template/head-content', [...])
 6 SYSTEMPATH\CodeIgniter.php(941): App\Controllers\Peternak->dashboard_peternak()
 7 SYSTEMPATH\CodeIgniter.php(502): CodeIgniter\CodeIgniter->runController(Object(App\Controllers\Peternak))
 8 SYSTEMPATH\CodeIgniter.php(361): CodeIgniter\CodeIgniter->handleRequest(null, Object(Config\Cache), false)
 9 FCPATH\index.php(79): CodeIgniter\CodeIgniter->run()
10 SYSTEMPATH\Commands\Server\rewrite.php(47): require_once('C:\\xampp\\htdocs\\sobatx\\public\\index.php')
CRITICAL - 2024-08-06 21:09:39 --> InvalidArgumentException: Invalid code
in VENDORPATH\google\apiclient\src\Google\Client.php on line 207.
 1 APPPATH\Controllers\Peternak.php(143): Google_Client->fetchAccessTokenWithAuthCode(null)
 2 SYSTEMPATH\CodeIgniter.php(941): App\Controllers\Peternak->login_checker_google()
 3 SYSTEMPATH\CodeIgniter.php(502): CodeIgniter\CodeIgniter->runController(Object(App\Controllers\Peternak))
 4 SYSTEMPATH\CodeIgniter.php(361): CodeIgniter\CodeIgniter->handleRequest(null, Object(Config\Cache), false)
 5 FCPATH\index.php(79): CodeIgniter\CodeIgniter->run()
 6 SYSTEMPATH\Commands\Server\rewrite.php(47): require_once('C:\\xampp\\htdocs\\sobatx\\public\\index.php')
CRITICAL - 2024-08-06 21:13:32 --> InvalidArgumentException: Invalid code
in VENDORPATH\google\apiclient\src\Google\Client.php on line 207.
 1 APPPATH\Controllers\Peternak.php(143): Google_Client->fetchAccessTokenWithAuthCode(null)
 2 SYSTEMPATH\CodeIgniter.php(941): App\Controllers\Peternak->login_checker_google()
 3 SYSTEMPATH\CodeIgniter.php(502): CodeIgniter\CodeIgniter->runController(Object(App\Controllers\Peternak))
 4 SYSTEMPATH\CodeIgniter.php(361): CodeIgniter\CodeIgniter->handleRequest(null, Object(Config\Cache), false)
 5 FCPATH\index.php(79): CodeIgniter\CodeIgniter->run()
 6 SYSTEMPATH\Commands\Server\rewrite.php(47): require_once('C:\\xampp\\htdocs\\sobatx\\public\\index.php')
CRITICAL - 2024-08-06 21:14:45 --> InvalidArgumentException: Invalid code
in VENDORPATH\google\apiclient\src\Google\Client.php on line 207.
 1 APPPATH\Controllers\Peternak.php(143): Google_Client->fetchAccessTokenWithAuthCode(null)
 2 SYSTEMPATH\CodeIgniter.php(941): App\Controllers\Peternak->login_checker_google()
 3 SYSTEMPATH\CodeIgniter.php(502): CodeIgniter\CodeIgniter->runController(Object(App\Controllers\Peternak))
 4 SYSTEMPATH\CodeIgniter.php(361): CodeIgniter\CodeIgniter->handleRequest(null, Object(Config\Cache), false)
 5 FCPATH\index.php(79): CodeIgniter\CodeIgniter->run()
 6 SYSTEMPATH\Commands\Server\rewrite.php(47): require_once('C:\\xampp\\htdocs\\sobatx\\public\\index.php')
CRITICAL - 2024-08-06 21:14:48 --> InvalidArgumentException: Invalid code
in VENDORPATH\google\apiclient\src\Google\Client.php on line 207.
 1 APPPATH\Controllers\Peternak.php(143): Google_Client->fetchAccessTokenWithAuthCode(null)
 2 SYSTEMPATH\CodeIgniter.php(941): App\Controllers\Peternak->login_checker_google()
 3 SYSTEMPATH\CodeIgniter.php(502): CodeIgniter\CodeIgniter->runController(Object(App\Controllers\Peternak))
 4 SYSTEMPATH\CodeIgniter.php(361): CodeIgniter\CodeIgniter->handleRequest(null, Object(Config\Cache), false)
 5 FCPATH\index.php(79): CodeIgniter\CodeIgniter->run()
 6 SYSTEMPATH\Commands\Server\rewrite.php(47): require_once('C:\\xampp\\htdocs\\sobatx\\public\\index.php')
CRITICAL - 2024-08-06 21:15:10 --> InvalidArgumentException: Invalid code
in VENDORPATH\google\apiclient\src\Google\Client.php on line 207.
 1 APPPATH\Controllers\Peternak.php(143): Google_Client->fetchAccessTokenWithAuthCode(null)
 2 SYSTEMPATH\CodeIgniter.php(941): App\Controllers\Peternak->login_checker_google()
 3 SYSTEMPATH\CodeIgniter.php(502): CodeIgniter\CodeIgniter->runController(Object(App\Controllers\Peternak))
 4 SYSTEMPATH\CodeIgniter.php(361): CodeIgniter\CodeIgniter->handleRequest(null, Object(Config\Cache), false)
 5 FCPATH\index.php(79): CodeIgniter\CodeIgniter->run()
 6 SYSTEMPATH\Commands\Server\rewrite.php(47): require_once('C:\\xampp\\htdocs\\sobatx\\public\\index.php')
CRITICAL - 2024-08-06 21:15:37 --> InvalidArgumentException: Invalid code
in VENDORPATH\google\apiclient\src\Google\Client.php on line 207.
 1 APPPATH\Controllers\Peternak.php(143): Google_Client->fetchAccessTokenWithAuthCode(null)
 2 SYSTEMPATH\CodeIgniter.php(941): App\Controllers\Peternak->login_checker_google()
 3 SYSTEMPATH\CodeIgniter.php(502): CodeIgniter\CodeIgniter->runController(Object(App\Controllers\Peternak))
 4 SYSTEMPATH\CodeIgniter.php(361): CodeIgniter\CodeIgniter->handleRequest(null, Object(Config\Cache), false)
 5 FCPATH\index.php(79): CodeIgniter\CodeIgniter->run()
 6 SYSTEMPATH\Commands\Server\rewrite.php(47): require_once('C:\\xampp\\htdocs\\sobatx\\public\\index.php')
CRITICAL - 2024-08-06 21:15:52 --> InvalidArgumentException: Invalid code
in VENDORPATH\google\apiclient\src\Google\Client.php on line 207.
 1 APPPATH\Controllers\Peternak.php(143): Google_Client->fetchAccessTokenWithAuthCode(null)
 2 SYSTEMPATH\CodeIgniter.php(941): App\Controllers\Peternak->login_checker_google()
 3 SYSTEMPATH\CodeIgniter.php(502): CodeIgniter\CodeIgniter->runController(Object(App\Controllers\Peternak))
 4 SYSTEMPATH\CodeIgniter.php(361): CodeIgniter\CodeIgniter->handleRequest(null, Object(Config\Cache), false)
 5 FCPATH\index.php(79): CodeIgniter\CodeIgniter->run()
 6 SYSTEMPATH\Commands\Server\rewrite.php(47): require_once('C:\\xampp\\htdocs\\sobatx\\public\\index.php')
CRITICAL - 2024-08-06 21:16:29 --> InvalidArgumentException: Invalid code
in VENDORPATH\google\apiclient\src\Google\Client.php on line 207.
 1 APPPATH\Controllers\Peternak.php(143): Google_Client->fetchAccessTokenWithAuthCode(null)
 2 SYSTEMPATH\CodeIgniter.php(941): App\Controllers\Peternak->login_checker_google()
 3 SYSTEMPATH\CodeIgniter.php(502): CodeIgniter\CodeIgniter->runController(Object(App\Controllers\Peternak))
 4 SYSTEMPATH\CodeIgniter.php(361): CodeIgniter\CodeIgniter->handleRequest(null, Object(Config\Cache), false)
 5 FCPATH\index.php(79): CodeIgniter\CodeIgniter->run()
 6 SYSTEMPATH\Commands\Server\rewrite.php(47): require_once('C:\\xampp\\htdocs\\sobatx\\public\\index.php')
CRITICAL - 2024-08-06 21:16:48 --> InvalidArgumentException: Invalid code
in VENDORPATH\google\apiclient\src\Google\Client.php on line 207.
 1 APPPATH\Controllers\Peternak.php(143): Google_Client->fetchAccessTokenWithAuthCode(null)
 2 SYSTEMPATH\CodeIgniter.php(941): App\Controllers\Peternak->login_checker_google()
 3 SYSTEMPATH\CodeIgniter.php(502): CodeIgniter\CodeIgniter->runController(Object(App\Controllers\Peternak))
 4 SYSTEMPATH\CodeIgniter.php(361): CodeIgniter\CodeIgniter->handleRequest(null, Object(Config\Cache), false)
 5 FCPATH\index.php(79): CodeIgniter\CodeIgniter->run()
 6 SYSTEMPATH\Commands\Server\rewrite.php(47): require_once('C:\\xampp\\htdocs\\sobatx\\public\\index.php')
CRITICAL - 2024-08-06 21:19:33 --> ErrorException: Can't use method return value in write context
in APPPATH\Controllers\Peternak.php on line 143.
 1 [internal function]: CodeIgniter\Debug\Exceptions->shutdownHandler()
CRITICAL - 2024-08-06 21:19:39 --> ErrorException: Can't use method return value in write context
in APPPATH\Controllers\Peternak.php on line 143.
 1 [internal function]: CodeIgniter\Debug\Exceptions->shutdownHandler()
CRITICAL - 2024-08-06 21:19:49 --> ErrorException: Can't use method return value in write context
in APPPATH\Controllers\Peternak.php on line 143.
 1 [internal function]: CodeIgniter\Debug\Exceptions->shutdownHandler()
