CRITICAL - 2024-06-06 07:00:37 --> CodeIgniter\View\Exceptions\ViewException: Invalid file: "Backend/template/head.php"
in SYSTEMPATH\Exceptions\FrameworkException.php on line 39.
 1 SYSTEMPATH\View\View.php(216): CodeIgniter\Exceptions\FrameworkException::forInvalidFile('Backend/template/head.php')
 2 SYSTEMPATH\Common.php(1178): CodeIgniter\View\View->render('Backend/template/head', [], true)
 3 APPPATH\Controllers\Admin.php(8): view('Backend/template/head')
 4 SYSTEMPATH\CodeIgniter.php(941): App\Controllers\Admin->dashboard_admin()
 5 SYSTEMPATH\CodeIgniter.php(502): CodeIgniter\CodeIgniter->runController(Object(App\Controllers\Admin))
 6 SYSTEMPATH\CodeIgniter.php(361): CodeIgniter\CodeIgniter->handleRequest(null, Object(Config\Cache), false)
 7 FCPATH\index.php(79): CodeIgniter\CodeIgniter->run()
 8 SYSTEMPATH\Commands\Server\rewrite.php(47): require_once('C:\\xampp\\htdocs\\sobatx\\public\\index.php')
CRITICAL - 2024-06-06 07:24:52 --> CodeIgniter\View\Exceptions\ViewException: Invalid file: "Backend/master-admin/template/header.php"
in SYSTEMPATH\Exceptions\FrameworkException.php on line 39.
 1 SYSTEMPATH\View\View.php(216): CodeIgniter\Exceptions\FrameworkException::forInvalidFile('Backend/master-admin/template/header.php')
 2 SYSTEMPATH\Common.php(1178): CodeIgniter\View\View->render('Backend/master-admin/template/header', [], true)
 3 APPPATH\Controllers\Admin.php(10): view('Backend/master-admin/template/header')
 4 SYSTEMPATH\CodeIgniter.php(941): App\Controllers\Admin->dashboard_admin()
 5 SYSTEMPATH\CodeIgniter.php(502): CodeIgniter\CodeIgniter->runController(Object(App\Controllers\Admin))
 6 SYSTEMPATH\CodeIgniter.php(361): CodeIgniter\CodeIgniter->handleRequest(null, Object(Config\Cache), false)
 7 FCPATH\index.php(79): CodeIgniter\CodeIgniter->run()
 8 SYSTEMPATH\Commands\Server\rewrite.php(47): require_once('C:\\xampp\\htdocs\\sobatx\\public\\index.php')
CRITICAL - 2024-06-06 12:45:30 --> Error: Class "App\Controllers\M_Admin" not found
in APPPATH\Controllers\Admin.php on line 17.
 1 SYSTEMPATH\CodeIgniter.php(941): App\Controllers\Admin->login_checker()
 2 SYSTEMPATH\CodeIgniter.php(502): CodeIgniter\CodeIgniter->runController(Object(App\Controllers\Admin))
 3 SYSTEMPATH\CodeIgniter.php(361): CodeIgniter\CodeIgniter->handleRequest(null, Object(Config\Cache), false)
 4 FCPATH\index.php(79): CodeIgniter\CodeIgniter->run()
 5 SYSTEMPATH\Commands\Server\rewrite.php(47): require_once('C:\\xampp\\htdocs\\sobatx\\public\\index.php')
CRITICAL - 2024-06-06 12:46:34 --> Error: Class "App\Model\M_Admin" not found
in APPPATH\Controllers\Admin.php on line 19.
 1 SYSTEMPATH\CodeIgniter.php(941): App\Controllers\Admin->login_checker()
 2 SYSTEMPATH\CodeIgniter.php(502): CodeIgniter\CodeIgniter->runController(Object(App\Controllers\Admin))
 3 SYSTEMPATH\CodeIgniter.php(361): CodeIgniter\CodeIgniter->handleRequest(null, Object(Config\Cache), false)
 4 FCPATH\index.php(79): CodeIgniter\CodeIgniter->run()
 5 SYSTEMPATH\Commands\Server\rewrite.php(47): require_once('C:\\xampp\\htdocs\\sobatx\\public\\index.php')
ERROR - 2024-06-06 12:46:57 --> Error connecting to the database: mysqli_sql_exception: Unknown database 'sobatx' in C:\xampp\htdocs\sobatx\system\Database\MySQLi\Connection.php:184
Stack trace:
#0 C:\xampp\htdocs\sobatx\system\Database\MySQLi\Connection.php(184): mysqli->real_connect('localhost', 'root', Object(SensitiveParameterValue), 'sobatx', 3306, '', 0)
#1 C:\xampp\htdocs\sobatx\system\Database\BaseConnection.php(392): CodeIgniter\Database\MySQLi\Connection->connect(false)
#2 C:\xampp\htdocs\sobatx\system\Database\BaseConnection.php(575): CodeIgniter\Database\BaseConnection->initialize()
#3 C:\xampp\htdocs\sobatx\system\Database\BaseBuilder.php(1616): CodeIgniter\Database\BaseConnection->query('SELECT *\nFROM `...', Array, false)
#4 C:\xampp\htdocs\sobatx\app\Models\M_Admin.php(22): CodeIgniter\Database\BaseBuilder->get()
#5 C:\xampp\htdocs\sobatx\app\Controllers\Admin.php(24): App\Models\M_Admin->getDataAdmin(Array)
#6 C:\xampp\htdocs\sobatx\system\CodeIgniter.php(941): App\Controllers\Admin->login_checker()
#7 C:\xampp\htdocs\sobatx\system\CodeIgniter.php(502): CodeIgniter\CodeIgniter->runController(Object(App\Controllers\Admin))
#8 C:\xampp\htdocs\sobatx\system\CodeIgniter.php(361): CodeIgniter\CodeIgniter->handleRequest(NULL, Object(Config\Cache), false)
#9 C:\xampp\htdocs\sobatx\public\index.php(79): CodeIgniter\CodeIgniter->run()
#10 C:\xampp\htdocs\sobatx\system\Commands\Server\rewrite.php(47): require_once('C:\\xampp\\htdocs...')
#11 {main}

Next CodeIgniter\Database\Exceptions\DatabaseException: Unknown database 'sobatx' in C:\xampp\htdocs\sobatx\system\Database\MySQLi\Connection.php:229
Stack trace:
#0 C:\xampp\htdocs\sobatx\system\Database\BaseConnection.php(392): CodeIgniter\Database\MySQLi\Connection->connect(false)
#1 C:\xampp\htdocs\sobatx\system\Database\BaseConnection.php(575): CodeIgniter\Database\BaseConnection->initialize()
#2 C:\xampp\htdocs\sobatx\system\Database\BaseBuilder.php(1616): CodeIgniter\Database\BaseConnection->query('SELECT *\nFROM `...', Array, false)
#3 C:\xampp\htdocs\sobatx\app\Models\M_Admin.php(22): CodeIgniter\Database\BaseBuilder->get()
#4 C:\xampp\htdocs\sobatx\app\Controllers\Admin.php(24): App\Models\M_Admin->getDataAdmin(Array)
#5 C:\xampp\htdocs\sobatx\system\CodeIgniter.php(941): App\Controllers\Admin->login_checker()
#6 C:\xampp\htdocs\sobatx\system\CodeIgniter.php(502): CodeIgniter\CodeIgniter->runController(Object(App\Controllers\Admin))
#7 C:\xampp\htdocs\sobatx\system\CodeIgniter.php(361): CodeIgniter\CodeIgniter->handleRequest(NULL, Object(Config\Cache), false)
#8 C:\xampp\htdocs\sobatx\public\index.php(79): CodeIgniter\CodeIgniter->run()
#9 C:\xampp\htdocs\sobatx\system\Commands\Server\rewrite.php(47): require_once('C:\\xampp\\htdocs...')
#10 {main}
CRITICAL - 2024-06-06 12:46:57 --> CodeIgniter\Database\Exceptions\DatabaseException: Unable to connect to the database.
Main connection [MySQLi]: Unknown database 'sobatx'
in SYSTEMPATH\Database\BaseConnection.php on line 428.
 1 SYSTEMPATH\Database\BaseConnection.php(575): CodeIgniter\Database\BaseConnection->initialize()
 2 SYSTEMPATH\Database\BaseBuilder.php(1616): CodeIgniter\Database\BaseConnection->query('SELECT *
FROM `tbl_admin`
WHERE `username` = :username:
ORDER BY `id_admin` ASC', [...], false)
 3 APPPATH\Models\M_Admin.php(22): CodeIgniter\Database\BaseBuilder->get()
 4 APPPATH\Controllers\Admin.php(24): App\Models\M_Admin->getDataAdmin([...])
 5 SYSTEMPATH\CodeIgniter.php(941): App\Controllers\Admin->login_checker()
 6 SYSTEMPATH\CodeIgniter.php(502): CodeIgniter\CodeIgniter->runController(Object(App\Controllers\Admin))
 7 SYSTEMPATH\CodeIgniter.php(361): CodeIgniter\CodeIgniter->handleRequest(null, Object(Config\Cache), false)
 8 FCPATH\index.php(79): CodeIgniter\CodeIgniter->run()
 9 SYSTEMPATH\Commands\Server\rewrite.php(47): require_once('C:\\xampp\\htdocs\\sobatx\\public\\index.php')
CRITICAL - 2024-06-06 13:17:06 --> ParseError: syntax error, unexpected end of file, expecting "elseif" or "else" or "endif"
in APPPATH\Views\Backend\auth\login.php on line 115.
 1 SYSTEMPATH\View\View.php(231): CodeIgniter\View\View->CodeIgniter\View\{closure}()
 2 SYSTEMPATH\Common.php(1178): CodeIgniter\View\View->render('Backend/auth/login', [], true)
 3 APPPATH\Controllers\Admin.php(15): view('Backend/auth/login')
 4 SYSTEMPATH\CodeIgniter.php(941): App\Controllers\Admin->index()
 5 SYSTEMPATH\CodeIgniter.php(502): CodeIgniter\CodeIgniter->runController(Object(App\Controllers\Admin))
 6 SYSTEMPATH\CodeIgniter.php(361): CodeIgniter\CodeIgniter->handleRequest(null, Object(Config\Cache), false)
 7 FCPATH\index.php(79): CodeIgniter\CodeIgniter->run()
 8 SYSTEMPATH\Commands\Server\rewrite.php(47): require_once('C:\\xampp\\htdocs\\sobatx\\public\\index.php')
CRITICAL - 2024-06-06 13:53:50 --> ErrorException: Undefined array key "error "
in APPPATH\Views\Backend\auth\login.php on line 105.
 1 APPPATH\Views\Backend\auth\login.php(105): CodeIgniter\Debug\Exceptions->errorHandler(2, 'Undefined array key "error "', 'C:\\xampp\\htdocs\\sobatx\\app\\Views\\Backend\\auth\\login.php', 105)
 2 SYSTEMPATH\View\View.php(228): include('C:\\xampp\\htdocs\\sobatx\\app\\Views\\Backend\\auth\\login.php')
 3 SYSTEMPATH\View\View.php(231): CodeIgniter\View\View->CodeIgniter\View\{closure}()
 4 SYSTEMPATH\Common.php(1178): CodeIgniter\View\View->render('Backend/auth/login', [], true)
 5 APPPATH\Controllers\Admin.php(15): view('Backend/auth/login')
 6 SYSTEMPATH\CodeIgniter.php(941): App\Controllers\Admin->index()
 7 SYSTEMPATH\CodeIgniter.php(502): CodeIgniter\CodeIgniter->runController(Object(App\Controllers\Admin))
 8 SYSTEMPATH\CodeIgniter.php(361): CodeIgniter\CodeIgniter->handleRequest(null, Object(Config\Cache), false)
 9 FCPATH\index.php(79): CodeIgniter\CodeIgniter->run()
10 SYSTEMPATH\Commands\Server\rewrite.php(47): require_once('C:\\xampp\\htdocs\\sobatx\\public\\index.php')
CRITICAL - 2024-06-06 14:01:37 --> ErrorException: Undefined array key "
            error "
in APPPATH\Views\Backend\auth\login.php on line 110.
 1 APPPATH\Views\Backend\auth\login.php(110): CodeIgniter\Debug\Exceptions->errorHandler(2, 'Undefined array key "
            error "', 'C:\\xampp\\htdocs\\sobatx\\app\\Views\\Backend\\auth\\login.php', 110)
 2 SYSTEMPATH\View\View.php(228): include('C:\\xampp\\htdocs\\sobatx\\app\\Views\\Backend\\auth\\login.php')
 3 SYSTEMPATH\View\View.php(231): CodeIgniter\View\View->CodeIgniter\View\{closure}()
 4 SYSTEMPATH\Common.php(1178): CodeIgniter\View\View->render('Backend/auth/login', [], true)
 5 APPPATH\Controllers\Admin.php(15): view('Backend/auth/login')
 6 SYSTEMPATH\CodeIgniter.php(941): App\Controllers\Admin->index()
 7 SYSTEMPATH\CodeIgniter.php(502): CodeIgniter\CodeIgniter->runController(Object(App\Controllers\Admin))
 8 SYSTEMPATH\CodeIgniter.php(361): CodeIgniter\CodeIgniter->handleRequest(null, Object(Config\Cache), false)
 9 FCPATH\index.php(79): CodeIgniter\CodeIgniter->run()
10 SYSTEMPATH\Commands\Server\rewrite.php(47): require_once('C:\\xampp\\htdocs\\sobatx\\public\\index.php')
