CRITICAL - 2024-06-09 14:07:28 --> ErrorException: Undefined variable $data
in APPPATH\Views\Backend\master-admin\peternak\detail-peternak.php on line 33.
 1 APPPATH\Views\Backend\master-admin\peternak\detail-peternak.php(33): CodeIgniter\Debug\Exceptions->errorHandler(2, 'Undefined variable $data', 'C:\\xampp\\htdocs\\sobatx\\app\\Views\\Backend\\master-admin\\peternak\\detail-peternak.php', 33)
 2 SYSTEMPATH\View\View.php(228): include('C:\\xampp\\htdocs\\sobatx\\app\\Views\\Backend\\master-admin\\peternak\\detail-peternak.php')
 3 SYSTEMPATH\View\View.php(231): CodeIgniter\View\View->CodeIgniter\View\{closure}()
 4 SYSTEMPATH\Common.php(1178): CodeIgniter\View\View->render('Backend/master-admin/peternak/detail-peternak', [], true)
 5 APPPATH\Controllers\Admin.php(104): view('Backend/master-admin/peternak/detail-peternak', [...])
 6 SYSTEMPATH\CodeIgniter.php(941): App\Controllers\Admin->view_peternak('1')
 7 SYSTEMPATH\CodeIgniter.php(502): CodeIgniter\CodeIgniter->runController(Object(App\Controllers\Admin))
 8 SYSTEMPATH\CodeIgniter.php(361): CodeIgniter\CodeIgniter->handleRequest(null, Object(Config\Cache), false)
 9 FCPATH\index.php(79): CodeIgniter\CodeIgniter->run()
10 SYSTEMPATH\Commands\Server\rewrite.php(47): require_once('C:\\xampp\\htdocs\\sobatx\\public\\index.php')
CRITICAL - 2024-06-09 14:07:53 --> ErrorException: Array to string conversion
in APPPATH\Views\Backend\master-admin\peternak\detail-peternak.php on line 33.
 1 APPPATH\Views\Backend\master-admin\peternak\detail-peternak.php(33): CodeIgniter\Debug\Exceptions->errorHandler(2, 'Array to string conversion', 'C:\\xampp\\htdocs\\sobatx\\app\\Views\\Backend\\master-admin\\peternak\\detail-peternak.php', 33)
 2 SYSTEMPATH\View\View.php(228): include('C:\\xampp\\htdocs\\sobatx\\app\\Views\\Backend\\master-admin\\peternak\\detail-peternak.php')
 3 SYSTEMPATH\View\View.php(231): CodeIgniter\View\View->CodeIgniter\View\{closure}()
 4 SYSTEMPATH\Common.php(1178): CodeIgniter\View\View->render('Backend/master-admin/peternak/detail-peternak', [], true)
 5 APPPATH\Controllers\Admin.php(104): view('Backend/master-admin/peternak/detail-peternak', [...])
 6 SYSTEMPATH\CodeIgniter.php(941): App\Controllers\Admin->view_peternak('1')
 7 SYSTEMPATH\CodeIgniter.php(502): CodeIgniter\CodeIgniter->runController(Object(App\Controllers\Admin))
 8 SYSTEMPATH\CodeIgniter.php(361): CodeIgniter\CodeIgniter->handleRequest(null, Object(Config\Cache), false)
 9 FCPATH\index.php(79): CodeIgniter\CodeIgniter->run()
10 SYSTEMPATH\Commands\Server\rewrite.php(47): require_once('C:\\xampp\\htdocs\\sobatx\\public\\index.php')
CRITICAL - 2024-06-09 14:07:55 --> ErrorException: Array to string conversion
in APPPATH\Views\Backend\master-admin\peternak\detail-peternak.php on line 33.
 1 APPPATH\Views\Backend\master-admin\peternak\detail-peternak.php(33): CodeIgniter\Debug\Exceptions->errorHandler(2, 'Array to string conversion', 'C:\\xampp\\htdocs\\sobatx\\app\\Views\\Backend\\master-admin\\peternak\\detail-peternak.php', 33)
 2 SYSTEMPATH\View\View.php(228): include('C:\\xampp\\htdocs\\sobatx\\app\\Views\\Backend\\master-admin\\peternak\\detail-peternak.php')
 3 SYSTEMPATH\View\View.php(231): CodeIgniter\View\View->CodeIgniter\View\{closure}()
 4 SYSTEMPATH\Common.php(1178): CodeIgniter\View\View->render('Backend/master-admin/peternak/detail-peternak', [], true)
 5 APPPATH\Controllers\Admin.php(104): view('Backend/master-admin/peternak/detail-peternak', [...])
 6 SYSTEMPATH\CodeIgniter.php(941): App\Controllers\Admin->view_peternak('1')
 7 SYSTEMPATH\CodeIgniter.php(502): CodeIgniter\CodeIgniter->runController(Object(App\Controllers\Admin))
 8 SYSTEMPATH\CodeIgniter.php(361): CodeIgniter\CodeIgniter->handleRequest(null, Object(Config\Cache), false)
 9 FCPATH\index.php(79): CodeIgniter\CodeIgniter->run()
10 SYSTEMPATH\Commands\Server\rewrite.php(47): require_once('C:\\xampp\\htdocs\\sobatx\\public\\index.php')
