CRITICAL - 2024-10-20 01:15:25 --> ErrorException: Undefined variable $link
in APPPATH\Views\Backend\master-admin-peternak\auth\login.php on line 57.
 1 APPPATH\Views\Backend\master-admin-peternak\auth\login.php(57): CodeIgniter\Debug\Exceptions->errorHandler(2, 'Undefined variable $link', 'D:\\New folder\\sobatx\\app\\Views\\Backend\\master-admin-peternak\\auth\\login.php', 57)
 2 SYSTEMPATH\View\View.php(228): include('D:\\New folder\\sobatx\\app\\Views\\Backend\\master-admin-peternak\\auth\\login.php')
 3 SYSTEMPATH\View\View.php(231): CodeIgniter\View\View->CodeIgniter\View\{closure}()
 4 SYSTEMPATH\Common.php(1178): CodeIgniter\View\View->render('Backend/master-admin-peternak/auth/login', [], true)
 5 APPPATH\Controllers\Admin.php(985): view('Backend/master-admin-peternak/auth/login')
 6 SYSTEMPATH\CodeIgniter.php(941): App\Controllers\Admin->login_peternak_admin()
 7 SYSTEMPATH\CodeIgniter.php(502): CodeIgniter\CodeIgniter->runController(Object(App\Controllers\Admin))
 8 SYSTEMPATH\CodeIgniter.php(361): CodeIgniter\CodeIgniter->handleRequest(null, Object(Config\Cache), false)
 9 FCPATH\index.php(79): CodeIgniter\CodeIgniter->run()
10 SYSTEMPATH\Commands\Server\rewrite.php(47): require_once('D:\\New folder\\sobatx\\public\\index.php')
CRITICAL - 2024-10-20 01:20:10 --> ErrorException: Undefined variable $link
in APPPATH\Views\Backend\master-admin-peternak\auth\login.php on line 57.
 1 APPPATH\Views\Backend\master-admin-peternak\auth\login.php(57): CodeIgniter\Debug\Exceptions->errorHandler(2, 'Undefined variable $link', 'E:\\Project\\sobatx\\app\\Views\\Backend\\master-admin-peternak\\auth\\login.php', 57)
 2 SYSTEMPATH\View\View.php(228): include('E:\\Project\\sobatx\\app\\Views\\Backend\\master-admin-peternak\\auth\\login.php')
 3 SYSTEMPATH\View\View.php(231): CodeIgniter\View\View->CodeIgniter\View\{closure}()
 4 SYSTEMPATH\Common.php(1178): CodeIgniter\View\View->render('Backend/master-admin-peternak/auth/login', [], true)
 5 APPPATH\Controllers\Admin.php(986): view('Backend/master-admin-peternak/auth/login')
 6 SYSTEMPATH\CodeIgniter.php(941): App\Controllers\Admin->login_peternak_admin()
 7 SYSTEMPATH\CodeIgniter.php(502): CodeIgniter\CodeIgniter->runController(Object(App\Controllers\Admin))
 8 SYSTEMPATH\CodeIgniter.php(361): CodeIgniter\CodeIgniter->handleRequest(null, Object(Config\Cache), false)
 9 FCPATH\index.php(79): CodeIgniter\CodeIgniter->run()
10 SYSTEMPATH\Commands\Server\rewrite.php(47): require_once('E:\\Project\\sobatx\\public\\index.php')
CRITICAL - 2024-10-20 22:33:36 --> ErrorException: Undefined array key "alamat_user"
in APPPATH\Views\Frontend\master-pengguna\content\profil.php on line 12.
 1 APPPATH\Views\Frontend\master-pengguna\content\profil.php(12): CodeIgniter\Debug\Exceptions->errorHandler(2, 'Undefined array key "alamat_user"', 'E:\\Project\\sobatx\\app\\Views\\Frontend\\master-pengguna\\content\\profil.php', 12)
 2 SYSTEMPATH\View\View.php(228): include('E:\\Project\\sobatx\\app\\Views\\Frontend\\master-pengguna\\content\\profil.php')
 3 SYSTEMPATH\View\View.php(231): CodeIgniter\View\View->CodeIgniter\View\{closure}()
 4 SYSTEMPATH\Common.php(1178): CodeIgniter\View\View->render('Frontend/master-pengguna/content/profil', [], true)
 5 APPPATH\Controllers\User.php(301): view('Frontend/master-pengguna/content/profil', [...])
 6 SYSTEMPATH\CodeIgniter.php(941): App\Controllers\User->profil_pengguna()
 7 SYSTEMPATH\CodeIgniter.php(502): CodeIgniter\CodeIgniter->runController(Object(App\Controllers\User))
 8 SYSTEMPATH\CodeIgniter.php(361): CodeIgniter\CodeIgniter->handleRequest(null, Object(Config\Cache), false)
 9 FCPATH\index.php(79): CodeIgniter\CodeIgniter->run()
10 SYSTEMPATH\Commands\Server\rewrite.php(47): require_once('E:\\Project\\sobatx\\public\\index.php')
